2021-11-28 22:37:54,136 - synthesizer              | MainProcess       - INFO    : Starting synthesizer
2021-11-28 22:37:54,136 - synthesizer              | MainProcess       - DEBUG   : Using up to 6 processes
2021-11-28 22:37:54,136 - synthesizer.config       | MainProcess       - DEBUG   : Loading SynthesizerConfig from 'synthesizer_config_default.json'
2021-11-28 22:37:54,137 - synthesizer              | MainProcess       - DEBUG   : Using configuration at /vagrant/gadget_synthesis/targets/coreutils/date-8.21/config_execve.json
2021-11-28 22:37:54,137 - synthesizer.config       | MainProcess       - DEBUG   : Loading TargetConfig from '/vagrant/gadget_synthesis/targets/coreutils/date-8.21/config_execve.json'
2021-11-28 22:37:54,138 - synthesizer.config       | MainProcess       - DEBUG   : Executable is relative path: 'date.orig' - adjusting to '/vagrant/gadget_synthesis/targets/coreutils/date-8.21/date.orig'
2021-11-28 22:37:54,138 - synthesizer.config       | MainProcess       - DEBUG   : Using 0 free variables, 17 preconditions, 4 postconditions, and 1 ptr_postconditions
2021-11-28 22:37:54,138 - synthesizer              | MainProcess       - DEBUG   : Disassembly settings used: target_name=date.orig, target=/vagrant/gadget_synthesis/targets/coreutils/date-8.21/date.orig, workdir=/tmp/gadget_synthesis/date-8.21, disas_unaligned=False, control_flow_types=['ret', 'call', 'jmp'], max_processes=6, timeout=3600, cache_name=gadgets, cache_type=JSON
2021-11-28 22:37:54,138 - synthesizer              | MainProcess       - DEBUG   : Preparing date-8.21
2021-11-28 22:37:54,139 - synthesizer              | MainProcess       - DEBUG   : Ensure function addresses are cached for date-8.21
2021-11-28 22:37:54,139 - synthesizer.disasm       | MainProcess       - DEBUG   : Extracting function addresses from 'date.orig'
2021-11-28 22:37:54,139 - synthesizer.cache        | MainProcess       - DEBUG   : Cache intialized (function_addrs.json)
2021-11-28 22:37:54,139 - synthesizer.cache        | MainProcess       - DEBUG   : Metadata is at /vagrant/gadget_synthesis/targets/coreutils/date-8.21/.cache/.metadata
2021-11-28 22:37:54,141 - synthesizer.disasm       | MainProcess       - DEBUG   : Returning 89 cached function addresses
2021-11-28 22:37:54,141 - synthesizer              | MainProcess       - DEBUG   : Ensure valid gadgets are cached for date-8.21
2021-11-28 22:37:54,141 - synthesizer.disasm       | MainProcess       - DEBUG   : Caching gadgets for date.orig
2021-11-28 22:37:54,141 - synthesizer.cache        | MainProcess       - DEBUG   : Cache intialized (gadgets.json)
2021-11-28 22:37:54,141 - synthesizer.cache        | MainProcess       - DEBUG   : Metadata is at /vagrant/gadget_synthesis/targets/coreutils/date-8.21/.cache/.metadata
2021-11-28 22:37:54,143 - synthesizer.disasm       | MainProcess       - DEBUG   : Gadget addresses already cached
2021-11-28 22:37:54,143 - synthesizer              | MainProcess       - DEBUG   : Ensure necessary libraries are cached
2021-11-28 22:37:54,143 - synthesizer.disasm       | MainProcess       - DEBUG   : Extracting function addresses from 'libc-2.31.so'
2021-11-28 22:37:54,143 - synthesizer.cache        | MainProcess       - DEBUG   : Cache intialized (libc_func_addrs.json)
2021-11-28 22:37:54,143 - synthesizer.cache        | MainProcess       - DEBUG   : Metadata is at /vagrant/gadget_synthesis/targets/coreutils/date-8.21/../../libraries/.cache/.metadata
2021-11-28 22:37:54,151 - synthesizer.disasm       | MainProcess       - DEBUG   : Returning 3100 cached function addresses
2021-11-28 22:37:54,151 - synthesizer.disasm       | MainProcess       - DEBUG   : Caching gadgets for libc-2.31.so
2021-11-28 22:37:54,151 - synthesizer.cache        | MainProcess       - DEBUG   : Cache intialized (libc_gadgets.json)
2021-11-28 22:37:54,152 - synthesizer.cache        | MainProcess       - DEBUG   : Metadata is at /vagrant/gadget_synthesis/targets/coreutils/date-8.21/../../libraries/.cache/.metadata
2021-11-28 22:37:54,162 - synthesizer.disasm       | MainProcess       - DEBUG   : Gadget addresses already cached
2021-11-28 22:37:54,162 - synthesizer              | MainProcess       - INFO    : Colleted 6 configurations for date-8.21
2021-11-28 22:37:54,162 - synthesizer              | MainProcess       - DEBUG   : Collected 6 configruations in total
2021-11-28 22:37:54,178 - synthesizer              | ForkPoolWorker-1  - INFO    : Running config: date-8.21 - iteration4-blocks0100-offset000-sw16
2021-11-28 22:37:54,178 - synthesizer              | ForkPoolWorker-1  - DEBUG   : Workdir is /tmp/gadget_synthesis/date-8.21/iteration4-blocks0100-offset000-sw16
2021-11-28 22:37:54,178 - synthesizer              | ForkPoolWorker-1  - DEBUG   : Seed is 0
2021-11-28 22:37:54,179 - synthesizer.cache        | ForkPoolWorker-1  - DEBUG   : Cache intialized (gadgets.json)
2021-11-28 22:37:54,179 - synthesizer.cache        | ForkPoolWorker-1  - DEBUG   : Metadata is at /vagrant/gadget_synthesis/targets/coreutils/date-8.21/.cache/.metadata
2021-11-28 22:37:54,179 - synthesizer              | ForkPoolWorker-2  - INFO    : Running config: date-8.21 - iteration4-blocks0100-offset001-sw16
2021-11-28 22:37:54,179 - synthesizer              | ForkPoolWorker-2  - DEBUG   : Workdir is /tmp/gadget_synthesis/date-8.21/iteration4-blocks0100-offset001-sw16
2021-11-28 22:37:54,180 - synthesizer              | ForkPoolWorker-2  - DEBUG   : Seed is 1
2021-11-28 22:37:54,180 - synthesizer.cache        | ForkPoolWorker-2  - DEBUG   : Cache intialized (gadgets.json)
2021-11-28 22:37:54,180 - synthesizer.cache        | ForkPoolWorker-2  - DEBUG   : Metadata is at /vagrant/gadget_synthesis/targets/coreutils/date-8.21/.cache/.metadata
2021-11-28 22:37:54,180 - synthesizer              | ForkPoolWorker-3  - INFO    : Running config: date-8.21 - iteration4-blocks0100-offset002-sw16
2021-11-28 22:37:54,184 - synthesizer.disasm       | ForkPoolWorker-2  - DEBUG   : Loading cached gadget addresses
2021-11-28 22:37:54,181 - synthesizer              | ForkPoolWorker-3  - DEBUG   : Workdir is /tmp/gadget_synthesis/date-8.21/iteration4-blocks0100-offset002-sw16
2021-11-28 22:37:54,186 - synthesizer              | ForkPoolWorker-3  - DEBUG   : Seed is 2
2021-11-28 22:37:54,186 - synthesizer.cache        | ForkPoolWorker-3  - DEBUG   : Cache intialized (gadgets.json)
2021-11-28 22:37:54,186 - synthesizer.cache        | ForkPoolWorker-3  - DEBUG   : Metadata is at /vagrant/gadget_synthesis/targets/coreutils/date-8.21/.cache/.metadata
2021-11-28 22:37:54,188 - synthesizer              | ForkPoolWorker-4  - INFO    : Running config: date-8.21 - iteration4-blocks0300-offset001-sw16
2021-11-28 22:37:54,188 - synthesizer              | ForkPoolWorker-4  - DEBUG   : Workdir is /tmp/gadget_synthesis/date-8.21/iteration4-blocks0300-offset001-sw16
2021-11-28 22:37:54,188 - synthesizer              | ForkPoolWorker-4  - DEBUG   : Seed is 1
2021-11-28 22:37:54,189 - synthesizer.cache        | ForkPoolWorker-4  - DEBUG   : Cache intialized (gadgets.json)
2021-11-28 22:37:54,189 - synthesizer.cache        | ForkPoolWorker-4  - DEBUG   : Metadata is at /vagrant/gadget_synthesis/targets/coreutils/date-8.21/.cache/.metadata
2021-11-28 22:37:54,188 - synthesizer              | ForkPoolWorker-6  - INFO    : Running config: date-8.21 - iteration4-blocks0300-offset000-sw16
2021-11-28 22:37:54,193 - synthesizer              | ForkPoolWorker-6  - DEBUG   : Workdir is /tmp/gadget_synthesis/date-8.21/iteration4-blocks0300-offset000-sw16
2021-11-28 22:37:54,193 - synthesizer              | ForkPoolWorker-6  - DEBUG   : Seed is 0
2021-11-28 22:37:54,193 - synthesizer.cache        | ForkPoolWorker-6  - DEBUG   : Cache intialized (gadgets.json)
2021-11-28 22:37:54,193 - synthesizer.cache        | ForkPoolWorker-6  - DEBUG   : Metadata is at /vagrant/gadget_synthesis/targets/coreutils/date-8.21/.cache/.metadata
2021-11-28 22:37:54,195 - synthesizer.disasm       | ForkPoolWorker-4  - DEBUG   : Loading cached gadget addresses
2021-11-28 22:37:54,196 - synthesizer.disasm       | ForkPoolWorker-3  - DEBUG   : Loading cached gadget addresses
2021-11-28 22:37:54,197 - synthesizer.disasm       | ForkPoolWorker-1  - DEBUG   : Loading cached gadget addresses
2021-11-28 22:37:54,194 - synthesizer.selection    | ForkPoolWorker-2  - INFO    : Selecting 100 from 544 available gadgets (1 fixed)
2021-11-28 22:37:54,199 - synthesizer.disasm       | ForkPoolWorker-2  - DEBUG   : Disassembling 100 gadgets. This may take a while..
2021-11-28 22:37:54,199 - synthesizer.selection    | ForkPoolWorker-4  - INFO    : Selecting 300 from 544 available gadgets (1 fixed)
2021-11-28 22:37:54,200 - synthesizer.disasm       | ForkPoolWorker-4  - DEBUG   : Disassembling 300 gadgets. This may take a while..
2021-11-28 22:37:54,206 - synthesizer              | ForkPoolWorker-5  - INFO    : Running config: date-8.21 - iteration4-blocks0300-offset002-sw16
2021-11-28 22:37:54,210 - synthesizer              | ForkPoolWorker-5  - DEBUG   : Workdir is /tmp/gadget_synthesis/date-8.21/iteration4-blocks0300-offset002-sw16
2021-11-28 22:37:54,210 - synthesizer              | ForkPoolWorker-5  - DEBUG   : Seed is 2
2021-11-28 22:37:54,210 - synthesizer.cache        | ForkPoolWorker-5  - DEBUG   : Cache intialized (gadgets.json)
2021-11-28 22:37:54,211 - synthesizer.cache        | ForkPoolWorker-5  - DEBUG   : Metadata is at /vagrant/gadget_synthesis/targets/coreutils/date-8.21/.cache/.metadata
2021-11-28 22:37:54,212 - synthesizer.disasm       | ForkPoolWorker-6  - DEBUG   : Loading cached gadget addresses
2021-11-28 22:37:54,209 - synthesizer.selection    | ForkPoolWorker-1  - INFO    : Selecting 100 from 544 available gadgets (1 fixed)
2021-11-28 22:37:54,217 - synthesizer.disasm       | ForkPoolWorker-1  - DEBUG   : Disassembling 100 gadgets. This may take a while..
2021-11-28 22:37:54,219 - synthesizer.selection    | ForkPoolWorker-3  - INFO    : Selecting 100 from 544 available gadgets (1 fixed)
2021-11-28 22:37:54,222 - synthesizer.disasm       | ForkPoolWorker-3  - DEBUG   : Disassembling 100 gadgets. This may take a while..
2021-11-28 22:37:54,224 - synthesizer.disasm       | ForkPoolWorker-5  - DEBUG   : Loading cached gadget addresses
2021-11-28 22:37:54,216 - synthesizer.selection    | ForkPoolWorker-6  - INFO    : Selecting 300 from 544 available gadgets (1 fixed)
2021-11-28 22:37:54,227 - synthesizer.disasm       | ForkPoolWorker-6  - DEBUG   : Disassembling 300 gadgets. This may take a while..
2021-11-28 22:37:54,234 - synthesizer.selection    | ForkPoolWorker-5  - INFO    : Selecting 300 from 544 available gadgets (1 fixed)
2021-11-28 22:37:54,241 - synthesizer.disasm       | ForkPoolWorker-5  - DEBUG   : Disassembling 300 gadgets. This may take a while..
2021-11-28 22:37:55,646 - synthesizer.disasm       | ForkPoolWorker-2  - DEBUG   : Rebased gadgets onto load address 0x400000
2021-11-28 22:37:55,646 - synthesizer.disasm       | ForkPoolWorker-2  - DEBUG   : Disassembled 100 from main executable (date.orig)
2021-11-28 22:37:55,646 - synthesizer.disasm       | ForkPoolWorker-2  - DEBUG   : Disassembled 0 from libc
2021-11-28 22:37:55,646 - synthesizer              | ForkPoolWorker-2  - INFO    : Disassembled ASM block for 100 gadgets in 1.45s
2021-11-28 22:37:55,716 - synthesizer.disasm       | ForkPoolWorker-3  - DEBUG   : Rebased gadgets onto load address 0x400000
2021-11-28 22:37:55,716 - synthesizer.disasm       | ForkPoolWorker-3  - DEBUG   : Disassembled 100 from main executable (date.orig)
2021-11-28 22:37:55,716 - synthesizer.disasm       | ForkPoolWorker-3  - DEBUG   : Disassembled 0 from libc
2021-11-28 22:37:55,716 - synthesizer              | ForkPoolWorker-3  - INFO    : Disassembled ASM block for 100 gadgets in 1.49s
2021-11-28 22:37:56,075 - synthesizer.disasm       | ForkPoolWorker-1  - DEBUG   : Rebased gadgets onto load address 0x400000
2021-11-28 22:37:56,075 - synthesizer.disasm       | ForkPoolWorker-1  - DEBUG   : Disassembled 100 from main executable (date.orig)
2021-11-28 22:37:56,075 - synthesizer.disasm       | ForkPoolWorker-1  - DEBUG   : Disassembled 0 from libc
2021-11-28 22:37:56,076 - synthesizer              | ForkPoolWorker-1  - INFO    : Disassembled ASM block for 100 gadgets in 1.86s
2021-11-28 22:37:56,916 - synthesizer.disasm       | ForkPoolWorker-6  - DEBUG   : Rebased gadgets onto load address 0x400000
2021-11-28 22:37:56,916 - synthesizer.disasm       | ForkPoolWorker-6  - DEBUG   : Disassembled 300 from main executable (date.orig)
2021-11-28 22:37:56,917 - synthesizer.disasm       | ForkPoolWorker-6  - DEBUG   : Disassembled 0 from libc
2021-11-28 22:37:56,917 - synthesizer              | ForkPoolWorker-6  - INFO    : Disassembled ASM block for 300 gadgets in 2.69s
2021-11-28 22:37:57,282 - synthesizer.disasm       | ForkPoolWorker-5  - DEBUG   : Rebased gadgets onto load address 0x400000
2021-11-28 22:37:57,282 - synthesizer.disasm       | ForkPoolWorker-5  - DEBUG   : Disassembled 300 from main executable (date.orig)
2021-11-28 22:37:57,282 - synthesizer.disasm       | ForkPoolWorker-5  - DEBUG   : Disassembled 0 from libc
2021-11-28 22:37:57,282 - synthesizer              | ForkPoolWorker-5  - INFO    : Disassembled ASM block for 300 gadgets in 3.04s
2021-11-28 22:37:57,391 - synthesizer.disasm       | ForkPoolWorker-4  - DEBUG   : Rebased gadgets onto load address 0x400000
2021-11-28 22:37:57,391 - synthesizer.disasm       | ForkPoolWorker-4  - DEBUG   : Disassembled 300 from main executable (date.orig)
2021-11-28 22:37:57,391 - synthesizer.disasm       | ForkPoolWorker-4  - DEBUG   : Disassembled 0 from libc
2021-11-28 22:37:57,391 - synthesizer              | ForkPoolWorker-4  - INFO    : Disassembled ASM block for 300 gadgets in 3.19s
2021-11-28 22:37:57,952 - synthesizer              | ForkPoolWorker-2  - INFO    : Lifted 100 ASM gadgets to 100 IRa gadgets in 2.3s
2021-11-28 22:37:57,958 - synthesizer              | ForkPoolWorker-2  - DEBUG   : Encoding IR gadgets as SMT formula
2021-11-28 22:37:57,958 - synthesizer.smt          | ForkPoolWorker-2  - DEBUG   : Setting up preconditions
2021-11-28 22:37:57,959 - synthesizer.smt          | ForkPoolWorker-2  - DEBUG   : Setting up stack data
2021-11-28 22:37:57,959 - synthesizer.smt          | ForkPoolWorker-2  - DEBUG   : Encoding program
2021-11-28 22:37:58,471 - synthesizer              | ForkPoolWorker-3  - INFO    : Lifted 100 ASM gadgets to 100 IRa gadgets in 2.72s
2021-11-28 22:37:58,489 - synthesizer              | ForkPoolWorker-3  - DEBUG   : Encoding IR gadgets as SMT formula
2021-11-28 22:37:58,489 - synthesizer.smt          | ForkPoolWorker-3  - DEBUG   : Setting up preconditions
2021-11-28 22:37:58,490 - synthesizer.smt          | ForkPoolWorker-3  - DEBUG   : Setting up stack data
2021-11-28 22:37:58,490 - synthesizer.smt          | ForkPoolWorker-3  - DEBUG   : Encoding program
2021-11-28 22:37:59,586 - synthesizer.smt          | ForkPoolWorker-2  - DEBUG   : Round 0: Constraining available gadgets
2021-11-28 22:37:59,587 - synthesizer.smt          | ForkPoolWorker-2  - DEBUG   : Round 0: Binding round variables to gadget input variables
2021-11-28 22:37:59,637 - synthesizer.smt          | ForkPoolWorker-2  - DEBUG   : Round 0: Setting up phi nodes
2021-11-28 22:37:59,740 - synthesizer              | ForkPoolWorker-1  - INFO    : Lifted 100 ASM gadgets to 100 IRa gadgets in 3.66s
2021-11-28 22:37:59,743 - synthesizer              | ForkPoolWorker-1  - DEBUG   : Encoding IR gadgets as SMT formula
2021-11-28 22:37:59,743 - synthesizer.smt          | ForkPoolWorker-1  - DEBUG   : Setting up preconditions
2021-11-28 22:37:59,743 - synthesizer.smt          | ForkPoolWorker-1  - DEBUG   : Setting up stack data
2021-11-28 22:37:59,743 - synthesizer.smt          | ForkPoolWorker-1  - DEBUG   : Encoding program
2021-11-28 22:38:00,465 - synthesizer.smt          | ForkPoolWorker-3  - DEBUG   : Round 0: Constraining available gadgets
2021-11-28 22:38:00,465 - synthesizer.smt          | ForkPoolWorker-3  - DEBUG   : Round 0: Binding round variables to gadget input variables
2021-11-28 22:38:00,492 - synthesizer.smt          | ForkPoolWorker-3  - DEBUG   : Round 0: Setting up phi nodes
2021-11-28 22:38:00,799 - synthesizer.smt          | ForkPoolWorker-2  - DEBUG   : Round 1: Constraining available gadgets
2021-11-28 22:38:00,799 - synthesizer.smt          | ForkPoolWorker-2  - DEBUG   : Round 1: Binding round variables to gadget input variables
2021-11-28 22:38:00,826 - synthesizer.smt          | ForkPoolWorker-2  - DEBUG   : Round 1: Setting up phi nodes
2021-11-28 22:38:01,830 - synthesizer.smt          | ForkPoolWorker-3  - DEBUG   : Round 1: Constraining available gadgets
2021-11-28 22:38:01,830 - synthesizer.smt          | ForkPoolWorker-3  - DEBUG   : Round 1: Binding round variables to gadget input variables
2021-11-28 22:38:01,874 - synthesizer.smt          | ForkPoolWorker-3  - DEBUG   : Round 1: Setting up phi nodes
2021-11-28 22:38:02,141 - synthesizer.smt          | ForkPoolWorker-1  - DEBUG   : Round 0: Constraining available gadgets
2021-11-28 22:38:02,141 - synthesizer.smt          | ForkPoolWorker-1  - DEBUG   : Round 0: Binding round variables to gadget input variables
2021-11-28 22:38:02,169 - synthesizer.smt          | ForkPoolWorker-1  - DEBUG   : Round 0: Setting up phi nodes
2021-11-28 22:38:02,253 - synthesizer.smt          | ForkPoolWorker-2  - DEBUG   : Round 2: Constraining available gadgets
2021-11-28 22:38:02,258 - synthesizer.smt          | ForkPoolWorker-2  - DEBUG   : Round 2: Binding round variables to gadget input variables
2021-11-28 22:38:02,269 - synthesizer.smt          | ForkPoolWorker-2  - DEBUG   : Round 2: Setting up phi nodes
2021-11-28 22:38:03,268 - synthesizer.smt          | ForkPoolWorker-3  - DEBUG   : Round 2: Constraining available gadgets
2021-11-28 22:38:03,269 - synthesizer.smt          | ForkPoolWorker-3  - DEBUG   : Round 2: Binding round variables to gadget input variables
2021-11-28 22:38:03,290 - synthesizer.smt          | ForkPoolWorker-2  - DEBUG   : Round 3: Constraining available gadgets
2021-11-28 22:38:03,291 - synthesizer.smt          | ForkPoolWorker-2  - DEBUG   : Round 3: Binding round variables to gadget input variables
2021-11-28 22:38:03,299 - synthesizer.smt          | ForkPoolWorker-3  - DEBUG   : Round 2: Setting up phi nodes
2021-11-28 22:38:03,317 - synthesizer.smt          | ForkPoolWorker-2  - DEBUG   : Round 3: Setting up phi nodes
2021-11-28 22:38:03,326 - synthesizer.smt          | ForkPoolWorker-2  - DEBUG   : Setting up final out vars
2021-11-28 22:38:03,326 - synthesizer.smt          | ForkPoolWorker-2  - DEBUG   : Setting up pointer postconditions
2021-11-28 22:38:03,326 - synthesizer.smt          | ForkPoolWorker-2  - DEBUG   : Setting up postconditions
2021-11-28 22:38:03,561 - synthesizer              | ForkPoolWorker-2  - INFO    : Encoded 100 IR gadgets as SMT formula (55545 assertions) in 5.6s
2021-11-28 22:38:03,583 - synthesizer              | ForkPoolWorker-2  - DEBUG   : formula-smt2.txt written in 0.01s
2021-11-28 22:38:03,583 - synthesizer              | ForkPoolWorker-2  - INFO    : Running solver /home/vagrant/.local/bin/boolector
2021-11-28 22:38:04,064 - synthesizer.smt          | ForkPoolWorker-1  - DEBUG   : Round 1: Constraining available gadgets
2021-11-28 22:38:04,064 - synthesizer.smt          | ForkPoolWorker-1  - DEBUG   : Round 1: Binding round variables to gadget input variables
2021-11-28 22:38:04,106 - synthesizer.smt          | ForkPoolWorker-1  - DEBUG   : Round 1: Setting up phi nodes
2021-11-28 22:38:04,799 - synthesizer.smt          | ForkPoolWorker-3  - DEBUG   : Round 3: Constraining available gadgets
2021-11-28 22:38:04,800 - synthesizer.smt          | ForkPoolWorker-3  - DEBUG   : Round 3: Binding round variables to gadget input variables
2021-11-28 22:38:04,841 - synthesizer.smt          | ForkPoolWorker-3  - DEBUG   : Round 3: Setting up phi nodes
2021-11-28 22:38:04,853 - synthesizer              | ForkPoolWorker-5  - INFO    : Lifted 300 ASM gadgets to 300 IRa gadgets in 7.57s
2021-11-28 22:38:04,869 - synthesizer              | ForkPoolWorker-5  - DEBUG   : Encoding IR gadgets as SMT formula
2021-11-28 22:38:04,869 - synthesizer.smt          | ForkPoolWorker-5  - DEBUG   : Setting up preconditions
2021-11-28 22:38:04,869 - synthesizer.smt          | ForkPoolWorker-5  - DEBUG   : Setting up stack data
2021-11-28 22:38:04,869 - synthesizer.smt          | ForkPoolWorker-5  - DEBUG   : Encoding program
2021-11-28 22:38:04,891 - synthesizer.smt          | ForkPoolWorker-3  - DEBUG   : Setting up final out vars
2021-11-28 22:38:04,891 - synthesizer.smt          | ForkPoolWorker-3  - DEBUG   : Setting up pointer postconditions
2021-11-28 22:38:04,891 - synthesizer.smt          | ForkPoolWorker-3  - DEBUG   : Setting up postconditions
2021-11-28 22:38:05,095 - synthesizer              | ForkPoolWorker-6  - INFO    : Lifted 300 ASM gadgets to 300 IRa gadgets in 8.18s
2021-11-28 22:38:05,100 - synthesizer              | ForkPoolWorker-6  - DEBUG   : Encoding IR gadgets as SMT formula
2021-11-28 22:38:05,100 - synthesizer.smt          | ForkPoolWorker-6  - DEBUG   : Setting up preconditions
2021-11-28 22:38:05,100 - synthesizer.smt          | ForkPoolWorker-6  - DEBUG   : Setting up stack data
2021-11-28 22:38:05,101 - synthesizer.smt          | ForkPoolWorker-6  - DEBUG   : Encoding program
2021-11-28 22:38:05,191 - synthesizer              | ForkPoolWorker-3  - INFO    : Encoded 100 IR gadgets as SMT formula (59545 assertions) in 6.7s
2021-11-28 22:38:05,304 - synthesizer              | ForkPoolWorker-3  - DEBUG   : formula-smt2.txt written in 0.1s
2021-11-28 22:38:05,304 - synthesizer              | ForkPoolWorker-3  - INFO    : Running solver /home/vagrant/.local/bin/boolector
2021-11-28 22:38:05,814 - synthesizer.smt          | ForkPoolWorker-1  - DEBUG   : Round 2: Constraining available gadgets
2021-11-28 22:38:05,814 - synthesizer.smt          | ForkPoolWorker-1  - DEBUG   : Round 2: Binding round variables to gadget input variables
2021-11-28 22:38:05,825 - synthesizer.smt          | ForkPoolWorker-1  - DEBUG   : Round 2: Setting up phi nodes
2021-11-28 22:38:06,209 - synthesizer              | ForkPoolWorker-4  - INFO    : Lifted 300 ASM gadgets to 300 IRa gadgets in 8.8s
2021-11-28 22:38:06,228 - synthesizer              | ForkPoolWorker-4  - DEBUG   : Encoding IR gadgets as SMT formula
2021-11-28 22:38:06,228 - synthesizer.smt          | ForkPoolWorker-4  - DEBUG   : Setting up preconditions
2021-11-28 22:38:06,229 - synthesizer.smt          | ForkPoolWorker-4  - DEBUG   : Setting up stack data
2021-11-28 22:38:06,229 - synthesizer.smt          | ForkPoolWorker-4  - DEBUG   : Encoding program
2021-11-28 22:38:07,607 - synthesizer.smt          | ForkPoolWorker-1  - DEBUG   : Round 3: Constraining available gadgets
2021-11-28 22:38:07,607 - synthesizer.smt          | ForkPoolWorker-1  - DEBUG   : Round 3: Binding round variables to gadget input variables
2021-11-28 22:38:07,692 - synthesizer.smt          | ForkPoolWorker-1  - DEBUG   : Round 3: Setting up phi nodes
2021-11-28 22:38:07,752 - synthesizer.smt          | ForkPoolWorker-1  - DEBUG   : Setting up final out vars
2021-11-28 22:38:07,754 - synthesizer.smt          | ForkPoolWorker-1  - DEBUG   : Setting up pointer postconditions
2021-11-28 22:38:07,754 - synthesizer.smt          | ForkPoolWorker-1  - DEBUG   : Setting up postconditions
2021-11-28 22:38:08,106 - synthesizer              | ForkPoolWorker-1  - INFO    : Encoded 100 IR gadgets as SMT formula (63545 assertions) in 8.36s
2021-11-28 22:38:08,206 - synthesizer              | ForkPoolWorker-1  - DEBUG   : formula-smt2.txt written in 0.06s
2021-11-28 22:38:08,206 - synthesizer              | ForkPoolWorker-1  - INFO    : Running solver /home/vagrant/.local/bin/boolector
2021-11-28 22:38:10,262 - synthesizer.smt          | ForkPoolWorker-5  - DEBUG   : Round 0: Constraining available gadgets
2021-11-28 22:38:10,263 - synthesizer.smt          | ForkPoolWorker-5  - DEBUG   : Round 0: Binding round variables to gadget input variables
2021-11-28 22:38:10,357 - synthesizer.smt          | ForkPoolWorker-5  - DEBUG   : Round 0: Setting up phi nodes
2021-11-28 22:38:10,667 - synthesizer.smt          | ForkPoolWorker-6  - DEBUG   : Round 0: Constraining available gadgets
2021-11-28 22:38:10,667 - synthesizer.smt          | ForkPoolWorker-6  - DEBUG   : Round 0: Binding round variables to gadget input variables
2021-11-28 22:38:10,737 - synthesizer.smt          | ForkPoolWorker-6  - DEBUG   : Round 0: Setting up phi nodes
2021-11-28 22:38:11,867 - synthesizer.smt          | ForkPoolWorker-4  - DEBUG   : Round 0: Constraining available gadgets
2021-11-28 22:38:11,867 - synthesizer.smt          | ForkPoolWorker-4  - DEBUG   : Round 0: Binding round variables to gadget input variables
2021-11-28 22:38:11,943 - synthesizer.smt          | ForkPoolWorker-4  - DEBUG   : Round 0: Setting up phi nodes
2021-11-28 22:38:11,964 - synthesizer              | ForkPoolWorker-2  - INFO    : Solver returned UNSAT in 8.34s
2021-11-28 22:38:11,965 - synthesizer              | ForkPoolWorker-2  - DEBUG   : result.json written
2021-11-28 22:38:13,650 - synthesizer.smt          | ForkPoolWorker-5  - DEBUG   : Round 1: Constraining available gadgets
2021-11-28 22:38:13,670 - synthesizer.smt          | ForkPoolWorker-5  - DEBUG   : Round 1: Binding round variables to gadget input variables
2021-11-28 22:38:13,724 - synthesizer.smt          | ForkPoolWorker-5  - DEBUG   : Round 1: Setting up phi nodes
2021-11-28 22:38:14,011 - synthesizer.smt          | ForkPoolWorker-6  - DEBUG   : Round 1: Constraining available gadgets
2021-11-28 22:38:14,027 - synthesizer.smt          | ForkPoolWorker-6  - DEBUG   : Round 1: Binding round variables to gadget input variables
2021-11-28 22:38:14,078 - synthesizer.smt          | ForkPoolWorker-6  - DEBUG   : Round 1: Setting up phi nodes
2021-11-28 22:38:14,183 - synthesizer              | ForkPoolWorker-3  - INFO    : Solver returned UNSAT in 8.88s
2021-11-28 22:38:14,183 - synthesizer              | ForkPoolWorker-3  - DEBUG   : result.json written
2021-11-28 22:38:15,007 - synthesizer.smt          | ForkPoolWorker-4  - DEBUG   : Round 1: Constraining available gadgets
2021-11-28 22:38:15,008 - synthesizer.smt          | ForkPoolWorker-4  - DEBUG   : Round 1: Binding round variables to gadget input variables
2021-11-28 22:38:15,072 - synthesizer.smt          | ForkPoolWorker-4  - DEBUG   : Round 1: Setting up phi nodes
2021-11-28 22:38:16,073 - synthesizer.smt          | ForkPoolWorker-5  - DEBUG   : Round 2: Constraining available gadgets
2021-11-28 22:38:16,073 - synthesizer.smt          | ForkPoolWorker-5  - DEBUG   : Round 2: Binding round variables to gadget input variables
2021-11-28 22:38:16,136 - synthesizer.smt          | ForkPoolWorker-5  - DEBUG   : Round 2: Setting up phi nodes
2021-11-28 22:38:16,302 - synthesizer.smt          | ForkPoolWorker-6  - DEBUG   : Round 2: Constraining available gadgets
2021-11-28 22:38:16,302 - synthesizer.smt          | ForkPoolWorker-6  - DEBUG   : Round 2: Binding round variables to gadget input variables
2021-11-28 22:38:16,365 - synthesizer.smt          | ForkPoolWorker-6  - DEBUG   : Round 2: Setting up phi nodes
2021-11-28 22:38:17,461 - synthesizer.smt          | ForkPoolWorker-4  - DEBUG   : Round 2: Constraining available gadgets
2021-11-28 22:38:17,461 - synthesizer.smt          | ForkPoolWorker-4  - DEBUG   : Round 2: Binding round variables to gadget input variables
2021-11-28 22:38:17,538 - synthesizer.smt          | ForkPoolWorker-4  - DEBUG   : Round 2: Setting up phi nodes
2021-11-28 22:38:17,940 - synthesizer              | ForkPoolWorker-1  - INFO    : Solver returned UNSAT in 9.71s
2021-11-28 22:38:17,941 - synthesizer              | ForkPoolWorker-1  - DEBUG   : result.json written
2021-11-28 22:38:18,380 - synthesizer.smt          | ForkPoolWorker-5  - DEBUG   : Round 3: Constraining available gadgets
2021-11-28 22:38:18,380 - synthesizer.smt          | ForkPoolWorker-5  - DEBUG   : Round 3: Binding round variables to gadget input variables
2021-11-28 22:38:18,411 - synthesizer.smt          | ForkPoolWorker-5  - DEBUG   : Round 3: Setting up phi nodes
2021-11-28 22:38:18,443 - synthesizer.smt          | ForkPoolWorker-5  - DEBUG   : Setting up final out vars
2021-11-28 22:38:18,444 - synthesizer.smt          | ForkPoolWorker-5  - DEBUG   : Setting up pointer postconditions
2021-11-28 22:38:18,444 - synthesizer.smt          | ForkPoolWorker-5  - DEBUG   : Setting up postconditions
2021-11-28 22:38:18,547 - synthesizer.smt          | ForkPoolWorker-6  - DEBUG   : Round 3: Constraining available gadgets
2021-11-28 22:38:18,547 - synthesizer.smt          | ForkPoolWorker-6  - DEBUG   : Round 3: Binding round variables to gadget input variables
2021-11-28 22:38:18,578 - synthesizer.smt          | ForkPoolWorker-6  - DEBUG   : Round 3: Setting up phi nodes
2021-11-28 22:38:18,611 - synthesizer.smt          | ForkPoolWorker-6  - DEBUG   : Setting up final out vars
2021-11-28 22:38:18,611 - synthesizer.smt          | ForkPoolWorker-6  - DEBUG   : Setting up pointer postconditions
2021-11-28 22:38:18,611 - synthesizer.smt          | ForkPoolWorker-6  - DEBUG   : Setting up postconditions
2021-11-28 22:38:18,768 - synthesizer              | ForkPoolWorker-5  - INFO    : Encoded 300 IR gadgets as SMT formula (169805 assertions) in 13.9s
2021-11-28 22:38:18,870 - synthesizer              | ForkPoolWorker-5  - DEBUG   : formula-smt2.txt written in 0.06s
2021-11-28 22:38:18,871 - synthesizer              | ForkPoolWorker-5  - INFO    : Running solver /home/vagrant/.local/bin/boolector
2021-11-28 22:38:18,930 - synthesizer              | ForkPoolWorker-6  - INFO    : Encoded 300 IR gadgets as SMT formula (171885 assertions) in 13.83s
2021-11-28 22:38:19,059 - synthesizer              | ForkPoolWorker-6  - DEBUG   : formula-smt2.txt written in 0.08s
2021-11-28 22:38:19,059 - synthesizer              | ForkPoolWorker-6  - INFO    : Running solver /home/vagrant/.local/bin/boolector
2021-11-28 22:38:19,276 - synthesizer.smt          | ForkPoolWorker-4  - DEBUG   : Round 3: Constraining available gadgets
2021-11-28 22:38:19,278 - synthesizer.smt          | ForkPoolWorker-4  - DEBUG   : Round 3: Binding round variables to gadget input variables
2021-11-28 22:38:19,311 - synthesizer.smt          | ForkPoolWorker-4  - DEBUG   : Round 3: Setting up phi nodes
2021-11-28 22:38:19,347 - synthesizer.smt          | ForkPoolWorker-4  - DEBUG   : Setting up final out vars
2021-11-28 22:38:19,347 - synthesizer.smt          | ForkPoolWorker-4  - DEBUG   : Setting up pointer postconditions
2021-11-28 22:38:19,347 - synthesizer.smt          | ForkPoolWorker-4  - DEBUG   : Setting up postconditions
2021-11-28 22:38:19,561 - synthesizer              | ForkPoolWorker-4  - INFO    : Encoded 300 IR gadgets as SMT formula (176049 assertions) in 13.33s
2021-11-28 22:38:19,622 - synthesizer              | ForkPoolWorker-4  - DEBUG   : formula-smt2.txt written in 0.04s
2021-11-28 22:38:19,622 - synthesizer              | ForkPoolWorker-4  - INFO    : Running solver /home/vagrant/.local/bin/boolector
2021-11-28 22:38:32,901 - synthesizer              | ForkPoolWorker-5  - INFO    : Solver returned UNSAT in 14.03s
2021-11-28 22:38:32,902 - synthesizer              | ForkPoolWorker-5  - DEBUG   : result.json written
2021-11-28 22:38:48,393 - synthesizer              | ForkPoolWorker-6  - INFO    : Solver returned UNSAT in 29.33s
2021-11-28 22:38:48,394 - synthesizer              | ForkPoolWorker-6  - DEBUG   : result.json written
2021-11-28 22:38:48,401 - synthesizer              | ForkPoolWorker-4  - INFO    : Solver returned UNSAT in 28.78s
2021-11-28 22:38:48,402 - synthesizer              | ForkPoolWorker-4  - DEBUG   : result.json written
2021-11-28 22:38:48,430 - synthesizer              | MainProcess       - DEBUG   : Received 6 results
2021-11-28 22:38:48,430 - synthesizer              | MainProcess       - INFO    : Done in 54.29s
