2021-12-06 17:28:46,233 - synthesizer              | MainProcess       - INFO    : Starting synthesizer
2021-12-06 17:28:46,233 - synthesizer              | MainProcess       - DEBUG   : Using up to 6 processes
2021-12-06 17:28:46,233 - synthesizer.config       | MainProcess       - DEBUG   : Loading SynthesizerConfig from 'synthesizer_config_default.json'
2021-12-06 17:28:46,234 - synthesizer              | MainProcess       - DEBUG   : Using configuration at /vagrant/gadget_synthesis/targets/coreutils/date-8.21/original/config_execve_minimal.json
2021-12-06 17:28:46,234 - synthesizer.config       | MainProcess       - DEBUG   : Loading TargetConfig from '/vagrant/gadget_synthesis/targets/coreutils/date-8.21/original/config_execve_minimal.json'
2021-12-06 17:28:46,234 - synthesizer.config       | MainProcess       - DEBUG   : Executable is relative path: 'date.bc_orig' - adjusting to '/vagrant/gadget_synthesis/targets/coreutils/date-8.21/original/date.bc_orig'
2021-12-06 17:28:46,235 - synthesizer.config       | MainProcess       - DEBUG   : Using 0 free variables, 2 preconditions, 4 postconditions, and 1 ptr_postconditions
2021-12-06 17:28:46,235 - synthesizer              | MainProcess       - DEBUG   : Disassembly settings used: target_name=date.bc_orig, target=/vagrant/gadget_synthesis/targets/coreutils/date-8.21/original/date.bc_orig, workdir=/tmp/gadget_synthesis/original, disas_unaligned=False, control_flow_types=['ret', 'call', 'jmp'], max_processes=6, timeout=3600, cache_name=gadgets, cache_type=JSON
2021-12-06 17:28:46,235 - synthesizer              | MainProcess       - DEBUG   : Preparing original
2021-12-06 17:28:46,235 - synthesizer              | MainProcess       - DEBUG   : Ensure function addresses are cached for original
2021-12-06 17:28:46,235 - synthesizer.disasm       | MainProcess       - DEBUG   : Extracting function addresses from 'date.bc_orig'
2021-12-06 17:28:46,235 - synthesizer.cache        | MainProcess       - DEBUG   : Cache intialized (function_addrs.json)
2021-12-06 17:28:46,235 - synthesizer.cache        | MainProcess       - DEBUG   : Metadata is at /vagrant/gadget_synthesis/targets/coreutils/date-8.21/original/.cache/.metadata
2021-12-06 17:28:46,237 - synthesizer.disasm       | MainProcess       - DEBUG   : Returning 144 cached function addresses
2021-12-06 17:28:46,237 - synthesizer              | MainProcess       - DEBUG   : Ensure valid gadgets are cached for original
2021-12-06 17:28:46,237 - synthesizer.disasm       | MainProcess       - DEBUG   : Caching gadgets for date.bc_orig
2021-12-06 17:28:46,237 - synthesizer.cache        | MainProcess       - DEBUG   : Cache intialized (gadgets.json)
2021-12-06 17:28:46,237 - synthesizer.cache        | MainProcess       - DEBUG   : Metadata is at /vagrant/gadget_synthesis/targets/coreutils/date-8.21/original/.cache/.metadata
2021-12-06 17:28:46,239 - synthesizer.disasm       | MainProcess       - DEBUG   : Gadget addresses already cached
2021-12-06 17:28:46,239 - synthesizer              | MainProcess       - DEBUG   : Ensure necessary libraries are cached
2021-12-06 17:28:46,240 - synthesizer.disasm       | MainProcess       - DEBUG   : Extracting function addresses from 'libc-2.31.so'
2021-12-06 17:28:46,240 - synthesizer.cache        | MainProcess       - DEBUG   : Cache intialized (libc_func_addrs.json)
2021-12-06 17:28:46,240 - synthesizer.cache        | MainProcess       - DEBUG   : Metadata is at /vagrant/gadget_synthesis/targets/coreutils/date-8.21/original/../../../libraries/.cache/.metadata
2021-12-06 17:28:46,248 - synthesizer.disasm       | MainProcess       - DEBUG   : Returning 3100 cached function addresses
2021-12-06 17:28:46,248 - synthesizer.disasm       | MainProcess       - DEBUG   : Caching gadgets for libc-2.31.so
2021-12-06 17:28:46,248 - synthesizer.cache        | MainProcess       - DEBUG   : Cache intialized (libc_gadgets.json)
2021-12-06 17:28:46,248 - synthesizer.cache        | MainProcess       - DEBUG   : Metadata is at /vagrant/gadget_synthesis/targets/coreutils/date-8.21/original/../../../libraries/.cache/.metadata
2021-12-06 17:28:46,258 - synthesizer.disasm       | MainProcess       - DEBUG   : Gadget addresses already cached
2021-12-06 17:28:46,258 - synthesizer              | MainProcess       - INFO    : Colleted 6 configurations for original
2021-12-06 17:28:46,258 - synthesizer              | MainProcess       - DEBUG   : Collected 6 configruations in total
2021-12-06 17:28:46,276 - synthesizer              | ForkPoolWorker-1  - INFO    : Running config: original - iteration4-blocks0100-offset000-sw16
2021-12-06 17:28:46,281 - synthesizer              | ForkPoolWorker-1  - DEBUG   : Workdir is /tmp/gadget_synthesis/original/iteration4-blocks0100-offset000-sw16
2021-12-06 17:28:46,281 - synthesizer              | ForkPoolWorker-1  - DEBUG   : Seed is 0
2021-12-06 17:28:46,281 - synthesizer.cache        | ForkPoolWorker-1  - DEBUG   : Cache intialized (gadgets.json)
2021-12-06 17:28:46,281 - synthesizer.cache        | ForkPoolWorker-1  - DEBUG   : Metadata is at /vagrant/gadget_synthesis/targets/coreutils/date-8.21/original/.cache/.metadata
2021-12-06 17:28:46,278 - synthesizer              | ForkPoolWorker-2  - INFO    : Running config: original - iteration4-blocks0100-offset001-sw16
2021-12-06 17:28:46,280 - synthesizer              | ForkPoolWorker-3  - INFO    : Running config: original - iteration4-blocks0100-offset002-sw16
2021-12-06 17:28:46,282 - synthesizer              | ForkPoolWorker-2  - DEBUG   : Workdir is /tmp/gadget_synthesis/original/iteration4-blocks0100-offset001-sw16
2021-12-06 17:28:46,282 - synthesizer              | ForkPoolWorker-3  - DEBUG   : Workdir is /tmp/gadget_synthesis/original/iteration4-blocks0100-offset002-sw16
2021-12-06 17:28:46,282 - synthesizer              | ForkPoolWorker-2  - DEBUG   : Seed is 1
2021-12-06 17:28:46,282 - synthesizer              | ForkPoolWorker-3  - DEBUG   : Seed is 2
2021-12-06 17:28:46,283 - synthesizer.cache        | ForkPoolWorker-2  - DEBUG   : Cache intialized (gadgets.json)
2021-12-06 17:28:46,283 - synthesizer.cache        | ForkPoolWorker-3  - DEBUG   : Cache intialized (gadgets.json)
2021-12-06 17:28:46,283 - synthesizer.cache        | ForkPoolWorker-2  - DEBUG   : Metadata is at /vagrant/gadget_synthesis/targets/coreutils/date-8.21/original/.cache/.metadata
2021-12-06 17:28:46,283 - synthesizer.cache        | ForkPoolWorker-3  - DEBUG   : Metadata is at /vagrant/gadget_synthesis/targets/coreutils/date-8.21/original/.cache/.metadata
2021-12-06 17:28:46,284 - synthesizer              | ForkPoolWorker-4  - INFO    : Running config: original - iteration4-blocks0300-offset000-sw16
2021-12-06 17:28:46,286 - synthesizer              | ForkPoolWorker-4  - DEBUG   : Workdir is /tmp/gadget_synthesis/original/iteration4-blocks0300-offset000-sw16
2021-12-06 17:28:46,286 - synthesizer              | ForkPoolWorker-4  - DEBUG   : Seed is 0
2021-12-06 17:28:46,286 - synthesizer.cache        | ForkPoolWorker-4  - DEBUG   : Cache intialized (gadgets.json)
2021-12-06 17:28:46,286 - synthesizer.cache        | ForkPoolWorker-4  - DEBUG   : Metadata is at /vagrant/gadget_synthesis/targets/coreutils/date-8.21/original/.cache/.metadata
2021-12-06 17:28:46,290 - synthesizer              | ForkPoolWorker-6  - INFO    : Running config: original - iteration4-blocks0300-offset002-sw16
2021-12-06 17:28:46,291 - synthesizer              | ForkPoolWorker-6  - DEBUG   : Workdir is /tmp/gadget_synthesis/original/iteration4-blocks0300-offset002-sw16
2021-12-06 17:28:46,291 - synthesizer              | ForkPoolWorker-6  - DEBUG   : Seed is 2
2021-12-06 17:28:46,292 - synthesizer.cache        | ForkPoolWorker-6  - DEBUG   : Cache intialized (gadgets.json)
2021-12-06 17:28:46,292 - synthesizer.cache        | ForkPoolWorker-6  - DEBUG   : Metadata is at /vagrant/gadget_synthesis/targets/coreutils/date-8.21/original/.cache/.metadata
2021-12-06 17:28:46,292 - synthesizer.disasm       | ForkPoolWorker-2  - DEBUG   : Loading cached gadget addresses
2021-12-06 17:28:46,295 - synthesizer.disasm       | ForkPoolWorker-3  - DEBUG   : Loading cached gadget addresses
2021-12-06 17:28:46,298 - synthesizer.disasm       | ForkPoolWorker-1  - DEBUG   : Loading cached gadget addresses
2021-12-06 17:28:46,290 - synthesizer              | ForkPoolWorker-5  - INFO    : Running config: original - iteration4-blocks0300-offset001-sw16
2021-12-06 17:28:46,302 - synthesizer              | ForkPoolWorker-5  - DEBUG   : Workdir is /tmp/gadget_synthesis/original/iteration4-blocks0300-offset001-sw16
2021-12-06 17:28:46,302 - synthesizer              | ForkPoolWorker-5  - DEBUG   : Seed is 1
2021-12-06 17:28:46,302 - synthesizer.cache        | ForkPoolWorker-5  - DEBUG   : Cache intialized (gadgets.json)
2021-12-06 17:28:46,302 - synthesizer.cache        | ForkPoolWorker-5  - DEBUG   : Metadata is at /vagrant/gadget_synthesis/targets/coreutils/date-8.21/original/.cache/.metadata
2021-12-06 17:28:46,302 - synthesizer.disasm       | ForkPoolWorker-6  - DEBUG   : Loading cached gadget addresses
2021-12-06 17:28:46,310 - synthesizer.disasm       | ForkPoolWorker-4  - DEBUG   : Loading cached gadget addresses
2021-12-06 17:28:46,318 - synthesizer.disasm       | ForkPoolWorker-5  - DEBUG   : Loading cached gadget addresses
2021-12-06 17:28:46,334 - synthesizer.selection    | ForkPoolWorker-2  - INFO    : Selecting 100 from 802 available gadgets (1 fixed)
2021-12-06 17:28:46,357 - synthesizer.selection    | ForkPoolWorker-1  - INFO    : Selecting 100 from 802 available gadgets (1 fixed)
2021-12-06 17:28:46,357 - synthesizer.selection    | ForkPoolWorker-3  - INFO    : Selecting 100 from 802 available gadgets (1 fixed)
2021-12-06 17:28:46,371 - synthesizer.disasm       | ForkPoolWorker-3  - DEBUG   : Disassembling 100 gadgets. This may take a while..
2021-12-06 17:28:46,367 - synthesizer.selection    | ForkPoolWorker-6  - INFO    : Selecting 299 from 802 available gadgets (1 fixed)
2021-12-06 17:28:46,372 - synthesizer.disasm       | ForkPoolWorker-1  - DEBUG   : Disassembling 100 gadgets. This may take a while..
2021-12-06 17:28:46,372 - synthesizer.disasm       | ForkPoolWorker-2  - DEBUG   : Disassembling 100 gadgets. This may take a while..
2021-12-06 17:28:46,372 - synthesizer.disasm       | ForkPoolWorker-6  - DEBUG   : Disassembling 299 gadgets. This may take a while..
2021-12-06 17:28:46,370 - synthesizer.selection    | ForkPoolWorker-4  - INFO    : Selecting 299 from 802 available gadgets (1 fixed)
2021-12-06 17:28:46,378 - synthesizer.disasm       | ForkPoolWorker-4  - DEBUG   : Disassembling 299 gadgets. This may take a while..
2021-12-06 17:28:46,383 - synthesizer.selection    | ForkPoolWorker-5  - INFO    : Selecting 300 from 802 available gadgets (1 fixed)
2021-12-06 17:28:46,390 - synthesizer.disasm       | ForkPoolWorker-5  - DEBUG   : Disassembling 300 gadgets. This may take a while..
2021-12-06 17:28:47,850 - synthesizer.disasm       | ForkPoolWorker-3  - DEBUG   : Rebased gadgets onto load address 0x400000
2021-12-06 17:28:47,850 - synthesizer.disasm       | ForkPoolWorker-3  - DEBUG   : Disassembled 100 from main executable (date.bc_orig)
2021-12-06 17:28:47,850 - synthesizer.disasm       | ForkPoolWorker-3  - DEBUG   : Disassembled 0 from libc
2021-12-06 17:28:47,851 - synthesizer              | ForkPoolWorker-3  - INFO    : Disassembled ASM block for 100 gadgets in 1.48s
2021-12-06 17:28:47,862 - synthesizer.disasm       | ForkPoolWorker-2  - DEBUG   : Rebased gadgets onto load address 0x400000
2021-12-06 17:28:47,862 - synthesizer.disasm       | ForkPoolWorker-2  - DEBUG   : Disassembled 100 from main executable (date.bc_orig)
2021-12-06 17:28:47,862 - synthesizer.disasm       | ForkPoolWorker-2  - DEBUG   : Disassembled 0 from libc
2021-12-06 17:28:47,862 - synthesizer              | ForkPoolWorker-2  - INFO    : Disassembled ASM block for 100 gadgets in 1.49s
2021-12-06 17:28:47,960 - synthesizer.disasm       | ForkPoolWorker-1  - DEBUG   : Rebased gadgets onto load address 0x400000
2021-12-06 17:28:47,960 - synthesizer.disasm       | ForkPoolWorker-1  - DEBUG   : Disassembled 100 from main executable (date.bc_orig)
2021-12-06 17:28:47,960 - synthesizer.disasm       | ForkPoolWorker-1  - DEBUG   : Disassembled 0 from libc
2021-12-06 17:28:47,960 - synthesizer              | ForkPoolWorker-1  - INFO    : Disassembled ASM block for 100 gadgets in 1.59s
2021-12-06 17:28:48,825 - synthesizer.disasm       | ForkPoolWorker-5  - DEBUG   : Rebased gadgets onto load address 0x400000
2021-12-06 17:28:48,825 - synthesizer.disasm       | ForkPoolWorker-5  - DEBUG   : Disassembled 300 from main executable (date.bc_orig)
2021-12-06 17:28:48,825 - synthesizer.disasm       | ForkPoolWorker-5  - DEBUG   : Disassembled 0 from libc
2021-12-06 17:28:48,825 - synthesizer              | ForkPoolWorker-5  - INFO    : Disassembled ASM block for 300 gadgets in 2.44s
2021-12-06 17:28:48,839 - synthesizer.disasm       | ForkPoolWorker-4  - DEBUG   : Rebased gadgets onto load address 0x400000
2021-12-06 17:28:48,839 - synthesizer.disasm       | ForkPoolWorker-4  - DEBUG   : Disassembled 299 from main executable (date.bc_orig)
2021-12-06 17:28:48,839 - synthesizer.disasm       | ForkPoolWorker-4  - DEBUG   : Disassembled 0 from libc
2021-12-06 17:28:48,839 - synthesizer              | ForkPoolWorker-4  - INFO    : Disassembled ASM block for 299 gadgets in 2.46s
2021-12-06 17:28:48,995 - synthesizer.disasm       | ForkPoolWorker-6  - DEBUG   : Rebased gadgets onto load address 0x400000
2021-12-06 17:28:48,995 - synthesizer.disasm       | ForkPoolWorker-6  - DEBUG   : Disassembled 299 from main executable (date.bc_orig)
2021-12-06 17:28:48,995 - synthesizer.disasm       | ForkPoolWorker-6  - DEBUG   : Disassembled 0 from libc
2021-12-06 17:28:48,995 - synthesizer              | ForkPoolWorker-6  - INFO    : Disassembled ASM block for 299 gadgets in 2.62s
2021-12-06 17:28:49,535 - synthesizer              | ForkPoolWorker-2  - INFO    : Lifted 100 ASM gadgets to 100 IRa gadgets in 1.67s
2021-12-06 17:28:49,537 - synthesizer              | ForkPoolWorker-2  - DEBUG   : Encoding IR gadgets as SMT formula
2021-12-06 17:28:49,538 - synthesizer.smt          | ForkPoolWorker-2  - DEBUG   : Setting up preconditions
2021-12-06 17:28:49,538 - synthesizer.smt          | ForkPoolWorker-2  - DEBUG   : Setting up stack data
2021-12-06 17:28:49,538 - synthesizer.smt          | ForkPoolWorker-2  - DEBUG   : Encoding program
2021-12-06 17:28:49,735 - synthesizer              | ForkPoolWorker-3  - INFO    : Lifted 100 ASM gadgets to 100 IRa gadgets in 1.88s
2021-12-06 17:28:49,761 - synthesizer              | ForkPoolWorker-3  - DEBUG   : Encoding IR gadgets as SMT formula
2021-12-06 17:28:49,762 - synthesizer.smt          | ForkPoolWorker-3  - DEBUG   : Setting up preconditions
2021-12-06 17:28:49,762 - synthesizer.smt          | ForkPoolWorker-3  - DEBUG   : Setting up stack data
2021-12-06 17:28:49,762 - synthesizer.smt          | ForkPoolWorker-3  - DEBUG   : Encoding program
2021-12-06 17:28:50,176 - synthesizer              | ForkPoolWorker-1  - INFO    : Lifted 100 ASM gadgets to 100 IRa gadgets in 2.22s
2021-12-06 17:28:50,177 - synthesizer              | ForkPoolWorker-1  - DEBUG   : Encoding IR gadgets as SMT formula
2021-12-06 17:28:50,178 - synthesizer.smt          | ForkPoolWorker-1  - DEBUG   : Setting up preconditions
2021-12-06 17:28:50,178 - synthesizer.smt          | ForkPoolWorker-1  - DEBUG   : Setting up stack data
2021-12-06 17:28:50,178 - synthesizer.smt          | ForkPoolWorker-1  - DEBUG   : Encoding program
2021-12-06 17:28:50,929 - synthesizer.smt          | ForkPoolWorker-2  - DEBUG   : Round 0: Constraining available gadgets
2021-12-06 17:28:50,929 - synthesizer.smt          | ForkPoolWorker-2  - DEBUG   : Round 0: Binding round variables to gadget input variables
2021-12-06 17:28:50,976 - synthesizer.smt          | ForkPoolWorker-2  - DEBUG   : Round 0: Setting up phi nodes
2021-12-06 17:28:51,233 - synthesizer.smt          | ForkPoolWorker-3  - DEBUG   : Round 0: Constraining available gadgets
2021-12-06 17:28:51,233 - synthesizer.smt          | ForkPoolWorker-3  - DEBUG   : Round 0: Binding round variables to gadget input variables
2021-12-06 17:28:51,244 - synthesizer.smt          | ForkPoolWorker-3  - DEBUG   : Round 0: Setting up phi nodes
2021-12-06 17:28:51,786 - synthesizer.smt          | ForkPoolWorker-1  - DEBUG   : Round 0: Constraining available gadgets
2021-12-06 17:28:51,786 - synthesizer.smt          | ForkPoolWorker-1  - DEBUG   : Round 0: Binding round variables to gadget input variables
2021-12-06 17:28:51,813 - synthesizer.smt          | ForkPoolWorker-1  - DEBUG   : Round 0: Setting up phi nodes
2021-12-06 17:28:51,856 - synthesizer.smt          | ForkPoolWorker-2  - DEBUG   : Round 1: Constraining available gadgets
2021-12-06 17:28:51,857 - synthesizer.smt          | ForkPoolWorker-2  - DEBUG   : Round 1: Binding round variables to gadget input variables
2021-12-06 17:28:51,905 - synthesizer.smt          | ForkPoolWorker-2  - DEBUG   : Round 1: Setting up phi nodes
2021-12-06 17:28:52,311 - synthesizer.smt          | ForkPoolWorker-3  - DEBUG   : Round 1: Constraining available gadgets
2021-12-06 17:28:52,311 - synthesizer.smt          | ForkPoolWorker-3  - DEBUG   : Round 1: Binding round variables to gadget input variables
2021-12-06 17:28:52,322 - synthesizer.smt          | ForkPoolWorker-3  - DEBUG   : Round 1: Setting up phi nodes
2021-12-06 17:28:52,852 - synthesizer.smt          | ForkPoolWorker-1  - DEBUG   : Round 1: Constraining available gadgets
2021-12-06 17:28:52,889 - synthesizer.smt          | ForkPoolWorker-1  - DEBUG   : Round 1: Binding round variables to gadget input variables
2021-12-06 17:28:52,899 - synthesizer.smt          | ForkPoolWorker-1  - DEBUG   : Round 1: Setting up phi nodes
2021-12-06 17:28:52,995 - synthesizer.smt          | ForkPoolWorker-2  - DEBUG   : Round 2: Constraining available gadgets
2021-12-06 17:28:52,995 - synthesizer.smt          | ForkPoolWorker-2  - DEBUG   : Round 2: Binding round variables to gadget input variables
2021-12-06 17:28:53,006 - synthesizer.smt          | ForkPoolWorker-2  - DEBUG   : Round 2: Setting up phi nodes
2021-12-06 17:28:53,458 - synthesizer.smt          | ForkPoolWorker-3  - DEBUG   : Round 2: Constraining available gadgets
2021-12-06 17:28:53,459 - synthesizer.smt          | ForkPoolWorker-3  - DEBUG   : Round 2: Binding round variables to gadget input variables
2021-12-06 17:28:53,502 - synthesizer.smt          | ForkPoolWorker-3  - DEBUG   : Round 2: Setting up phi nodes
2021-12-06 17:28:53,913 - synthesizer.smt          | ForkPoolWorker-2  - DEBUG   : Round 3: Constraining available gadgets
2021-12-06 17:28:53,913 - synthesizer.smt          | ForkPoolWorker-2  - DEBUG   : Round 3: Binding round variables to gadget input variables
2021-12-06 17:28:53,923 - synthesizer.smt          | ForkPoolWorker-2  - DEBUG   : Round 3: Setting up phi nodes
2021-12-06 17:28:53,965 - synthesizer.smt          | ForkPoolWorker-2  - DEBUG   : Setting up final out vars
2021-12-06 17:28:53,966 - synthesizer.smt          | ForkPoolWorker-2  - DEBUG   : Setting up pointer postconditions
2021-12-06 17:28:53,966 - synthesizer.smt          | ForkPoolWorker-2  - DEBUG   : Setting up postconditions
2021-12-06 17:28:54,144 - synthesizer              | ForkPoolWorker-2  - INFO    : Encoded 100 IR gadgets as SMT formula (54489 assertions) in 4.61s
2021-12-06 17:28:54,162 - synthesizer.smt          | ForkPoolWorker-1  - DEBUG   : Round 2: Constraining available gadgets
2021-12-06 17:28:54,162 - synthesizer.smt          | ForkPoolWorker-1  - DEBUG   : Round 2: Binding round variables to gadget input variables
2021-12-06 17:28:54,172 - synthesizer.smt          | ForkPoolWorker-1  - DEBUG   : Round 2: Setting up phi nodes
2021-12-06 17:28:54,198 - synthesizer              | ForkPoolWorker-2  - DEBUG   : formula-smt2.txt written in 0.04s
2021-12-06 17:28:54,199 - synthesizer              | ForkPoolWorker-2  - INFO    : Running solver /home/vagrant/.local/bin/boolector
2021-12-06 17:28:54,487 - synthesizer.smt          | ForkPoolWorker-3  - DEBUG   : Round 3: Constraining available gadgets
2021-12-06 17:28:54,488 - synthesizer.smt          | ForkPoolWorker-3  - DEBUG   : Round 3: Binding round variables to gadget input variables
2021-12-06 17:28:54,530 - synthesizer.smt          | ForkPoolWorker-3  - DEBUG   : Round 3: Setting up phi nodes
2021-12-06 17:28:54,571 - synthesizer.smt          | ForkPoolWorker-3  - DEBUG   : Setting up final out vars
2021-12-06 17:28:54,571 - synthesizer.smt          | ForkPoolWorker-3  - DEBUG   : Setting up pointer postconditions
2021-12-06 17:28:54,572 - synthesizer.smt          | ForkPoolWorker-3  - DEBUG   : Setting up postconditions
2021-12-06 17:28:54,740 - synthesizer              | ForkPoolWorker-3  - INFO    : Encoded 100 IR gadgets as SMT formula (56937 assertions) in 4.98s
2021-12-06 17:28:54,765 - synthesizer              | ForkPoolWorker-3  - DEBUG   : formula-smt2.txt written in 0.01s
2021-12-06 17:28:54,765 - synthesizer              | ForkPoolWorker-3  - INFO    : Running solver /home/vagrant/.local/bin/boolector
2021-12-06 17:28:55,025 - synthesizer              | ForkPoolWorker-5  - INFO    : Lifted 300 ASM gadgets to 300 IRa gadgets in 6.19s
2021-12-06 17:28:55,031 - synthesizer              | ForkPoolWorker-5  - DEBUG   : Encoding IR gadgets as SMT formula
2021-12-06 17:28:55,031 - synthesizer.smt          | ForkPoolWorker-5  - DEBUG   : Setting up preconditions
2021-12-06 17:28:55,031 - synthesizer.smt          | ForkPoolWorker-5  - DEBUG   : Setting up stack data
2021-12-06 17:28:55,040 - synthesizer.smt          | ForkPoolWorker-5  - DEBUG   : Encoding program
2021-12-06 17:28:55,290 - synthesizer.smt          | ForkPoolWorker-1  - DEBUG   : Round 3: Constraining available gadgets
2021-12-06 17:28:55,290 - synthesizer.smt          | ForkPoolWorker-1  - DEBUG   : Round 3: Binding round variables to gadget input variables
2021-12-06 17:28:55,310 - synthesizer.smt          | ForkPoolWorker-1  - DEBUG   : Round 3: Setting up phi nodes
2021-12-06 17:28:55,348 - synthesizer.smt          | ForkPoolWorker-1  - DEBUG   : Setting up final out vars
2021-12-06 17:28:55,361 - synthesizer.smt          | ForkPoolWorker-1  - DEBUG   : Setting up pointer postconditions
2021-12-06 17:28:55,361 - synthesizer.smt          | ForkPoolWorker-1  - DEBUG   : Setting up postconditions
2021-12-06 17:28:55,519 - synthesizer              | ForkPoolWorker-4  - INFO    : Lifted 299 ASM gadgets to 299 IRa gadgets in 6.68s
2021-12-06 17:28:55,531 - synthesizer              | ForkPoolWorker-4  - DEBUG   : Encoding IR gadgets as SMT formula
2021-12-06 17:28:55,531 - synthesizer.smt          | ForkPoolWorker-4  - DEBUG   : Setting up preconditions
2021-12-06 17:28:55,531 - synthesizer.smt          | ForkPoolWorker-4  - DEBUG   : Setting up stack data
2021-12-06 17:28:55,532 - synthesizer.smt          | ForkPoolWorker-4  - DEBUG   : Encoding program
2021-12-06 17:28:55,588 - synthesizer              | ForkPoolWorker-1  - INFO    : Encoded 100 IR gadgets as SMT formula (58153 assertions) in 5.41s
2021-12-06 17:28:55,652 - synthesizer              | ForkPoolWorker-1  - DEBUG   : formula-smt2.txt written in 0.03s
2021-12-06 17:28:55,652 - synthesizer              | ForkPoolWorker-1  - INFO    : Running solver /home/vagrant/.local/bin/boolector
2021-12-06 17:28:55,883 - synthesizer              | ForkPoolWorker-6  - INFO    : Lifted 299 ASM gadgets to 299 IRa gadgets in 6.89s
2021-12-06 17:28:55,898 - synthesizer              | ForkPoolWorker-6  - DEBUG   : Encoding IR gadgets as SMT formula
2021-12-06 17:28:55,898 - synthesizer.smt          | ForkPoolWorker-6  - DEBUG   : Setting up preconditions
2021-12-06 17:28:55,898 - synthesizer.smt          | ForkPoolWorker-6  - DEBUG   : Setting up stack data
2021-12-06 17:28:55,899 - synthesizer.smt          | ForkPoolWorker-6  - DEBUG   : Encoding program
2021-12-06 17:28:59,618 - synthesizer.smt          | ForkPoolWorker-5  - DEBUG   : Round 0: Constraining available gadgets
2021-12-06 17:28:59,618 - synthesizer.smt          | ForkPoolWorker-5  - DEBUG   : Round 0: Binding round variables to gadget input variables
2021-12-06 17:28:59,713 - synthesizer.smt          | ForkPoolWorker-5  - DEBUG   : Round 0: Setting up phi nodes
2021-12-06 17:29:00,150 - synthesizer              | ForkPoolWorker-2  - INFO    : Solver returned UNSAT in 5.95s
2021-12-06 17:29:00,150 - synthesizer              | ForkPoolWorker-2  - DEBUG   : result.json written
2021-12-06 17:29:00,237 - synthesizer.smt          | ForkPoolWorker-4  - DEBUG   : Round 0: Constraining available gadgets
2021-12-06 17:29:00,237 - synthesizer.smt          | ForkPoolWorker-4  - DEBUG   : Round 0: Binding round variables to gadget input variables
2021-12-06 17:29:00,310 - synthesizer.smt          | ForkPoolWorker-4  - DEBUG   : Round 0: Setting up phi nodes
2021-12-06 17:29:00,554 - synthesizer.smt          | ForkPoolWorker-6  - DEBUG   : Round 0: Constraining available gadgets
2021-12-06 17:29:00,555 - synthesizer.smt          | ForkPoolWorker-6  - DEBUG   : Round 0: Binding round variables to gadget input variables
2021-12-06 17:29:00,666 - synthesizer.smt          | ForkPoolWorker-6  - DEBUG   : Round 0: Setting up phi nodes
2021-12-06 17:29:00,794 - synthesizer              | ForkPoolWorker-3  - INFO    : Solver returned UNSAT in 6.02s
2021-12-06 17:29:00,796 - synthesizer              | ForkPoolWorker-3  - DEBUG   : result.json written
2021-12-06 17:29:02,133 - synthesizer              | ForkPoolWorker-1  - INFO    : Solver returned UNSAT in 6.48s
2021-12-06 17:29:02,133 - synthesizer              | ForkPoolWorker-1  - DEBUG   : result.json written
2021-12-06 17:29:02,373 - synthesizer.smt          | ForkPoolWorker-5  - DEBUG   : Round 1: Constraining available gadgets
2021-12-06 17:29:02,374 - synthesizer.smt          | ForkPoolWorker-5  - DEBUG   : Round 1: Binding round variables to gadget input variables
2021-12-06 17:29:02,405 - synthesizer.smt          | ForkPoolWorker-5  - DEBUG   : Round 1: Setting up phi nodes
2021-12-06 17:29:02,853 - synthesizer.smt          | ForkPoolWorker-4  - DEBUG   : Round 1: Constraining available gadgets
2021-12-06 17:29:02,853 - synthesizer.smt          | ForkPoolWorker-4  - DEBUG   : Round 1: Binding round variables to gadget input variables
2021-12-06 17:29:02,913 - synthesizer.smt          | ForkPoolWorker-6  - DEBUG   : Round 1: Constraining available gadgets
2021-12-06 17:29:02,913 - synthesizer.smt          | ForkPoolWorker-6  - DEBUG   : Round 1: Binding round variables to gadget input variables
2021-12-06 17:29:02,927 - synthesizer.smt          | ForkPoolWorker-4  - DEBUG   : Round 1: Setting up phi nodes
2021-12-06 17:29:02,945 - synthesizer.smt          | ForkPoolWorker-6  - DEBUG   : Round 1: Setting up phi nodes
2021-12-06 17:29:03,934 - synthesizer.smt          | ForkPoolWorker-5  - DEBUG   : Round 2: Constraining available gadgets
2021-12-06 17:29:03,934 - synthesizer.smt          | ForkPoolWorker-5  - DEBUG   : Round 2: Binding round variables to gadget input variables
2021-12-06 17:29:03,966 - synthesizer.smt          | ForkPoolWorker-5  - DEBUG   : Round 2: Setting up phi nodes
2021-12-06 17:29:04,600 - synthesizer.smt          | ForkPoolWorker-4  - DEBUG   : Round 2: Constraining available gadgets
2021-12-06 17:29:04,601 - synthesizer.smt          | ForkPoolWorker-4  - DEBUG   : Round 2: Binding round variables to gadget input variables
2021-12-06 17:29:04,641 - synthesizer.smt          | ForkPoolWorker-4  - DEBUG   : Round 2: Setting up phi nodes
2021-12-06 17:29:05,014 - synthesizer.smt          | ForkPoolWorker-6  - DEBUG   : Round 2: Constraining available gadgets
2021-12-06 17:29:05,014 - synthesizer.smt          | ForkPoolWorker-6  - DEBUG   : Round 2: Binding round variables to gadget input variables
2021-12-06 17:29:05,054 - synthesizer.smt          | ForkPoolWorker-6  - DEBUG   : Round 2: Setting up phi nodes
2021-12-06 17:29:05,804 - synthesizer.smt          | ForkPoolWorker-5  - DEBUG   : Round 3: Constraining available gadgets
2021-12-06 17:29:05,805 - synthesizer.smt          | ForkPoolWorker-5  - DEBUG   : Round 3: Binding round variables to gadget input variables
2021-12-06 17:29:05,838 - synthesizer.smt          | ForkPoolWorker-5  - DEBUG   : Round 3: Setting up phi nodes
2021-12-06 17:29:05,877 - synthesizer.smt          | ForkPoolWorker-5  - DEBUG   : Setting up final out vars
2021-12-06 17:29:05,877 - synthesizer.smt          | ForkPoolWorker-5  - DEBUG   : Setting up pointer postconditions
2021-12-06 17:29:05,877 - synthesizer.smt          | ForkPoolWorker-5  - DEBUG   : Setting up postconditions
2021-12-06 17:29:06,114 - synthesizer              | ForkPoolWorker-5  - INFO    : Encoded 300 IR gadgets as SMT formula (170977 assertions) in 11.08s
2021-12-06 17:29:06,178 - synthesizer.smt          | ForkPoolWorker-4  - DEBUG   : Round 3: Constraining available gadgets
2021-12-06 17:29:06,179 - synthesizer.smt          | ForkPoolWorker-4  - DEBUG   : Round 3: Binding round variables to gadget input variables
2021-12-06 17:29:06,191 - synthesizer              | ForkPoolWorker-5  - DEBUG   : formula-smt2.txt written in 0.06s
2021-12-06 17:29:06,191 - synthesizer              | ForkPoolWorker-5  - INFO    : Running solver /home/vagrant/.local/bin/boolector
2021-12-06 17:29:06,224 - synthesizer.smt          | ForkPoolWorker-4  - DEBUG   : Round 3: Setting up phi nodes
2021-12-06 17:29:06,264 - synthesizer.smt          | ForkPoolWorker-4  - DEBUG   : Setting up final out vars
2021-12-06 17:29:06,264 - synthesizer.smt          | ForkPoolWorker-4  - DEBUG   : Setting up pointer postconditions
2021-12-06 17:29:06,264 - synthesizer.smt          | ForkPoolWorker-4  - DEBUG   : Setting up postconditions
2021-12-06 17:29:06,574 - synthesizer              | ForkPoolWorker-4  - INFO    : Encoded 299 IR gadgets as SMT formula (173049 assertions) in 11.04s
2021-12-06 17:29:06,646 - synthesizer              | ForkPoolWorker-4  - DEBUG   : formula-smt2.txt written in 0.04s
2021-12-06 17:29:06,646 - synthesizer              | ForkPoolWorker-4  - INFO    : Running solver /home/vagrant/.local/bin/boolector
2021-12-06 17:29:07,386 - synthesizer.smt          | ForkPoolWorker-6  - DEBUG   : Round 3: Constraining available gadgets
2021-12-06 17:29:07,387 - synthesizer.smt          | ForkPoolWorker-6  - DEBUG   : Round 3: Binding round variables to gadget input variables
2021-12-06 17:29:07,428 - synthesizer.smt          | ForkPoolWorker-6  - DEBUG   : Round 3: Setting up phi nodes
2021-12-06 17:29:07,466 - synthesizer.smt          | ForkPoolWorker-6  - DEBUG   : Setting up final out vars
2021-12-06 17:29:07,466 - synthesizer.smt          | ForkPoolWorker-6  - DEBUG   : Setting up pointer postconditions
2021-12-06 17:29:07,466 - synthesizer.smt          | ForkPoolWorker-6  - DEBUG   : Setting up postconditions
2021-12-06 17:29:07,853 - synthesizer              | ForkPoolWorker-6  - INFO    : Encoded 299 IR gadgets as SMT formula (173921 assertions) in 11.95s
2021-12-06 17:29:07,909 - synthesizer              | ForkPoolWorker-6  - DEBUG   : formula-smt2.txt written in 0.03s
2021-12-06 17:29:07,909 - synthesizer              | ForkPoolWorker-6  - INFO    : Running solver /home/vagrant/.local/bin/boolector
2021-12-06 17:29:20,925 - synthesizer              | ForkPoolWorker-5  - INFO    : Solver returned UNSAT in 14.73s
2021-12-06 17:29:20,926 - synthesizer              | ForkPoolWorker-5  - DEBUG   : result.json written
2021-12-06 17:29:21,181 - synthesizer              | ForkPoolWorker-4  - INFO    : Solver returned UNSAT in 14.53s
2021-12-06 17:29:21,181 - synthesizer              | ForkPoolWorker-4  - DEBUG   : result.json written
2021-12-06 17:29:22,172 - synthesizer              | ForkPoolWorker-6  - INFO    : Solver returned UNSAT in 14.26s
2021-12-06 17:29:22,172 - synthesizer              | ForkPoolWorker-6  - DEBUG   : result.json written
2021-12-06 17:29:22,202 - synthesizer              | MainProcess       - DEBUG   : Received 6 results
2021-12-06 17:29:22,202 - synthesizer              | MainProcess       - INFO    : Done in 35.97s
