2021-12-10 21:43:14,134 - synthesizer              | MainProcess       - INFO    : Starting synthesizer
2021-12-10 21:43:14,134 - synthesizer              | MainProcess       - DEBUG   : Using up to 6 processes
2021-12-10 21:43:14,135 - synthesizer.config       | MainProcess       - DEBUG   : Loading SynthesizerConfig from 'synthesizer_config_default.json'
2021-12-10 21:43:14,136 - synthesizer              | MainProcess       - DEBUG   : Using configuration at /vagrant/gadget_synthesis/targets/coreutils/chown-8.2/debloated/config_execve_minimal.json
2021-12-10 21:43:14,136 - synthesizer.config       | MainProcess       - DEBUG   : Loading TargetConfig from '/vagrant/gadget_synthesis/targets/coreutils/chown-8.2/debloated/config_execve_minimal.json'
2021-12-10 21:43:14,136 - synthesizer.config       | MainProcess       - DEBUG   : Executable is relative path: 'chown.bc_cu' - adjusting to '/vagrant/gadget_synthesis/targets/coreutils/chown-8.2/debloated/chown.bc_cu'
2021-12-10 21:43:14,137 - synthesizer.config       | MainProcess       - DEBUG   : Using 0 free variables, 2 preconditions, 4 postconditions, and 1 ptr_postconditions
2021-12-10 21:43:14,137 - synthesizer              | MainProcess       - DEBUG   : Disassembly settings used: target_name=chown.bc_cu, target=/vagrant/gadget_synthesis/targets/coreutils/chown-8.2/debloated/chown.bc_cu, workdir=/tmp/gadget_synthesis/debloated, disas_unaligned=False, control_flow_types=['ret', 'call', 'jmp'], max_processes=6, timeout=3600, cache_name=gadgets, cache_type=JSON
2021-12-10 21:43:14,137 - synthesizer              | MainProcess       - DEBUG   : Preparing debloated
2021-12-10 21:43:14,137 - synthesizer              | MainProcess       - DEBUG   : Ensure function addresses are cached for debloated
2021-12-10 21:43:14,137 - synthesizer.disasm       | MainProcess       - DEBUG   : Extracting function addresses from 'chown.bc_cu'
2021-12-10 21:43:14,137 - synthesizer.cache        | MainProcess       - DEBUG   : Cache intialized (function_addrs.json)
2021-12-10 21:43:14,137 - synthesizer.cache        | MainProcess       - DEBUG   : Metadata is at /vagrant/gadget_synthesis/targets/coreutils/chown-8.2/debloated/.cache/.metadata
2021-12-10 21:43:14,139 - synthesizer.disasm       | MainProcess       - DEBUG   : Returning 141 cached function addresses
2021-12-10 21:43:14,140 - synthesizer              | MainProcess       - DEBUG   : Ensure valid gadgets are cached for debloated
2021-12-10 21:43:14,140 - synthesizer.disasm       | MainProcess       - DEBUG   : Caching gadgets for chown.bc_cu
2021-12-10 21:43:14,140 - synthesizer.cache        | MainProcess       - DEBUG   : Cache intialized (gadgets.json)
2021-12-10 21:43:14,140 - synthesizer.cache        | MainProcess       - DEBUG   : Metadata is at /vagrant/gadget_synthesis/targets/coreutils/chown-8.2/debloated/.cache/.metadata
2021-12-10 21:43:14,141 - synthesizer.disasm       | MainProcess       - DEBUG   : Gadget addresses already cached
2021-12-10 21:43:14,142 - synthesizer              | MainProcess       - DEBUG   : Ensure necessary libraries are cached
2021-12-10 21:43:14,142 - synthesizer.disasm       | MainProcess       - DEBUG   : Extracting function addresses from 'libc-2.31.so'
2021-12-10 21:43:14,142 - synthesizer.cache        | MainProcess       - DEBUG   : Cache intialized (libc_func_addrs.json)
2021-12-10 21:43:14,142 - synthesizer.cache        | MainProcess       - DEBUG   : Metadata is at /vagrant/gadget_synthesis/targets/coreutils/chown-8.2/debloated/../../../libraries/.cache/.metadata
2021-12-10 21:43:14,151 - synthesizer.disasm       | MainProcess       - DEBUG   : Returning 3100 cached function addresses
2021-12-10 21:43:14,151 - synthesizer.disasm       | MainProcess       - DEBUG   : Caching gadgets for libc-2.31.so
2021-12-10 21:43:14,151 - synthesizer.cache        | MainProcess       - DEBUG   : Cache intialized (libc_gadgets.json)
2021-12-10 21:43:14,151 - synthesizer.cache        | MainProcess       - DEBUG   : Metadata is at /vagrant/gadget_synthesis/targets/coreutils/chown-8.2/debloated/../../../libraries/.cache/.metadata
2021-12-10 21:43:14,161 - synthesizer.disasm       | MainProcess       - DEBUG   : Gadget addresses already cached
2021-12-10 21:43:14,162 - synthesizer              | MainProcess       - INFO    : Colleted 6 configurations for debloated
2021-12-10 21:43:14,162 - synthesizer              | MainProcess       - DEBUG   : Collected 6 configruations in total
2021-12-10 21:43:14,179 - synthesizer              | ForkPoolWorker-1  - INFO    : Running config: debloated - iteration4-blocks0100-offset000-sw16
2021-12-10 21:43:14,180 - synthesizer              | ForkPoolWorker-1  - DEBUG   : Workdir is /tmp/gadget_synthesis/debloated/iteration4-blocks0100-offset000-sw16
2021-12-10 21:43:14,180 - synthesizer              | ForkPoolWorker-1  - DEBUG   : Seed is 0
2021-12-10 21:43:14,180 - synthesizer.cache        | ForkPoolWorker-1  - DEBUG   : Cache intialized (gadgets.json)
2021-12-10 21:43:14,180 - synthesizer.cache        | ForkPoolWorker-1  - DEBUG   : Metadata is at /vagrant/gadget_synthesis/targets/coreutils/chown-8.2/debloated/.cache/.metadata
2021-12-10 21:43:14,184 - synthesizer              | ForkPoolWorker-5  - INFO    : Running config: debloated - iteration4-blocks0300-offset001-sw16
2021-12-10 21:43:14,183 - synthesizer              | ForkPoolWorker-2  - INFO    : Running config: debloated - iteration4-blocks0100-offset001-sw16
2021-12-10 21:43:14,185 - synthesizer              | ForkPoolWorker-5  - DEBUG   : Workdir is /tmp/gadget_synthesis/debloated/iteration4-blocks0300-offset001-sw16
2021-12-10 21:43:14,185 - synthesizer              | ForkPoolWorker-2  - DEBUG   : Workdir is /tmp/gadget_synthesis/debloated/iteration4-blocks0100-offset001-sw16
2021-12-10 21:43:14,185 - synthesizer              | ForkPoolWorker-5  - DEBUG   : Seed is 1
2021-12-10 21:43:14,185 - synthesizer              | ForkPoolWorker-2  - DEBUG   : Seed is 1
2021-12-10 21:43:14,185 - synthesizer.cache        | ForkPoolWorker-5  - DEBUG   : Cache intialized (gadgets.json)
2021-12-10 21:43:14,185 - synthesizer.cache        | ForkPoolWorker-2  - DEBUG   : Cache intialized (gadgets.json)
2021-12-10 21:43:14,186 - synthesizer.cache        | ForkPoolWorker-5  - DEBUG   : Metadata is at /vagrant/gadget_synthesis/targets/coreutils/chown-8.2/debloated/.cache/.metadata
2021-12-10 21:43:14,186 - synthesizer.cache        | ForkPoolWorker-2  - DEBUG   : Metadata is at /vagrant/gadget_synthesis/targets/coreutils/chown-8.2/debloated/.cache/.metadata
2021-12-10 21:43:14,187 - synthesizer              | ForkPoolWorker-6  - INFO    : Running config: debloated - iteration4-blocks0300-offset002-sw16
2021-12-10 21:43:14,187 - synthesizer              | ForkPoolWorker-6  - DEBUG   : Workdir is /tmp/gadget_synthesis/debloated/iteration4-blocks0300-offset002-sw16
2021-12-10 21:43:14,187 - synthesizer              | ForkPoolWorker-6  - DEBUG   : Seed is 2
2021-12-10 21:43:14,187 - synthesizer.cache        | ForkPoolWorker-6  - DEBUG   : Cache intialized (gadgets.json)
2021-12-10 21:43:14,184 - synthesizer              | ForkPoolWorker-4  - INFO    : Running config: debloated - iteration4-blocks0300-offset000-sw16
2021-12-10 21:43:14,188 - synthesizer.cache        | ForkPoolWorker-6  - DEBUG   : Metadata is at /vagrant/gadget_synthesis/targets/coreutils/chown-8.2/debloated/.cache/.metadata
2021-12-10 21:43:14,188 - synthesizer              | ForkPoolWorker-4  - DEBUG   : Workdir is /tmp/gadget_synthesis/debloated/iteration4-blocks0300-offset000-sw16
2021-12-10 21:43:14,188 - synthesizer              | ForkPoolWorker-4  - DEBUG   : Seed is 0
2021-12-10 21:43:14,188 - synthesizer.cache        | ForkPoolWorker-4  - DEBUG   : Cache intialized (gadgets.json)
2021-12-10 21:43:14,188 - synthesizer.cache        | ForkPoolWorker-4  - DEBUG   : Metadata is at /vagrant/gadget_synthesis/targets/coreutils/chown-8.2/debloated/.cache/.metadata
2021-12-10 21:43:14,183 - synthesizer              | ForkPoolWorker-3  - INFO    : Running config: debloated - iteration4-blocks0100-offset002-sw16
2021-12-10 21:43:14,189 - synthesizer              | ForkPoolWorker-3  - DEBUG   : Workdir is /tmp/gadget_synthesis/debloated/iteration4-blocks0100-offset002-sw16
2021-12-10 21:43:14,189 - synthesizer              | ForkPoolWorker-3  - DEBUG   : Seed is 2
2021-12-10 21:43:14,189 - synthesizer.cache        | ForkPoolWorker-3  - DEBUG   : Cache intialized (gadgets.json)
2021-12-10 21:43:14,190 - synthesizer.cache        | ForkPoolWorker-3  - DEBUG   : Metadata is at /vagrant/gadget_synthesis/targets/coreutils/chown-8.2/debloated/.cache/.metadata
2021-12-10 21:43:14,193 - synthesizer.disasm       | ForkPoolWorker-6  - DEBUG   : Loading cached gadget addresses
2021-12-10 21:43:14,196 - synthesizer.disasm       | ForkPoolWorker-3  - DEBUG   : Loading cached gadget addresses
2021-12-10 21:43:14,198 - synthesizer.disasm       | ForkPoolWorker-4  - DEBUG   : Loading cached gadget addresses
2021-12-10 21:43:14,201 - synthesizer.disasm       | ForkPoolWorker-1  - DEBUG   : Loading cached gadget addresses
2021-12-10 21:43:14,205 - synthesizer.disasm       | ForkPoolWorker-5  - DEBUG   : Loading cached gadget addresses
2021-12-10 21:43:14,209 - synthesizer.disasm       | ForkPoolWorker-2  - DEBUG   : Loading cached gadget addresses
2021-12-10 21:43:14,245 - synthesizer.selection    | ForkPoolWorker-1  - INFO    : Selecting 100 from 840 available gadgets (1 fixed)
2021-12-10 21:43:14,262 - synthesizer.disasm       | ForkPoolWorker-1  - DEBUG   : Disassembling 100 gadgets. This may take a while..
2021-12-10 21:43:14,270 - synthesizer.selection    | ForkPoolWorker-3  - INFO    : Selecting 100 from 840 available gadgets (1 fixed)
2021-12-10 21:43:14,270 - synthesizer.disasm       | ForkPoolWorker-3  - DEBUG   : Disassembling 100 gadgets. This may take a while..
2021-12-10 21:43:14,245 - synthesizer.selection    | ForkPoolWorker-4  - INFO    : Selecting 300 from 840 available gadgets (1 fixed)
2021-12-10 21:43:14,261 - synthesizer.selection    | ForkPoolWorker-2  - INFO    : Selecting 100 from 840 available gadgets (1 fixed)
2021-12-10 21:43:14,270 - synthesizer.disasm       | ForkPoolWorker-4  - DEBUG   : Disassembling 300 gadgets. This may take a while..
2021-12-10 21:43:14,270 - synthesizer.disasm       | ForkPoolWorker-2  - DEBUG   : Disassembling 100 gadgets. This may take a while..
2021-12-10 21:43:14,269 - synthesizer.selection    | ForkPoolWorker-5  - INFO    : Selecting 300 from 840 available gadgets (1 fixed)
2021-12-10 21:43:14,271 - synthesizer.disasm       | ForkPoolWorker-5  - DEBUG   : Disassembling 300 gadgets. This may take a while..
2021-12-10 21:43:14,277 - synthesizer.selection    | ForkPoolWorker-6  - INFO    : Selecting 299 from 840 available gadgets (1 fixed)
2021-12-10 21:43:14,277 - synthesizer.disasm       | ForkPoolWorker-6  - DEBUG   : Disassembling 299 gadgets. This may take a while..
2021-12-10 21:43:15,542 - synthesizer.disasm       | ForkPoolWorker-1  - DEBUG   : Rebased gadgets onto load address 0x400000
2021-12-10 21:43:15,542 - synthesizer.disasm       | ForkPoolWorker-1  - DEBUG   : Disassembled 100 from main executable (chown.bc_cu)
2021-12-10 21:43:15,542 - synthesizer.disasm       | ForkPoolWorker-1  - DEBUG   : Disassembled 0 from libc
2021-12-10 21:43:15,542 - synthesizer              | ForkPoolWorker-1  - INFO    : Disassembled ASM block for 100 gadgets in 1.28s
2021-12-10 21:43:15,595 - synthesizer.disasm       | ForkPoolWorker-2  - DEBUG   : Rebased gadgets onto load address 0x400000
2021-12-10 21:43:15,595 - synthesizer.disasm       | ForkPoolWorker-2  - DEBUG   : Disassembled 100 from main executable (chown.bc_cu)
2021-12-10 21:43:15,595 - synthesizer.disasm       | ForkPoolWorker-2  - DEBUG   : Disassembled 0 from libc
2021-12-10 21:43:15,595 - synthesizer              | ForkPoolWorker-2  - INFO    : Disassembled ASM block for 100 gadgets in 1.32s
2021-12-10 21:43:15,612 - synthesizer.disasm       | ForkPoolWorker-3  - DEBUG   : Rebased gadgets onto load address 0x400000
2021-12-10 21:43:15,657 - synthesizer.disasm       | ForkPoolWorker-3  - DEBUG   : Disassembled 100 from main executable (chown.bc_cu)
2021-12-10 21:43:15,657 - synthesizer.disasm       | ForkPoolWorker-3  - DEBUG   : Disassembled 0 from libc
2021-12-10 21:43:15,657 - synthesizer              | ForkPoolWorker-3  - INFO    : Disassembled ASM block for 100 gadgets in 1.39s
2021-12-10 21:43:16,183 - synthesizer.disasm       | ForkPoolWorker-5  - DEBUG   : Rebased gadgets onto load address 0x400000
2021-12-10 21:43:16,183 - synthesizer.disasm       | ForkPoolWorker-5  - DEBUG   : Disassembled 300 from main executable (chown.bc_cu)
2021-12-10 21:43:16,183 - synthesizer.disasm       | ForkPoolWorker-5  - DEBUG   : Disassembled 0 from libc
2021-12-10 21:43:16,183 - synthesizer              | ForkPoolWorker-5  - INFO    : Disassembled ASM block for 300 gadgets in 1.91s
2021-12-10 21:43:16,277 - synthesizer.disasm       | ForkPoolWorker-6  - DEBUG   : Rebased gadgets onto load address 0x400000
2021-12-10 21:43:16,277 - synthesizer.disasm       | ForkPoolWorker-6  - DEBUG   : Disassembled 299 from main executable (chown.bc_cu)
2021-12-10 21:43:16,277 - synthesizer.disasm       | ForkPoolWorker-6  - DEBUG   : Disassembled 0 from libc
2021-12-10 21:43:16,277 - synthesizer              | ForkPoolWorker-6  - INFO    : Disassembled ASM block for 299 gadgets in 2.0s
2021-12-10 21:43:16,403 - synthesizer.disasm       | ForkPoolWorker-4  - DEBUG   : Rebased gadgets onto load address 0x400000
2021-12-10 21:43:16,403 - synthesizer.disasm       | ForkPoolWorker-4  - DEBUG   : Disassembled 300 from main executable (chown.bc_cu)
2021-12-10 21:43:16,403 - synthesizer.disasm       | ForkPoolWorker-4  - DEBUG   : Disassembled 0 from libc
2021-12-10 21:43:16,403 - synthesizer              | ForkPoolWorker-4  - INFO    : Disassembled ASM block for 300 gadgets in 2.13s
2021-12-10 21:43:16,547 - synthesizer              | ForkPoolWorker-2  - INFO    : Lifted 100 ASM gadgets to 100 IRa gadgets in 0.95s
2021-12-10 21:43:16,548 - synthesizer.checks       | ForkPoolWorker-2  - WARNING : Register RDX is never assigned a value within selected gadgets
2021-12-10 21:43:16,548 - synthesizer              | ForkPoolWorker-2  - ERROR   : At least one postcondition cannot be fulfilled by selected gadgets. Not running SMT solver!
2021-12-10 21:43:16,548 - synthesizer              | ForkPoolWorker-2  - DEBUG   : result.json written
2021-12-10 21:43:16,570 - synthesizer              | ForkPoolWorker-1  - INFO    : Lifted 100 ASM gadgets to 100 IRa gadgets in 1.03s
2021-12-10 21:43:16,572 - synthesizer              | ForkPoolWorker-1  - DEBUG   : Encoding IR gadgets as SMT formula
2021-12-10 21:43:16,572 - synthesizer.smt          | ForkPoolWorker-1  - DEBUG   : Setting up preconditions
2021-12-10 21:43:16,572 - synthesizer.smt          | ForkPoolWorker-1  - DEBUG   : Setting up stack data
2021-12-10 21:43:16,572 - synthesizer.smt          | ForkPoolWorker-1  - DEBUG   : Encoding program
2021-12-10 21:43:16,586 - synthesizer              | ForkPoolWorker-3  - INFO    : Lifted 100 ASM gadgets to 100 IRa gadgets in 0.93s
2021-12-10 21:43:16,587 - synthesizer              | ForkPoolWorker-3  - DEBUG   : Encoding IR gadgets as SMT formula
2021-12-10 21:43:16,587 - synthesizer.smt          | ForkPoolWorker-3  - DEBUG   : Setting up preconditions
2021-12-10 21:43:16,587 - synthesizer.smt          | ForkPoolWorker-3  - DEBUG   : Setting up stack data
2021-12-10 21:43:16,588 - synthesizer.smt          | ForkPoolWorker-3  - DEBUG   : Encoding program
2021-12-10 21:43:17,377 - synthesizer.smt          | ForkPoolWorker-1  - DEBUG   : Round 0: Constraining available gadgets
2021-12-10 21:43:17,378 - synthesizer.smt          | ForkPoolWorker-1  - DEBUG   : Round 0: Binding round variables to gadget input variables
2021-12-10 21:43:17,424 - synthesizer.smt          | ForkPoolWorker-1  - DEBUG   : Round 0: Setting up phi nodes
2021-12-10 21:43:17,435 - synthesizer.smt          | ForkPoolWorker-3  - DEBUG   : Round 0: Constraining available gadgets
2021-12-10 21:43:17,435 - synthesizer.smt          | ForkPoolWorker-3  - DEBUG   : Round 0: Binding round variables to gadget input variables
2021-12-10 21:43:17,445 - synthesizer.smt          | ForkPoolWorker-3  - DEBUG   : Round 0: Setting up phi nodes
2021-12-10 21:43:18,077 - synthesizer.smt          | ForkPoolWorker-1  - DEBUG   : Round 1: Constraining available gadgets
2021-12-10 21:43:18,077 - synthesizer.smt          | ForkPoolWorker-1  - DEBUG   : Round 1: Binding round variables to gadget input variables
2021-12-10 21:43:18,087 - synthesizer.smt          | ForkPoolWorker-1  - DEBUG   : Round 1: Setting up phi nodes
2021-12-10 21:43:18,195 - synthesizer.smt          | ForkPoolWorker-3  - DEBUG   : Round 1: Constraining available gadgets
2021-12-10 21:43:18,196 - synthesizer.smt          | ForkPoolWorker-3  - DEBUG   : Round 1: Binding round variables to gadget input variables
2021-12-10 21:43:18,206 - synthesizer.smt          | ForkPoolWorker-3  - DEBUG   : Round 1: Setting up phi nodes
2021-12-10 21:43:18,525 - synthesizer              | ForkPoolWorker-5  - INFO    : Lifted 300 ASM gadgets to 300 IRa gadgets in 2.32s
2021-12-10 21:43:18,528 - synthesizer              | ForkPoolWorker-5  - DEBUG   : Encoding IR gadgets as SMT formula
2021-12-10 21:43:18,528 - synthesizer.smt          | ForkPoolWorker-5  - DEBUG   : Setting up preconditions
2021-12-10 21:43:18,529 - synthesizer.smt          | ForkPoolWorker-5  - DEBUG   : Setting up stack data
2021-12-10 21:43:18,529 - synthesizer.smt          | ForkPoolWorker-5  - DEBUG   : Encoding program
2021-12-10 21:43:18,674 - synthesizer.smt          | ForkPoolWorker-1  - DEBUG   : Round 2: Constraining available gadgets
2021-12-10 21:43:18,674 - synthesizer.smt          | ForkPoolWorker-1  - DEBUG   : Round 2: Binding round variables to gadget input variables
2021-12-10 21:43:18,701 - synthesizer.smt          | ForkPoolWorker-1  - DEBUG   : Round 2: Setting up phi nodes
2021-12-10 21:43:18,717 - synthesizer              | ForkPoolWorker-6  - INFO    : Lifted 299 ASM gadgets to 299 IRa gadgets in 2.44s
2021-12-10 21:43:18,719 - synthesizer              | ForkPoolWorker-6  - DEBUG   : Encoding IR gadgets as SMT formula
2021-12-10 21:43:18,720 - synthesizer.smt          | ForkPoolWorker-6  - DEBUG   : Setting up preconditions
2021-12-10 21:43:18,720 - synthesizer.smt          | ForkPoolWorker-6  - DEBUG   : Setting up stack data
2021-12-10 21:43:18,720 - synthesizer.smt          | ForkPoolWorker-6  - DEBUG   : Encoding program
2021-12-10 21:43:18,803 - synthesizer.smt          | ForkPoolWorker-3  - DEBUG   : Round 2: Constraining available gadgets
2021-12-10 21:43:18,803 - synthesizer.smt          | ForkPoolWorker-3  - DEBUG   : Round 2: Binding round variables to gadget input variables
2021-12-10 21:43:18,830 - synthesizer.smt          | ForkPoolWorker-3  - DEBUG   : Round 2: Setting up phi nodes
2021-12-10 21:43:19,002 - synthesizer              | ForkPoolWorker-4  - INFO    : Lifted 300 ASM gadgets to 300 IRa gadgets in 2.6s
2021-12-10 21:43:19,036 - synthesizer              | ForkPoolWorker-4  - DEBUG   : Encoding IR gadgets as SMT formula
2021-12-10 21:43:19,036 - synthesizer.smt          | ForkPoolWorker-4  - DEBUG   : Setting up preconditions
2021-12-10 21:43:19,036 - synthesizer.smt          | ForkPoolWorker-4  - DEBUG   : Setting up stack data
2021-12-10 21:43:19,037 - synthesizer.smt          | ForkPoolWorker-4  - DEBUG   : Encoding program
2021-12-10 21:43:19,451 - synthesizer.smt          | ForkPoolWorker-1  - DEBUG   : Round 3: Constraining available gadgets
2021-12-10 21:43:19,451 - synthesizer.smt          | ForkPoolWorker-1  - DEBUG   : Round 3: Binding round variables to gadget input variables
2021-12-10 21:43:19,461 - synthesizer.smt          | ForkPoolWorker-1  - DEBUG   : Round 3: Setting up phi nodes
2021-12-10 21:43:19,487 - synthesizer.smt          | ForkPoolWorker-1  - DEBUG   : Setting up final out vars
2021-12-10 21:43:19,487 - synthesizer.smt          | ForkPoolWorker-1  - DEBUG   : Setting up pointer postconditions
2021-12-10 21:43:19,487 - synthesizer.smt          | ForkPoolWorker-1  - DEBUG   : Setting up postconditions
2021-12-10 21:43:19,514 - synthesizer.smt          | ForkPoolWorker-3  - DEBUG   : Round 3: Constraining available gadgets
2021-12-10 21:43:19,514 - synthesizer.smt          | ForkPoolWorker-3  - DEBUG   : Round 3: Binding round variables to gadget input variables
2021-12-10 21:43:19,532 - synthesizer.smt          | ForkPoolWorker-3  - DEBUG   : Round 3: Setting up phi nodes
2021-12-10 21:43:19,542 - synthesizer.smt          | ForkPoolWorker-3  - DEBUG   : Setting up final out vars
2021-12-10 21:43:19,542 - synthesizer.smt          | ForkPoolWorker-3  - DEBUG   : Setting up pointer postconditions
2021-12-10 21:43:19,542 - synthesizer.smt          | ForkPoolWorker-3  - DEBUG   : Setting up postconditions
2021-12-10 21:43:19,607 - synthesizer              | ForkPoolWorker-1  - INFO    : Encoded 100 IR gadgets as SMT formula (51481 assertions) in 3.04s
2021-12-10 21:43:19,633 - synthesizer              | ForkPoolWorker-1  - DEBUG   : formula-smt2.txt written in 0.02s
2021-12-10 21:43:19,633 - synthesizer              | ForkPoolWorker-1  - INFO    : Running solver /home/vagrant/.local/bin/boolector
2021-12-10 21:43:19,695 - synthesizer              | ForkPoolWorker-3  - INFO    : Encoded 100 IR gadgets as SMT formula (51153 assertions) in 3.11s
2021-12-10 21:43:19,715 - synthesizer              | ForkPoolWorker-3  - DEBUG   : formula-smt2.txt written in 0.01s
2021-12-10 21:43:19,716 - synthesizer              | ForkPoolWorker-3  - INFO    : Running solver /home/vagrant/.local/bin/boolector
2021-12-10 21:43:21,136 - synthesizer.smt          | ForkPoolWorker-5  - DEBUG   : Round 0: Constraining available gadgets
2021-12-10 21:43:21,138 - synthesizer.smt          | ForkPoolWorker-5  - DEBUG   : Round 0: Binding round variables to gadget input variables
2021-12-10 21:43:21,242 - synthesizer.smt          | ForkPoolWorker-5  - DEBUG   : Round 0: Setting up phi nodes
2021-12-10 21:43:21,246 - synthesizer.smt          | ForkPoolWorker-6  - DEBUG   : Round 0: Constraining available gadgets
2021-12-10 21:43:21,247 - synthesizer.smt          | ForkPoolWorker-6  - DEBUG   : Round 0: Binding round variables to gadget input variables
2021-12-10 21:43:21,314 - synthesizer.smt          | ForkPoolWorker-6  - DEBUG   : Round 0: Setting up phi nodes
2021-12-10 21:43:21,948 - synthesizer.smt          | ForkPoolWorker-4  - DEBUG   : Round 0: Constraining available gadgets
2021-12-10 21:43:21,948 - synthesizer.smt          | ForkPoolWorker-4  - DEBUG   : Round 0: Binding round variables to gadget input variables
2021-12-10 21:43:22,039 - synthesizer.smt          | ForkPoolWorker-4  - DEBUG   : Round 0: Setting up phi nodes
2021-12-10 21:43:23,400 - synthesizer.smt          | ForkPoolWorker-5  - DEBUG   : Round 1: Constraining available gadgets
2021-12-10 21:43:23,401 - synthesizer.smt          | ForkPoolWorker-5  - DEBUG   : Round 1: Binding round variables to gadget input variables
2021-12-10 21:43:23,500 - synthesizer.smt          | ForkPoolWorker-5  - DEBUG   : Round 1: Setting up phi nodes
2021-12-10 21:43:23,517 - synthesizer.smt          | ForkPoolWorker-6  - DEBUG   : Round 1: Constraining available gadgets
2021-12-10 21:43:23,517 - synthesizer.smt          | ForkPoolWorker-6  - DEBUG   : Round 1: Binding round variables to gadget input variables
2021-12-10 21:43:23,587 - synthesizer.smt          | ForkPoolWorker-6  - DEBUG   : Round 1: Setting up phi nodes
2021-12-10 21:43:23,673 - synthesizer              | ForkPoolWorker-3  - INFO    : Solver returned UNSAT in 3.96s
2021-12-10 21:43:23,674 - synthesizer              | ForkPoolWorker-3  - DEBUG   : result.json written
2021-12-10 21:43:23,741 - synthesizer              | ForkPoolWorker-1  - INFO    : Solver returned UNSAT in 4.11s
2021-12-10 21:43:23,742 - synthesizer              | ForkPoolWorker-1  - DEBUG   : result.json written
2021-12-10 21:43:23,885 - synthesizer.smt          | ForkPoolWorker-4  - DEBUG   : Round 1: Constraining available gadgets
2021-12-10 21:43:23,886 - synthesizer.smt          | ForkPoolWorker-4  - DEBUG   : Round 1: Binding round variables to gadget input variables
2021-12-10 21:43:23,918 - synthesizer.smt          | ForkPoolWorker-4  - DEBUG   : Round 1: Setting up phi nodes
2021-12-10 21:43:24,719 - synthesizer.smt          | ForkPoolWorker-6  - DEBUG   : Round 2: Constraining available gadgets
2021-12-10 21:43:24,720 - synthesizer.smt          | ForkPoolWorker-6  - DEBUG   : Round 2: Binding round variables to gadget input variables
2021-12-10 21:43:24,750 - synthesizer.smt          | ForkPoolWorker-6  - DEBUG   : Round 2: Setting up phi nodes
2021-12-10 21:43:24,879 - synthesizer.smt          | ForkPoolWorker-5  - DEBUG   : Round 2: Constraining available gadgets
2021-12-10 21:43:24,879 - synthesizer.smt          | ForkPoolWorker-5  - DEBUG   : Round 2: Binding round variables to gadget input variables
2021-12-10 21:43:24,919 - synthesizer.smt          | ForkPoolWorker-5  - DEBUG   : Round 2: Setting up phi nodes
2021-12-10 21:43:25,090 - synthesizer.smt          | ForkPoolWorker-4  - DEBUG   : Round 2: Constraining available gadgets
2021-12-10 21:43:25,090 - synthesizer.smt          | ForkPoolWorker-4  - DEBUG   : Round 2: Binding round variables to gadget input variables
2021-12-10 21:43:25,122 - synthesizer.smt          | ForkPoolWorker-4  - DEBUG   : Round 2: Setting up phi nodes
2021-12-10 21:43:25,974 - synthesizer.smt          | ForkPoolWorker-6  - DEBUG   : Round 3: Constraining available gadgets
2021-12-10 21:43:25,974 - synthesizer.smt          | ForkPoolWorker-6  - DEBUG   : Round 3: Binding round variables to gadget input variables
2021-12-10 21:43:26,024 - synthesizer.smt          | ForkPoolWorker-6  - DEBUG   : Round 3: Setting up phi nodes
2021-12-10 21:43:26,058 - synthesizer.smt          | ForkPoolWorker-6  - DEBUG   : Setting up final out vars
2021-12-10 21:43:26,058 - synthesizer.smt          | ForkPoolWorker-6  - DEBUG   : Setting up pointer postconditions
2021-12-10 21:43:26,058 - synthesizer.smt          | ForkPoolWorker-6  - DEBUG   : Setting up postconditions
2021-12-10 21:43:26,200 - synthesizer.smt          | ForkPoolWorker-5  - DEBUG   : Round 3: Constraining available gadgets
2021-12-10 21:43:26,201 - synthesizer.smt          | ForkPoolWorker-5  - DEBUG   : Round 3: Binding round variables to gadget input variables
2021-12-10 21:43:26,221 - synthesizer              | ForkPoolWorker-6  - INFO    : Encoded 299 IR gadgets as SMT formula (150533 assertions) in 7.5s
2021-12-10 21:43:26,255 - synthesizer              | ForkPoolWorker-6  - DEBUG   : formula-smt2.txt written in 0.02s
2021-12-10 21:43:26,255 - synthesizer              | ForkPoolWorker-6  - INFO    : Running solver /home/vagrant/.local/bin/boolector
2021-12-10 21:43:26,273 - synthesizer.smt          | ForkPoolWorker-5  - DEBUG   : Round 3: Setting up phi nodes
2021-12-10 21:43:26,336 - synthesizer.smt          | ForkPoolWorker-5  - DEBUG   : Setting up final out vars
2021-12-10 21:43:26,336 - synthesizer.smt          | ForkPoolWorker-5  - DEBUG   : Setting up pointer postconditions
2021-12-10 21:43:26,336 - synthesizer.smt          | ForkPoolWorker-5  - DEBUG   : Setting up postconditions
2021-12-10 21:43:26,442 - synthesizer.smt          | ForkPoolWorker-4  - DEBUG   : Round 3: Constraining available gadgets
2021-12-10 21:43:26,442 - synthesizer.smt          | ForkPoolWorker-4  - DEBUG   : Round 3: Binding round variables to gadget input variables
2021-12-10 21:43:26,502 - synthesizer.smt          | ForkPoolWorker-4  - DEBUG   : Round 3: Setting up phi nodes
2021-12-10 21:43:26,572 - synthesizer.smt          | ForkPoolWorker-4  - DEBUG   : Setting up final out vars
2021-12-10 21:43:26,572 - synthesizer.smt          | ForkPoolWorker-4  - DEBUG   : Setting up pointer postconditions
2021-12-10 21:43:26,572 - synthesizer.smt          | ForkPoolWorker-4  - DEBUG   : Setting up postconditions
2021-12-10 21:43:26,645 - synthesizer              | ForkPoolWorker-5  - INFO    : Encoded 300 IR gadgets as SMT formula (151729 assertions) in 8.12s
2021-12-10 21:43:26,698 - synthesizer              | ForkPoolWorker-5  - DEBUG   : formula-smt2.txt written in 0.03s
2021-12-10 21:43:26,698 - synthesizer              | ForkPoolWorker-5  - INFO    : Running solver /home/vagrant/.local/bin/boolector
2021-12-10 21:43:26,821 - synthesizer              | ForkPoolWorker-4  - INFO    : Encoded 300 IR gadgets as SMT formula (152269 assertions) in 7.78s
2021-12-10 21:43:26,855 - synthesizer              | ForkPoolWorker-4  - DEBUG   : formula-smt2.txt written in 0.02s
2021-12-10 21:43:26,855 - synthesizer              | ForkPoolWorker-4  - INFO    : Running solver /home/vagrant/.local/bin/boolector
2021-12-10 21:43:34,100 - synthesizer              | ForkPoolWorker-6  - INFO    : Solver returned UNSAT in 7.84s
2021-12-10 21:43:34,100 - synthesizer              | ForkPoolWorker-6  - DEBUG   : result.json written
2021-12-10 21:43:35,046 - synthesizer              | ForkPoolWorker-5  - INFO    : Solver returned UNSAT in 8.34s
2021-12-10 21:43:35,046 - synthesizer              | ForkPoolWorker-5  - DEBUG   : result.json written
2021-12-10 21:43:35,201 - synthesizer              | ForkPoolWorker-4  - INFO    : Solver returned UNSAT in 8.35s
2021-12-10 21:43:35,202 - synthesizer              | ForkPoolWorker-4  - DEBUG   : result.json written
2021-12-10 21:43:35,224 - synthesizer              | MainProcess       - DEBUG   : Received 6 results
2021-12-10 21:43:35,224 - synthesizer              | MainProcess       - INFO    : Done in 21.09s
