2021-12-06 17:35:37,953 - synthesizer              | MainProcess       - INFO    : Starting synthesizer
2021-12-06 17:35:37,953 - synthesizer              | MainProcess       - DEBUG   : Using up to 6 processes
2021-12-06 17:35:37,953 - synthesizer.config       | MainProcess       - DEBUG   : Loading SynthesizerConfig from 'synthesizer_config_default.json'
2021-12-06 17:35:37,954 - synthesizer              | MainProcess       - DEBUG   : Using configuration at /vagrant/gadget_synthesis/targets/coreutils/date-8.21/debloated/config_execve_minimal.json
2021-12-06 17:35:37,954 - synthesizer.config       | MainProcess       - DEBUG   : Loading TargetConfig from '/vagrant/gadget_synthesis/targets/coreutils/date-8.21/debloated/config_execve_minimal.json'
2021-12-06 17:35:37,955 - synthesizer.config       | MainProcess       - DEBUG   : Executable is relative path: 'date.bc_cu' - adjusting to '/vagrant/gadget_synthesis/targets/coreutils/date-8.21/debloated/date.bc_cu'
2021-12-06 17:35:37,955 - synthesizer.config       | MainProcess       - DEBUG   : Using 0 free variables, 2 preconditions, 4 postconditions, and 1 ptr_postconditions
2021-12-06 17:35:37,955 - synthesizer              | MainProcess       - DEBUG   : Disassembly settings used: target_name=date.bc_cu, target=/vagrant/gadget_synthesis/targets/coreutils/date-8.21/debloated/date.bc_cu, workdir=/tmp/gadget_synthesis/debloated, disas_unaligned=False, control_flow_types=['ret', 'call', 'jmp'], max_processes=6, timeout=3600, cache_name=gadgets, cache_type=JSON
2021-12-06 17:35:37,955 - synthesizer              | MainProcess       - DEBUG   : Preparing debloated
2021-12-06 17:35:37,955 - synthesizer              | MainProcess       - DEBUG   : Ensure function addresses are cached for debloated
2021-12-06 17:35:37,955 - synthesizer.disasm       | MainProcess       - DEBUG   : Extracting function addresses from 'date.bc_cu'
2021-12-06 17:35:37,955 - synthesizer.cache        | MainProcess       - DEBUG   : Cache intialized (function_addrs.json)
2021-12-06 17:35:37,955 - synthesizer.cache        | MainProcess       - DEBUG   : Metadata is at /vagrant/gadget_synthesis/targets/coreutils/date-8.21/debloated/.cache/.metadata
2021-12-06 17:35:37,957 - synthesizer.disasm       | MainProcess       - DEBUG   : Returning 96 cached function addresses
2021-12-06 17:35:37,957 - synthesizer              | MainProcess       - DEBUG   : Ensure valid gadgets are cached for debloated
2021-12-06 17:35:37,957 - synthesizer.disasm       | MainProcess       - DEBUG   : Caching gadgets for date.bc_cu
2021-12-06 17:35:37,957 - synthesizer.cache        | MainProcess       - DEBUG   : Cache intialized (gadgets.json)
2021-12-06 17:35:37,957 - synthesizer.cache        | MainProcess       - DEBUG   : Metadata is at /vagrant/gadget_synthesis/targets/coreutils/date-8.21/debloated/.cache/.metadata
2021-12-06 17:35:37,959 - synthesizer.disasm       | MainProcess       - DEBUG   : Gadget addresses already cached
2021-12-06 17:35:37,959 - synthesizer              | MainProcess       - DEBUG   : Ensure necessary libraries are cached
2021-12-06 17:35:37,959 - synthesizer.disasm       | MainProcess       - DEBUG   : Extracting function addresses from 'libc-2.31.so'
2021-12-06 17:35:37,959 - synthesizer.cache        | MainProcess       - DEBUG   : Cache intialized (libc_func_addrs.json)
2021-12-06 17:35:37,959 - synthesizer.cache        | MainProcess       - DEBUG   : Metadata is at /vagrant/gadget_synthesis/targets/coreutils/date-8.21/debloated/../../../libraries/.cache/.metadata
2021-12-06 17:35:37,967 - synthesizer.disasm       | MainProcess       - DEBUG   : Returning 3100 cached function addresses
2021-12-06 17:35:37,968 - synthesizer.disasm       | MainProcess       - DEBUG   : Caching gadgets for libc-2.31.so
2021-12-06 17:35:37,968 - synthesizer.cache        | MainProcess       - DEBUG   : Cache intialized (libc_gadgets.json)
2021-12-06 17:35:37,968 - synthesizer.cache        | MainProcess       - DEBUG   : Metadata is at /vagrant/gadget_synthesis/targets/coreutils/date-8.21/debloated/../../../libraries/.cache/.metadata
2021-12-06 17:35:37,978 - synthesizer.disasm       | MainProcess       - DEBUG   : Gadget addresses already cached
2021-12-06 17:35:37,978 - synthesizer              | MainProcess       - INFO    : Colleted 6 configurations for debloated
2021-12-06 17:35:37,978 - synthesizer              | MainProcess       - DEBUG   : Collected 6 configruations in total
2021-12-06 17:35:37,996 - synthesizer              | ForkPoolWorker-1  - INFO    : Running config: debloated - iteration4-blocks0100-offset000-sw16
2021-12-06 17:35:37,996 - synthesizer              | ForkPoolWorker-1  - DEBUG   : Workdir is /tmp/gadget_synthesis/debloated/iteration4-blocks0100-offset000-sw16
2021-12-06 17:35:37,996 - synthesizer              | ForkPoolWorker-1  - DEBUG   : Seed is 0
2021-12-06 17:35:37,997 - synthesizer.cache        | ForkPoolWorker-1  - DEBUG   : Cache intialized (gadgets.json)
2021-12-06 17:35:37,997 - synthesizer.cache        | ForkPoolWorker-1  - DEBUG   : Metadata is at /vagrant/gadget_synthesis/targets/coreutils/date-8.21/debloated/.cache/.metadata
2021-12-06 17:35:37,999 - synthesizer              | ForkPoolWorker-2  - INFO    : Running config: debloated - iteration4-blocks0100-offset001-sw16
2021-12-06 17:35:37,999 - synthesizer              | ForkPoolWorker-3  - INFO    : Running config: debloated - iteration4-blocks0100-offset002-sw16
2021-12-06 17:35:37,999 - synthesizer              | ForkPoolWorker-2  - DEBUG   : Workdir is /tmp/gadget_synthesis/debloated/iteration4-blocks0100-offset001-sw16
2021-12-06 17:35:37,999 - synthesizer              | ForkPoolWorker-2  - DEBUG   : Seed is 1
2021-12-06 17:35:38,000 - synthesizer              | ForkPoolWorker-3  - DEBUG   : Workdir is /tmp/gadget_synthesis/debloated/iteration4-blocks0100-offset002-sw16
2021-12-06 17:35:38,000 - synthesizer              | ForkPoolWorker-3  - DEBUG   : Seed is 2
2021-12-06 17:35:38,000 - synthesizer.cache        | ForkPoolWorker-2  - DEBUG   : Cache intialized (gadgets.json)
2021-12-06 17:35:38,000 - synthesizer.cache        | ForkPoolWorker-2  - DEBUG   : Metadata is at /vagrant/gadget_synthesis/targets/coreutils/date-8.21/debloated/.cache/.metadata
2021-12-06 17:35:38,000 - synthesizer.cache        | ForkPoolWorker-3  - DEBUG   : Cache intialized (gadgets.json)
2021-12-06 17:35:38,000 - synthesizer.cache        | ForkPoolWorker-3  - DEBUG   : Metadata is at /vagrant/gadget_synthesis/targets/coreutils/date-8.21/debloated/.cache/.metadata
2021-12-06 17:35:38,004 - synthesizer              | ForkPoolWorker-5  - INFO    : Running config: debloated - iteration4-blocks0300-offset001-sw16
2021-12-06 17:35:38,004 - synthesizer              | ForkPoolWorker-5  - DEBUG   : Workdir is /tmp/gadget_synthesis/debloated/iteration4-blocks0300-offset001-sw16
2021-12-06 17:35:38,004 - synthesizer              | ForkPoolWorker-5  - DEBUG   : Seed is 1
2021-12-06 17:35:38,005 - synthesizer.cache        | ForkPoolWorker-5  - DEBUG   : Cache intialized (gadgets.json)
2021-12-06 17:35:38,005 - synthesizer.cache        | ForkPoolWorker-5  - DEBUG   : Metadata is at /vagrant/gadget_synthesis/targets/coreutils/date-8.21/debloated/.cache/.metadata
2021-12-06 17:35:38,002 - synthesizer              | ForkPoolWorker-4  - INFO    : Running config: debloated - iteration4-blocks0300-offset000-sw16
2021-12-06 17:35:38,005 - synthesizer              | ForkPoolWorker-4  - DEBUG   : Workdir is /tmp/gadget_synthesis/debloated/iteration4-blocks0300-offset000-sw16
2021-12-06 17:35:38,005 - synthesizer              | ForkPoolWorker-4  - DEBUG   : Seed is 0
2021-12-06 17:35:38,006 - synthesizer.cache        | ForkPoolWorker-4  - DEBUG   : Cache intialized (gadgets.json)
2021-12-06 17:35:38,006 - synthesizer.cache        | ForkPoolWorker-4  - DEBUG   : Metadata is at /vagrant/gadget_synthesis/targets/coreutils/date-8.21/debloated/.cache/.metadata
2021-12-06 17:35:38,010 - synthesizer.disasm       | ForkPoolWorker-3  - DEBUG   : Loading cached gadget addresses
2021-12-06 17:35:38,011 - synthesizer.disasm       | ForkPoolWorker-5  - DEBUG   : Loading cached gadget addresses
2021-12-06 17:35:38,011 - synthesizer.disasm       | ForkPoolWorker-1  - DEBUG   : Loading cached gadget addresses
2021-12-06 17:35:38,015 - synthesizer.disasm       | ForkPoolWorker-4  - DEBUG   : Loading cached gadget addresses
2021-12-06 17:35:38,014 - synthesizer.selection    | ForkPoolWorker-5  - INFO    : Selecting 300 from 600 available gadgets (1 fixed)
2021-12-06 17:35:38,019 - synthesizer.disasm       | ForkPoolWorker-5  - DEBUG   : Disassembling 300 gadgets. This may take a while..
2021-12-06 17:35:38,019 - synthesizer.selection    | ForkPoolWorker-4  - INFO    : Selecting 300 from 600 available gadgets (1 fixed)
2021-12-06 17:35:38,019 - synthesizer.disasm       | ForkPoolWorker-4  - DEBUG   : Disassembling 300 gadgets. This may take a while..
2021-12-06 17:35:38,017 - synthesizer              | ForkPoolWorker-6  - INFO    : Running config: debloated - iteration4-blocks0300-offset002-sw16
2021-12-06 17:35:38,022 - synthesizer.disasm       | ForkPoolWorker-2  - DEBUG   : Loading cached gadget addresses
2021-12-06 17:35:38,022 - synthesizer              | ForkPoolWorker-6  - DEBUG   : Workdir is /tmp/gadget_synthesis/debloated/iteration4-blocks0300-offset002-sw16
2021-12-06 17:35:38,023 - synthesizer              | ForkPoolWorker-6  - DEBUG   : Seed is 2
2021-12-06 17:35:38,023 - synthesizer.cache        | ForkPoolWorker-6  - DEBUG   : Cache intialized (gadgets.json)
2021-12-06 17:35:38,023 - synthesizer.cache        | ForkPoolWorker-6  - DEBUG   : Metadata is at /vagrant/gadget_synthesis/targets/coreutils/date-8.21/debloated/.cache/.metadata
2021-12-06 17:35:38,029 - synthesizer.selection    | ForkPoolWorker-2  - INFO    : Selecting 100 from 600 available gadgets (1 fixed)
2021-12-06 17:35:38,030 - synthesizer.disasm       | ForkPoolWorker-2  - DEBUG   : Disassembling 100 gadgets. This may take a while..
2021-12-06 17:35:38,027 - synthesizer.selection    | ForkPoolWorker-3  - INFO    : Selecting 100 from 600 available gadgets (1 fixed)
2021-12-06 17:35:38,014 - synthesizer.selection    | ForkPoolWorker-1  - INFO    : Selecting 100 from 600 available gadgets (1 fixed)
2021-12-06 17:35:38,031 - synthesizer.disasm       | ForkPoolWorker-1  - DEBUG   : Disassembling 100 gadgets. This may take a while..
2021-12-06 17:35:38,031 - synthesizer.disasm       | ForkPoolWorker-3  - DEBUG   : Disassembling 100 gadgets. This may take a while..
2021-12-06 17:35:38,037 - synthesizer.disasm       | ForkPoolWorker-6  - DEBUG   : Loading cached gadget addresses
2021-12-06 17:35:38,041 - synthesizer.selection    | ForkPoolWorker-6  - INFO    : Selecting 300 from 600 available gadgets (1 fixed)
2021-12-06 17:35:38,041 - synthesizer.disasm       | ForkPoolWorker-6  - DEBUG   : Disassembling 300 gadgets. This may take a while..
2021-12-06 17:35:39,648 - synthesizer.disasm       | ForkPoolWorker-2  - DEBUG   : Rebased gadgets onto load address 0x400000
2021-12-06 17:35:39,648 - synthesizer.disasm       | ForkPoolWorker-2  - DEBUG   : Disassembled 100 from main executable (date.bc_cu)
2021-12-06 17:35:39,648 - synthesizer.disasm       | ForkPoolWorker-2  - DEBUG   : Disassembled 0 from libc
2021-12-06 17:35:39,648 - synthesizer              | ForkPoolWorker-2  - INFO    : Disassembled ASM block for 100 gadgets in 1.62s
2021-12-06 17:35:39,697 - synthesizer.disasm       | ForkPoolWorker-3  - DEBUG   : Rebased gadgets onto load address 0x400000
2021-12-06 17:35:39,720 - synthesizer.disasm       | ForkPoolWorker-3  - DEBUG   : Disassembled 100 from main executable (date.bc_cu)
2021-12-06 17:35:39,720 - synthesizer.disasm       | ForkPoolWorker-3  - DEBUG   : Disassembled 0 from libc
2021-12-06 17:35:39,720 - synthesizer              | ForkPoolWorker-3  - INFO    : Disassembled ASM block for 100 gadgets in 1.69s
2021-12-06 17:35:39,792 - synthesizer.disasm       | ForkPoolWorker-1  - DEBUG   : Rebased gadgets onto load address 0x400000
2021-12-06 17:35:39,792 - synthesizer.disasm       | ForkPoolWorker-1  - DEBUG   : Disassembled 100 from main executable (date.bc_cu)
2021-12-06 17:35:39,792 - synthesizer.disasm       | ForkPoolWorker-1  - DEBUG   : Disassembled 0 from libc
2021-12-06 17:35:39,792 - synthesizer              | ForkPoolWorker-1  - INFO    : Disassembled ASM block for 100 gadgets in 1.76s
2021-12-06 17:35:40,852 - synthesizer.disasm       | ForkPoolWorker-6  - DEBUG   : Rebased gadgets onto load address 0x400000
2021-12-06 17:35:40,852 - synthesizer.disasm       | ForkPoolWorker-6  - DEBUG   : Disassembled 300 from main executable (date.bc_cu)
2021-12-06 17:35:40,852 - synthesizer.disasm       | ForkPoolWorker-6  - DEBUG   : Disassembled 0 from libc
2021-12-06 17:35:40,852 - synthesizer              | ForkPoolWorker-6  - INFO    : Disassembled ASM block for 300 gadgets in 2.81s
2021-12-06 17:35:40,950 - synthesizer.disasm       | ForkPoolWorker-4  - DEBUG   : Rebased gadgets onto load address 0x400000
2021-12-06 17:35:40,950 - synthesizer.disasm       | ForkPoolWorker-4  - DEBUG   : Disassembled 300 from main executable (date.bc_cu)
2021-12-06 17:35:40,950 - synthesizer.disasm       | ForkPoolWorker-4  - DEBUG   : Disassembled 0 from libc
2021-12-06 17:35:40,951 - synthesizer              | ForkPoolWorker-4  - INFO    : Disassembled ASM block for 300 gadgets in 2.93s
2021-12-06 17:35:40,999 - synthesizer.disasm       | ForkPoolWorker-5  - DEBUG   : Rebased gadgets onto load address 0x400000
2021-12-06 17:35:40,999 - synthesizer.disasm       | ForkPoolWorker-5  - DEBUG   : Disassembled 300 from main executable (date.bc_cu)
2021-12-06 17:35:40,999 - synthesizer.disasm       | ForkPoolWorker-5  - DEBUG   : Disassembled 0 from libc
2021-12-06 17:35:40,999 - synthesizer              | ForkPoolWorker-5  - INFO    : Disassembled ASM block for 300 gadgets in 2.98s
2021-12-06 17:35:42,266 - synthesizer              | ForkPoolWorker-2  - INFO    : Lifted 100 ASM gadgets to 100 IRa gadgets in 2.61s
2021-12-06 17:35:42,268 - synthesizer              | ForkPoolWorker-2  - DEBUG   : Encoding IR gadgets as SMT formula
2021-12-06 17:35:42,268 - synthesizer.smt          | ForkPoolWorker-2  - DEBUG   : Setting up preconditions
2021-12-06 17:35:42,268 - synthesizer.smt          | ForkPoolWorker-2  - DEBUG   : Setting up stack data
2021-12-06 17:35:42,269 - synthesizer.smt          | ForkPoolWorker-2  - DEBUG   : Encoding program
2021-12-06 17:35:42,469 - synthesizer              | ForkPoolWorker-3  - INFO    : Lifted 100 ASM gadgets to 100 IRa gadgets in 2.75s
2021-12-06 17:35:42,483 - synthesizer              | ForkPoolWorker-3  - DEBUG   : Encoding IR gadgets as SMT formula
2021-12-06 17:35:42,483 - synthesizer.smt          | ForkPoolWorker-3  - DEBUG   : Setting up preconditions
2021-12-06 17:35:42,483 - synthesizer.smt          | ForkPoolWorker-3  - DEBUG   : Setting up stack data
2021-12-06 17:35:42,484 - synthesizer.smt          | ForkPoolWorker-3  - DEBUG   : Encoding program
2021-12-06 17:35:43,011 - synthesizer              | ForkPoolWorker-1  - INFO    : Lifted 100 ASM gadgets to 100 IRa gadgets in 3.22s
2021-12-06 17:35:43,051 - synthesizer              | ForkPoolWorker-1  - DEBUG   : Encoding IR gadgets as SMT formula
2021-12-06 17:35:43,051 - synthesizer.smt          | ForkPoolWorker-1  - DEBUG   : Setting up preconditions
2021-12-06 17:35:43,051 - synthesizer.smt          | ForkPoolWorker-1  - DEBUG   : Setting up stack data
2021-12-06 17:35:43,052 - synthesizer.smt          | ForkPoolWorker-1  - DEBUG   : Encoding program
2021-12-06 17:35:44,027 - synthesizer.smt          | ForkPoolWorker-2  - DEBUG   : Round 0: Constraining available gadgets
2021-12-06 17:35:44,028 - synthesizer.smt          | ForkPoolWorker-2  - DEBUG   : Round 0: Binding round variables to gadget input variables
2021-12-06 17:35:44,037 - synthesizer.smt          | ForkPoolWorker-2  - DEBUG   : Round 0: Setting up phi nodes
2021-12-06 17:35:44,247 - synthesizer.smt          | ForkPoolWorker-3  - DEBUG   : Round 0: Constraining available gadgets
2021-12-06 17:35:44,247 - synthesizer.smt          | ForkPoolWorker-3  - DEBUG   : Round 0: Binding round variables to gadget input variables
2021-12-06 17:35:44,297 - synthesizer.smt          | ForkPoolWorker-3  - DEBUG   : Round 0: Setting up phi nodes
2021-12-06 17:35:45,052 - synthesizer.smt          | ForkPoolWorker-1  - DEBUG   : Round 0: Constraining available gadgets
2021-12-06 17:35:45,052 - synthesizer.smt          | ForkPoolWorker-1  - DEBUG   : Round 0: Binding round variables to gadget input variables
2021-12-06 17:35:45,070 - synthesizer.smt          | ForkPoolWorker-1  - DEBUG   : Round 0: Setting up phi nodes
2021-12-06 17:35:45,324 - synthesizer.smt          | ForkPoolWorker-2  - DEBUG   : Round 1: Constraining available gadgets
2021-12-06 17:35:45,325 - synthesizer.smt          | ForkPoolWorker-2  - DEBUG   : Round 1: Binding round variables to gadget input variables
2021-12-06 17:35:45,374 - synthesizer.smt          | ForkPoolWorker-2  - DEBUG   : Round 1: Setting up phi nodes
2021-12-06 17:35:45,662 - synthesizer.smt          | ForkPoolWorker-3  - DEBUG   : Round 1: Constraining available gadgets
2021-12-06 17:35:45,662 - synthesizer.smt          | ForkPoolWorker-3  - DEBUG   : Round 1: Binding round variables to gadget input variables
2021-12-06 17:35:45,696 - synthesizer.smt          | ForkPoolWorker-3  - DEBUG   : Round 1: Setting up phi nodes
2021-12-06 17:35:46,517 - synthesizer.smt          | ForkPoolWorker-2  - DEBUG   : Round 2: Constraining available gadgets
2021-12-06 17:35:46,517 - synthesizer.smt          | ForkPoolWorker-2  - DEBUG   : Round 2: Binding round variables to gadget input variables
2021-12-06 17:35:46,552 - synthesizer.smt          | ForkPoolWorker-2  - DEBUG   : Round 2: Setting up phi nodes
2021-12-06 17:35:46,576 - synthesizer.smt          | ForkPoolWorker-1  - DEBUG   : Round 1: Constraining available gadgets
2021-12-06 17:35:46,576 - synthesizer.smt          | ForkPoolWorker-1  - DEBUG   : Round 1: Binding round variables to gadget input variables
2021-12-06 17:35:46,617 - synthesizer.smt          | ForkPoolWorker-1  - DEBUG   : Round 1: Setting up phi nodes
2021-12-06 17:35:46,896 - synthesizer.smt          | ForkPoolWorker-3  - DEBUG   : Round 2: Constraining available gadgets
2021-12-06 17:35:46,896 - synthesizer.smt          | ForkPoolWorker-3  - DEBUG   : Round 2: Binding round variables to gadget input variables
2021-12-06 17:35:46,906 - synthesizer.smt          | ForkPoolWorker-3  - DEBUG   : Round 2: Setting up phi nodes
2021-12-06 17:35:47,882 - synthesizer.smt          | ForkPoolWorker-2  - DEBUG   : Round 3: Constraining available gadgets
2021-12-06 17:35:47,883 - synthesizer.smt          | ForkPoolWorker-2  - DEBUG   : Round 3: Binding round variables to gadget input variables
2021-12-06 17:35:47,914 - synthesizer.smt          | ForkPoolWorker-2  - DEBUG   : Round 3: Setting up phi nodes
2021-12-06 17:35:47,924 - synthesizer.smt          | ForkPoolWorker-2  - DEBUG   : Setting up final out vars
2021-12-06 17:35:47,924 - synthesizer.smt          | ForkPoolWorker-2  - DEBUG   : Setting up pointer postconditions
2021-12-06 17:35:47,924 - synthesizer.smt          | ForkPoolWorker-2  - DEBUG   : Setting up postconditions
2021-12-06 17:35:48,011 - synthesizer.smt          | ForkPoolWorker-1  - DEBUG   : Round 2: Constraining available gadgets
2021-12-06 17:35:48,011 - synthesizer.smt          | ForkPoolWorker-1  - DEBUG   : Round 2: Binding round variables to gadget input variables
2021-12-06 17:35:48,078 - synthesizer.smt          | ForkPoolWorker-1  - DEBUG   : Round 2: Setting up phi nodes
2021-12-06 17:35:48,157 - synthesizer              | ForkPoolWorker-2  - INFO    : Encoded 100 IR gadgets as SMT formula (60909 assertions) in 5.89s
2021-12-06 17:35:48,183 - synthesizer              | ForkPoolWorker-2  - DEBUG   : formula-smt2.txt written in 0.01s
2021-12-06 17:35:48,183 - synthesizer              | ForkPoolWorker-2  - INFO    : Running solver /home/vagrant/.local/bin/boolector
2021-12-06 17:35:48,283 - synthesizer.smt          | ForkPoolWorker-3  - DEBUG   : Round 3: Constraining available gadgets
2021-12-06 17:35:48,283 - synthesizer.smt          | ForkPoolWorker-3  - DEBUG   : Round 3: Binding round variables to gadget input variables
2021-12-06 17:35:48,293 - synthesizer.smt          | ForkPoolWorker-3  - DEBUG   : Round 3: Setting up phi nodes
2021-12-06 17:35:48,331 - synthesizer.smt          | ForkPoolWorker-3  - DEBUG   : Setting up final out vars
2021-12-06 17:35:48,331 - synthesizer.smt          | ForkPoolWorker-3  - DEBUG   : Setting up pointer postconditions
2021-12-06 17:35:48,332 - synthesizer.smt          | ForkPoolWorker-3  - DEBUG   : Setting up postconditions
2021-12-06 17:35:48,543 - synthesizer              | ForkPoolWorker-3  - INFO    : Encoded 100 IR gadgets as SMT formula (60945 assertions) in 6.06s
2021-12-06 17:35:48,630 - synthesizer              | ForkPoolWorker-3  - DEBUG   : formula-smt2.txt written in 0.05s
2021-12-06 17:35:48,630 - synthesizer              | ForkPoolWorker-3  - INFO    : Running solver /home/vagrant/.local/bin/boolector
2021-12-06 17:35:48,837 - synthesizer              | ForkPoolWorker-6  - INFO    : Lifted 300 ASM gadgets to 300 IRa gadgets in 7.98s
2021-12-06 17:35:48,852 - synthesizer              | ForkPoolWorker-6  - DEBUG   : Encoding IR gadgets as SMT formula
2021-12-06 17:35:48,852 - synthesizer.smt          | ForkPoolWorker-6  - DEBUG   : Setting up preconditions
2021-12-06 17:35:48,852 - synthesizer.smt          | ForkPoolWorker-6  - DEBUG   : Setting up stack data
2021-12-06 17:35:48,852 - synthesizer.smt          | ForkPoolWorker-6  - DEBUG   : Encoding program
2021-12-06 17:35:48,940 - synthesizer              | ForkPoolWorker-4  - INFO    : Lifted 300 ASM gadgets to 300 IRa gadgets in 7.96s
2021-12-06 17:35:48,951 - synthesizer              | ForkPoolWorker-4  - DEBUG   : Encoding IR gadgets as SMT formula
2021-12-06 17:35:48,952 - synthesizer.smt          | ForkPoolWorker-4  - DEBUG   : Setting up preconditions
2021-12-06 17:35:48,952 - synthesizer.smt          | ForkPoolWorker-4  - DEBUG   : Setting up stack data
2021-12-06 17:35:48,952 - synthesizer.smt          | ForkPoolWorker-4  - DEBUG   : Encoding program
2021-12-06 17:35:49,618 - synthesizer.smt          | ForkPoolWorker-1  - DEBUG   : Round 3: Constraining available gadgets
2021-12-06 17:35:49,618 - synthesizer.smt          | ForkPoolWorker-1  - DEBUG   : Round 3: Binding round variables to gadget input variables
2021-12-06 17:35:49,661 - synthesizer.smt          | ForkPoolWorker-1  - DEBUG   : Round 3: Setting up phi nodes
2021-12-06 17:35:49,704 - synthesizer.smt          | ForkPoolWorker-1  - DEBUG   : Setting up final out vars
2021-12-06 17:35:49,704 - synthesizer.smt          | ForkPoolWorker-1  - DEBUG   : Setting up pointer postconditions
2021-12-06 17:35:49,704 - synthesizer.smt          | ForkPoolWorker-1  - DEBUG   : Setting up postconditions
2021-12-06 17:35:49,944 - synthesizer              | ForkPoolWorker-1  - INFO    : Encoded 100 IR gadgets as SMT formula (64665 assertions) in 6.89s
2021-12-06 17:35:50,008 - synthesizer              | ForkPoolWorker-1  - DEBUG   : formula-smt2.txt written in 0.05s
2021-12-06 17:35:50,008 - synthesizer              | ForkPoolWorker-1  - INFO    : Running solver /home/vagrant/.local/bin/boolector
2021-12-06 17:35:50,088 - synthesizer              | ForkPoolWorker-5  - INFO    : Lifted 300 ASM gadgets to 300 IRa gadgets in 9.08s
2021-12-06 17:35:50,099 - synthesizer              | ForkPoolWorker-5  - DEBUG   : Encoding IR gadgets as SMT formula
2021-12-06 17:35:50,113 - synthesizer.smt          | ForkPoolWorker-5  - DEBUG   : Setting up preconditions
2021-12-06 17:35:50,113 - synthesizer.smt          | ForkPoolWorker-5  - DEBUG   : Setting up stack data
2021-12-06 17:35:50,114 - synthesizer.smt          | ForkPoolWorker-5  - DEBUG   : Encoding program
2021-12-06 17:35:54,671 - synthesizer.smt          | ForkPoolWorker-6  - DEBUG   : Round 0: Constraining available gadgets
2021-12-06 17:35:54,671 - synthesizer.smt          | ForkPoolWorker-6  - DEBUG   : Round 0: Binding round variables to gadget input variables
2021-12-06 17:35:54,743 - synthesizer.smt          | ForkPoolWorker-6  - DEBUG   : Round 0: Setting up phi nodes
2021-12-06 17:35:54,929 - synthesizer.smt          | ForkPoolWorker-4  - DEBUG   : Round 0: Constraining available gadgets
2021-12-06 17:35:54,929 - synthesizer.smt          | ForkPoolWorker-4  - DEBUG   : Round 0: Binding round variables to gadget input variables
2021-12-06 17:35:55,146 - synthesizer.smt          | ForkPoolWorker-4  - DEBUG   : Round 0: Setting up phi nodes
2021-12-06 17:35:56,680 - synthesizer.smt          | ForkPoolWorker-5  - DEBUG   : Round 0: Constraining available gadgets
2021-12-06 17:35:56,680 - synthesizer.smt          | ForkPoolWorker-5  - DEBUG   : Round 0: Binding round variables to gadget input variables
2021-12-06 17:35:56,790 - synthesizer.smt          | ForkPoolWorker-5  - DEBUG   : Round 0: Setting up phi nodes
2021-12-06 17:35:58,172 - synthesizer              | ForkPoolWorker-2  - INFO    : Solver returned UNSAT in 9.96s
2021-12-06 17:35:58,172 - synthesizer              | ForkPoolWorker-2  - DEBUG   : result.json written
2021-12-06 17:35:58,949 - synthesizer.smt          | ForkPoolWorker-6  - DEBUG   : Round 1: Constraining available gadgets
2021-12-06 17:35:58,950 - synthesizer.smt          | ForkPoolWorker-6  - DEBUG   : Round 1: Binding round variables to gadget input variables
2021-12-06 17:35:59,037 - synthesizer.smt          | ForkPoolWorker-6  - DEBUG   : Round 1: Setting up phi nodes
2021-12-06 17:35:59,240 - synthesizer.smt          | ForkPoolWorker-4  - DEBUG   : Round 1: Constraining available gadgets
2021-12-06 17:35:59,240 - synthesizer.smt          | ForkPoolWorker-4  - DEBUG   : Round 1: Binding round variables to gadget input variables
2021-12-06 17:35:59,268 - synthesizer              | ForkPoolWorker-3  - INFO    : Solver returned UNSAT in 10.63s
2021-12-06 17:35:59,268 - synthesizer              | ForkPoolWorker-3  - DEBUG   : result.json written
2021-12-06 17:35:59,295 - synthesizer.smt          | ForkPoolWorker-4  - DEBUG   : Round 1: Setting up phi nodes
2021-12-06 17:36:00,420 - synthesizer.smt          | ForkPoolWorker-5  - DEBUG   : Round 1: Constraining available gadgets
2021-12-06 17:36:00,421 - synthesizer.smt          | ForkPoolWorker-5  - DEBUG   : Round 1: Binding round variables to gadget input variables
2021-12-06 17:36:00,487 - synthesizer.smt          | ForkPoolWorker-5  - DEBUG   : Round 1: Setting up phi nodes
2021-12-06 17:36:00,869 - synthesizer              | ForkPoolWorker-1  - INFO    : Solver returned UNSAT in 10.86s
2021-12-06 17:36:00,870 - synthesizer              | ForkPoolWorker-1  - DEBUG   : result.json written
2021-12-06 17:36:01,524 - synthesizer.smt          | ForkPoolWorker-6  - DEBUG   : Round 2: Constraining available gadgets
2021-12-06 17:36:01,524 - synthesizer.smt          | ForkPoolWorker-6  - DEBUG   : Round 2: Binding round variables to gadget input variables
2021-12-06 17:36:01,555 - synthesizer.smt          | ForkPoolWorker-6  - DEBUG   : Round 2: Setting up phi nodes
2021-12-06 17:36:01,848 - synthesizer.smt          | ForkPoolWorker-4  - DEBUG   : Round 2: Constraining available gadgets
2021-12-06 17:36:01,848 - synthesizer.smt          | ForkPoolWorker-4  - DEBUG   : Round 2: Binding round variables to gadget input variables
2021-12-06 17:36:01,912 - synthesizer.smt          | ForkPoolWorker-4  - DEBUG   : Round 2: Setting up phi nodes
2021-12-06 17:36:02,899 - synthesizer.smt          | ForkPoolWorker-5  - DEBUG   : Round 2: Constraining available gadgets
2021-12-06 17:36:02,899 - synthesizer.smt          | ForkPoolWorker-5  - DEBUG   : Round 2: Binding round variables to gadget input variables
2021-12-06 17:36:02,930 - synthesizer.smt          | ForkPoolWorker-5  - DEBUG   : Round 2: Setting up phi nodes
2021-12-06 17:36:03,469 - synthesizer.smt          | ForkPoolWorker-6  - DEBUG   : Round 3: Constraining available gadgets
2021-12-06 17:36:03,469 - synthesizer.smt          | ForkPoolWorker-6  - DEBUG   : Round 3: Binding round variables to gadget input variables
2021-12-06 17:36:03,532 - synthesizer.smt          | ForkPoolWorker-6  - DEBUG   : Round 3: Setting up phi nodes
2021-12-06 17:36:03,603 - synthesizer.smt          | ForkPoolWorker-6  - DEBUG   : Setting up final out vars
2021-12-06 17:36:03,603 - synthesizer.smt          | ForkPoolWorker-6  - DEBUG   : Setting up pointer postconditions
2021-12-06 17:36:03,603 - synthesizer.smt          | ForkPoolWorker-6  - DEBUG   : Setting up postconditions
2021-12-06 17:36:03,818 - synthesizer.smt          | ForkPoolWorker-4  - DEBUG   : Round 3: Constraining available gadgets
2021-12-06 17:36:03,819 - synthesizer.smt          | ForkPoolWorker-4  - DEBUG   : Round 3: Binding round variables to gadget input variables
2021-12-06 17:36:03,850 - synthesizer.smt          | ForkPoolWorker-4  - DEBUG   : Round 3: Setting up phi nodes
2021-12-06 17:36:03,884 - synthesizer.smt          | ForkPoolWorker-4  - DEBUG   : Setting up final out vars
2021-12-06 17:36:03,884 - synthesizer.smt          | ForkPoolWorker-4  - DEBUG   : Setting up pointer postconditions
2021-12-06 17:36:03,884 - synthesizer.smt          | ForkPoolWorker-4  - DEBUG   : Setting up postconditions
2021-12-06 17:36:03,947 - synthesizer              | ForkPoolWorker-6  - INFO    : Encoded 300 IR gadgets as SMT formula (181141 assertions) in 15.1s
2021-12-06 17:36:04,010 - synthesizer              | ForkPoolWorker-6  - DEBUG   : formula-smt2.txt written in 0.04s
2021-12-06 17:36:04,010 - synthesizer              | ForkPoolWorker-6  - INFO    : Running solver /home/vagrant/.local/bin/boolector
2021-12-06 17:36:04,342 - synthesizer              | ForkPoolWorker-4  - INFO    : Encoded 300 IR gadgets as SMT formula (183789 assertions) in 15.39s
2021-12-06 17:36:04,490 - synthesizer              | ForkPoolWorker-4  - DEBUG   : formula-smt2.txt written in 0.09s
2021-12-06 17:36:04,490 - synthesizer              | ForkPoolWorker-4  - INFO    : Running solver /home/vagrant/.local/bin/boolector
2021-12-06 17:36:05,177 - synthesizer.smt          | ForkPoolWorker-5  - DEBUG   : Round 3: Constraining available gadgets
2021-12-06 17:36:05,177 - synthesizer.smt          | ForkPoolWorker-5  - DEBUG   : Round 3: Binding round variables to gadget input variables
2021-12-06 17:36:05,208 - synthesizer.smt          | ForkPoolWorker-5  - DEBUG   : Round 3: Setting up phi nodes
2021-12-06 17:36:05,244 - synthesizer.smt          | ForkPoolWorker-5  - DEBUG   : Setting up final out vars
2021-12-06 17:36:05,244 - synthesizer.smt          | ForkPoolWorker-5  - DEBUG   : Setting up pointer postconditions
2021-12-06 17:36:05,245 - synthesizer.smt          | ForkPoolWorker-5  - DEBUG   : Setting up postconditions
2021-12-06 17:36:05,494 - synthesizer              | ForkPoolWorker-5  - INFO    : Encoded 300 IR gadgets as SMT formula (187613 assertions) in 15.39s
2021-12-06 17:36:05,564 - synthesizer              | ForkPoolWorker-5  - DEBUG   : formula-smt2.txt written in 0.05s
2021-12-06 17:36:05,565 - synthesizer              | ForkPoolWorker-5  - INFO    : Running solver /home/vagrant/.local/bin/boolector
2021-12-06 17:36:22,354 - synthesizer              | ForkPoolWorker-6  - INFO    : Solver returned UNSAT in 18.34s
2021-12-06 17:36:22,355 - synthesizer              | ForkPoolWorker-6  - DEBUG   : result.json written
2021-12-06 17:36:22,533 - synthesizer              | ForkPoolWorker-4  - INFO    : Solver returned UNSAT in 18.04s
2021-12-06 17:36:22,535 - synthesizer              | ForkPoolWorker-4  - DEBUG   : result.json written
2021-12-06 17:36:23,281 - synthesizer              | ForkPoolWorker-5  - INFO    : Solver returned UNSAT in 17.71s
2021-12-06 17:36:23,282 - synthesizer              | ForkPoolWorker-5  - DEBUG   : result.json written
2021-12-06 17:36:23,313 - synthesizer              | MainProcess       - DEBUG   : Received 6 results
2021-12-06 17:36:23,314 - synthesizer              | MainProcess       - INFO    : Done in 45.36s
