2021-11-28 21:41:30,255 - synthesizer              | MainProcess       - INFO    : Starting synthesizer
2021-11-28 21:41:30,255 - synthesizer              | MainProcess       - DEBUG   : Using up to 6 processes
2021-11-28 21:41:30,255 - synthesizer.config       | MainProcess       - DEBUG   : Loading SynthesizerConfig from 'synthesizer_config_default.json'
2021-11-28 21:41:30,256 - synthesizer              | MainProcess       - DEBUG   : Using configuration at /vagrant/gadget_synthesis/targets/coreutils/date-8.21/config_execve.json
2021-11-28 21:41:30,256 - synthesizer.config       | MainProcess       - DEBUG   : Loading TargetConfig from '/vagrant/gadget_synthesis/targets/coreutils/date-8.21/config_execve.json'
2021-11-28 21:41:30,256 - synthesizer.config       | MainProcess       - DEBUG   : Executable is relative path: 'date.orig' - adjusting to '/vagrant/gadget_synthesis/targets/coreutils/date-8.21/date.orig'
2021-11-28 21:41:30,257 - synthesizer.config       | MainProcess       - DEBUG   : Using 0 free variables, 17 preconditions, 4 postconditions, and 1 ptr_postconditions
2021-11-28 21:41:30,257 - synthesizer              | MainProcess       - DEBUG   : Disassembly settings used: target_name=date.orig, target=/vagrant/gadget_synthesis/targets/coreutils/date-8.21/date.orig, workdir=/tmp/gadget_synthesis/date-8.21, disas_unaligned=False, control_flow_types=['ret', 'call', 'jmp'], max_processes=6, timeout=3600, cache_name=gadgets, cache_type=JSON
2021-11-28 21:41:30,257 - synthesizer              | MainProcess       - DEBUG   : Preparing date-8.21
2021-11-28 21:41:30,257 - synthesizer              | MainProcess       - DEBUG   : Ensure function addresses are cached for date-8.21
2021-11-28 21:41:30,257 - synthesizer.disasm       | MainProcess       - DEBUG   : Extracting function addresses from 'date.orig'
2021-11-28 21:41:30,257 - synthesizer.cache        | MainProcess       - DEBUG   : Cache intialized (function_addrs.json)
2021-11-28 21:41:30,257 - synthesizer.cache        | MainProcess       - DEBUG   : Metadata is at /vagrant/gadget_synthesis/targets/coreutils/date-8.21/.cache/.metadata
2021-11-28 21:41:30,259 - synthesizer.disasm       | MainProcess       - DEBUG   : Returning 89 cached function addresses
2021-11-28 21:41:30,259 - synthesizer              | MainProcess       - DEBUG   : Ensure valid gadgets are cached for date-8.21
2021-11-28 21:41:30,259 - synthesizer.disasm       | MainProcess       - DEBUG   : Caching gadgets for date.orig
2021-11-28 21:41:30,259 - synthesizer.cache        | MainProcess       - DEBUG   : Cache intialized (gadgets.json)
2021-11-28 21:41:30,259 - synthesizer.cache        | MainProcess       - DEBUG   : Metadata is at /vagrant/gadget_synthesis/targets/coreutils/date-8.21/.cache/.metadata
2021-11-28 21:41:30,261 - synthesizer.disasm       | MainProcess       - DEBUG   : Gadget addresses already cached
2021-11-28 21:41:30,261 - synthesizer              | MainProcess       - DEBUG   : Ensure necessary libraries are cached
2021-11-28 21:41:30,261 - synthesizer.disasm       | MainProcess       - DEBUG   : Extracting function addresses from 'libc-2.31.so'
2021-11-28 21:41:30,261 - synthesizer.cache        | MainProcess       - DEBUG   : Cache intialized (libc_func_addrs.json)
2021-11-28 21:41:30,261 - synthesizer.cache        | MainProcess       - DEBUG   : Metadata is at /vagrant/gadget_synthesis/targets/coreutils/date-8.21/../../libraries/.cache/.metadata
2021-11-28 21:41:30,270 - synthesizer.disasm       | MainProcess       - DEBUG   : Returning 3100 cached function addresses
2021-11-28 21:41:30,270 - synthesizer.disasm       | MainProcess       - DEBUG   : Caching gadgets for libc-2.31.so
2021-11-28 21:41:30,270 - synthesizer.cache        | MainProcess       - DEBUG   : Cache intialized (libc_gadgets.json)
2021-11-28 21:41:30,270 - synthesizer.cache        | MainProcess       - DEBUG   : Metadata is at /vagrant/gadget_synthesis/targets/coreutils/date-8.21/../../libraries/.cache/.metadata
2021-11-28 21:41:30,280 - synthesizer.disasm       | MainProcess       - DEBUG   : Gadget addresses already cached
2021-11-28 21:41:30,280 - synthesizer              | MainProcess       - INFO    : Colleted 6 configurations for date-8.21
2021-11-28 21:41:30,280 - synthesizer              | MainProcess       - DEBUG   : Collected 6 configruations in total
2021-11-28 21:41:30,296 - synthesizer              | ForkPoolWorker-1  - INFO    : Running config: date-8.21 - iteration4-blocks0100-offset000-sw16
2021-11-28 21:41:30,297 - synthesizer              | ForkPoolWorker-1  - DEBUG   : Workdir is /tmp/gadget_synthesis/date-8.21/iteration4-blocks0100-offset000-sw16
2021-11-28 21:41:30,297 - synthesizer              | ForkPoolWorker-1  - DEBUG   : Seed is 0
2021-11-28 21:41:30,297 - synthesizer.cache        | ForkPoolWorker-1  - DEBUG   : Cache intialized (gadgets.json)
2021-11-28 21:41:30,297 - synthesizer.cache        | ForkPoolWorker-1  - DEBUG   : Metadata is at /vagrant/gadget_synthesis/targets/coreutils/date-8.21/.cache/.metadata
2021-11-28 21:41:30,299 - synthesizer              | ForkPoolWorker-2  - INFO    : Running config: date-8.21 - iteration4-blocks0100-offset001-sw16
2021-11-28 21:41:30,299 - synthesizer              | ForkPoolWorker-2  - DEBUG   : Workdir is /tmp/gadget_synthesis/date-8.21/iteration4-blocks0100-offset001-sw16
2021-11-28 21:41:30,299 - synthesizer              | ForkPoolWorker-2  - DEBUG   : Seed is 1
2021-11-28 21:41:30,299 - synthesizer.cache        | ForkPoolWorker-2  - DEBUG   : Cache intialized (gadgets.json)
2021-11-28 21:41:30,299 - synthesizer.cache        | ForkPoolWorker-2  - DEBUG   : Metadata is at /vagrant/gadget_synthesis/targets/coreutils/date-8.21/.cache/.metadata
2021-11-28 21:41:30,301 - synthesizer              | ForkPoolWorker-3  - INFO    : Running config: date-8.21 - iteration4-blocks0100-offset002-sw16
2021-11-28 21:41:30,302 - synthesizer              | ForkPoolWorker-3  - DEBUG   : Workdir is /tmp/gadget_synthesis/date-8.21/iteration4-blocks0100-offset002-sw16
2021-11-28 21:41:30,302 - synthesizer              | ForkPoolWorker-3  - DEBUG   : Seed is 2
2021-11-28 21:41:30,302 - synthesizer.cache        | ForkPoolWorker-3  - DEBUG   : Cache intialized (gadgets.json)
2021-11-28 21:41:30,302 - synthesizer.cache        | ForkPoolWorker-3  - DEBUG   : Metadata is at /vagrant/gadget_synthesis/targets/coreutils/date-8.21/.cache/.metadata
2021-11-28 21:41:30,302 - synthesizer              | ForkPoolWorker-4  - INFO    : Running config: date-8.21 - iteration4-blocks0300-offset001-sw16
2021-11-28 21:41:30,303 - synthesizer              | ForkPoolWorker-4  - DEBUG   : Workdir is /tmp/gadget_synthesis/date-8.21/iteration4-blocks0300-offset001-sw16
2021-11-28 21:41:30,303 - synthesizer              | ForkPoolWorker-4  - DEBUG   : Seed is 1
2021-11-28 21:41:30,303 - synthesizer.cache        | ForkPoolWorker-4  - DEBUG   : Cache intialized (gadgets.json)
2021-11-28 21:41:30,303 - synthesizer.cache        | ForkPoolWorker-4  - DEBUG   : Metadata is at /vagrant/gadget_synthesis/targets/coreutils/date-8.21/.cache/.metadata
2021-11-28 21:41:30,305 - synthesizer              | ForkPoolWorker-6  - INFO    : Running config: date-8.21 - iteration4-blocks0300-offset000-sw16
2021-11-28 21:41:30,310 - synthesizer              | ForkPoolWorker-6  - DEBUG   : Workdir is /tmp/gadget_synthesis/date-8.21/iteration4-blocks0300-offset000-sw16
2021-11-28 21:41:30,310 - synthesizer              | ForkPoolWorker-6  - DEBUG   : Seed is 0
2021-11-28 21:41:30,310 - synthesizer.cache        | ForkPoolWorker-6  - DEBUG   : Cache intialized (gadgets.json)
2021-11-28 21:41:30,310 - synthesizer.cache        | ForkPoolWorker-6  - DEBUG   : Metadata is at /vagrant/gadget_synthesis/targets/coreutils/date-8.21/.cache/.metadata
2021-11-28 21:41:30,312 - synthesizer.disasm       | ForkPoolWorker-1  - DEBUG   : Loading cached gadget addresses
2021-11-28 21:41:30,312 - synthesizer.disasm       | ForkPoolWorker-2  - DEBUG   : Loading cached gadget addresses
2021-11-28 21:41:30,315 - synthesizer.disasm       | ForkPoolWorker-4  - DEBUG   : Loading cached gadget addresses
2021-11-28 21:41:30,316 - synthesizer.disasm       | ForkPoolWorker-3  - DEBUG   : Loading cached gadget addresses
2021-11-28 21:41:30,315 - synthesizer.selection    | ForkPoolWorker-1  - INFO    : Selecting 100 from 544 available gadgets (1 fixed)
2021-11-28 21:41:30,319 - synthesizer.disasm       | ForkPoolWorker-1  - DEBUG   : Disassembling 100 gadgets. This may take a while..
2021-11-28 21:41:30,319 - synthesizer.selection    | ForkPoolWorker-4  - INFO    : Selecting 300 from 544 available gadgets (1 fixed)
2021-11-28 21:41:30,320 - synthesizer.disasm       | ForkPoolWorker-4  - DEBUG   : Disassembling 300 gadgets. This may take a while..
2021-11-28 21:41:30,307 - synthesizer              | ForkPoolWorker-5  - INFO    : Running config: date-8.21 - iteration4-blocks0300-offset002-sw16
2021-11-28 21:41:30,324 - synthesizer              | ForkPoolWorker-5  - DEBUG   : Workdir is /tmp/gadget_synthesis/date-8.21/iteration4-blocks0300-offset002-sw16
2021-11-28 21:41:30,324 - synthesizer              | ForkPoolWorker-5  - DEBUG   : Seed is 2
2021-11-28 21:41:30,324 - synthesizer.cache        | ForkPoolWorker-5  - DEBUG   : Cache intialized (gadgets.json)
2021-11-28 21:41:30,325 - synthesizer.cache        | ForkPoolWorker-5  - DEBUG   : Metadata is at /vagrant/gadget_synthesis/targets/coreutils/date-8.21/.cache/.metadata
2021-11-28 21:41:30,326 - synthesizer.disasm       | ForkPoolWorker-6  - DEBUG   : Loading cached gadget addresses
2021-11-28 21:41:30,323 - synthesizer.selection    | ForkPoolWorker-2  - INFO    : Selecting 100 from 544 available gadgets (1 fixed)
2021-11-28 21:41:30,326 - synthesizer.disasm       | ForkPoolWorker-2  - DEBUG   : Disassembling 100 gadgets. This may take a while..
2021-11-28 21:41:30,325 - synthesizer.selection    | ForkPoolWorker-3  - INFO    : Selecting 100 from 544 available gadgets (1 fixed)
2021-11-28 21:41:30,326 - synthesizer.disasm       | ForkPoolWorker-3  - DEBUG   : Disassembling 100 gadgets. This may take a while..
2021-11-28 21:41:30,330 - synthesizer.selection    | ForkPoolWorker-6  - INFO    : Selecting 300 from 544 available gadgets (1 fixed)
2021-11-28 21:41:30,336 - synthesizer.disasm       | ForkPoolWorker-6  - DEBUG   : Disassembling 300 gadgets. This may take a while..
2021-11-28 21:41:30,341 - synthesizer.disasm       | ForkPoolWorker-5  - DEBUG   : Loading cached gadget addresses
2021-11-28 21:41:30,345 - synthesizer.selection    | ForkPoolWorker-5  - INFO    : Selecting 300 from 544 available gadgets (1 fixed)
2021-11-28 21:41:30,346 - synthesizer.disasm       | ForkPoolWorker-5  - DEBUG   : Disassembling 300 gadgets. This may take a while..
2021-11-28 21:41:31,888 - synthesizer.disasm       | ForkPoolWorker-2  - DEBUG   : Rebased gadgets onto load address 0x400000
2021-11-28 21:41:31,888 - synthesizer.disasm       | ForkPoolWorker-2  - DEBUG   : Disassembled 100 from main executable (date.orig)
2021-11-28 21:41:31,888 - synthesizer.disasm       | ForkPoolWorker-2  - DEBUG   : Disassembled 0 from libc
2021-11-28 21:41:31,888 - synthesizer              | ForkPoolWorker-2  - INFO    : Disassembled ASM block for 100 gadgets in 1.56s
2021-11-28 21:41:32,057 - synthesizer.disasm       | ForkPoolWorker-3  - DEBUG   : Rebased gadgets onto load address 0x400000
2021-11-28 21:41:32,057 - synthesizer.disasm       | ForkPoolWorker-3  - DEBUG   : Disassembled 100 from main executable (date.orig)
2021-11-28 21:41:32,057 - synthesizer.disasm       | ForkPoolWorker-3  - DEBUG   : Disassembled 0 from libc
2021-11-28 21:41:32,057 - synthesizer              | ForkPoolWorker-3  - INFO    : Disassembled ASM block for 100 gadgets in 1.73s
2021-11-28 21:41:32,163 - synthesizer.disasm       | ForkPoolWorker-1  - DEBUG   : Rebased gadgets onto load address 0x400000
2021-11-28 21:41:32,163 - synthesizer.disasm       | ForkPoolWorker-1  - DEBUG   : Disassembled 100 from main executable (date.orig)
2021-11-28 21:41:32,164 - synthesizer.disasm       | ForkPoolWorker-1  - DEBUG   : Disassembled 0 from libc
2021-11-28 21:41:32,164 - synthesizer              | ForkPoolWorker-1  - INFO    : Disassembled ASM block for 100 gadgets in 1.84s
2021-11-28 21:41:32,898 - synthesizer.disasm       | ForkPoolWorker-5  - DEBUG   : Rebased gadgets onto load address 0x400000
2021-11-28 21:41:32,898 - synthesizer.disasm       | ForkPoolWorker-5  - DEBUG   : Disassembled 300 from main executable (date.orig)
2021-11-28 21:41:32,898 - synthesizer.disasm       | ForkPoolWorker-5  - DEBUG   : Disassembled 0 from libc
2021-11-28 21:41:32,898 - synthesizer              | ForkPoolWorker-5  - INFO    : Disassembled ASM block for 300 gadgets in 2.55s
2021-11-28 21:41:33,091 - synthesizer.disasm       | ForkPoolWorker-6  - DEBUG   : Rebased gadgets onto load address 0x400000
2021-11-28 21:41:33,092 - synthesizer.disasm       | ForkPoolWorker-6  - DEBUG   : Disassembled 300 from main executable (date.orig)
2021-11-28 21:41:33,092 - synthesizer.disasm       | ForkPoolWorker-6  - DEBUG   : Disassembled 0 from libc
2021-11-28 21:41:33,092 - synthesizer              | ForkPoolWorker-6  - INFO    : Disassembled ASM block for 300 gadgets in 2.76s
2021-11-28 21:41:33,196 - synthesizer.disasm       | ForkPoolWorker-4  - DEBUG   : Rebased gadgets onto load address 0x400000
2021-11-28 21:41:33,196 - synthesizer.disasm       | ForkPoolWorker-4  - DEBUG   : Disassembled 300 from main executable (date.orig)
2021-11-28 21:41:33,196 - synthesizer.disasm       | ForkPoolWorker-4  - DEBUG   : Disassembled 0 from libc
2021-11-28 21:41:33,196 - synthesizer              | ForkPoolWorker-4  - INFO    : Disassembled ASM block for 300 gadgets in 2.88s
2021-11-28 21:41:33,941 - synthesizer              | ForkPoolWorker-2  - INFO    : Lifted 100 ASM gadgets to 100 IRa gadgets in 2.03s
2021-11-28 21:41:33,942 - synthesizer              | ForkPoolWorker-2  - DEBUG   : Encoding IR gadgets as SMT formula
2021-11-28 21:41:33,943 - synthesizer.smt          | ForkPoolWorker-2  - DEBUG   : Setting up preconditions
2021-11-28 21:41:33,943 - synthesizer.smt          | ForkPoolWorker-2  - DEBUG   : Setting up stack data
2021-11-28 21:41:33,943 - synthesizer.smt          | ForkPoolWorker-2  - DEBUG   : Encoding program
2021-11-28 21:41:34,550 - synthesizer              | ForkPoolWorker-3  - INFO    : Lifted 100 ASM gadgets to 100 IRa gadgets in 2.49s
2021-11-28 21:41:34,554 - synthesizer              | ForkPoolWorker-3  - DEBUG   : Encoding IR gadgets as SMT formula
2021-11-28 21:41:34,554 - synthesizer.smt          | ForkPoolWorker-3  - DEBUG   : Setting up preconditions
2021-11-28 21:41:34,554 - synthesizer.smt          | ForkPoolWorker-3  - DEBUG   : Setting up stack data
2021-11-28 21:41:34,555 - synthesizer.smt          | ForkPoolWorker-3  - DEBUG   : Encoding program
2021-11-28 21:41:35,378 - synthesizer.smt          | ForkPoolWorker-2  - DEBUG   : Round 0: Constraining available gadgets
2021-11-28 21:41:35,379 - synthesizer.smt          | ForkPoolWorker-2  - DEBUG   : Round 0: Binding round variables to gadget input variables
2021-11-28 21:41:35,434 - synthesizer.smt          | ForkPoolWorker-2  - DEBUG   : Round 0: Setting up phi nodes
2021-11-28 21:41:35,549 - synthesizer              | ForkPoolWorker-1  - INFO    : Lifted 100 ASM gadgets to 100 IRa gadgets in 3.35s
2021-11-28 21:41:35,570 - synthesizer              | ForkPoolWorker-1  - DEBUG   : Encoding IR gadgets as SMT formula
2021-11-28 21:41:35,570 - synthesizer.smt          | ForkPoolWorker-1  - DEBUG   : Setting up preconditions
2021-11-28 21:41:35,571 - synthesizer.smt          | ForkPoolWorker-1  - DEBUG   : Setting up stack data
2021-11-28 21:41:35,579 - synthesizer.smt          | ForkPoolWorker-1  - DEBUG   : Encoding program
2021-11-28 21:41:36,206 - synthesizer.smt          | ForkPoolWorker-3  - DEBUG   : Round 0: Constraining available gadgets
2021-11-28 21:41:36,206 - synthesizer.smt          | ForkPoolWorker-3  - DEBUG   : Round 0: Binding round variables to gadget input variables
2021-11-28 21:41:36,216 - synthesizer.smt          | ForkPoolWorker-3  - DEBUG   : Round 0: Setting up phi nodes
2021-11-28 21:41:36,473 - synthesizer.smt          | ForkPoolWorker-2  - DEBUG   : Round 1: Constraining available gadgets
2021-11-28 21:41:36,473 - synthesizer.smt          | ForkPoolWorker-2  - DEBUG   : Round 1: Binding round variables to gadget input variables
2021-11-28 21:41:36,483 - synthesizer.smt          | ForkPoolWorker-2  - DEBUG   : Round 1: Setting up phi nodes
2021-11-28 21:41:37,333 - synthesizer.smt          | ForkPoolWorker-3  - DEBUG   : Round 1: Constraining available gadgets
2021-11-28 21:41:37,334 - synthesizer.smt          | ForkPoolWorker-3  - DEBUG   : Round 1: Binding round variables to gadget input variables
2021-11-28 21:41:37,343 - synthesizer.smt          | ForkPoolWorker-3  - DEBUG   : Round 1: Setting up phi nodes
2021-11-28 21:41:37,527 - synthesizer.smt          | ForkPoolWorker-1  - DEBUG   : Round 0: Constraining available gadgets
2021-11-28 21:41:37,528 - synthesizer.smt          | ForkPoolWorker-1  - DEBUG   : Round 0: Binding round variables to gadget input variables
2021-11-28 21:41:37,580 - synthesizer.smt          | ForkPoolWorker-2  - DEBUG   : Round 2: Constraining available gadgets
2021-11-28 21:41:37,580 - synthesizer.smt          | ForkPoolWorker-2  - DEBUG   : Round 2: Binding round variables to gadget input variables
2021-11-28 21:41:37,589 - synthesizer.smt          | ForkPoolWorker-1  - DEBUG   : Round 0: Setting up phi nodes
2021-11-28 21:41:37,627 - synthesizer.smt          | ForkPoolWorker-2  - DEBUG   : Round 2: Setting up phi nodes
2021-11-28 21:41:38,625 - synthesizer.smt          | ForkPoolWorker-2  - DEBUG   : Round 3: Constraining available gadgets
2021-11-28 21:41:38,625 - synthesizer.smt          | ForkPoolWorker-2  - DEBUG   : Round 3: Binding round variables to gadget input variables
2021-11-28 21:41:38,646 - synthesizer.smt          | ForkPoolWorker-3  - DEBUG   : Round 2: Constraining available gadgets
2021-11-28 21:41:38,646 - synthesizer.smt          | ForkPoolWorker-3  - DEBUG   : Round 2: Binding round variables to gadget input variables
2021-11-28 21:41:38,659 - synthesizer.smt          | ForkPoolWorker-2  - DEBUG   : Round 3: Setting up phi nodes
2021-11-28 21:41:38,668 - synthesizer.smt          | ForkPoolWorker-2  - DEBUG   : Setting up final out vars
2021-11-28 21:41:38,688 - synthesizer.smt          | ForkPoolWorker-3  - DEBUG   : Round 2: Setting up phi nodes
2021-11-28 21:41:38,692 - synthesizer.smt          | ForkPoolWorker-2  - DEBUG   : Setting up pointer postconditions
2021-11-28 21:41:38,692 - synthesizer.smt          | ForkPoolWorker-2  - DEBUG   : Setting up postconditions
2021-11-28 21:41:38,857 - synthesizer              | ForkPoolWorker-2  - INFO    : Encoded 100 IR gadgets as SMT formula (55545 assertions) in 4.91s
2021-11-28 21:41:38,885 - synthesizer              | ForkPoolWorker-2  - DEBUG   : formula-smt2.txt written in 0.01s
2021-11-28 21:41:38,885 - synthesizer              | ForkPoolWorker-2  - INFO    : Running solver /home/vagrant/.local/bin/boolector
2021-11-28 21:41:39,027 - synthesizer              | ForkPoolWorker-5  - INFO    : Lifted 300 ASM gadgets to 300 IRa gadgets in 6.09s
2021-11-28 21:41:39,031 - synthesizer              | ForkPoolWorker-5  - DEBUG   : Encoding IR gadgets as SMT formula
2021-11-28 21:41:39,032 - synthesizer.smt          | ForkPoolWorker-5  - DEBUG   : Setting up preconditions
2021-11-28 21:41:39,032 - synthesizer.smt          | ForkPoolWorker-5  - DEBUG   : Setting up stack data
2021-11-28 21:41:39,032 - synthesizer.smt          | ForkPoolWorker-5  - DEBUG   : Encoding program
2021-11-28 21:41:39,061 - synthesizer.smt          | ForkPoolWorker-1  - DEBUG   : Round 1: Constraining available gadgets
2021-11-28 21:41:39,061 - synthesizer.smt          | ForkPoolWorker-1  - DEBUG   : Round 1: Binding round variables to gadget input variables
2021-11-28 21:41:39,072 - synthesizer.smt          | ForkPoolWorker-1  - DEBUG   : Round 1: Setting up phi nodes
2021-11-28 21:41:39,975 - synthesizer              | ForkPoolWorker-6  - INFO    : Lifted 300 ASM gadgets to 300 IRa gadgets in 6.88s
2021-11-28 21:41:39,993 - synthesizer              | ForkPoolWorker-6  - DEBUG   : Encoding IR gadgets as SMT formula
2021-11-28 21:41:39,993 - synthesizer.smt          | ForkPoolWorker-6  - DEBUG   : Setting up preconditions
2021-11-28 21:41:39,993 - synthesizer.smt          | ForkPoolWorker-6  - DEBUG   : Setting up stack data
2021-11-28 21:41:39,994 - synthesizer.smt          | ForkPoolWorker-6  - DEBUG   : Encoding program
2021-11-28 21:41:40,031 - synthesizer.smt          | ForkPoolWorker-3  - DEBUG   : Round 3: Constraining available gadgets
2021-11-28 21:41:40,031 - synthesizer.smt          | ForkPoolWorker-3  - DEBUG   : Round 3: Binding round variables to gadget input variables
2021-11-28 21:41:40,067 - synthesizer.smt          | ForkPoolWorker-3  - DEBUG   : Round 3: Setting up phi nodes
2021-11-28 21:41:40,092 - synthesizer.smt          | ForkPoolWorker-3  - DEBUG   : Setting up final out vars
2021-11-28 21:41:40,092 - synthesizer.smt          | ForkPoolWorker-3  - DEBUG   : Setting up pointer postconditions
2021-11-28 21:41:40,092 - synthesizer.smt          | ForkPoolWorker-3  - DEBUG   : Setting up postconditions
2021-11-28 21:41:40,316 - synthesizer              | ForkPoolWorker-3  - INFO    : Encoded 100 IR gadgets as SMT formula (59545 assertions) in 5.76s
2021-11-28 21:41:40,368 - synthesizer              | ForkPoolWorker-3  - DEBUG   : formula-smt2.txt written in 0.03s
2021-11-28 21:41:40,368 - synthesizer              | ForkPoolWorker-3  - INFO    : Running solver /home/vagrant/.local/bin/boolector
2021-11-28 21:41:40,447 - synthesizer.smt          | ForkPoolWorker-1  - DEBUG   : Round 2: Constraining available gadgets
2021-11-28 21:41:40,447 - synthesizer.smt          | ForkPoolWorker-1  - DEBUG   : Round 2: Binding round variables to gadget input variables
2021-11-28 21:41:40,490 - synthesizer.smt          | ForkPoolWorker-1  - DEBUG   : Round 2: Setting up phi nodes
2021-11-28 21:41:40,693 - synthesizer              | ForkPoolWorker-4  - INFO    : Lifted 300 ASM gadgets to 300 IRa gadgets in 7.48s
2021-11-28 21:41:40,700 - synthesizer              | ForkPoolWorker-4  - DEBUG   : Encoding IR gadgets as SMT formula
2021-11-28 21:41:40,700 - synthesizer.smt          | ForkPoolWorker-4  - DEBUG   : Setting up preconditions
2021-11-28 21:41:40,700 - synthesizer.smt          | ForkPoolWorker-4  - DEBUG   : Setting up stack data
2021-11-28 21:41:40,701 - synthesizer.smt          | ForkPoolWorker-4  - DEBUG   : Encoding program
2021-11-28 21:41:42,018 - synthesizer.smt          | ForkPoolWorker-1  - DEBUG   : Round 3: Constraining available gadgets
2021-11-28 21:41:42,018 - synthesizer.smt          | ForkPoolWorker-1  - DEBUG   : Round 3: Binding round variables to gadget input variables
2021-11-28 21:41:42,059 - synthesizer.smt          | ForkPoolWorker-1  - DEBUG   : Round 3: Setting up phi nodes
2021-11-28 21:41:42,079 - synthesizer.smt          | ForkPoolWorker-1  - DEBUG   : Setting up final out vars
2021-11-28 21:41:42,080 - synthesizer.smt          | ForkPoolWorker-1  - DEBUG   : Setting up pointer postconditions
2021-11-28 21:41:42,080 - synthesizer.smt          | ForkPoolWorker-1  - DEBUG   : Setting up postconditions
2021-11-28 21:41:42,384 - synthesizer              | ForkPoolWorker-1  - INFO    : Encoded 100 IR gadgets as SMT formula (63545 assertions) in 6.81s
2021-11-28 21:41:42,474 - synthesizer              | ForkPoolWorker-1  - DEBUG   : formula-smt2.txt written in 0.07s
2021-11-28 21:41:42,474 - synthesizer              | ForkPoolWorker-1  - INFO    : Running solver /home/vagrant/.local/bin/boolector
2021-11-28 21:41:43,530 - synthesizer.smt          | ForkPoolWorker-5  - DEBUG   : Round 0: Constraining available gadgets
2021-11-28 21:41:43,530 - synthesizer.smt          | ForkPoolWorker-5  - DEBUG   : Round 0: Binding round variables to gadget input variables
2021-11-28 21:41:43,619 - synthesizer.smt          | ForkPoolWorker-5  - DEBUG   : Round 0: Setting up phi nodes
2021-11-28 21:41:44,726 - synthesizer.smt          | ForkPoolWorker-6  - DEBUG   : Round 0: Constraining available gadgets
2021-11-28 21:41:44,726 - synthesizer.smt          | ForkPoolWorker-6  - DEBUG   : Round 0: Binding round variables to gadget input variables
2021-11-28 21:41:44,822 - synthesizer.smt          | ForkPoolWorker-6  - DEBUG   : Round 0: Setting up phi nodes
2021-11-28 21:41:45,672 - synthesizer.smt          | ForkPoolWorker-4  - DEBUG   : Round 0: Constraining available gadgets
2021-11-28 21:41:45,672 - synthesizer.smt          | ForkPoolWorker-4  - DEBUG   : Round 0: Binding round variables to gadget input variables
2021-11-28 21:41:45,752 - synthesizer.smt          | ForkPoolWorker-4  - DEBUG   : Round 0: Setting up phi nodes
2021-11-28 21:41:46,575 - synthesizer              | ForkPoolWorker-2  - INFO    : Solver returned UNSAT in 7.65s
2021-11-28 21:41:46,575 - synthesizer              | ForkPoolWorker-2  - DEBUG   : result.json written
2021-11-28 21:41:47,244 - synthesizer.smt          | ForkPoolWorker-5  - DEBUG   : Round 1: Constraining available gadgets
2021-11-28 21:41:47,244 - synthesizer.smt          | ForkPoolWorker-5  - DEBUG   : Round 1: Binding round variables to gadget input variables
2021-11-28 21:41:47,315 - synthesizer.smt          | ForkPoolWorker-5  - DEBUG   : Round 1: Setting up phi nodes
2021-11-28 21:41:48,146 - synthesizer.smt          | ForkPoolWorker-6  - DEBUG   : Round 1: Constraining available gadgets
2021-11-28 21:41:48,146 - synthesizer.smt          | ForkPoolWorker-6  - DEBUG   : Round 1: Binding round variables to gadget input variables
2021-11-28 21:41:48,210 - synthesizer.smt          | ForkPoolWorker-6  - DEBUG   : Round 1: Setting up phi nodes
2021-11-28 21:41:48,563 - synthesizer              | ForkPoolWorker-3  - INFO    : Solver returned UNSAT in 8.16s
2021-11-28 21:41:48,565 - synthesizer              | ForkPoolWorker-3  - DEBUG   : result.json written
2021-11-28 21:41:49,095 - synthesizer.smt          | ForkPoolWorker-4  - DEBUG   : Round 1: Constraining available gadgets
2021-11-28 21:41:49,096 - synthesizer.smt          | ForkPoolWorker-4  - DEBUG   : Round 1: Binding round variables to gadget input variables
2021-11-28 21:41:49,151 - synthesizer.smt          | ForkPoolWorker-4  - DEBUG   : Round 1: Setting up phi nodes
2021-11-28 21:41:49,903 - synthesizer.smt          | ForkPoolWorker-5  - DEBUG   : Round 2: Constraining available gadgets
2021-11-28 21:41:49,903 - synthesizer.smt          | ForkPoolWorker-5  - DEBUG   : Round 2: Binding round variables to gadget input variables
2021-11-28 21:41:49,969 - synthesizer.smt          | ForkPoolWorker-5  - DEBUG   : Round 2: Setting up phi nodes
2021-11-28 21:41:50,737 - synthesizer.smt          | ForkPoolWorker-6  - DEBUG   : Round 2: Constraining available gadgets
2021-11-28 21:41:50,737 - synthesizer.smt          | ForkPoolWorker-6  - DEBUG   : Round 2: Binding round variables to gadget input variables
2021-11-28 21:41:50,788 - synthesizer.smt          | ForkPoolWorker-6  - DEBUG   : Round 2: Setting up phi nodes
2021-11-28 21:41:51,125 - synthesizer              | ForkPoolWorker-1  - INFO    : Solver returned UNSAT in 8.65s
2021-11-28 21:41:51,126 - synthesizer              | ForkPoolWorker-1  - DEBUG   : result.json written
2021-11-28 21:41:51,483 - synthesizer.smt          | ForkPoolWorker-4  - DEBUG   : Round 2: Constraining available gadgets
2021-11-28 21:41:51,483 - synthesizer.smt          | ForkPoolWorker-4  - DEBUG   : Round 2: Binding round variables to gadget input variables
2021-11-28 21:41:51,557 - synthesizer.smt          | ForkPoolWorker-4  - DEBUG   : Round 2: Setting up phi nodes
2021-11-28 21:41:52,061 - synthesizer.smt          | ForkPoolWorker-5  - DEBUG   : Round 3: Constraining available gadgets
2021-11-28 21:41:52,062 - synthesizer.smt          | ForkPoolWorker-5  - DEBUG   : Round 3: Binding round variables to gadget input variables
2021-11-28 21:41:52,092 - synthesizer.smt          | ForkPoolWorker-5  - DEBUG   : Round 3: Setting up phi nodes
2021-11-28 21:41:52,151 - synthesizer.smt          | ForkPoolWorker-5  - DEBUG   : Setting up final out vars
2021-11-28 21:41:52,152 - synthesizer.smt          | ForkPoolWorker-5  - DEBUG   : Setting up pointer postconditions
2021-11-28 21:41:52,152 - synthesizer.smt          | ForkPoolWorker-5  - DEBUG   : Setting up postconditions
2021-11-28 21:41:52,449 - synthesizer              | ForkPoolWorker-5  - INFO    : Encoded 300 IR gadgets as SMT formula (169805 assertions) in 13.42s
2021-11-28 21:41:52,510 - synthesizer              | ForkPoolWorker-5  - DEBUG   : formula-smt2.txt written in 0.04s
2021-11-28 21:41:52,511 - synthesizer              | ForkPoolWorker-5  - INFO    : Running solver /home/vagrant/.local/bin/boolector
2021-11-28 21:41:52,601 - synthesizer.smt          | ForkPoolWorker-6  - DEBUG   : Round 3: Constraining available gadgets
2021-11-28 21:41:52,602 - synthesizer.smt          | ForkPoolWorker-6  - DEBUG   : Round 3: Binding round variables to gadget input variables
2021-11-28 21:41:52,649 - synthesizer.smt          | ForkPoolWorker-6  - DEBUG   : Round 3: Setting up phi nodes
2021-11-28 21:41:52,707 - synthesizer.smt          | ForkPoolWorker-6  - DEBUG   : Setting up final out vars
2021-11-28 21:41:52,707 - synthesizer.smt          | ForkPoolWorker-6  - DEBUG   : Setting up pointer postconditions
2021-11-28 21:41:52,708 - synthesizer.smt          | ForkPoolWorker-6  - DEBUG   : Setting up postconditions
2021-11-28 21:41:53,077 - synthesizer              | ForkPoolWorker-6  - INFO    : Encoded 300 IR gadgets as SMT formula (171885 assertions) in 13.08s
2021-11-28 21:41:53,281 - synthesizer              | ForkPoolWorker-6  - DEBUG   : formula-smt2.txt written in 0.15s
2021-11-28 21:41:53,282 - synthesizer              | ForkPoolWorker-6  - INFO    : Running solver /home/vagrant/.local/bin/boolector
2021-11-28 21:41:53,710 - synthesizer.smt          | ForkPoolWorker-4  - DEBUG   : Round 3: Constraining available gadgets
2021-11-28 21:41:53,711 - synthesizer.smt          | ForkPoolWorker-4  - DEBUG   : Round 3: Binding round variables to gadget input variables
2021-11-28 21:41:53,790 - synthesizer.smt          | ForkPoolWorker-4  - DEBUG   : Round 3: Setting up phi nodes
2021-11-28 21:41:53,863 - synthesizer.smt          | ForkPoolWorker-4  - DEBUG   : Setting up final out vars
2021-11-28 21:41:53,863 - synthesizer.smt          | ForkPoolWorker-4  - DEBUG   : Setting up pointer postconditions
2021-11-28 21:41:53,863 - synthesizer.smt          | ForkPoolWorker-4  - DEBUG   : Setting up postconditions
2021-11-28 21:41:54,361 - synthesizer              | ForkPoolWorker-4  - INFO    : Encoded 300 IR gadgets as SMT formula (176049 assertions) in 13.66s
2021-11-28 21:41:54,533 - synthesizer              | ForkPoolWorker-4  - DEBUG   : formula-smt2.txt written in 0.11s
2021-11-28 21:41:54,533 - synthesizer              | ForkPoolWorker-4  - INFO    : Running solver /home/vagrant/.local/bin/boolector
2021-11-28 21:42:06,990 - synthesizer              | ForkPoolWorker-5  - INFO    : Solver returned UNSAT in 14.48s
2021-11-28 21:42:06,992 - synthesizer              | ForkPoolWorker-5  - DEBUG   : result.json written
2021-11-28 21:42:07,590 - synthesizer              | ForkPoolWorker-6  - INFO    : Solver returned UNSAT in 14.31s
2021-11-28 21:42:07,592 - synthesizer              | ForkPoolWorker-6  - DEBUG   : result.json written
2021-11-28 21:42:09,258 - synthesizer              | ForkPoolWorker-4  - INFO    : Solver returned UNSAT in 14.72s
2021-11-28 21:42:09,260 - synthesizer              | ForkPoolWorker-4  - DEBUG   : result.json written
2021-11-28 21:42:09,287 - synthesizer              | MainProcess       - DEBUG   : Received 6 results
2021-11-28 21:42:09,288 - synthesizer              | MainProcess       - INFO    : Done in 39.03s
