2021-12-06 16:23:09,883 - synthesizer              | MainProcess       - INFO    : Starting synthesizer
2021-12-06 16:23:09,883 - synthesizer              | MainProcess       - DEBUG   : Using up to 6 processes
2021-12-06 16:23:09,883 - synthesizer.config       | MainProcess       - DEBUG   : Loading SynthesizerConfig from 'synthesizer_config_default.json'
2021-12-06 16:23:09,884 - synthesizer              | MainProcess       - DEBUG   : Using configuration at /vagrant/gadget_synthesis/targets/coreutils/date-8.21/config_execve_minimal.json
2021-12-06 16:23:09,884 - synthesizer.config       | MainProcess       - DEBUG   : Loading TargetConfig from '/vagrant/gadget_synthesis/targets/coreutils/date-8.21/config_execve_minimal.json'
2021-12-06 16:23:09,884 - synthesizer.config       | MainProcess       - DEBUG   : Executable is relative path: 'date.orig' - adjusting to '/vagrant/gadget_synthesis/targets/coreutils/date-8.21/date.orig'
2021-12-06 16:23:09,885 - synthesizer.config       | MainProcess       - DEBUG   : Using 0 free variables, 2 preconditions, 4 postconditions, and 1 ptr_postconditions
2021-12-06 16:23:09,885 - synthesizer              | MainProcess       - DEBUG   : Disassembly settings used: target_name=date.orig, target=/vagrant/gadget_synthesis/targets/coreutils/date-8.21/date.orig, workdir=/tmp/gadget_synthesis/date-8.21, disas_unaligned=False, control_flow_types=['ret', 'call', 'jmp'], max_processes=6, timeout=3600, cache_name=gadgets, cache_type=JSON
2021-12-06 16:23:09,885 - synthesizer              | MainProcess       - DEBUG   : Preparing date-8.21
2021-12-06 16:23:09,885 - synthesizer              | MainProcess       - DEBUG   : Ensure function addresses are cached for date-8.21
2021-12-06 16:23:09,885 - synthesizer.disasm       | MainProcess       - DEBUG   : Extracting function addresses from 'date.orig'
2021-12-06 16:23:09,885 - synthesizer.cache        | MainProcess       - DEBUG   : Cache intialized (function_addrs.json)
2021-12-06 16:23:09,885 - synthesizer.cache        | MainProcess       - DEBUG   : Metadata is at /vagrant/gadget_synthesis/targets/coreutils/date-8.21/.cache/.metadata
2021-12-06 16:23:09,887 - synthesizer.disasm       | MainProcess       - DEBUG   : Returning 89 cached function addresses
2021-12-06 16:23:09,888 - synthesizer              | MainProcess       - DEBUG   : Ensure valid gadgets are cached for date-8.21
2021-12-06 16:23:09,888 - synthesizer.disasm       | MainProcess       - DEBUG   : Caching gadgets for date.orig
2021-12-06 16:23:09,888 - synthesizer.cache        | MainProcess       - DEBUG   : Cache intialized (gadgets.json)
2021-12-06 16:23:09,888 - synthesizer.cache        | MainProcess       - DEBUG   : Metadata is at /vagrant/gadget_synthesis/targets/coreutils/date-8.21/.cache/.metadata
2021-12-06 16:23:09,889 - synthesizer.disasm       | MainProcess       - DEBUG   : Gadget addresses already cached
2021-12-06 16:23:09,890 - synthesizer              | MainProcess       - DEBUG   : Ensure necessary libraries are cached
2021-12-06 16:23:09,890 - synthesizer.disasm       | MainProcess       - DEBUG   : Extracting function addresses from 'libc-2.31.so'
2021-12-06 16:23:09,890 - synthesizer.cache        | MainProcess       - DEBUG   : Cache intialized (libc_func_addrs.json)
2021-12-06 16:23:09,890 - synthesizer.cache        | MainProcess       - DEBUG   : Metadata is at /vagrant/gadget_synthesis/targets/coreutils/date-8.21/../../libraries/.cache/.metadata
2021-12-06 16:23:09,898 - synthesizer.disasm       | MainProcess       - DEBUG   : Returning 3100 cached function addresses
2021-12-06 16:23:09,899 - synthesizer.disasm       | MainProcess       - DEBUG   : Caching gadgets for libc-2.31.so
2021-12-06 16:23:09,899 - synthesizer.cache        | MainProcess       - DEBUG   : Cache intialized (libc_gadgets.json)
2021-12-06 16:23:09,899 - synthesizer.cache        | MainProcess       - DEBUG   : Metadata is at /vagrant/gadget_synthesis/targets/coreutils/date-8.21/../../libraries/.cache/.metadata
2021-12-06 16:23:09,909 - synthesizer.disasm       | MainProcess       - DEBUG   : Gadget addresses already cached
2021-12-06 16:23:09,909 - synthesizer              | MainProcess       - INFO    : Colleted 6 configurations for date-8.21
2021-12-06 16:23:09,910 - synthesizer              | MainProcess       - DEBUG   : Collected 6 configruations in total
2021-12-06 16:23:09,927 - synthesizer              | ForkPoolWorker-1  - INFO    : Running config: date-8.21 - iteration4-blocks0100-offset000-sw16
2021-12-06 16:23:09,929 - synthesizer              | ForkPoolWorker-2  - INFO    : Running config: date-8.21 - iteration4-blocks0100-offset001-sw16
2021-12-06 16:23:09,930 - synthesizer              | ForkPoolWorker-3  - INFO    : Running config: date-8.21 - iteration4-blocks0100-offset002-sw16
2021-12-06 16:23:09,932 - synthesizer              | ForkPoolWorker-1  - DEBUG   : Workdir is /tmp/gadget_synthesis/date-8.21/iteration4-blocks0100-offset000-sw16
2021-12-06 16:23:09,932 - synthesizer              | ForkPoolWorker-3  - DEBUG   : Workdir is /tmp/gadget_synthesis/date-8.21/iteration4-blocks0100-offset002-sw16
2021-12-06 16:23:09,932 - synthesizer              | ForkPoolWorker-3  - DEBUG   : Seed is 2
2021-12-06 16:23:09,932 - synthesizer              | ForkPoolWorker-2  - DEBUG   : Workdir is /tmp/gadget_synthesis/date-8.21/iteration4-blocks0100-offset001-sw16
2021-12-06 16:23:09,932 - synthesizer              | ForkPoolWorker-2  - DEBUG   : Seed is 1
2021-12-06 16:23:09,932 - synthesizer.cache        | ForkPoolWorker-3  - DEBUG   : Cache intialized (gadgets.json)
2021-12-06 16:23:09,933 - synthesizer.cache        | ForkPoolWorker-3  - DEBUG   : Metadata is at /vagrant/gadget_synthesis/targets/coreutils/date-8.21/.cache/.metadata
2021-12-06 16:23:09,933 - synthesizer.cache        | ForkPoolWorker-2  - DEBUG   : Cache intialized (gadgets.json)
2021-12-06 16:23:09,933 - synthesizer.cache        | ForkPoolWorker-2  - DEBUG   : Metadata is at /vagrant/gadget_synthesis/targets/coreutils/date-8.21/.cache/.metadata
2021-12-06 16:23:09,932 - synthesizer              | ForkPoolWorker-1  - DEBUG   : Seed is 0
2021-12-06 16:23:09,932 - synthesizer              | ForkPoolWorker-4  - INFO    : Running config: date-8.21 - iteration4-blocks0300-offset000-sw16
2021-12-06 16:23:09,933 - synthesizer.cache        | ForkPoolWorker-1  - DEBUG   : Cache intialized (gadgets.json)
2021-12-06 16:23:09,934 - synthesizer.cache        | ForkPoolWorker-1  - DEBUG   : Metadata is at /vagrant/gadget_synthesis/targets/coreutils/date-8.21/.cache/.metadata
2021-12-06 16:23:09,934 - synthesizer              | ForkPoolWorker-4  - DEBUG   : Workdir is /tmp/gadget_synthesis/date-8.21/iteration4-blocks0300-offset000-sw16
2021-12-06 16:23:09,934 - synthesizer              | ForkPoolWorker-4  - DEBUG   : Seed is 0
2021-12-06 16:23:09,934 - synthesizer.cache        | ForkPoolWorker-4  - DEBUG   : Cache intialized (gadgets.json)
2021-12-06 16:23:09,935 - synthesizer.cache        | ForkPoolWorker-4  - DEBUG   : Metadata is at /vagrant/gadget_synthesis/targets/coreutils/date-8.21/.cache/.metadata
2021-12-06 16:23:09,939 - synthesizer              | ForkPoolWorker-6  - INFO    : Running config: date-8.21 - iteration4-blocks0300-offset002-sw16
2021-12-06 16:23:09,942 - synthesizer              | ForkPoolWorker-6  - DEBUG   : Workdir is /tmp/gadget_synthesis/date-8.21/iteration4-blocks0300-offset002-sw16
2021-12-06 16:23:09,942 - synthesizer              | ForkPoolWorker-6  - DEBUG   : Seed is 2
2021-12-06 16:23:09,942 - synthesizer.disasm       | ForkPoolWorker-2  - DEBUG   : Loading cached gadget addresses
2021-12-06 16:23:09,942 - synthesizer.cache        | ForkPoolWorker-6  - DEBUG   : Cache intialized (gadgets.json)
2021-12-06 16:23:09,942 - synthesizer.cache        | ForkPoolWorker-6  - DEBUG   : Metadata is at /vagrant/gadget_synthesis/targets/coreutils/date-8.21/.cache/.metadata
2021-12-06 16:23:09,946 - synthesizer.disasm       | ForkPoolWorker-1  - DEBUG   : Loading cached gadget addresses
2021-12-06 16:23:09,947 - synthesizer.disasm       | ForkPoolWorker-6  - DEBUG   : Loading cached gadget addresses
2021-12-06 16:23:09,939 - synthesizer              | ForkPoolWorker-5  - INFO    : Running config: date-8.21 - iteration4-blocks0300-offset001-sw16
2021-12-06 16:23:09,948 - synthesizer              | ForkPoolWorker-5  - DEBUG   : Workdir is /tmp/gadget_synthesis/date-8.21/iteration4-blocks0300-offset001-sw16
2021-12-06 16:23:09,948 - synthesizer              | ForkPoolWorker-5  - DEBUG   : Seed is 1
2021-12-06 16:23:09,948 - synthesizer.cache        | ForkPoolWorker-5  - DEBUG   : Cache intialized (gadgets.json)
2021-12-06 16:23:09,948 - synthesizer.cache        | ForkPoolWorker-5  - DEBUG   : Metadata is at /vagrant/gadget_synthesis/targets/coreutils/date-8.21/.cache/.metadata
2021-12-06 16:23:09,950 - synthesizer.disasm       | ForkPoolWorker-4  - DEBUG   : Loading cached gadget addresses
2021-12-06 16:23:09,951 - synthesizer.disasm       | ForkPoolWorker-3  - DEBUG   : Loading cached gadget addresses
2021-12-06 16:23:09,947 - synthesizer.selection    | ForkPoolWorker-2  - INFO    : Selecting 100 from 544 available gadgets (1 fixed)
2021-12-06 16:23:09,956 - synthesizer.disasm       | ForkPoolWorker-2  - DEBUG   : Disassembling 100 gadgets. This may take a while..
2021-12-06 16:23:09,957 - synthesizer.selection    | ForkPoolWorker-3  - INFO    : Selecting 100 from 544 available gadgets (1 fixed)
2021-12-06 16:23:09,958 - synthesizer.disasm       | ForkPoolWorker-3  - DEBUG   : Disassembling 100 gadgets. This may take a while..
2021-12-06 16:23:09,951 - synthesizer.selection    | ForkPoolWorker-6  - INFO    : Selecting 300 from 544 available gadgets (1 fixed)
2021-12-06 16:23:09,959 - synthesizer.disasm       | ForkPoolWorker-6  - DEBUG   : Disassembling 300 gadgets. This may take a while..
2021-12-06 16:23:09,960 - synthesizer.disasm       | ForkPoolWorker-5  - DEBUG   : Loading cached gadget addresses
2021-12-06 16:23:09,953 - synthesizer.selection    | ForkPoolWorker-4  - INFO    : Selecting 300 from 544 available gadgets (1 fixed)
2021-12-06 16:23:09,967 - synthesizer.disasm       | ForkPoolWorker-4  - DEBUG   : Disassembling 300 gadgets. This may take a while..
2021-12-06 16:23:09,960 - synthesizer.selection    | ForkPoolWorker-1  - INFO    : Selecting 100 from 544 available gadgets (1 fixed)
2021-12-06 16:23:09,968 - synthesizer.disasm       | ForkPoolWorker-1  - DEBUG   : Disassembling 100 gadgets. This may take a while..
2021-12-06 16:23:09,965 - synthesizer.selection    | ForkPoolWorker-5  - INFO    : Selecting 300 from 544 available gadgets (1 fixed)
2021-12-06 16:23:09,971 - synthesizer.disasm       | ForkPoolWorker-5  - DEBUG   : Disassembling 300 gadgets. This may take a while..
2021-12-06 16:23:11,455 - synthesizer.disasm       | ForkPoolWorker-2  - DEBUG   : Rebased gadgets onto load address 0x400000
2021-12-06 16:23:11,456 - synthesizer.disasm       | ForkPoolWorker-2  - DEBUG   : Disassembled 100 from main executable (date.orig)
2021-12-06 16:23:11,456 - synthesizer.disasm       | ForkPoolWorker-2  - DEBUG   : Disassembled 0 from libc
2021-12-06 16:23:11,456 - synthesizer              | ForkPoolWorker-2  - INFO    : Disassembled ASM block for 100 gadgets in 1.5s
2021-12-06 16:23:11,680 - synthesizer.disasm       | ForkPoolWorker-3  - DEBUG   : Rebased gadgets onto load address 0x400000
2021-12-06 16:23:11,681 - synthesizer.disasm       | ForkPoolWorker-3  - DEBUG   : Disassembled 100 from main executable (date.orig)
2021-12-06 16:23:11,681 - synthesizer.disasm       | ForkPoolWorker-3  - DEBUG   : Disassembled 0 from libc
2021-12-06 16:23:11,681 - synthesizer              | ForkPoolWorker-3  - INFO    : Disassembled ASM block for 100 gadgets in 1.72s
2021-12-06 16:23:11,794 - synthesizer.disasm       | ForkPoolWorker-1  - DEBUG   : Rebased gadgets onto load address 0x400000
2021-12-06 16:23:11,794 - synthesizer.disasm       | ForkPoolWorker-1  - DEBUG   : Disassembled 100 from main executable (date.orig)
2021-12-06 16:23:11,794 - synthesizer.disasm       | ForkPoolWorker-1  - DEBUG   : Disassembled 0 from libc
2021-12-06 16:23:11,794 - synthesizer              | ForkPoolWorker-1  - INFO    : Disassembled ASM block for 100 gadgets in 1.83s
2021-12-06 16:23:12,678 - synthesizer.disasm       | ForkPoolWorker-6  - DEBUG   : Rebased gadgets onto load address 0x400000
2021-12-06 16:23:12,678 - synthesizer.disasm       | ForkPoolWorker-6  - DEBUG   : Disassembled 300 from main executable (date.orig)
2021-12-06 16:23:12,678 - synthesizer.disasm       | ForkPoolWorker-6  - DEBUG   : Disassembled 0 from libc
2021-12-06 16:23:12,678 - synthesizer              | ForkPoolWorker-6  - INFO    : Disassembled ASM block for 300 gadgets in 2.72s
2021-12-06 16:23:12,787 - synthesizer.disasm       | ForkPoolWorker-4  - DEBUG   : Rebased gadgets onto load address 0x400000
2021-12-06 16:23:12,787 - synthesizer.disasm       | ForkPoolWorker-4  - DEBUG   : Disassembled 300 from main executable (date.orig)
2021-12-06 16:23:12,787 - synthesizer.disasm       | ForkPoolWorker-4  - DEBUG   : Disassembled 0 from libc
2021-12-06 16:23:12,787 - synthesizer              | ForkPoolWorker-4  - INFO    : Disassembled ASM block for 300 gadgets in 2.82s
2021-12-06 16:23:13,027 - synthesizer.disasm       | ForkPoolWorker-5  - DEBUG   : Rebased gadgets onto load address 0x400000
2021-12-06 16:23:13,027 - synthesizer.disasm       | ForkPoolWorker-5  - DEBUG   : Disassembled 300 from main executable (date.orig)
2021-12-06 16:23:13,027 - synthesizer.disasm       | ForkPoolWorker-5  - DEBUG   : Disassembled 0 from libc
2021-12-06 16:23:13,028 - synthesizer              | ForkPoolWorker-5  - INFO    : Disassembled ASM block for 300 gadgets in 3.06s
2021-12-06 16:23:13,432 - synthesizer              | ForkPoolWorker-2  - INFO    : Lifted 100 ASM gadgets to 100 IRa gadgets in 1.98s
2021-12-06 16:23:13,478 - synthesizer              | ForkPoolWorker-2  - DEBUG   : Encoding IR gadgets as SMT formula
2021-12-06 16:23:13,478 - synthesizer.smt          | ForkPoolWorker-2  - DEBUG   : Setting up preconditions
2021-12-06 16:23:13,478 - synthesizer.smt          | ForkPoolWorker-2  - DEBUG   : Setting up stack data
2021-12-06 16:23:13,479 - synthesizer.smt          | ForkPoolWorker-2  - DEBUG   : Encoding program
2021-12-06 16:23:14,199 - synthesizer              | ForkPoolWorker-3  - INFO    : Lifted 100 ASM gadgets to 100 IRa gadgets in 2.51s
2021-12-06 16:23:14,201 - synthesizer              | ForkPoolWorker-3  - DEBUG   : Encoding IR gadgets as SMT formula
2021-12-06 16:23:14,202 - synthesizer.smt          | ForkPoolWorker-3  - DEBUG   : Setting up preconditions
2021-12-06 16:23:14,202 - synthesizer.smt          | ForkPoolWorker-3  - DEBUG   : Setting up stack data
2021-12-06 16:23:14,202 - synthesizer.smt          | ForkPoolWorker-3  - DEBUG   : Encoding program
2021-12-06 16:23:14,931 - synthesizer.smt          | ForkPoolWorker-2  - DEBUG   : Round 0: Constraining available gadgets
2021-12-06 16:23:14,931 - synthesizer.smt          | ForkPoolWorker-2  - DEBUG   : Round 0: Binding round variables to gadget input variables
2021-12-06 16:23:14,961 - synthesizer.smt          | ForkPoolWorker-2  - DEBUG   : Round 0: Setting up phi nodes
2021-12-06 16:23:15,096 - synthesizer              | ForkPoolWorker-1  - INFO    : Lifted 100 ASM gadgets to 100 IRa gadgets in 3.29s
2021-12-06 16:23:15,103 - synthesizer              | ForkPoolWorker-1  - DEBUG   : Encoding IR gadgets as SMT formula
2021-12-06 16:23:15,103 - synthesizer.smt          | ForkPoolWorker-1  - DEBUG   : Setting up preconditions
2021-12-06 16:23:15,103 - synthesizer.smt          | ForkPoolWorker-1  - DEBUG   : Setting up stack data
2021-12-06 16:23:15,104 - synthesizer.smt          | ForkPoolWorker-1  - DEBUG   : Encoding program
2021-12-06 16:23:15,815 - synthesizer.smt          | ForkPoolWorker-3  - DEBUG   : Round 0: Constraining available gadgets
2021-12-06 16:23:15,815 - synthesizer.smt          | ForkPoolWorker-3  - DEBUG   : Round 0: Binding round variables to gadget input variables
2021-12-06 16:23:15,871 - synthesizer.smt          | ForkPoolWorker-3  - DEBUG   : Round 0: Setting up phi nodes
2021-12-06 16:23:15,906 - synthesizer.smt          | ForkPoolWorker-2  - DEBUG   : Round 1: Constraining available gadgets
2021-12-06 16:23:15,906 - synthesizer.smt          | ForkPoolWorker-2  - DEBUG   : Round 1: Binding round variables to gadget input variables
2021-12-06 16:23:15,948 - synthesizer.smt          | ForkPoolWorker-2  - DEBUG   : Round 1: Setting up phi nodes
2021-12-06 16:23:16,958 - synthesizer.smt          | ForkPoolWorker-3  - DEBUG   : Round 1: Constraining available gadgets
2021-12-06 16:23:16,958 - synthesizer.smt          | ForkPoolWorker-3  - DEBUG   : Round 1: Binding round variables to gadget input variables
2021-12-06 16:23:16,968 - synthesizer.smt          | ForkPoolWorker-3  - DEBUG   : Round 1: Setting up phi nodes
2021-12-06 16:23:17,109 - synthesizer.smt          | ForkPoolWorker-1  - DEBUG   : Round 0: Constraining available gadgets
2021-12-06 16:23:17,109 - synthesizer.smt          | ForkPoolWorker-1  - DEBUG   : Round 0: Binding round variables to gadget input variables
2021-12-06 16:23:17,119 - synthesizer.smt          | ForkPoolWorker-1  - DEBUG   : Round 0: Setting up phi nodes
2021-12-06 16:23:17,131 - synthesizer.smt          | ForkPoolWorker-2  - DEBUG   : Round 2: Constraining available gadgets
2021-12-06 16:23:17,131 - synthesizer.smt          | ForkPoolWorker-2  - DEBUG   : Round 2: Binding round variables to gadget input variables
2021-12-06 16:23:17,186 - synthesizer.smt          | ForkPoolWorker-2  - DEBUG   : Round 2: Setting up phi nodes
2021-12-06 16:23:18,193 - synthesizer.smt          | ForkPoolWorker-2  - DEBUG   : Round 3: Constraining available gadgets
2021-12-06 16:23:18,193 - synthesizer.smt          | ForkPoolWorker-2  - DEBUG   : Round 3: Binding round variables to gadget input variables
2021-12-06 16:23:18,201 - synthesizer.smt          | ForkPoolWorker-3  - DEBUG   : Round 2: Constraining available gadgets
2021-12-06 16:23:18,201 - synthesizer.smt          | ForkPoolWorker-3  - DEBUG   : Round 2: Binding round variables to gadget input variables
2021-12-06 16:23:18,220 - synthesizer.smt          | ForkPoolWorker-2  - DEBUG   : Round 3: Setting up phi nodes
2021-12-06 16:23:18,227 - synthesizer.smt          | ForkPoolWorker-3  - DEBUG   : Round 2: Setting up phi nodes
2021-12-06 16:23:18,229 - synthesizer.smt          | ForkPoolWorker-2  - DEBUG   : Setting up final out vars
2021-12-06 16:23:18,229 - synthesizer.smt          | ForkPoolWorker-2  - DEBUG   : Setting up pointer postconditions
2021-12-06 16:23:18,229 - synthesizer.smt          | ForkPoolWorker-2  - DEBUG   : Setting up postconditions
2021-12-06 16:23:18,434 - synthesizer              | ForkPoolWorker-2  - INFO    : Encoded 100 IR gadgets as SMT formula (55545 assertions) in 4.96s
2021-12-06 16:23:18,483 - synthesizer              | ForkPoolWorker-2  - DEBUG   : formula-smt2.txt written in 0.02s
2021-12-06 16:23:18,483 - synthesizer              | ForkPoolWorker-2  - INFO    : Running solver /home/vagrant/.local/bin/boolector
2021-12-06 16:23:18,686 - synthesizer.smt          | ForkPoolWorker-1  - DEBUG   : Round 1: Constraining available gadgets
2021-12-06 16:23:18,686 - synthesizer.smt          | ForkPoolWorker-1  - DEBUG   : Round 1: Binding round variables to gadget input variables
2021-12-06 16:23:18,701 - synthesizer.smt          | ForkPoolWorker-1  - DEBUG   : Round 1: Setting up phi nodes
2021-12-06 16:23:18,905 - synthesizer              | ForkPoolWorker-6  - INFO    : Lifted 300 ASM gadgets to 300 IRa gadgets in 6.21s
2021-12-06 16:23:18,909 - synthesizer              | ForkPoolWorker-6  - DEBUG   : Encoding IR gadgets as SMT formula
2021-12-06 16:23:18,909 - synthesizer.smt          | ForkPoolWorker-6  - DEBUG   : Setting up preconditions
2021-12-06 16:23:18,910 - synthesizer.smt          | ForkPoolWorker-6  - DEBUG   : Setting up stack data
2021-12-06 16:23:18,910 - synthesizer.smt          | ForkPoolWorker-6  - DEBUG   : Encoding program
2021-12-06 16:23:19,660 - synthesizer.smt          | ForkPoolWorker-3  - DEBUG   : Round 3: Constraining available gadgets
2021-12-06 16:23:19,660 - synthesizer.smt          | ForkPoolWorker-3  - DEBUG   : Round 3: Binding round variables to gadget input variables
2021-12-06 16:23:19,713 - synthesizer.smt          | ForkPoolWorker-3  - DEBUG   : Round 3: Setting up phi nodes
2021-12-06 16:23:19,729 - synthesizer.smt          | ForkPoolWorker-3  - DEBUG   : Setting up final out vars
2021-12-06 16:23:19,730 - synthesizer.smt          | ForkPoolWorker-3  - DEBUG   : Setting up pointer postconditions
2021-12-06 16:23:19,730 - synthesizer.smt          | ForkPoolWorker-3  - DEBUG   : Setting up postconditions
2021-12-06 16:23:19,808 - synthesizer              | ForkPoolWorker-4  - INFO    : Lifted 300 ASM gadgets to 300 IRa gadgets in 6.99s
2021-12-06 16:23:19,813 - synthesizer              | ForkPoolWorker-4  - DEBUG   : Encoding IR gadgets as SMT formula
2021-12-06 16:23:19,829 - synthesizer.smt          | ForkPoolWorker-4  - DEBUG   : Setting up preconditions
2021-12-06 16:23:19,829 - synthesizer.smt          | ForkPoolWorker-4  - DEBUG   : Setting up stack data
2021-12-06 16:23:19,830 - synthesizer.smt          | ForkPoolWorker-4  - DEBUG   : Encoding program
2021-12-06 16:23:19,941 - synthesizer              | ForkPoolWorker-3  - INFO    : Encoded 100 IR gadgets as SMT formula (59545 assertions) in 5.74s
2021-12-06 16:23:20,000 - synthesizer              | ForkPoolWorker-3  - DEBUG   : formula-smt2.txt written in 0.04s
2021-12-06 16:23:20,000 - synthesizer              | ForkPoolWorker-3  - INFO    : Running solver /home/vagrant/.local/bin/boolector
2021-12-06 16:23:20,050 - synthesizer.smt          | ForkPoolWorker-1  - DEBUG   : Round 2: Constraining available gadgets
2021-12-06 16:23:20,050 - synthesizer.smt          | ForkPoolWorker-1  - DEBUG   : Round 2: Binding round variables to gadget input variables
2021-12-06 16:23:20,121 - synthesizer.smt          | ForkPoolWorker-1  - DEBUG   : Round 2: Setting up phi nodes
2021-12-06 16:23:20,515 - synthesizer              | ForkPoolWorker-5  - INFO    : Lifted 300 ASM gadgets to 300 IRa gadgets in 7.47s
2021-12-06 16:23:20,536 - synthesizer              | ForkPoolWorker-5  - DEBUG   : Encoding IR gadgets as SMT formula
2021-12-06 16:23:20,536 - synthesizer.smt          | ForkPoolWorker-5  - DEBUG   : Setting up preconditions
2021-12-06 16:23:20,536 - synthesizer.smt          | ForkPoolWorker-5  - DEBUG   : Setting up stack data
2021-12-06 16:23:20,562 - synthesizer.smt          | ForkPoolWorker-5  - DEBUG   : Encoding program
2021-12-06 16:23:21,696 - synthesizer.smt          | ForkPoolWorker-1  - DEBUG   : Round 3: Constraining available gadgets
2021-12-06 16:23:21,696 - synthesizer.smt          | ForkPoolWorker-1  - DEBUG   : Round 3: Binding round variables to gadget input variables
2021-12-06 16:23:21,741 - synthesizer.smt          | ForkPoolWorker-1  - DEBUG   : Round 3: Setting up phi nodes
2021-12-06 16:23:21,767 - synthesizer.smt          | ForkPoolWorker-1  - DEBUG   : Setting up final out vars
2021-12-06 16:23:21,767 - synthesizer.smt          | ForkPoolWorker-1  - DEBUG   : Setting up pointer postconditions
2021-12-06 16:23:21,767 - synthesizer.smt          | ForkPoolWorker-1  - DEBUG   : Setting up postconditions
2021-12-06 16:23:21,991 - synthesizer              | ForkPoolWorker-1  - INFO    : Encoded 100 IR gadgets as SMT formula (63545 assertions) in 6.89s
2021-12-06 16:23:22,095 - synthesizer              | ForkPoolWorker-1  - DEBUG   : formula-smt2.txt written in 0.08s
2021-12-06 16:23:22,095 - synthesizer              | ForkPoolWorker-1  - INFO    : Running solver /home/vagrant/.local/bin/boolector
2021-12-06 16:23:23,399 - synthesizer.smt          | ForkPoolWorker-6  - DEBUG   : Round 0: Constraining available gadgets
2021-12-06 16:23:23,400 - synthesizer.smt          | ForkPoolWorker-6  - DEBUG   : Round 0: Binding round variables to gadget input variables
2021-12-06 16:23:23,500 - synthesizer.smt          | ForkPoolWorker-6  - DEBUG   : Round 0: Setting up phi nodes
2021-12-06 16:23:24,577 - synthesizer.smt          | ForkPoolWorker-4  - DEBUG   : Round 0: Constraining available gadgets
2021-12-06 16:23:24,578 - synthesizer.smt          | ForkPoolWorker-4  - DEBUG   : Round 0: Binding round variables to gadget input variables
2021-12-06 16:23:24,643 - synthesizer.smt          | ForkPoolWorker-4  - DEBUG   : Round 0: Setting up phi nodes
2021-12-06 16:23:25,508 - synthesizer.smt          | ForkPoolWorker-5  - DEBUG   : Round 0: Constraining available gadgets
2021-12-06 16:23:25,508 - synthesizer.smt          | ForkPoolWorker-5  - DEBUG   : Round 0: Binding round variables to gadget input variables
2021-12-06 16:23:25,644 - synthesizer.smt          | ForkPoolWorker-5  - DEBUG   : Round 0: Setting up phi nodes
2021-12-06 16:23:26,076 - synthesizer              | ForkPoolWorker-2  - INFO    : Solver returned UNSAT in 7.59s
2021-12-06 16:23:26,077 - synthesizer              | ForkPoolWorker-2  - DEBUG   : result.json written
2021-12-06 16:23:27,020 - synthesizer.smt          | ForkPoolWorker-6  - DEBUG   : Round 1: Constraining available gadgets
2021-12-06 16:23:27,021 - synthesizer.smt          | ForkPoolWorker-6  - DEBUG   : Round 1: Binding round variables to gadget input variables
2021-12-06 16:23:27,088 - synthesizer.smt          | ForkPoolWorker-6  - DEBUG   : Round 1: Setting up phi nodes
2021-12-06 16:23:27,998 - synthesizer              | ForkPoolWorker-3  - INFO    : Solver returned UNSAT in 7.99s
2021-12-06 16:23:27,999 - synthesizer              | ForkPoolWorker-3  - DEBUG   : result.json written
2021-12-06 16:23:28,163 - synthesizer.smt          | ForkPoolWorker-4  - DEBUG   : Round 1: Constraining available gadgets
2021-12-06 16:23:28,164 - synthesizer.smt          | ForkPoolWorker-4  - DEBUG   : Round 1: Binding round variables to gadget input variables
2021-12-06 16:23:28,227 - synthesizer.smt          | ForkPoolWorker-4  - DEBUG   : Round 1: Setting up phi nodes
2021-12-06 16:23:28,698 - synthesizer.smt          | ForkPoolWorker-5  - DEBUG   : Round 1: Constraining available gadgets
2021-12-06 16:23:28,698 - synthesizer.smt          | ForkPoolWorker-5  - DEBUG   : Round 1: Binding round variables to gadget input variables
2021-12-06 16:23:28,771 - synthesizer.smt          | ForkPoolWorker-5  - DEBUG   : Round 1: Setting up phi nodes
2021-12-06 16:23:29,630 - synthesizer.smt          | ForkPoolWorker-6  - DEBUG   : Round 2: Constraining available gadgets
2021-12-06 16:23:29,631 - synthesizer.smt          | ForkPoolWorker-6  - DEBUG   : Round 2: Binding round variables to gadget input variables
2021-12-06 16:23:29,678 - synthesizer.smt          | ForkPoolWorker-6  - DEBUG   : Round 2: Setting up phi nodes
2021-12-06 16:23:30,577 - synthesizer.smt          | ForkPoolWorker-4  - DEBUG   : Round 2: Constraining available gadgets
2021-12-06 16:23:30,578 - synthesizer.smt          | ForkPoolWorker-4  - DEBUG   : Round 2: Binding round variables to gadget input variables
2021-12-06 16:23:30,628 - synthesizer.smt          | ForkPoolWorker-4  - DEBUG   : Round 2: Setting up phi nodes
2021-12-06 16:23:31,264 - synthesizer.smt          | ForkPoolWorker-5  - DEBUG   : Round 2: Constraining available gadgets
2021-12-06 16:23:31,265 - synthesizer.smt          | ForkPoolWorker-5  - DEBUG   : Round 2: Binding round variables to gadget input variables
2021-12-06 16:23:31,314 - synthesizer.smt          | ForkPoolWorker-5  - DEBUG   : Round 2: Setting up phi nodes
2021-12-06 16:23:32,029 - synthesizer              | ForkPoolWorker-1  - INFO    : Solver returned UNSAT in 9.93s
2021-12-06 16:23:32,030 - synthesizer              | ForkPoolWorker-1  - DEBUG   : result.json written
2021-12-06 16:23:32,034 - synthesizer.smt          | ForkPoolWorker-6  - DEBUG   : Round 3: Constraining available gadgets
2021-12-06 16:23:32,034 - synthesizer.smt          | ForkPoolWorker-6  - DEBUG   : Round 3: Binding round variables to gadget input variables
2021-12-06 16:23:32,082 - synthesizer.smt          | ForkPoolWorker-6  - DEBUG   : Round 3: Setting up phi nodes
2021-12-06 16:23:32,116 - synthesizer.smt          | ForkPoolWorker-6  - DEBUG   : Setting up final out vars
2021-12-06 16:23:32,116 - synthesizer.smt          | ForkPoolWorker-6  - DEBUG   : Setting up pointer postconditions
2021-12-06 16:23:32,116 - synthesizer.smt          | ForkPoolWorker-6  - DEBUG   : Setting up postconditions
2021-12-06 16:23:32,365 - synthesizer              | ForkPoolWorker-6  - INFO    : Encoded 300 IR gadgets as SMT formula (169805 assertions) in 13.46s
2021-12-06 16:23:32,454 - synthesizer              | ForkPoolWorker-6  - DEBUG   : formula-smt2.txt written in 0.05s
2021-12-06 16:23:32,454 - synthesizer              | ForkPoolWorker-6  - INFO    : Running solver /home/vagrant/.local/bin/boolector
2021-12-06 16:23:32,739 - synthesizer.smt          | ForkPoolWorker-4  - DEBUG   : Round 3: Constraining available gadgets
2021-12-06 16:23:32,739 - synthesizer.smt          | ForkPoolWorker-4  - DEBUG   : Round 3: Binding round variables to gadget input variables
2021-12-06 16:23:32,772 - synthesizer.smt          | ForkPoolWorker-4  - DEBUG   : Round 3: Setting up phi nodes
2021-12-06 16:23:32,809 - synthesizer.smt          | ForkPoolWorker-4  - DEBUG   : Setting up final out vars
2021-12-06 16:23:32,809 - synthesizer.smt          | ForkPoolWorker-4  - DEBUG   : Setting up pointer postconditions
2021-12-06 16:23:32,809 - synthesizer.smt          | ForkPoolWorker-4  - DEBUG   : Setting up postconditions
2021-12-06 16:23:33,088 - synthesizer              | ForkPoolWorker-4  - INFO    : Encoded 300 IR gadgets as SMT formula (171885 assertions) in 13.26s
2021-12-06 16:23:33,180 - synthesizer              | ForkPoolWorker-4  - DEBUG   : formula-smt2.txt written in 0.05s
2021-12-06 16:23:33,181 - synthesizer              | ForkPoolWorker-4  - INFO    : Running solver /home/vagrant/.local/bin/boolector
2021-12-06 16:23:33,866 - synthesizer.smt          | ForkPoolWorker-5  - DEBUG   : Round 3: Constraining available gadgets
2021-12-06 16:23:33,866 - synthesizer.smt          | ForkPoolWorker-5  - DEBUG   : Round 3: Binding round variables to gadget input variables
2021-12-06 16:23:33,942 - synthesizer.smt          | ForkPoolWorker-5  - DEBUG   : Round 3: Setting up phi nodes
2021-12-06 16:23:34,019 - synthesizer.smt          | ForkPoolWorker-5  - DEBUG   : Setting up final out vars
2021-12-06 16:23:34,019 - synthesizer.smt          | ForkPoolWorker-5  - DEBUG   : Setting up pointer postconditions
2021-12-06 16:23:34,019 - synthesizer.smt          | ForkPoolWorker-5  - DEBUG   : Setting up postconditions
2021-12-06 16:23:34,286 - synthesizer              | ForkPoolWorker-5  - INFO    : Encoded 300 IR gadgets as SMT formula (176049 assertions) in 13.75s
2021-12-06 16:23:34,347 - synthesizer              | ForkPoolWorker-5  - DEBUG   : formula-smt2.txt written in 0.04s
2021-12-06 16:23:34,347 - synthesizer              | ForkPoolWorker-5  - INFO    : Running solver /home/vagrant/.local/bin/boolector
2021-12-06 16:23:49,026 - synthesizer              | ForkPoolWorker-6  - INFO    : Solver returned UNSAT in 16.57s
2021-12-06 16:23:49,028 - synthesizer              | ForkPoolWorker-6  - DEBUG   : result.json written
2021-12-06 16:23:49,026 - synthesizer              | ForkPoolWorker-4  - INFO    : Solver returned UNSAT in 15.84s
2021-12-06 16:23:49,034 - synthesizer              | ForkPoolWorker-4  - DEBUG   : result.json written
2021-12-06 16:23:50,809 - synthesizer              | ForkPoolWorker-5  - INFO    : Solver returned UNSAT in 16.46s
2021-12-06 16:23:50,809 - synthesizer              | ForkPoolWorker-5  - DEBUG   : result.json written
2021-12-06 16:23:50,837 - synthesizer              | MainProcess       - DEBUG   : Received 6 results
2021-12-06 16:23:50,838 - synthesizer              | MainProcess       - INFO    : Done in 40.96s
