2021-12-06 16:51:23,892 - synthesizer              | MainProcess       - INFO    : Starting synthesizer
2021-12-06 16:51:23,899 - synthesizer              | MainProcess       - DEBUG   : Using up to 6 processes
2021-12-06 16:51:23,899 - synthesizer.config       | MainProcess       - DEBUG   : Loading SynthesizerConfig from 'synthesizer_config_default.json'
2021-12-06 16:51:23,904 - synthesizer              | MainProcess       - DEBUG   : Using configuration at /vagrant/gadget_synthesis/targets/coreutils/uniq-8.16/original/config_execve_minimal.json
2021-12-06 16:51:23,904 - synthesizer.config       | MainProcess       - DEBUG   : Loading TargetConfig from '/vagrant/gadget_synthesis/targets/coreutils/uniq-8.16/original/config_execve_minimal.json'
2021-12-06 16:51:23,905 - synthesizer.config       | MainProcess       - DEBUG   : Executable is relative path: 'uniq.bc_orig' - adjusting to '/vagrant/gadget_synthesis/targets/coreutils/uniq-8.16/original/uniq.bc_orig'
2021-12-06 16:51:23,905 - synthesizer.config       | MainProcess       - DEBUG   : Using 0 free variables, 2 preconditions, 4 postconditions, and 1 ptr_postconditions
2021-12-06 16:51:23,906 - synthesizer              | MainProcess       - DEBUG   : Disassembly settings used: target_name=uniq.bc_orig, target=/vagrant/gadget_synthesis/targets/coreutils/uniq-8.16/original/uniq.bc_orig, workdir=/tmp/gadget_synthesis/original, disas_unaligned=False, control_flow_types=['ret', 'call', 'jmp'], max_processes=6, timeout=3600, cache_name=gadgets, cache_type=JSON
2021-12-06 16:51:23,906 - synthesizer              | MainProcess       - DEBUG   : Preparing original
2021-12-06 16:51:23,906 - synthesizer              | MainProcess       - DEBUG   : Ensure function addresses are cached for original
2021-12-06 16:51:23,906 - synthesizer.disasm       | MainProcess       - DEBUG   : Extracting function addresses from 'uniq.bc_orig'
2021-12-06 16:51:23,906 - synthesizer.cache        | MainProcess       - DEBUG   : Cache intialized (function_addrs.json)
2021-12-06 16:51:23,906 - synthesizer.cache        | MainProcess       - DEBUG   : Metadata is at /vagrant/gadget_synthesis/targets/coreutils/uniq-8.16/original/.cache/.metadata
2021-12-06 16:51:23,908 - synthesizer.disasm       | MainProcess       - DEBUG   : Returning 127 cached function addresses
2021-12-06 16:51:23,909 - synthesizer              | MainProcess       - DEBUG   : Ensure valid gadgets are cached for original
2021-12-06 16:51:23,909 - synthesizer.disasm       | MainProcess       - DEBUG   : Caching gadgets for uniq.bc_orig
2021-12-06 16:51:23,909 - synthesizer.cache        | MainProcess       - DEBUG   : Cache intialized (gadgets.json)
2021-12-06 16:51:23,909 - synthesizer.cache        | MainProcess       - DEBUG   : Metadata is at /vagrant/gadget_synthesis/targets/coreutils/uniq-8.16/original/.cache/.metadata
2021-12-06 16:51:23,911 - synthesizer.disasm       | MainProcess       - DEBUG   : Gadget addresses already cached
2021-12-06 16:51:23,911 - synthesizer              | MainProcess       - DEBUG   : Ensure necessary libraries are cached
2021-12-06 16:51:23,911 - synthesizer.disasm       | MainProcess       - DEBUG   : Extracting function addresses from 'libc-2.31.so'
2021-12-06 16:51:23,911 - synthesizer.cache        | MainProcess       - DEBUG   : Cache intialized (libc_func_addrs.json)
2021-12-06 16:51:23,911 - synthesizer.cache        | MainProcess       - DEBUG   : Metadata is at /vagrant/gadget_synthesis/targets/coreutils/uniq-8.16/original/../../../libraries/.cache/.metadata
2021-12-06 16:51:23,921 - synthesizer.disasm       | MainProcess       - DEBUG   : Returning 3100 cached function addresses
2021-12-06 16:51:23,922 - synthesizer.disasm       | MainProcess       - DEBUG   : Caching gadgets for libc-2.31.so
2021-12-06 16:51:23,922 - synthesizer.cache        | MainProcess       - DEBUG   : Cache intialized (libc_gadgets.json)
2021-12-06 16:51:23,922 - synthesizer.cache        | MainProcess       - DEBUG   : Metadata is at /vagrant/gadget_synthesis/targets/coreutils/uniq-8.16/original/../../../libraries/.cache/.metadata
2021-12-06 16:51:23,933 - synthesizer.disasm       | MainProcess       - DEBUG   : Gadget addresses already cached
2021-12-06 16:51:23,933 - synthesizer              | MainProcess       - INFO    : Colleted 6 configurations for original
2021-12-06 16:51:23,933 - synthesizer              | MainProcess       - DEBUG   : Collected 6 configruations in total
2021-12-06 16:51:23,961 - synthesizer              | ForkPoolWorker-2  - INFO    : Running config: original - iteration4-blocks0100-offset001-sw16
2021-12-06 16:51:23,962 - synthesizer              | ForkPoolWorker-2  - DEBUG   : Workdir is /tmp/gadget_synthesis/original/iteration4-blocks0100-offset001-sw16
2021-12-06 16:51:23,962 - synthesizer              | ForkPoolWorker-2  - DEBUG   : Seed is 1
2021-12-06 16:51:23,962 - synthesizer.cache        | ForkPoolWorker-2  - DEBUG   : Cache intialized (gadgets.json)
2021-12-06 16:51:23,963 - synthesizer.cache        | ForkPoolWorker-2  - DEBUG   : Metadata is at /vagrant/gadget_synthesis/targets/coreutils/uniq-8.16/original/.cache/.metadata
2021-12-06 16:51:23,959 - synthesizer              | ForkPoolWorker-1  - INFO    : Running config: original - iteration4-blocks0100-offset000-sw16
2021-12-06 16:51:23,964 - synthesizer              | ForkPoolWorker-1  - DEBUG   : Workdir is /tmp/gadget_synthesis/original/iteration4-blocks0100-offset000-sw16
2021-12-06 16:51:23,964 - synthesizer              | ForkPoolWorker-1  - DEBUG   : Seed is 0
2021-12-06 16:51:23,964 - synthesizer.cache        | ForkPoolWorker-1  - DEBUG   : Cache intialized (gadgets.json)
2021-12-06 16:51:23,965 - synthesizer.cache        | ForkPoolWorker-1  - DEBUG   : Metadata is at /vagrant/gadget_synthesis/targets/coreutils/uniq-8.16/original/.cache/.metadata
2021-12-06 16:51:23,969 - synthesizer              | ForkPoolWorker-3  - INFO    : Running config: original - iteration4-blocks0100-offset002-sw16
2021-12-06 16:51:23,970 - synthesizer              | ForkPoolWorker-3  - DEBUG   : Workdir is /tmp/gadget_synthesis/original/iteration4-blocks0100-offset002-sw16
2021-12-06 16:51:23,970 - synthesizer              | ForkPoolWorker-3  - DEBUG   : Seed is 2
2021-12-06 16:51:23,970 - synthesizer.cache        | ForkPoolWorker-3  - DEBUG   : Cache intialized (gadgets.json)
2021-12-06 16:51:23,970 - synthesizer.cache        | ForkPoolWorker-3  - DEBUG   : Metadata is at /vagrant/gadget_synthesis/targets/coreutils/uniq-8.16/original/.cache/.metadata
2021-12-06 16:51:23,974 - synthesizer.disasm       | ForkPoolWorker-2  - DEBUG   : Loading cached gadget addresses
2021-12-06 16:51:23,978 - synthesizer.selection    | ForkPoolWorker-2  - INFO    : Selecting 100 from 554 available gadgets (1 fixed)
2021-12-06 16:51:23,978 - synthesizer.disasm       | ForkPoolWorker-2  - DEBUG   : Disassembling 100 gadgets. This may take a while..
2021-12-06 16:51:23,982 - synthesizer              | ForkPoolWorker-5  - INFO    : Running config: original - iteration4-blocks0300-offset001-sw16
2021-12-06 16:51:23,983 - synthesizer              | ForkPoolWorker-5  - DEBUG   : Workdir is /tmp/gadget_synthesis/original/iteration4-blocks0300-offset001-sw16
2021-12-06 16:51:23,983 - synthesizer              | ForkPoolWorker-5  - DEBUG   : Seed is 1
2021-12-06 16:51:23,984 - synthesizer.disasm       | ForkPoolWorker-1  - DEBUG   : Loading cached gadget addresses
2021-12-06 16:51:23,984 - synthesizer.cache        | ForkPoolWorker-5  - DEBUG   : Cache intialized (gadgets.json)
2021-12-06 16:51:23,994 - synthesizer.cache        | ForkPoolWorker-5  - DEBUG   : Metadata is at /vagrant/gadget_synthesis/targets/coreutils/uniq-8.16/original/.cache/.metadata
2021-12-06 16:51:23,988 - synthesizer.selection    | ForkPoolWorker-1  - INFO    : Selecting 100 from 554 available gadgets (1 fixed)
2021-12-06 16:51:23,994 - synthesizer.disasm       | ForkPoolWorker-1  - DEBUG   : Disassembling 100 gadgets. This may take a while..
2021-12-06 16:51:23,992 - synthesizer              | ForkPoolWorker-4  - INFO    : Running config: original - iteration4-blocks0300-offset000-sw16
2021-12-06 16:51:23,995 - synthesizer              | ForkPoolWorker-4  - DEBUG   : Workdir is /tmp/gadget_synthesis/original/iteration4-blocks0300-offset000-sw16
2021-12-06 16:51:23,995 - synthesizer              | ForkPoolWorker-4  - DEBUG   : Seed is 0
2021-12-06 16:51:23,995 - synthesizer.cache        | ForkPoolWorker-4  - DEBUG   : Cache intialized (gadgets.json)
2021-12-06 16:51:23,995 - synthesizer.cache        | ForkPoolWorker-4  - DEBUG   : Metadata is at /vagrant/gadget_synthesis/targets/coreutils/uniq-8.16/original/.cache/.metadata
2021-12-06 16:51:23,993 - synthesizer              | ForkPoolWorker-6  - INFO    : Running config: original - iteration4-blocks0300-offset002-sw16
2021-12-06 16:51:23,996 - synthesizer              | ForkPoolWorker-6  - DEBUG   : Workdir is /tmp/gadget_synthesis/original/iteration4-blocks0300-offset002-sw16
2021-12-06 16:51:23,996 - synthesizer              | ForkPoolWorker-6  - DEBUG   : Seed is 2
2021-12-06 16:51:23,996 - synthesizer.cache        | ForkPoolWorker-6  - DEBUG   : Cache intialized (gadgets.json)
2021-12-06 16:51:23,997 - synthesizer.cache        | ForkPoolWorker-6  - DEBUG   : Metadata is at /vagrant/gadget_synthesis/targets/coreutils/uniq-8.16/original/.cache/.metadata
2021-12-06 16:51:24,007 - synthesizer.disasm       | ForkPoolWorker-6  - DEBUG   : Loading cached gadget addresses
2021-12-06 16:51:24,013 - synthesizer.disasm       | ForkPoolWorker-5  - DEBUG   : Loading cached gadget addresses
2021-12-06 16:51:24,021 - synthesizer.disasm       | ForkPoolWorker-3  - DEBUG   : Loading cached gadget addresses
2021-12-06 16:51:24,020 - synthesizer.selection    | ForkPoolWorker-6  - INFO    : Selecting 300 from 554 available gadgets (1 fixed)
2021-12-06 16:51:24,025 - synthesizer.disasm       | ForkPoolWorker-6  - DEBUG   : Disassembling 300 gadgets. This may take a while..
2021-12-06 16:51:24,028 - synthesizer.selection    | ForkPoolWorker-5  - INFO    : Selecting 299 from 554 available gadgets (1 fixed)
2021-12-06 16:51:24,028 - synthesizer.disasm       | ForkPoolWorker-5  - DEBUG   : Disassembling 299 gadgets. This may take a while..
2021-12-06 16:51:24,030 - synthesizer.disasm       | ForkPoolWorker-4  - DEBUG   : Loading cached gadget addresses
2021-12-06 16:51:24,024 - synthesizer.selection    | ForkPoolWorker-3  - INFO    : Selecting 100 from 554 available gadgets (1 fixed)
2021-12-06 16:51:24,032 - synthesizer.disasm       | ForkPoolWorker-3  - DEBUG   : Disassembling 100 gadgets. This may take a while..
2021-12-06 16:51:24,039 - synthesizer.selection    | ForkPoolWorker-4  - INFO    : Selecting 300 from 554 available gadgets (1 fixed)
2021-12-06 16:51:24,042 - synthesizer.disasm       | ForkPoolWorker-4  - DEBUG   : Disassembling 300 gadgets. This may take a while..
2021-12-06 16:51:25,342 - synthesizer.disasm       | ForkPoolWorker-1  - DEBUG   : Rebased gadgets onto load address 0x400000
2021-12-06 16:51:25,343 - synthesizer.disasm       | ForkPoolWorker-1  - DEBUG   : Disassembled 100 from main executable (uniq.bc_orig)
2021-12-06 16:51:25,343 - synthesizer.disasm       | ForkPoolWorker-1  - DEBUG   : Disassembled 0 from libc
2021-12-06 16:51:25,343 - synthesizer              | ForkPoolWorker-1  - INFO    : Disassembled ASM block for 100 gadgets in 1.35s
2021-12-06 16:51:25,400 - synthesizer.disasm       | ForkPoolWorker-2  - DEBUG   : Rebased gadgets onto load address 0x400000
2021-12-06 16:51:25,400 - synthesizer.disasm       | ForkPoolWorker-2  - DEBUG   : Disassembled 100 from main executable (uniq.bc_orig)
2021-12-06 16:51:25,400 - synthesizer.disasm       | ForkPoolWorker-2  - DEBUG   : Disassembled 0 from libc
2021-12-06 16:51:25,400 - synthesizer              | ForkPoolWorker-2  - INFO    : Disassembled ASM block for 100 gadgets in 1.42s
2021-12-06 16:51:25,414 - synthesizer.disasm       | ForkPoolWorker-3  - DEBUG   : Rebased gadgets onto load address 0x400000
2021-12-06 16:51:25,414 - synthesizer.disasm       | ForkPoolWorker-3  - DEBUG   : Disassembled 100 from main executable (uniq.bc_orig)
2021-12-06 16:51:25,414 - synthesizer.disasm       | ForkPoolWorker-3  - DEBUG   : Disassembled 0 from libc
2021-12-06 16:51:25,414 - synthesizer              | ForkPoolWorker-3  - INFO    : Disassembled ASM block for 100 gadgets in 1.38s
2021-12-06 16:51:25,871 - synthesizer.disasm       | ForkPoolWorker-6  - DEBUG   : Rebased gadgets onto load address 0x400000
2021-12-06 16:51:25,872 - synthesizer.disasm       | ForkPoolWorker-6  - DEBUG   : Disassembled 300 from main executable (uniq.bc_orig)
2021-12-06 16:51:25,872 - synthesizer.disasm       | ForkPoolWorker-6  - DEBUG   : Disassembled 0 from libc
2021-12-06 16:51:25,874 - synthesizer.disasm       | ForkPoolWorker-5  - DEBUG   : Rebased gadgets onto load address 0x400000
2021-12-06 16:51:25,874 - synthesizer.disasm       | ForkPoolWorker-5  - DEBUG   : Disassembled 299 from main executable (uniq.bc_orig)
2021-12-06 16:51:25,874 - synthesizer.disasm       | ForkPoolWorker-5  - DEBUG   : Disassembled 0 from libc
2021-12-06 16:51:25,872 - synthesizer              | ForkPoolWorker-6  - INFO    : Disassembled ASM block for 300 gadgets in 1.85s
2021-12-06 16:51:25,874 - synthesizer              | ForkPoolWorker-5  - INFO    : Disassembled ASM block for 299 gadgets in 1.85s
2021-12-06 16:51:25,920 - synthesizer.disasm       | ForkPoolWorker-4  - DEBUG   : Rebased gadgets onto load address 0x400000
2021-12-06 16:51:25,920 - synthesizer.disasm       | ForkPoolWorker-4  - DEBUG   : Disassembled 300 from main executable (uniq.bc_orig)
2021-12-06 16:51:25,921 - synthesizer.disasm       | ForkPoolWorker-4  - DEBUG   : Disassembled 0 from libc
2021-12-06 16:51:25,921 - synthesizer              | ForkPoolWorker-4  - INFO    : Disassembled ASM block for 300 gadgets in 1.88s
2021-12-06 16:51:26,142 - synthesizer              | ForkPoolWorker-1  - INFO    : Lifted 100 ASM gadgets to 100 IRa gadgets in 0.79s
2021-12-06 16:51:26,143 - synthesizer              | ForkPoolWorker-1  - DEBUG   : Encoding IR gadgets as SMT formula
2021-12-06 16:51:26,144 - synthesizer.smt          | ForkPoolWorker-1  - DEBUG   : Setting up preconditions
2021-12-06 16:51:26,144 - synthesizer.smt          | ForkPoolWorker-1  - DEBUG   : Setting up stack data
2021-12-06 16:51:26,144 - synthesizer.smt          | ForkPoolWorker-1  - DEBUG   : Encoding program
2021-12-06 16:51:26,186 - synthesizer              | ForkPoolWorker-3  - INFO    : Lifted 100 ASM gadgets to 100 IRa gadgets in 0.77s
2021-12-06 16:51:26,187 - synthesizer              | ForkPoolWorker-3  - DEBUG   : Encoding IR gadgets as SMT formula
2021-12-06 16:51:26,188 - synthesizer.smt          | ForkPoolWorker-3  - DEBUG   : Setting up preconditions
2021-12-06 16:51:26,188 - synthesizer.smt          | ForkPoolWorker-3  - DEBUG   : Setting up stack data
2021-12-06 16:51:26,188 - synthesizer.smt          | ForkPoolWorker-3  - DEBUG   : Encoding program
2021-12-06 16:51:26,221 - synthesizer              | ForkPoolWorker-2  - INFO    : Lifted 100 ASM gadgets to 100 IRa gadgets in 0.82s
2021-12-06 16:51:26,254 - synthesizer              | ForkPoolWorker-2  - DEBUG   : Encoding IR gadgets as SMT formula
2021-12-06 16:51:26,255 - synthesizer.smt          | ForkPoolWorker-2  - DEBUG   : Setting up preconditions
2021-12-06 16:51:26,255 - synthesizer.smt          | ForkPoolWorker-2  - DEBUG   : Setting up stack data
2021-12-06 16:51:26,255 - synthesizer.smt          | ForkPoolWorker-2  - DEBUG   : Encoding program
2021-12-06 16:51:27,035 - synthesizer.smt          | ForkPoolWorker-1  - DEBUG   : Round 0: Constraining available gadgets
2021-12-06 16:51:27,035 - synthesizer.smt          | ForkPoolWorker-1  - DEBUG   : Round 0: Binding round variables to gadget input variables
2021-12-06 16:51:27,052 - synthesizer.smt          | ForkPoolWorker-3  - DEBUG   : Round 0: Constraining available gadgets
2021-12-06 16:51:27,077 - synthesizer.smt          | ForkPoolWorker-1  - DEBUG   : Round 0: Setting up phi nodes
2021-12-06 16:51:27,083 - synthesizer.smt          | ForkPoolWorker-3  - DEBUG   : Round 0: Binding round variables to gadget input variables
2021-12-06 16:51:27,110 - synthesizer.smt          | ForkPoolWorker-3  - DEBUG   : Round 0: Setting up phi nodes
2021-12-06 16:51:27,176 - synthesizer.smt          | ForkPoolWorker-2  - DEBUG   : Round 0: Constraining available gadgets
2021-12-06 16:51:27,176 - synthesizer.smt          | ForkPoolWorker-2  - DEBUG   : Round 0: Binding round variables to gadget input variables
2021-12-06 16:51:27,186 - synthesizer.smt          | ForkPoolWorker-2  - DEBUG   : Round 0: Setting up phi nodes
2021-12-06 16:51:27,882 - synthesizer.smt          | ForkPoolWorker-3  - DEBUG   : Round 1: Constraining available gadgets
2021-12-06 16:51:27,882 - synthesizer.smt          | ForkPoolWorker-3  - DEBUG   : Round 1: Binding round variables to gadget input variables
2021-12-06 16:51:27,886 - synthesizer.smt          | ForkPoolWorker-1  - DEBUG   : Round 1: Constraining available gadgets
2021-12-06 16:51:27,887 - synthesizer.smt          | ForkPoolWorker-1  - DEBUG   : Round 1: Binding round variables to gadget input variables
2021-12-06 16:51:27,908 - synthesizer.smt          | ForkPoolWorker-3  - DEBUG   : Round 1: Setting up phi nodes
2021-12-06 16:51:27,928 - synthesizer.smt          | ForkPoolWorker-1  - DEBUG   : Round 1: Setting up phi nodes
2021-12-06 16:51:28,011 - synthesizer.smt          | ForkPoolWorker-2  - DEBUG   : Round 1: Constraining available gadgets
2021-12-06 16:51:28,011 - synthesizer.smt          | ForkPoolWorker-2  - DEBUG   : Round 1: Binding round variables to gadget input variables
2021-12-06 16:51:28,022 - synthesizer.smt          | ForkPoolWorker-2  - DEBUG   : Round 1: Setting up phi nodes
2021-12-06 16:51:28,349 - synthesizer              | ForkPoolWorker-5  - INFO    : Lifted 299 ASM gadgets to 299 IRa gadgets in 2.46s
2021-12-06 16:51:28,352 - synthesizer              | ForkPoolWorker-5  - DEBUG   : Encoding IR gadgets as SMT formula
2021-12-06 16:51:28,352 - synthesizer.smt          | ForkPoolWorker-5  - DEBUG   : Setting up preconditions
2021-12-06 16:51:28,352 - synthesizer.smt          | ForkPoolWorker-5  - DEBUG   : Setting up stack data
2021-12-06 16:51:28,352 - synthesizer.smt          | ForkPoolWorker-5  - DEBUG   : Encoding program
2021-12-06 16:51:28,364 - synthesizer              | ForkPoolWorker-6  - INFO    : Lifted 300 ASM gadgets to 300 IRa gadgets in 2.47s
2021-12-06 16:51:28,407 - synthesizer              | ForkPoolWorker-6  - DEBUG   : Encoding IR gadgets as SMT formula
2021-12-06 16:51:28,408 - synthesizer.smt          | ForkPoolWorker-6  - DEBUG   : Setting up preconditions
2021-12-06 16:51:28,408 - synthesizer.smt          | ForkPoolWorker-6  - DEBUG   : Setting up stack data
2021-12-06 16:51:28,408 - synthesizer.smt          | ForkPoolWorker-6  - DEBUG   : Encoding program
2021-12-06 16:51:28,410 - synthesizer              | ForkPoolWorker-4  - INFO    : Lifted 300 ASM gadgets to 300 IRa gadgets in 2.49s
2021-12-06 16:51:28,412 - synthesizer              | ForkPoolWorker-4  - DEBUG   : Encoding IR gadgets as SMT formula
2021-12-06 16:51:28,412 - synthesizer.smt          | ForkPoolWorker-4  - DEBUG   : Setting up preconditions
2021-12-06 16:51:28,413 - synthesizer.smt          | ForkPoolWorker-4  - DEBUG   : Setting up stack data
2021-12-06 16:51:28,413 - synthesizer.smt          | ForkPoolWorker-4  - DEBUG   : Encoding program
2021-12-06 16:51:28,544 - synthesizer.smt          | ForkPoolWorker-3  - DEBUG   : Round 2: Constraining available gadgets
2021-12-06 16:51:28,545 - synthesizer.smt          | ForkPoolWorker-3  - DEBUG   : Round 2: Binding round variables to gadget input variables
2021-12-06 16:51:28,555 - synthesizer.smt          | ForkPoolWorker-3  - DEBUG   : Round 2: Setting up phi nodes
2021-12-06 16:51:28,555 - synthesizer.smt          | ForkPoolWorker-1  - DEBUG   : Round 2: Constraining available gadgets
2021-12-06 16:51:28,555 - synthesizer.smt          | ForkPoolWorker-1  - DEBUG   : Round 2: Binding round variables to gadget input variables
2021-12-06 16:51:28,630 - synthesizer.smt          | ForkPoolWorker-1  - DEBUG   : Round 2: Setting up phi nodes
2021-12-06 16:51:28,735 - synthesizer.smt          | ForkPoolWorker-2  - DEBUG   : Round 2: Constraining available gadgets
2021-12-06 16:51:28,735 - synthesizer.smt          | ForkPoolWorker-2  - DEBUG   : Round 2: Binding round variables to gadget input variables
2021-12-06 16:51:28,774 - synthesizer.smt          | ForkPoolWorker-2  - DEBUG   : Round 2: Setting up phi nodes
2021-12-06 16:51:29,181 - synthesizer.smt          | ForkPoolWorker-3  - DEBUG   : Round 3: Constraining available gadgets
2021-12-06 16:51:29,181 - synthesizer.smt          | ForkPoolWorker-3  - DEBUG   : Round 3: Binding round variables to gadget input variables
2021-12-06 16:51:29,228 - synthesizer.smt          | ForkPoolWorker-3  - DEBUG   : Round 3: Setting up phi nodes
2021-12-06 16:51:29,256 - synthesizer.smt          | ForkPoolWorker-1  - DEBUG   : Round 3: Constraining available gadgets
2021-12-06 16:51:29,257 - synthesizer.smt          | ForkPoolWorker-1  - DEBUG   : Round 3: Binding round variables to gadget input variables
2021-12-06 16:51:29,277 - synthesizer.smt          | ForkPoolWorker-3  - DEBUG   : Setting up final out vars
2021-12-06 16:51:29,278 - synthesizer.smt          | ForkPoolWorker-3  - DEBUG   : Setting up pointer postconditions
2021-12-06 16:51:29,278 - synthesizer.smt          | ForkPoolWorker-3  - DEBUG   : Setting up postconditions
2021-12-06 16:51:29,311 - synthesizer.smt          | ForkPoolWorker-1  - DEBUG   : Round 3: Setting up phi nodes
2021-12-06 16:51:29,336 - synthesizer.smt          | ForkPoolWorker-1  - DEBUG   : Setting up final out vars
2021-12-06 16:51:29,337 - synthesizer.smt          | ForkPoolWorker-1  - DEBUG   : Setting up pointer postconditions
2021-12-06 16:51:29,337 - synthesizer.smt          | ForkPoolWorker-1  - DEBUG   : Setting up postconditions
2021-12-06 16:51:29,411 - synthesizer              | ForkPoolWorker-3  - INFO    : Encoded 100 IR gadgets as SMT formula (48881 assertions) in 3.22s
2021-12-06 16:51:29,449 - synthesizer              | ForkPoolWorker-3  - DEBUG   : formula-smt2.txt written in 0.01s
2021-12-06 16:51:29,449 - synthesizer              | ForkPoolWorker-3  - INFO    : Running solver /home/vagrant/.local/bin/boolector
2021-12-06 16:51:29,471 - synthesizer.smt          | ForkPoolWorker-2  - DEBUG   : Round 3: Constraining available gadgets
2021-12-06 16:51:29,471 - synthesizer.smt          | ForkPoolWorker-2  - DEBUG   : Round 3: Binding round variables to gadget input variables
2021-12-06 16:51:29,499 - synthesizer.smt          | ForkPoolWorker-2  - DEBUG   : Round 3: Setting up phi nodes
2021-12-06 16:51:29,490 - synthesizer              | ForkPoolWorker-1  - INFO    : Encoded 100 IR gadgets as SMT formula (48921 assertions) in 3.35s
2021-12-06 16:51:29,518 - synthesizer              | ForkPoolWorker-1  - DEBUG   : formula-smt2.txt written in 0.01s
2021-12-06 16:51:29,518 - synthesizer              | ForkPoolWorker-1  - INFO    : Running solver /home/vagrant/.local/bin/boolector
2021-12-06 16:51:29,556 - synthesizer.smt          | ForkPoolWorker-2  - DEBUG   : Setting up final out vars
2021-12-06 16:51:29,557 - synthesizer.smt          | ForkPoolWorker-2  - DEBUG   : Setting up pointer postconditions
2021-12-06 16:51:29,557 - synthesizer.smt          | ForkPoolWorker-2  - DEBUG   : Setting up postconditions
2021-12-06 16:51:29,716 - synthesizer              | ForkPoolWorker-2  - INFO    : Encoded 100 IR gadgets as SMT formula (49085 assertions) in 3.46s
2021-12-06 16:51:29,751 - synthesizer              | ForkPoolWorker-2  - DEBUG   : formula-smt2.txt written in 0.03s
2021-12-06 16:51:29,751 - synthesizer              | ForkPoolWorker-2  - INFO    : Running solver /home/vagrant/.local/bin/boolector
2021-12-06 16:51:31,239 - synthesizer.smt          | ForkPoolWorker-5  - DEBUG   : Round 0: Constraining available gadgets
2021-12-06 16:51:31,239 - synthesizer.smt          | ForkPoolWorker-5  - DEBUG   : Round 0: Binding round variables to gadget input variables
2021-12-06 16:51:31,333 - synthesizer.smt          | ForkPoolWorker-5  - DEBUG   : Round 0: Setting up phi nodes
2021-12-06 16:51:31,415 - synthesizer.smt          | ForkPoolWorker-4  - DEBUG   : Round 0: Constraining available gadgets
2021-12-06 16:51:31,415 - synthesizer.smt          | ForkPoolWorker-4  - DEBUG   : Round 0: Binding round variables to gadget input variables
2021-12-06 16:51:31,456 - synthesizer.smt          | ForkPoolWorker-6  - DEBUG   : Round 0: Constraining available gadgets
2021-12-06 16:51:31,456 - synthesizer.smt          | ForkPoolWorker-6  - DEBUG   : Round 0: Binding round variables to gadget input variables
2021-12-06 16:51:31,497 - synthesizer.smt          | ForkPoolWorker-4  - DEBUG   : Round 0: Setting up phi nodes
2021-12-06 16:51:31,549 - synthesizer.smt          | ForkPoolWorker-6  - DEBUG   : Round 0: Setting up phi nodes
2021-12-06 16:51:32,968 - synthesizer              | ForkPoolWorker-1  - INFO    : Solver returned UNSAT in 3.45s
2021-12-06 16:51:32,969 - synthesizer              | ForkPoolWorker-1  - DEBUG   : result.json written
2021-12-06 16:51:33,137 - synthesizer              | ForkPoolWorker-3  - INFO    : Solver returned UNSAT in 3.69s
2021-12-06 16:51:33,138 - synthesizer              | ForkPoolWorker-3  - DEBUG   : result.json written
2021-12-06 16:51:33,148 - synthesizer              | ForkPoolWorker-2  - INFO    : Solver returned UNSAT in 3.39s
2021-12-06 16:51:33,148 - synthesizer              | ForkPoolWorker-2  - DEBUG   : result.json written
2021-12-06 16:51:33,315 - synthesizer.smt          | ForkPoolWorker-6  - DEBUG   : Round 1: Constraining available gadgets
2021-12-06 16:51:33,315 - synthesizer.smt          | ForkPoolWorker-6  - DEBUG   : Round 1: Binding round variables to gadget input variables
2021-12-06 16:51:33,338 - synthesizer.smt          | ForkPoolWorker-5  - DEBUG   : Round 1: Constraining available gadgets
2021-12-06 16:51:33,339 - synthesizer.smt          | ForkPoolWorker-5  - DEBUG   : Round 1: Binding round variables to gadget input variables
2021-12-06 16:51:33,348 - synthesizer.smt          | ForkPoolWorker-6  - DEBUG   : Round 1: Setting up phi nodes
2021-12-06 16:51:33,402 - synthesizer.smt          | ForkPoolWorker-5  - DEBUG   : Round 1: Setting up phi nodes
2021-12-06 16:51:33,437 - synthesizer.smt          | ForkPoolWorker-4  - DEBUG   : Round 1: Constraining available gadgets
2021-12-06 16:51:33,438 - synthesizer.smt          | ForkPoolWorker-4  - DEBUG   : Round 1: Binding round variables to gadget input variables
2021-12-06 16:51:33,506 - synthesizer.smt          | ForkPoolWorker-4  - DEBUG   : Round 1: Setting up phi nodes
2021-12-06 16:51:34,436 - synthesizer.smt          | ForkPoolWorker-6  - DEBUG   : Round 2: Constraining available gadgets
2021-12-06 16:51:34,436 - synthesizer.smt          | ForkPoolWorker-6  - DEBUG   : Round 2: Binding round variables to gadget input variables
2021-12-06 16:51:34,454 - synthesizer.smt          | ForkPoolWorker-4  - DEBUG   : Round 2: Constraining available gadgets
2021-12-06 16:51:34,454 - synthesizer.smt          | ForkPoolWorker-4  - DEBUG   : Round 2: Binding round variables to gadget input variables
2021-12-06 16:51:34,485 - synthesizer.smt          | ForkPoolWorker-4  - DEBUG   : Round 2: Setting up phi nodes
2021-12-06 16:51:34,491 - synthesizer.smt          | ForkPoolWorker-6  - DEBUG   : Round 2: Setting up phi nodes
2021-12-06 16:51:34,516 - synthesizer.smt          | ForkPoolWorker-5  - DEBUG   : Round 2: Constraining available gadgets
2021-12-06 16:51:34,516 - synthesizer.smt          | ForkPoolWorker-5  - DEBUG   : Round 2: Binding round variables to gadget input variables
2021-12-06 16:51:34,566 - synthesizer.smt          | ForkPoolWorker-5  - DEBUG   : Round 2: Setting up phi nodes
2021-12-06 16:51:35,384 - synthesizer.smt          | ForkPoolWorker-6  - DEBUG   : Round 3: Constraining available gadgets
2021-12-06 16:51:35,385 - synthesizer.smt          | ForkPoolWorker-6  - DEBUG   : Round 3: Binding round variables to gadget input variables
2021-12-06 16:51:35,416 - synthesizer.smt          | ForkPoolWorker-6  - DEBUG   : Round 3: Setting up phi nodes
2021-12-06 16:51:35,471 - synthesizer.smt          | ForkPoolWorker-6  - DEBUG   : Setting up final out vars
2021-12-06 16:51:35,471 - synthesizer.smt          | ForkPoolWorker-6  - DEBUG   : Setting up pointer postconditions
2021-12-06 16:51:35,472 - synthesizer.smt          | ForkPoolWorker-6  - DEBUG   : Setting up postconditions
2021-12-06 16:51:35,563 - synthesizer.smt          | ForkPoolWorker-4  - DEBUG   : Round 3: Constraining available gadgets
2021-12-06 16:51:35,563 - synthesizer.smt          | ForkPoolWorker-4  - DEBUG   : Round 3: Binding round variables to gadget input variables
2021-12-06 16:51:35,628 - synthesizer.smt          | ForkPoolWorker-4  - DEBUG   : Round 3: Setting up phi nodes
2021-12-06 16:51:35,677 - synthesizer.smt          | ForkPoolWorker-4  - DEBUG   : Setting up final out vars
2021-12-06 16:51:35,677 - synthesizer.smt          | ForkPoolWorker-4  - DEBUG   : Setting up pointer postconditions
2021-12-06 16:51:35,677 - synthesizer.smt          | ForkPoolWorker-4  - DEBUG   : Setting up postconditions
2021-12-06 16:51:35,731 - synthesizer.smt          | ForkPoolWorker-5  - DEBUG   : Round 3: Constraining available gadgets
2021-12-06 16:51:35,732 - synthesizer.smt          | ForkPoolWorker-5  - DEBUG   : Round 3: Binding round variables to gadget input variables
2021-12-06 16:51:35,736 - synthesizer              | ForkPoolWorker-6  - INFO    : Encoded 300 IR gadgets as SMT formula (146517 assertions) in 7.33s
2021-12-06 16:51:35,763 - synthesizer              | ForkPoolWorker-6  - DEBUG   : formula-smt2.txt written in 0.02s
2021-12-06 16:51:35,763 - synthesizer              | ForkPoolWorker-6  - INFO    : Running solver /home/vagrant/.local/bin/boolector
2021-12-06 16:51:35,800 - synthesizer.smt          | ForkPoolWorker-5  - DEBUG   : Round 3: Setting up phi nodes
2021-12-06 16:51:35,887 - synthesizer.smt          | ForkPoolWorker-5  - DEBUG   : Setting up final out vars
2021-12-06 16:51:35,887 - synthesizer.smt          | ForkPoolWorker-5  - DEBUG   : Setting up pointer postconditions
2021-12-06 16:51:35,887 - synthesizer.smt          | ForkPoolWorker-5  - DEBUG   : Setting up postconditions
2021-12-06 16:51:35,919 - synthesizer              | ForkPoolWorker-4  - INFO    : Encoded 300 IR gadgets as SMT formula (146453 assertions) in 7.51s
2021-12-06 16:51:35,945 - synthesizer              | ForkPoolWorker-4  - DEBUG   : formula-smt2.txt written in 0.02s
2021-12-06 16:51:35,945 - synthesizer              | ForkPoolWorker-4  - INFO    : Running solver /home/vagrant/.local/bin/boolector
2021-12-06 16:51:36,166 - synthesizer              | ForkPoolWorker-5  - INFO    : Encoded 299 IR gadgets as SMT formula (145829 assertions) in 7.81s
2021-12-06 16:51:36,193 - synthesizer              | ForkPoolWorker-5  - DEBUG   : formula-smt2.txt written in 0.02s
2021-12-06 16:51:36,193 - synthesizer              | ForkPoolWorker-5  - INFO    : Running solver /home/vagrant/.local/bin/boolector
2021-12-06 16:51:42,757 - synthesizer              | ForkPoolWorker-6  - INFO    : Solver returned UNSAT in 6.99s
2021-12-06 16:51:42,758 - synthesizer              | ForkPoolWorker-6  - DEBUG   : result.json written
2021-12-06 16:51:42,848 - synthesizer              | ForkPoolWorker-4  - INFO    : Solver returned UNSAT in 6.9s
2021-12-06 16:51:42,849 - synthesizer              | ForkPoolWorker-4  - DEBUG   : result.json written
2021-12-06 16:51:43,220 - synthesizer              | ForkPoolWorker-5  - INFO    : Solver returned UNSAT in 7.03s
2021-12-06 16:51:43,221 - synthesizer              | ForkPoolWorker-5  - DEBUG   : result.json written
2021-12-06 16:51:43,242 - synthesizer              | MainProcess       - DEBUG   : Received 6 results
2021-12-06 16:51:43,243 - synthesizer              | MainProcess       - INFO    : Done in 19.35s
