2021-11-28 22:34:50,237 - synthesizer              | MainProcess       - INFO    : Starting synthesizer
2021-11-28 22:34:50,237 - synthesizer              | MainProcess       - DEBUG   : Using up to 6 processes
2021-11-28 22:34:50,237 - synthesizer.config       | MainProcess       - DEBUG   : Loading SynthesizerConfig from 'synthesizer_config_default.json'
2021-11-28 22:34:50,238 - synthesizer              | MainProcess       - DEBUG   : Using configuration at /vagrant/gadget_synthesis/targets/coreutils/date-8.21/config_execve.json
2021-11-28 22:34:50,238 - synthesizer.config       | MainProcess       - DEBUG   : Loading TargetConfig from '/vagrant/gadget_synthesis/targets/coreutils/date-8.21/config_execve.json'
2021-11-28 22:34:50,239 - synthesizer.config       | MainProcess       - DEBUG   : Executable is relative path: 'date.orig' - adjusting to '/vagrant/gadget_synthesis/targets/coreutils/date-8.21/date.orig'
2021-11-28 22:34:50,239 - synthesizer.config       | MainProcess       - DEBUG   : Using 0 free variables, 17 preconditions, 4 postconditions, and 1 ptr_postconditions
2021-11-28 22:34:50,239 - synthesizer              | MainProcess       - DEBUG   : Disassembly settings used: target_name=date.orig, target=/vagrant/gadget_synthesis/targets/coreutils/date-8.21/date.orig, workdir=/tmp/gadget_synthesis/date-8.21, disas_unaligned=False, control_flow_types=['ret', 'call', 'jmp'], max_processes=6, timeout=3600, cache_name=gadgets, cache_type=JSON
2021-11-28 22:34:50,239 - synthesizer              | MainProcess       - DEBUG   : Preparing date-8.21
2021-11-28 22:34:50,239 - synthesizer              | MainProcess       - DEBUG   : Ensure function addresses are cached for date-8.21
2021-11-28 22:34:50,239 - synthesizer.disasm       | MainProcess       - DEBUG   : Extracting function addresses from 'date.orig'
2021-11-28 22:34:50,239 - synthesizer.cache        | MainProcess       - DEBUG   : Cache intialized (function_addrs.json)
2021-11-28 22:34:50,240 - synthesizer.cache        | MainProcess       - DEBUG   : Metadata is at /vagrant/gadget_synthesis/targets/coreutils/date-8.21/.cache/.metadata
2021-11-28 22:34:50,242 - synthesizer.disasm       | MainProcess       - DEBUG   : Returning 89 cached function addresses
2021-11-28 22:34:50,242 - synthesizer              | MainProcess       - DEBUG   : Ensure valid gadgets are cached for date-8.21
2021-11-28 22:34:50,242 - synthesizer.disasm       | MainProcess       - DEBUG   : Caching gadgets for date.orig
2021-11-28 22:34:50,242 - synthesizer.cache        | MainProcess       - DEBUG   : Cache intialized (gadgets.json)
2021-11-28 22:34:50,242 - synthesizer.cache        | MainProcess       - DEBUG   : Metadata is at /vagrant/gadget_synthesis/targets/coreutils/date-8.21/.cache/.metadata
2021-11-28 22:34:50,244 - synthesizer.disasm       | MainProcess       - DEBUG   : Gadget addresses already cached
2021-11-28 22:34:50,244 - synthesizer              | MainProcess       - DEBUG   : Ensure necessary libraries are cached
2021-11-28 22:34:50,244 - synthesizer.disasm       | MainProcess       - DEBUG   : Extracting function addresses from 'libc-2.31.so'
2021-11-28 22:34:50,244 - synthesizer.cache        | MainProcess       - DEBUG   : Cache intialized (libc_func_addrs.json)
2021-11-28 22:34:50,244 - synthesizer.cache        | MainProcess       - DEBUG   : Metadata is at /vagrant/gadget_synthesis/targets/coreutils/date-8.21/../../libraries/.cache/.metadata
2021-11-28 22:34:50,253 - synthesizer.disasm       | MainProcess       - DEBUG   : Returning 3100 cached function addresses
2021-11-28 22:34:50,253 - synthesizer.disasm       | MainProcess       - DEBUG   : Caching gadgets for libc-2.31.so
2021-11-28 22:34:50,253 - synthesizer.cache        | MainProcess       - DEBUG   : Cache intialized (libc_gadgets.json)
2021-11-28 22:34:50,253 - synthesizer.cache        | MainProcess       - DEBUG   : Metadata is at /vagrant/gadget_synthesis/targets/coreutils/date-8.21/../../libraries/.cache/.metadata
2021-11-28 22:34:50,263 - synthesizer.disasm       | MainProcess       - DEBUG   : Gadget addresses already cached
2021-11-28 22:34:50,264 - synthesizer              | MainProcess       - INFO    : Colleted 6 configurations for date-8.21
2021-11-28 22:34:50,264 - synthesizer              | MainProcess       - DEBUG   : Collected 6 configruations in total
2021-11-28 22:34:50,278 - synthesizer              | ForkPoolWorker-1  - INFO    : Running config: date-8.21 - iteration4-blocks0100-offset000-sw16
2021-11-28 22:34:50,279 - synthesizer              | ForkPoolWorker-1  - DEBUG   : Workdir is /tmp/gadget_synthesis/date-8.21/iteration4-blocks0100-offset000-sw16
2021-11-28 22:34:50,279 - synthesizer              | ForkPoolWorker-1  - DEBUG   : Seed is 0
2021-11-28 22:34:50,279 - synthesizer.cache        | ForkPoolWorker-1  - DEBUG   : Cache intialized (gadgets.json)
2021-11-28 22:34:50,279 - synthesizer.cache        | ForkPoolWorker-1  - DEBUG   : Metadata is at /vagrant/gadget_synthesis/targets/coreutils/date-8.21/.cache/.metadata
2021-11-28 22:34:50,281 - synthesizer              | ForkPoolWorker-2  - INFO    : Running config: date-8.21 - iteration4-blocks0100-offset001-sw16
2021-11-28 22:34:50,282 - synthesizer              | ForkPoolWorker-2  - DEBUG   : Workdir is /tmp/gadget_synthesis/date-8.21/iteration4-blocks0100-offset001-sw16
2021-11-28 22:34:50,282 - synthesizer              | ForkPoolWorker-2  - DEBUG   : Seed is 1
2021-11-28 22:34:50,282 - synthesizer.cache        | ForkPoolWorker-2  - DEBUG   : Cache intialized (gadgets.json)
2021-11-28 22:34:50,282 - synthesizer.cache        | ForkPoolWorker-2  - DEBUG   : Metadata is at /vagrant/gadget_synthesis/targets/coreutils/date-8.21/.cache/.metadata
2021-11-28 22:34:50,283 - synthesizer              | ForkPoolWorker-3  - INFO    : Running config: date-8.21 - iteration4-blocks0100-offset002-sw16
2021-11-28 22:34:50,286 - synthesizer              | ForkPoolWorker-3  - DEBUG   : Workdir is /tmp/gadget_synthesis/date-8.21/iteration4-blocks0100-offset002-sw16
2021-11-28 22:34:50,286 - synthesizer              | ForkPoolWorker-3  - DEBUG   : Seed is 2
2021-11-28 22:34:50,286 - synthesizer.cache        | ForkPoolWorker-3  - DEBUG   : Cache intialized (gadgets.json)
2021-11-28 22:34:50,286 - synthesizer.cache        | ForkPoolWorker-3  - DEBUG   : Metadata is at /vagrant/gadget_synthesis/targets/coreutils/date-8.21/.cache/.metadata
2021-11-28 22:34:50,284 - synthesizer              | ForkPoolWorker-4  - INFO    : Running config: date-8.21 - iteration4-blocks0300-offset001-sw16
2021-11-28 22:34:50,287 - synthesizer              | ForkPoolWorker-4  - DEBUG   : Workdir is /tmp/gadget_synthesis/date-8.21/iteration4-blocks0300-offset001-sw16
2021-11-28 22:34:50,287 - synthesizer              | ForkPoolWorker-4  - DEBUG   : Seed is 1
2021-11-28 22:34:50,287 - synthesizer.cache        | ForkPoolWorker-4  - DEBUG   : Cache intialized (gadgets.json)
2021-11-28 22:34:50,287 - synthesizer.cache        | ForkPoolWorker-4  - DEBUG   : Metadata is at /vagrant/gadget_synthesis/targets/coreutils/date-8.21/.cache/.metadata
2021-11-28 22:34:50,284 - synthesizer              | ForkPoolWorker-6  - INFO    : Running config: date-8.21 - iteration4-blocks0300-offset000-sw16
2021-11-28 22:34:50,290 - synthesizer              | ForkPoolWorker-6  - DEBUG   : Workdir is /tmp/gadget_synthesis/date-8.21/iteration4-blocks0300-offset000-sw16
2021-11-28 22:34:50,290 - synthesizer              | ForkPoolWorker-6  - DEBUG   : Seed is 0
2021-11-28 22:34:50,290 - synthesizer.cache        | ForkPoolWorker-6  - DEBUG   : Cache intialized (gadgets.json)
2021-11-28 22:34:50,290 - synthesizer.cache        | ForkPoolWorker-6  - DEBUG   : Metadata is at /vagrant/gadget_synthesis/targets/coreutils/date-8.21/.cache/.metadata
2021-11-28 22:34:50,292 - synthesizer.disasm       | ForkPoolWorker-2  - DEBUG   : Loading cached gadget addresses
2021-11-28 22:34:50,295 - synthesizer.disasm       | ForkPoolWorker-1  - DEBUG   : Loading cached gadget addresses
2021-11-28 22:34:50,296 - synthesizer.disasm       | ForkPoolWorker-3  - DEBUG   : Loading cached gadget addresses
2021-11-28 22:34:50,297 - synthesizer.disasm       | ForkPoolWorker-4  - DEBUG   : Loading cached gadget addresses
2021-11-28 22:34:50,299 - synthesizer              | ForkPoolWorker-5  - INFO    : Running config: date-8.21 - iteration4-blocks0300-offset002-sw16
2021-11-28 22:34:50,301 - synthesizer              | ForkPoolWorker-5  - DEBUG   : Workdir is /tmp/gadget_synthesis/date-8.21/iteration4-blocks0300-offset002-sw16
2021-11-28 22:34:50,301 - synthesizer              | ForkPoolWorker-5  - DEBUG   : Seed is 2
2021-11-28 22:34:50,301 - synthesizer.cache        | ForkPoolWorker-5  - DEBUG   : Cache intialized (gadgets.json)
2021-11-28 22:34:50,301 - synthesizer.cache        | ForkPoolWorker-5  - DEBUG   : Metadata is at /vagrant/gadget_synthesis/targets/coreutils/date-8.21/.cache/.metadata
2021-11-28 22:34:50,304 - synthesizer.disasm       | ForkPoolWorker-6  - DEBUG   : Loading cached gadget addresses
2021-11-28 22:34:50,305 - synthesizer.selection    | ForkPoolWorker-1  - INFO    : Selecting 100 from 544 available gadgets (1 fixed)
2021-11-28 22:34:50,307 - synthesizer.disasm       | ForkPoolWorker-1  - DEBUG   : Disassembling 100 gadgets. This may take a while..
2021-11-28 22:34:50,302 - synthesizer.selection    | ForkPoolWorker-3  - INFO    : Selecting 100 from 544 available gadgets (1 fixed)
2021-11-28 22:34:50,307 - synthesizer.disasm       | ForkPoolWorker-3  - DEBUG   : Disassembling 100 gadgets. This may take a while..
2021-11-28 22:34:50,307 - synthesizer.selection    | ForkPoolWorker-4  - INFO    : Selecting 300 from 544 available gadgets (1 fixed)
2021-11-28 22:34:50,296 - synthesizer.selection    | ForkPoolWorker-2  - INFO    : Selecting 100 from 544 available gadgets (1 fixed)
2021-11-28 22:34:50,308 - synthesizer.disasm       | ForkPoolWorker-2  - DEBUG   : Disassembling 100 gadgets. This may take a while..
2021-11-28 22:34:50,308 - synthesizer.disasm       | ForkPoolWorker-4  - DEBUG   : Disassembling 300 gadgets. This may take a while..
2021-11-28 22:34:50,314 - synthesizer.selection    | ForkPoolWorker-6  - INFO    : Selecting 300 from 544 available gadgets (1 fixed)
2021-11-28 22:34:50,316 - synthesizer.disasm       | ForkPoolWorker-6  - DEBUG   : Disassembling 300 gadgets. This may take a while..
2021-11-28 22:34:50,317 - synthesizer.disasm       | ForkPoolWorker-5  - DEBUG   : Loading cached gadget addresses
2021-11-28 22:34:50,329 - synthesizer.selection    | ForkPoolWorker-5  - INFO    : Selecting 300 from 544 available gadgets (1 fixed)
2021-11-28 22:34:50,329 - synthesizer.disasm       | ForkPoolWorker-5  - DEBUG   : Disassembling 300 gadgets. This may take a while..
2021-11-28 22:34:51,869 - synthesizer.disasm       | ForkPoolWorker-2  - DEBUG   : Rebased gadgets onto load address 0x400000
2021-11-28 22:34:51,869 - synthesizer.disasm       | ForkPoolWorker-2  - DEBUG   : Disassembled 100 from main executable (date.orig)
2021-11-28 22:34:51,869 - synthesizer.disasm       | ForkPoolWorker-2  - DEBUG   : Disassembled 0 from libc
2021-11-28 22:34:51,869 - synthesizer              | ForkPoolWorker-2  - INFO    : Disassembled ASM block for 100 gadgets in 1.56s
2021-11-28 22:34:51,902 - synthesizer.disasm       | ForkPoolWorker-3  - DEBUG   : Rebased gadgets onto load address 0x400000
2021-11-28 22:34:51,902 - synthesizer.disasm       | ForkPoolWorker-3  - DEBUG   : Disassembled 100 from main executable (date.orig)
2021-11-28 22:34:51,902 - synthesizer.disasm       | ForkPoolWorker-3  - DEBUG   : Disassembled 0 from libc
2021-11-28 22:34:51,902 - synthesizer              | ForkPoolWorker-3  - INFO    : Disassembled ASM block for 100 gadgets in 1.6s
2021-11-28 22:34:52,176 - synthesizer.disasm       | ForkPoolWorker-1  - DEBUG   : Rebased gadgets onto load address 0x400000
2021-11-28 22:34:52,176 - synthesizer.disasm       | ForkPoolWorker-1  - DEBUG   : Disassembled 100 from main executable (date.orig)
2021-11-28 22:34:52,176 - synthesizer.disasm       | ForkPoolWorker-1  - DEBUG   : Disassembled 0 from libc
2021-11-28 22:34:52,177 - synthesizer              | ForkPoolWorker-1  - INFO    : Disassembled ASM block for 100 gadgets in 1.87s
2021-11-28 22:34:52,951 - synthesizer.disasm       | ForkPoolWorker-6  - DEBUG   : Rebased gadgets onto load address 0x400000
2021-11-28 22:34:52,951 - synthesizer.disasm       | ForkPoolWorker-6  - DEBUG   : Disassembled 300 from main executable (date.orig)
2021-11-28 22:34:52,951 - synthesizer.disasm       | ForkPoolWorker-6  - DEBUG   : Disassembled 0 from libc
2021-11-28 22:34:52,959 - synthesizer.disasm       | ForkPoolWorker-5  - DEBUG   : Rebased gadgets onto load address 0x400000
2021-11-28 22:34:52,959 - synthesizer.disasm       | ForkPoolWorker-5  - DEBUG   : Disassembled 300 from main executable (date.orig)
2021-11-28 22:34:52,959 - synthesizer.disasm       | ForkPoolWorker-5  - DEBUG   : Disassembled 0 from libc
2021-11-28 22:34:52,970 - synthesizer.disasm       | ForkPoolWorker-4  - DEBUG   : Rebased gadgets onto load address 0x400000
2021-11-28 22:34:52,971 - synthesizer.disasm       | ForkPoolWorker-4  - DEBUG   : Disassembled 300 from main executable (date.orig)
2021-11-28 22:34:52,971 - synthesizer.disasm       | ForkPoolWorker-4  - DEBUG   : Disassembled 0 from libc
2021-11-28 22:34:52,960 - synthesizer              | ForkPoolWorker-5  - INFO    : Disassembled ASM block for 300 gadgets in 2.63s
2021-11-28 22:34:52,951 - synthesizer              | ForkPoolWorker-6  - INFO    : Disassembled ASM block for 300 gadgets in 2.64s
2021-11-28 22:34:52,971 - synthesizer              | ForkPoolWorker-4  - INFO    : Disassembled ASM block for 300 gadgets in 2.66s
2021-11-28 22:34:53,885 - synthesizer              | ForkPoolWorker-2  - INFO    : Lifted 100 ASM gadgets to 100 IRa gadgets in 2.02s
2021-11-28 22:34:53,887 - synthesizer              | ForkPoolWorker-2  - DEBUG   : Encoding IR gadgets as SMT formula
2021-11-28 22:34:53,887 - synthesizer.smt          | ForkPoolWorker-2  - DEBUG   : Setting up preconditions
2021-11-28 22:34:53,887 - synthesizer.smt          | ForkPoolWorker-2  - DEBUG   : Setting up stack data
2021-11-28 22:34:53,888 - synthesizer.smt          | ForkPoolWorker-2  - DEBUG   : Encoding program
2021-11-28 22:34:54,364 - synthesizer              | ForkPoolWorker-3  - INFO    : Lifted 100 ASM gadgets to 100 IRa gadgets in 2.46s
2021-11-28 22:34:54,387 - synthesizer              | ForkPoolWorker-3  - DEBUG   : Encoding IR gadgets as SMT formula
2021-11-28 22:34:54,387 - synthesizer.smt          | ForkPoolWorker-3  - DEBUG   : Setting up preconditions
2021-11-28 22:34:54,387 - synthesizer.smt          | ForkPoolWorker-3  - DEBUG   : Setting up stack data
2021-11-28 22:34:54,388 - synthesizer.smt          | ForkPoolWorker-3  - DEBUG   : Encoding program
2021-11-28 22:34:55,274 - synthesizer.smt          | ForkPoolWorker-2  - DEBUG   : Round 0: Constraining available gadgets
2021-11-28 22:34:55,274 - synthesizer.smt          | ForkPoolWorker-2  - DEBUG   : Round 0: Binding round variables to gadget input variables
2021-11-28 22:34:55,320 - synthesizer.smt          | ForkPoolWorker-2  - DEBUG   : Round 0: Setting up phi nodes
2021-11-28 22:34:55,380 - synthesizer              | ForkPoolWorker-1  - INFO    : Lifted 100 ASM gadgets to 100 IRa gadgets in 3.19s
2021-11-28 22:34:55,392 - synthesizer              | ForkPoolWorker-1  - DEBUG   : Encoding IR gadgets as SMT formula
2021-11-28 22:34:55,392 - synthesizer.smt          | ForkPoolWorker-1  - DEBUG   : Setting up preconditions
2021-11-28 22:34:55,392 - synthesizer.smt          | ForkPoolWorker-1  - DEBUG   : Setting up stack data
2021-11-28 22:34:55,393 - synthesizer.smt          | ForkPoolWorker-1  - DEBUG   : Encoding program
2021-11-28 22:34:56,052 - synthesizer.smt          | ForkPoolWorker-3  - DEBUG   : Round 0: Constraining available gadgets
2021-11-28 22:34:56,052 - synthesizer.smt          | ForkPoolWorker-3  - DEBUG   : Round 0: Binding round variables to gadget input variables
2021-11-28 22:34:56,062 - synthesizer.smt          | ForkPoolWorker-3  - DEBUG   : Round 0: Setting up phi nodes
2021-11-28 22:34:56,313 - synthesizer.smt          | ForkPoolWorker-2  - DEBUG   : Round 1: Constraining available gadgets
2021-11-28 22:34:56,313 - synthesizer.smt          | ForkPoolWorker-2  - DEBUG   : Round 1: Binding round variables to gadget input variables
2021-11-28 22:34:56,387 - synthesizer.smt          | ForkPoolWorker-2  - DEBUG   : Round 1: Setting up phi nodes
2021-11-28 22:34:57,380 - synthesizer.smt          | ForkPoolWorker-3  - DEBUG   : Round 1: Constraining available gadgets
2021-11-28 22:34:57,380 - synthesizer.smt          | ForkPoolWorker-3  - DEBUG   : Round 1: Binding round variables to gadget input variables
2021-11-28 22:34:57,454 - synthesizer.smt          | ForkPoolWorker-3  - DEBUG   : Round 1: Setting up phi nodes
2021-11-28 22:34:57,554 - synthesizer.smt          | ForkPoolWorker-1  - DEBUG   : Round 0: Constraining available gadgets
2021-11-28 22:34:57,555 - synthesizer.smt          | ForkPoolWorker-1  - DEBUG   : Round 0: Binding round variables to gadget input variables
2021-11-28 22:34:57,581 - synthesizer.smt          | ForkPoolWorker-1  - DEBUG   : Round 0: Setting up phi nodes
2021-11-28 22:34:57,698 - synthesizer.smt          | ForkPoolWorker-2  - DEBUG   : Round 2: Constraining available gadgets
2021-11-28 22:34:57,699 - synthesizer.smt          | ForkPoolWorker-2  - DEBUG   : Round 2: Binding round variables to gadget input variables
2021-11-28 22:34:57,713 - synthesizer.smt          | ForkPoolWorker-2  - DEBUG   : Round 2: Setting up phi nodes
2021-11-28 22:34:59,090 - synthesizer.smt          | ForkPoolWorker-2  - DEBUG   : Round 3: Constraining available gadgets
2021-11-28 22:34:59,090 - synthesizer.smt          | ForkPoolWorker-2  - DEBUG   : Round 3: Binding round variables to gadget input variables
2021-11-28 22:34:59,128 - synthesizer.smt          | ForkPoolWorker-2  - DEBUG   : Round 3: Setting up phi nodes
2021-11-28 22:34:59,156 - synthesizer.smt          | ForkPoolWorker-3  - DEBUG   : Round 2: Constraining available gadgets
2021-11-28 22:34:59,156 - synthesizer.smt          | ForkPoolWorker-3  - DEBUG   : Round 2: Binding round variables to gadget input variables
2021-11-28 22:34:59,137 - synthesizer.smt          | ForkPoolWorker-2  - DEBUG   : Setting up final out vars
2021-11-28 22:34:59,171 - synthesizer.smt          | ForkPoolWorker-2  - DEBUG   : Setting up pointer postconditions
2021-11-28 22:34:59,171 - synthesizer.smt          | ForkPoolWorker-2  - DEBUG   : Setting up postconditions
2021-11-28 22:34:59,204 - synthesizer.smt          | ForkPoolWorker-3  - DEBUG   : Round 2: Setting up phi nodes
2021-11-28 22:34:59,405 - synthesizer              | ForkPoolWorker-2  - INFO    : Encoded 100 IR gadgets as SMT formula (55545 assertions) in 5.52s
2021-11-28 22:34:59,513 - synthesizer              | ForkPoolWorker-2  - DEBUG   : formula-smt2.txt written in 0.05s
2021-11-28 22:34:59,513 - synthesizer              | ForkPoolWorker-2  - INFO    : Running solver /home/vagrant/.local/bin/boolector
2021-11-28 22:34:59,647 - synthesizer.smt          | ForkPoolWorker-1  - DEBUG   : Round 1: Constraining available gadgets
2021-11-28 22:34:59,648 - synthesizer.smt          | ForkPoolWorker-1  - DEBUG   : Round 1: Binding round variables to gadget input variables
2021-11-28 22:34:59,661 - synthesizer.smt          | ForkPoolWorker-1  - DEBUG   : Round 1: Setting up phi nodes
2021-11-28 22:35:00,118 - synthesizer              | ForkPoolWorker-5  - INFO    : Lifted 300 ASM gadgets to 300 IRa gadgets in 7.14s
2021-11-28 22:35:00,156 - synthesizer              | ForkPoolWorker-5  - DEBUG   : Encoding IR gadgets as SMT formula
2021-11-28 22:35:00,156 - synthesizer.smt          | ForkPoolWorker-5  - DEBUG   : Setting up preconditions
2021-11-28 22:35:00,156 - synthesizer.smt          | ForkPoolWorker-5  - DEBUG   : Setting up stack data
2021-11-28 22:35:00,157 - synthesizer.smt          | ForkPoolWorker-5  - DEBUG   : Encoding program
2021-11-28 22:35:00,793 - synthesizer              | ForkPoolWorker-6  - INFO    : Lifted 300 ASM gadgets to 300 IRa gadgets in 7.82s
2021-11-28 22:35:00,798 - synthesizer              | ForkPoolWorker-6  - DEBUG   : Encoding IR gadgets as SMT formula
2021-11-28 22:35:00,798 - synthesizer.smt          | ForkPoolWorker-6  - DEBUG   : Setting up preconditions
2021-11-28 22:35:00,798 - synthesizer.smt          | ForkPoolWorker-6  - DEBUG   : Setting up stack data
2021-11-28 22:35:00,799 - synthesizer.smt          | ForkPoolWorker-6  - DEBUG   : Encoding program
2021-11-28 22:35:00,994 - synthesizer.smt          | ForkPoolWorker-3  - DEBUG   : Round 3: Constraining available gadgets
2021-11-28 22:35:00,995 - synthesizer.smt          | ForkPoolWorker-3  - DEBUG   : Round 3: Binding round variables to gadget input variables
2021-11-28 22:35:01,005 - synthesizer.smt          | ForkPoolWorker-3  - DEBUG   : Round 3: Setting up phi nodes
2021-11-28 22:35:01,055 - synthesizer.smt          | ForkPoolWorker-3  - DEBUG   : Setting up final out vars
2021-11-28 22:35:01,055 - synthesizer.smt          | ForkPoolWorker-3  - DEBUG   : Setting up pointer postconditions
2021-11-28 22:35:01,055 - synthesizer.smt          | ForkPoolWorker-3  - DEBUG   : Setting up postconditions
2021-11-28 22:35:01,276 - synthesizer.smt          | ForkPoolWorker-1  - DEBUG   : Round 2: Constraining available gadgets
2021-11-28 22:35:01,276 - synthesizer.smt          | ForkPoolWorker-1  - DEBUG   : Round 2: Binding round variables to gadget input variables
2021-11-28 22:35:01,287 - synthesizer              | ForkPoolWorker-3  - INFO    : Encoded 100 IR gadgets as SMT formula (59545 assertions) in 6.9s
2021-11-28 22:35:01,337 - synthesizer              | ForkPoolWorker-3  - DEBUG   : formula-smt2.txt written in 0.01s
2021-11-28 22:35:01,371 - synthesizer.smt          | ForkPoolWorker-1  - DEBUG   : Round 2: Setting up phi nodes
2021-11-28 22:35:01,338 - synthesizer              | ForkPoolWorker-3  - INFO    : Running solver /home/vagrant/.local/bin/boolector
2021-11-28 22:35:01,604 - synthesizer              | ForkPoolWorker-4  - INFO    : Lifted 300 ASM gadgets to 300 IRa gadgets in 8.6s
2021-11-28 22:35:01,636 - synthesizer              | ForkPoolWorker-4  - DEBUG   : Encoding IR gadgets as SMT formula
2021-11-28 22:35:01,636 - synthesizer.smt          | ForkPoolWorker-4  - DEBUG   : Setting up preconditions
2021-11-28 22:35:01,637 - synthesizer.smt          | ForkPoolWorker-4  - DEBUG   : Setting up stack data
2021-11-28 22:35:01,637 - synthesizer.smt          | ForkPoolWorker-4  - DEBUG   : Encoding program
2021-11-28 22:35:03,276 - synthesizer.smt          | ForkPoolWorker-1  - DEBUG   : Round 3: Constraining available gadgets
2021-11-28 22:35:03,276 - synthesizer.smt          | ForkPoolWorker-1  - DEBUG   : Round 3: Binding round variables to gadget input variables
2021-11-28 22:35:03,328 - synthesizer.smt          | ForkPoolWorker-1  - DEBUG   : Round 3: Setting up phi nodes
2021-11-28 22:35:03,376 - synthesizer.smt          | ForkPoolWorker-1  - DEBUG   : Setting up final out vars
2021-11-28 22:35:03,376 - synthesizer.smt          | ForkPoolWorker-1  - DEBUG   : Setting up pointer postconditions
2021-11-28 22:35:03,376 - synthesizer.smt          | ForkPoolWorker-1  - DEBUG   : Setting up postconditions
2021-11-28 22:35:03,714 - synthesizer              | ForkPoolWorker-1  - INFO    : Encoded 100 IR gadgets as SMT formula (63545 assertions) in 8.32s
2021-11-28 22:35:03,866 - synthesizer              | ForkPoolWorker-1  - DEBUG   : formula-smt2.txt written in 0.07s
2021-11-28 22:35:03,866 - synthesizer              | ForkPoolWorker-1  - INFO    : Running solver /home/vagrant/.local/bin/boolector
2021-11-28 22:35:05,469 - synthesizer.smt          | ForkPoolWorker-5  - DEBUG   : Round 0: Constraining available gadgets
2021-11-28 22:35:05,469 - synthesizer.smt          | ForkPoolWorker-5  - DEBUG   : Round 0: Binding round variables to gadget input variables
2021-11-28 22:35:05,575 - synthesizer.smt          | ForkPoolWorker-5  - DEBUG   : Round 0: Setting up phi nodes
2021-11-28 22:35:06,402 - synthesizer.smt          | ForkPoolWorker-6  - DEBUG   : Round 0: Constraining available gadgets
2021-11-28 22:35:06,403 - synthesizer.smt          | ForkPoolWorker-6  - DEBUG   : Round 0: Binding round variables to gadget input variables
2021-11-28 22:35:06,501 - synthesizer.smt          | ForkPoolWorker-6  - DEBUG   : Round 0: Setting up phi nodes
2021-11-28 22:35:07,473 - synthesizer.smt          | ForkPoolWorker-4  - DEBUG   : Round 0: Constraining available gadgets
2021-11-28 22:35:07,473 - synthesizer.smt          | ForkPoolWorker-4  - DEBUG   : Round 0: Binding round variables to gadget input variables
2021-11-28 22:35:07,604 - synthesizer.smt          | ForkPoolWorker-4  - DEBUG   : Round 0: Setting up phi nodes
2021-11-28 22:35:08,336 - synthesizer              | ForkPoolWorker-2  - INFO    : Solver returned UNSAT in 8.82s
2021-11-28 22:35:08,337 - synthesizer              | ForkPoolWorker-2  - DEBUG   : result.json written
2021-11-28 22:35:09,478 - synthesizer.smt          | ForkPoolWorker-5  - DEBUG   : Round 1: Constraining available gadgets
2021-11-28 22:35:09,479 - synthesizer.smt          | ForkPoolWorker-5  - DEBUG   : Round 1: Binding round variables to gadget input variables
2021-11-28 22:35:09,594 - synthesizer.smt          | ForkPoolWorker-5  - DEBUG   : Round 1: Setting up phi nodes
2021-11-28 22:35:10,559 - synthesizer.smt          | ForkPoolWorker-6  - DEBUG   : Round 1: Constraining available gadgets
2021-11-28 22:35:10,559 - synthesizer.smt          | ForkPoolWorker-6  - DEBUG   : Round 1: Binding round variables to gadget input variables
2021-11-28 22:35:10,637 - synthesizer.smt          | ForkPoolWorker-6  - DEBUG   : Round 1: Setting up phi nodes
2021-11-28 22:35:11,009 - synthesizer              | ForkPoolWorker-3  - INFO    : Solver returned UNSAT in 9.62s
2021-11-28 22:35:11,010 - synthesizer              | ForkPoolWorker-3  - DEBUG   : result.json written
2021-11-28 22:35:11,179 - synthesizer.smt          | ForkPoolWorker-4  - DEBUG   : Round 1: Constraining available gadgets
2021-11-28 22:35:11,179 - synthesizer.smt          | ForkPoolWorker-4  - DEBUG   : Round 1: Binding round variables to gadget input variables
2021-11-28 22:35:11,245 - synthesizer.smt          | ForkPoolWorker-4  - DEBUG   : Round 1: Setting up phi nodes
2021-11-28 22:35:11,930 - synthesizer.smt          | ForkPoolWorker-5  - DEBUG   : Round 2: Constraining available gadgets
2021-11-28 22:35:11,930 - synthesizer.smt          | ForkPoolWorker-5  - DEBUG   : Round 2: Binding round variables to gadget input variables
2021-11-28 22:35:11,997 - synthesizer.smt          | ForkPoolWorker-5  - DEBUG   : Round 2: Setting up phi nodes
2021-11-28 22:35:13,052 - synthesizer.smt          | ForkPoolWorker-6  - DEBUG   : Round 2: Constraining available gadgets
2021-11-28 22:35:13,053 - synthesizer.smt          | ForkPoolWorker-6  - DEBUG   : Round 2: Binding round variables to gadget input variables
2021-11-28 22:35:13,114 - synthesizer.smt          | ForkPoolWorker-6  - DEBUG   : Round 2: Setting up phi nodes
2021-11-28 22:35:13,725 - synthesizer.smt          | ForkPoolWorker-4  - DEBUG   : Round 2: Constraining available gadgets
2021-11-28 22:35:13,726 - synthesizer.smt          | ForkPoolWorker-4  - DEBUG   : Round 2: Binding round variables to gadget input variables
2021-11-28 22:35:13,789 - synthesizer.smt          | ForkPoolWorker-4  - DEBUG   : Round 2: Setting up phi nodes
2021-11-28 22:35:14,244 - synthesizer.smt          | ForkPoolWorker-5  - DEBUG   : Round 3: Constraining available gadgets
2021-11-28 22:35:14,261 - synthesizer.smt          | ForkPoolWorker-5  - DEBUG   : Round 3: Binding round variables to gadget input variables
2021-11-28 22:35:14,303 - synthesizer.smt          | ForkPoolWorker-5  - DEBUG   : Round 3: Setting up phi nodes
2021-11-28 22:35:14,378 - synthesizer              | ForkPoolWorker-1  - INFO    : Solver returned UNSAT in 10.51s
2021-11-28 22:35:14,378 - synthesizer              | ForkPoolWorker-1  - DEBUG   : result.json written
2021-11-28 22:35:14,391 - synthesizer.smt          | ForkPoolWorker-5  - DEBUG   : Setting up final out vars
2021-11-28 22:35:14,391 - synthesizer.smt          | ForkPoolWorker-5  - DEBUG   : Setting up pointer postconditions
2021-11-28 22:35:14,391 - synthesizer.smt          | ForkPoolWorker-5  - DEBUG   : Setting up postconditions
2021-11-28 22:35:14,761 - synthesizer              | ForkPoolWorker-5  - INFO    : Encoded 300 IR gadgets as SMT formula (169805 assertions) in 14.61s
2021-11-28 22:35:14,813 - synthesizer              | ForkPoolWorker-5  - DEBUG   : formula-smt2.txt written in 0.03s
2021-11-28 22:35:14,813 - synthesizer              | ForkPoolWorker-5  - INFO    : Running solver /home/vagrant/.local/bin/boolector
2021-11-28 22:35:15,133 - synthesizer.smt          | ForkPoolWorker-6  - DEBUG   : Round 3: Constraining available gadgets
2021-11-28 22:35:15,134 - synthesizer.smt          | ForkPoolWorker-6  - DEBUG   : Round 3: Binding round variables to gadget input variables
2021-11-28 22:35:15,174 - synthesizer.smt          | ForkPoolWorker-6  - DEBUG   : Round 3: Setting up phi nodes
2021-11-28 22:35:15,238 - synthesizer.smt          | ForkPoolWorker-6  - DEBUG   : Setting up final out vars
2021-11-28 22:35:15,238 - synthesizer.smt          | ForkPoolWorker-6  - DEBUG   : Setting up pointer postconditions
2021-11-28 22:35:15,238 - synthesizer.smt          | ForkPoolWorker-6  - DEBUG   : Setting up postconditions
2021-11-28 22:35:15,557 - synthesizer              | ForkPoolWorker-6  - INFO    : Encoded 300 IR gadgets as SMT formula (171885 assertions) in 14.76s
2021-11-28 22:35:15,667 - synthesizer              | ForkPoolWorker-6  - DEBUG   : formula-smt2.txt written in 0.07s
2021-11-28 22:35:15,677 - synthesizer.smt          | ForkPoolWorker-4  - DEBUG   : Round 3: Constraining available gadgets
2021-11-28 22:35:15,677 - synthesizer.smt          | ForkPoolWorker-4  - DEBUG   : Round 3: Binding round variables to gadget input variables
2021-11-28 22:35:15,667 - synthesizer              | ForkPoolWorker-6  - INFO    : Running solver /home/vagrant/.local/bin/boolector
2021-11-28 22:35:15,708 - synthesizer.smt          | ForkPoolWorker-4  - DEBUG   : Round 3: Setting up phi nodes
2021-11-28 22:35:15,742 - synthesizer.smt          | ForkPoolWorker-4  - DEBUG   : Setting up final out vars
2021-11-28 22:35:15,742 - synthesizer.smt          | ForkPoolWorker-4  - DEBUG   : Setting up pointer postconditions
2021-11-28 22:35:15,743 - synthesizer.smt          | ForkPoolWorker-4  - DEBUG   : Setting up postconditions
2021-11-28 22:35:15,953 - synthesizer              | ForkPoolWorker-4  - INFO    : Encoded 300 IR gadgets as SMT formula (176049 assertions) in 14.32s
2021-11-28 22:35:16,019 - synthesizer              | ForkPoolWorker-4  - DEBUG   : formula-smt2.txt written in 0.04s
2021-11-28 22:35:16,019 - synthesizer              | ForkPoolWorker-4  - INFO    : Running solver /home/vagrant/.local/bin/boolector
2021-11-28 22:35:28,326 - synthesizer              | ForkPoolWorker-5  - INFO    : Solver returned UNSAT in 13.51s
2021-11-28 22:35:28,327 - synthesizer              | ForkPoolWorker-5  - DEBUG   : result.json written
2021-11-28 22:35:30,206 - synthesizer              | ForkPoolWorker-6  - INFO    : Solver returned UNSAT in 14.53s
2021-11-28 22:35:30,207 - synthesizer              | ForkPoolWorker-6  - DEBUG   : result.json written
2021-11-28 22:35:31,284 - synthesizer              | ForkPoolWorker-4  - INFO    : Solver returned UNSAT in 15.25s
2021-11-28 22:35:31,286 - synthesizer              | ForkPoolWorker-4  - DEBUG   : result.json written
2021-11-28 22:35:31,316 - synthesizer              | MainProcess       - DEBUG   : Received 6 results
2021-11-28 22:35:31,317 - synthesizer              | MainProcess       - INFO    : Done in 41.08s
