2021-12-06 17:01:03,106 - synthesizer              | MainProcess       - INFO    : Starting synthesizer
2021-12-06 17:01:03,107 - synthesizer              | MainProcess       - DEBUG   : Using up to 6 processes
2021-12-06 17:01:03,107 - synthesizer.config       | MainProcess       - DEBUG   : Loading SynthesizerConfig from 'synthesizer_config_default.json'
2021-12-06 17:01:03,108 - synthesizer              | MainProcess       - DEBUG   : Using configuration at /vagrant/gadget_synthesis/targets/coreutils/uniq-8.16/debloated/config_execve_minimal.json
2021-12-06 17:01:03,108 - synthesizer.config       | MainProcess       - DEBUG   : Loading TargetConfig from '/vagrant/gadget_synthesis/targets/coreutils/uniq-8.16/debloated/config_execve_minimal.json'
2021-12-06 17:01:03,108 - synthesizer.config       | MainProcess       - DEBUG   : Executable is relative path: 'uniq.bc_cu' - adjusting to '/vagrant/gadget_synthesis/targets/coreutils/uniq-8.16/debloated/uniq.bc_cu'
2021-12-06 17:01:03,109 - synthesizer.config       | MainProcess       - DEBUG   : Using 0 free variables, 2 preconditions, 4 postconditions, and 1 ptr_postconditions
2021-12-06 17:01:03,109 - synthesizer              | MainProcess       - DEBUG   : Disassembly settings used: target_name=uniq.bc_cu, target=/vagrant/gadget_synthesis/targets/coreutils/uniq-8.16/debloated/uniq.bc_cu, workdir=/tmp/gadget_synthesis/debloated, disas_unaligned=False, control_flow_types=['ret', 'call', 'jmp'], max_processes=6, timeout=3600, cache_name=gadgets, cache_type=JSON
2021-12-06 17:01:03,109 - synthesizer              | MainProcess       - DEBUG   : Preparing debloated
2021-12-06 17:01:03,109 - synthesizer              | MainProcess       - DEBUG   : Ensure function addresses are cached for debloated
2021-12-06 17:01:03,109 - synthesizer.disasm       | MainProcess       - DEBUG   : Extracting function addresses from 'uniq.bc_cu'
2021-12-06 17:01:03,109 - synthesizer.cache        | MainProcess       - DEBUG   : Cache intialized (function_addrs.json)
2021-12-06 17:01:03,109 - synthesizer.cache        | MainProcess       - DEBUG   : Metadata is at /vagrant/gadget_synthesis/targets/coreutils/uniq-8.16/debloated/.cache/.metadata
2021-12-06 17:01:03,111 - synthesizer.disasm       | MainProcess       - DEBUG   : Returning 80 cached function addresses
2021-12-06 17:01:03,111 - synthesizer              | MainProcess       - DEBUG   : Ensure valid gadgets are cached for debloated
2021-12-06 17:01:03,111 - synthesizer.disasm       | MainProcess       - DEBUG   : Caching gadgets for uniq.bc_cu
2021-12-06 17:01:03,111 - synthesizer.cache        | MainProcess       - DEBUG   : Cache intialized (gadgets.json)
2021-12-06 17:01:03,111 - synthesizer.cache        | MainProcess       - DEBUG   : Metadata is at /vagrant/gadget_synthesis/targets/coreutils/uniq-8.16/debloated/.cache/.metadata
2021-12-06 17:01:03,112 - synthesizer.disasm       | MainProcess       - DEBUG   : Gadget addresses already cached
2021-12-06 17:01:03,113 - synthesizer              | MainProcess       - DEBUG   : Ensure necessary libraries are cached
2021-12-06 17:01:03,113 - synthesizer.disasm       | MainProcess       - DEBUG   : Extracting function addresses from 'libc-2.31.so'
2021-12-06 17:01:03,113 - synthesizer.cache        | MainProcess       - DEBUG   : Cache intialized (libc_func_addrs.json)
2021-12-06 17:01:03,113 - synthesizer.cache        | MainProcess       - DEBUG   : Metadata is at /vagrant/gadget_synthesis/targets/coreutils/uniq-8.16/debloated/../../../libraries/.cache/.metadata
2021-12-06 17:01:03,121 - synthesizer.disasm       | MainProcess       - DEBUG   : Returning 3100 cached function addresses
2021-12-06 17:01:03,121 - synthesizer.disasm       | MainProcess       - DEBUG   : Caching gadgets for libc-2.31.so
2021-12-06 17:01:03,121 - synthesizer.cache        | MainProcess       - DEBUG   : Cache intialized (libc_gadgets.json)
2021-12-06 17:01:03,122 - synthesizer.cache        | MainProcess       - DEBUG   : Metadata is at /vagrant/gadget_synthesis/targets/coreutils/uniq-8.16/debloated/../../../libraries/.cache/.metadata
2021-12-06 17:01:03,131 - synthesizer.disasm       | MainProcess       - DEBUG   : Gadget addresses already cached
2021-12-06 17:01:03,132 - synthesizer              | MainProcess       - INFO    : Colleted 6 configurations for debloated
2021-12-06 17:01:03,133 - synthesizer              | MainProcess       - DEBUG   : Collected 6 configruations in total
2021-12-06 17:01:03,149 - synthesizer              | ForkPoolWorker-1  - INFO    : Running config: debloated - iteration4-blocks0100-offset000-sw16
2021-12-06 17:01:03,149 - synthesizer              | ForkPoolWorker-1  - DEBUG   : Workdir is /tmp/gadget_synthesis/debloated/iteration4-blocks0100-offset000-sw16
2021-12-06 17:01:03,149 - synthesizer              | ForkPoolWorker-1  - DEBUG   : Seed is 0
2021-12-06 17:01:03,149 - synthesizer.cache        | ForkPoolWorker-1  - DEBUG   : Cache intialized (gadgets.json)
2021-12-06 17:01:03,150 - synthesizer.cache        | ForkPoolWorker-1  - DEBUG   : Metadata is at /vagrant/gadget_synthesis/targets/coreutils/uniq-8.16/debloated/.cache/.metadata
2021-12-06 17:01:03,153 - synthesizer              | ForkPoolWorker-4  - INFO    : Running config: debloated - iteration4-blocks0300-offset000-sw16
2021-12-06 17:01:03,154 - synthesizer              | ForkPoolWorker-4  - DEBUG   : Workdir is /tmp/gadget_synthesis/debloated/iteration4-blocks0300-offset000-sw16
2021-12-06 17:01:03,154 - synthesizer              | ForkPoolWorker-4  - DEBUG   : Seed is 0
2021-12-06 17:01:03,154 - synthesizer.cache        | ForkPoolWorker-4  - DEBUG   : Cache intialized (gadgets.json)
2021-12-06 17:01:03,154 - synthesizer.cache        | ForkPoolWorker-4  - DEBUG   : Metadata is at /vagrant/gadget_synthesis/targets/coreutils/uniq-8.16/debloated/.cache/.metadata
2021-12-06 17:01:03,151 - synthesizer              | ForkPoolWorker-3  - INFO    : Running config: debloated - iteration4-blocks0100-offset002-sw16
2021-12-06 17:01:03,155 - synthesizer              | ForkPoolWorker-3  - DEBUG   : Workdir is /tmp/gadget_synthesis/debloated/iteration4-blocks0100-offset002-sw16
2021-12-06 17:01:03,155 - synthesizer              | ForkPoolWorker-3  - DEBUG   : Seed is 2
2021-12-06 17:01:03,153 - synthesizer              | ForkPoolWorker-5  - INFO    : Running config: debloated - iteration4-blocks0300-offset001-sw16
2021-12-06 17:01:03,155 - synthesizer.cache        | ForkPoolWorker-3  - DEBUG   : Cache intialized (gadgets.json)
2021-12-06 17:01:03,155 - synthesizer              | ForkPoolWorker-5  - DEBUG   : Workdir is /tmp/gadget_synthesis/debloated/iteration4-blocks0300-offset001-sw16
2021-12-06 17:01:03,155 - synthesizer              | ForkPoolWorker-5  - DEBUG   : Seed is 1
2021-12-06 17:01:03,155 - synthesizer.cache        | ForkPoolWorker-3  - DEBUG   : Metadata is at /vagrant/gadget_synthesis/targets/coreutils/uniq-8.16/debloated/.cache/.metadata
2021-12-06 17:01:03,156 - synthesizer.cache        | ForkPoolWorker-5  - DEBUG   : Cache intialized (gadgets.json)
2021-12-06 17:01:03,156 - synthesizer.cache        | ForkPoolWorker-5  - DEBUG   : Metadata is at /vagrant/gadget_synthesis/targets/coreutils/uniq-8.16/debloated/.cache/.metadata
2021-12-06 17:01:03,151 - synthesizer              | ForkPoolWorker-2  - INFO    : Running config: debloated - iteration4-blocks0100-offset001-sw16
2021-12-06 17:01:03,157 - synthesizer              | ForkPoolWorker-2  - DEBUG   : Workdir is /tmp/gadget_synthesis/debloated/iteration4-blocks0100-offset001-sw16
2021-12-06 17:01:03,157 - synthesizer              | ForkPoolWorker-2  - DEBUG   : Seed is 1
2021-12-06 17:01:03,157 - synthesizer.cache        | ForkPoolWorker-2  - DEBUG   : Cache intialized (gadgets.json)
2021-12-06 17:01:03,157 - synthesizer.cache        | ForkPoolWorker-2  - DEBUG   : Metadata is at /vagrant/gadget_synthesis/targets/coreutils/uniq-8.16/debloated/.cache/.metadata
2021-12-06 17:01:03,160 - synthesizer.disasm       | ForkPoolWorker-1  - DEBUG   : Loading cached gadget addresses
2021-12-06 17:01:03,162 - synthesizer.disasm       | ForkPoolWorker-3  - DEBUG   : Loading cached gadget addresses
2021-12-06 17:01:03,162 - synthesizer.disasm       | ForkPoolWorker-2  - DEBUG   : Loading cached gadget addresses
2021-12-06 17:01:03,165 - synthesizer.disasm       | ForkPoolWorker-5  - DEBUG   : Loading cached gadget addresses
2021-12-06 17:01:03,168 - synthesizer.selection    | ForkPoolWorker-1  - INFO    : Selecting 100 from 359 available gadgets (1 fixed)
2021-12-06 17:01:03,168 - synthesizer.disasm       | ForkPoolWorker-1  - DEBUG   : Disassembling 100 gadgets. This may take a while..
2021-12-06 17:01:03,169 - synthesizer              | ForkPoolWorker-6  - INFO    : Running config: debloated - iteration4-blocks0300-offset002-sw16
2021-12-06 17:01:03,171 - synthesizer              | ForkPoolWorker-6  - DEBUG   : Workdir is /tmp/gadget_synthesis/debloated/iteration4-blocks0300-offset002-sw16
2021-12-06 17:01:03,171 - synthesizer              | ForkPoolWorker-6  - DEBUG   : Seed is 2
2021-12-06 17:01:03,171 - synthesizer.cache        | ForkPoolWorker-6  - DEBUG   : Cache intialized (gadgets.json)
2021-12-06 17:01:03,172 - synthesizer.cache        | ForkPoolWorker-6  - DEBUG   : Metadata is at /vagrant/gadget_synthesis/targets/coreutils/uniq-8.16/debloated/.cache/.metadata
2021-12-06 17:01:03,172 - synthesizer.disasm       | ForkPoolWorker-4  - DEBUG   : Loading cached gadget addresses
2021-12-06 17:01:03,171 - synthesizer.selection    | ForkPoolWorker-2  - INFO    : Selecting 100 from 359 available gadgets (1 fixed)
2021-12-06 17:01:03,172 - synthesizer.disasm       | ForkPoolWorker-2  - DEBUG   : Disassembling 100 gadgets. This may take a while..
2021-12-06 17:01:03,176 - synthesizer.selection    | ForkPoolWorker-4  - INFO    : Selecting 299 from 359 available gadgets (1 fixed)
2021-12-06 17:01:03,176 - synthesizer.disasm       | ForkPoolWorker-4  - DEBUG   : Disassembling 299 gadgets. This may take a while..
2021-12-06 17:01:03,170 - synthesizer.selection    | ForkPoolWorker-3  - INFO    : Selecting 100 from 359 available gadgets (1 fixed)
2021-12-06 17:01:03,176 - synthesizer.disasm       | ForkPoolWorker-3  - DEBUG   : Disassembling 100 gadgets. This may take a while..
2021-12-06 17:01:03,170 - synthesizer.selection    | ForkPoolWorker-5  - INFO    : Selecting 299 from 359 available gadgets (1 fixed)
2021-12-06 17:01:03,178 - synthesizer.disasm       | ForkPoolWorker-5  - DEBUG   : Disassembling 299 gadgets. This may take a while..
2021-12-06 17:01:03,186 - synthesizer.disasm       | ForkPoolWorker-6  - DEBUG   : Loading cached gadget addresses
2021-12-06 17:01:03,205 - synthesizer.selection    | ForkPoolWorker-6  - INFO    : Selecting 299 from 359 available gadgets (1 fixed)
2021-12-06 17:01:03,206 - synthesizer.disasm       | ForkPoolWorker-6  - DEBUG   : Disassembling 299 gadgets. This may take a while..
2021-12-06 17:01:04,362 - synthesizer.disasm       | ForkPoolWorker-2  - DEBUG   : Rebased gadgets onto load address 0x400000
2021-12-06 17:01:04,362 - synthesizer.disasm       | ForkPoolWorker-2  - DEBUG   : Disassembled 100 from main executable (uniq.bc_cu)
2021-12-06 17:01:04,362 - synthesizer.disasm       | ForkPoolWorker-2  - DEBUG   : Disassembled 0 from libc
2021-12-06 17:01:04,362 - synthesizer              | ForkPoolWorker-2  - INFO    : Disassembled ASM block for 100 gadgets in 1.19s
2021-12-06 17:01:04,401 - synthesizer.disasm       | ForkPoolWorker-1  - DEBUG   : Rebased gadgets onto load address 0x400000
2021-12-06 17:01:04,401 - synthesizer.disasm       | ForkPoolWorker-1  - DEBUG   : Disassembled 100 from main executable (uniq.bc_cu)
2021-12-06 17:01:04,401 - synthesizer.disasm       | ForkPoolWorker-1  - DEBUG   : Disassembled 0 from libc
2021-12-06 17:01:04,407 - synthesizer.disasm       | ForkPoolWorker-3  - DEBUG   : Rebased gadgets onto load address 0x400000
2021-12-06 17:01:04,407 - synthesizer.disasm       | ForkPoolWorker-3  - DEBUG   : Disassembled 100 from main executable (uniq.bc_cu)
2021-12-06 17:01:04,407 - synthesizer.disasm       | ForkPoolWorker-3  - DEBUG   : Disassembled 0 from libc
2021-12-06 17:01:04,407 - synthesizer              | ForkPoolWorker-3  - INFO    : Disassembled ASM block for 100 gadgets in 1.23s
2021-12-06 17:01:04,401 - synthesizer              | ForkPoolWorker-1  - INFO    : Disassembled ASM block for 100 gadgets in 1.23s
2021-12-06 17:01:04,924 - synthesizer.disasm       | ForkPoolWorker-4  - DEBUG   : Rebased gadgets onto load address 0x400000
2021-12-06 17:01:04,924 - synthesizer.disasm       | ForkPoolWorker-4  - DEBUG   : Disassembled 299 from main executable (uniq.bc_cu)
2021-12-06 17:01:04,937 - synthesizer.disasm       | ForkPoolWorker-6  - DEBUG   : Rebased gadgets onto load address 0x400000
2021-12-06 17:01:04,937 - synthesizer.disasm       | ForkPoolWorker-6  - DEBUG   : Disassembled 299 from main executable (uniq.bc_cu)
2021-12-06 17:01:04,937 - synthesizer.disasm       | ForkPoolWorker-6  - DEBUG   : Disassembled 0 from libc
2021-12-06 17:01:04,937 - synthesizer              | ForkPoolWorker-6  - INFO    : Disassembled ASM block for 299 gadgets in 1.73s
2021-12-06 17:01:04,924 - synthesizer.disasm       | ForkPoolWorker-4  - DEBUG   : Disassembled 0 from libc
2021-12-06 17:01:04,944 - synthesizer              | ForkPoolWorker-4  - INFO    : Disassembled ASM block for 299 gadgets in 1.77s
2021-12-06 17:01:04,984 - synthesizer.disasm       | ForkPoolWorker-5  - DEBUG   : Rebased gadgets onto load address 0x400000
2021-12-06 17:01:04,984 - synthesizer.disasm       | ForkPoolWorker-5  - DEBUG   : Disassembled 299 from main executable (uniq.bc_cu)
2021-12-06 17:01:04,984 - synthesizer.disasm       | ForkPoolWorker-5  - DEBUG   : Disassembled 0 from libc
2021-12-06 17:01:04,984 - synthesizer              | ForkPoolWorker-5  - INFO    : Disassembled ASM block for 299 gadgets in 1.81s
2021-12-06 17:01:05,173 - synthesizer              | ForkPoolWorker-1  - INFO    : Lifted 100 ASM gadgets to 100 IRa gadgets in 0.76s
2021-12-06 17:01:05,174 - synthesizer              | ForkPoolWorker-1  - DEBUG   : Encoding IR gadgets as SMT formula
2021-12-06 17:01:05,174 - synthesizer.smt          | ForkPoolWorker-1  - DEBUG   : Setting up preconditions
2021-12-06 17:01:05,174 - synthesizer.smt          | ForkPoolWorker-1  - DEBUG   : Setting up stack data
2021-12-06 17:01:05,175 - synthesizer.smt          | ForkPoolWorker-1  - DEBUG   : Encoding program
2021-12-06 17:01:05,202 - synthesizer              | ForkPoolWorker-3  - INFO    : Lifted 100 ASM gadgets to 100 IRa gadgets in 0.79s
2021-12-06 17:01:05,230 - synthesizer              | ForkPoolWorker-3  - DEBUG   : Encoding IR gadgets as SMT formula
2021-12-06 17:01:05,230 - synthesizer.smt          | ForkPoolWorker-3  - DEBUG   : Setting up preconditions
2021-12-06 17:01:05,230 - synthesizer.smt          | ForkPoolWorker-3  - DEBUG   : Setting up stack data
2021-12-06 17:01:05,231 - synthesizer.smt          | ForkPoolWorker-3  - DEBUG   : Encoding program
2021-12-06 17:01:05,334 - synthesizer              | ForkPoolWorker-2  - INFO    : Lifted 100 ASM gadgets to 100 IRa gadgets in 0.95s
2021-12-06 17:01:05,342 - synthesizer              | ForkPoolWorker-2  - DEBUG   : Encoding IR gadgets as SMT formula
2021-12-06 17:01:05,342 - synthesizer.smt          | ForkPoolWorker-2  - DEBUG   : Setting up preconditions
2021-12-06 17:01:05,342 - synthesizer.smt          | ForkPoolWorker-2  - DEBUG   : Setting up stack data
2021-12-06 17:01:05,343 - synthesizer.smt          | ForkPoolWorker-2  - DEBUG   : Encoding program
2021-12-06 17:01:06,065 - synthesizer.smt          | ForkPoolWorker-1  - DEBUG   : Round 0: Constraining available gadgets
2021-12-06 17:01:06,065 - synthesizer.smt          | ForkPoolWorker-1  - DEBUG   : Round 0: Binding round variables to gadget input variables
2021-12-06 17:01:06,075 - synthesizer.smt          | ForkPoolWorker-1  - DEBUG   : Round 0: Setting up phi nodes
2021-12-06 17:01:06,168 - synthesizer.smt          | ForkPoolWorker-3  - DEBUG   : Round 0: Constraining available gadgets
2021-12-06 17:01:06,201 - synthesizer.smt          | ForkPoolWorker-3  - DEBUG   : Round 0: Binding round variables to gadget input variables
2021-12-06 17:01:06,211 - synthesizer.smt          | ForkPoolWorker-3  - DEBUG   : Round 0: Setting up phi nodes
2021-12-06 17:01:06,348 - synthesizer.smt          | ForkPoolWorker-2  - DEBUG   : Round 0: Constraining available gadgets
2021-12-06 17:01:06,348 - synthesizer.smt          | ForkPoolWorker-2  - DEBUG   : Round 0: Binding round variables to gadget input variables
2021-12-06 17:01:06,367 - synthesizer.smt          | ForkPoolWorker-2  - DEBUG   : Round 0: Setting up phi nodes
2021-12-06 17:01:06,802 - synthesizer.smt          | ForkPoolWorker-1  - DEBUG   : Round 1: Constraining available gadgets
2021-12-06 17:01:06,803 - synthesizer.smt          | ForkPoolWorker-1  - DEBUG   : Round 1: Binding round variables to gadget input variables
2021-12-06 17:01:06,878 - synthesizer.smt          | ForkPoolWorker-1  - DEBUG   : Round 1: Setting up phi nodes
2021-12-06 17:01:06,956 - synthesizer.smt          | ForkPoolWorker-3  - DEBUG   : Round 1: Constraining available gadgets
2021-12-06 17:01:06,956 - synthesizer.smt          | ForkPoolWorker-3  - DEBUG   : Round 1: Binding round variables to gadget input variables
2021-12-06 17:01:06,998 - synthesizer.smt          | ForkPoolWorker-3  - DEBUG   : Round 1: Setting up phi nodes
2021-12-06 17:01:07,104 - synthesizer.smt          | ForkPoolWorker-2  - DEBUG   : Round 1: Constraining available gadgets
2021-12-06 17:01:07,104 - synthesizer.smt          | ForkPoolWorker-2  - DEBUG   : Round 1: Binding round variables to gadget input variables
2021-12-06 17:01:07,181 - synthesizer.smt          | ForkPoolWorker-2  - DEBUG   : Round 1: Setting up phi nodes
2021-12-06 17:01:07,428 - synthesizer              | ForkPoolWorker-4  - INFO    : Lifted 299 ASM gadgets to 299 IRa gadgets in 2.48s
2021-12-06 17:01:07,450 - synthesizer              | ForkPoolWorker-4  - DEBUG   : Encoding IR gadgets as SMT formula
2021-12-06 17:01:07,450 - synthesizer.smt          | ForkPoolWorker-4  - DEBUG   : Setting up preconditions
2021-12-06 17:01:07,450 - synthesizer.smt          | ForkPoolWorker-4  - DEBUG   : Setting up stack data
2021-12-06 17:01:07,451 - synthesizer.smt          | ForkPoolWorker-4  - DEBUG   : Encoding program
2021-12-06 17:01:07,487 - synthesizer              | ForkPoolWorker-6  - INFO    : Lifted 299 ASM gadgets to 299 IRa gadgets in 2.55s
2021-12-06 17:01:07,503 - synthesizer              | ForkPoolWorker-6  - DEBUG   : Encoding IR gadgets as SMT formula
2021-12-06 17:01:07,503 - synthesizer.smt          | ForkPoolWorker-6  - DEBUG   : Setting up preconditions
2021-12-06 17:01:07,503 - synthesizer.smt          | ForkPoolWorker-6  - DEBUG   : Setting up stack data
2021-12-06 17:01:07,504 - synthesizer.smt          | ForkPoolWorker-6  - DEBUG   : Encoding program
2021-12-06 17:01:07,529 - synthesizer.smt          | ForkPoolWorker-1  - DEBUG   : Round 2: Constraining available gadgets
2021-12-06 17:01:07,530 - synthesizer.smt          | ForkPoolWorker-1  - DEBUG   : Round 2: Binding round variables to gadget input variables
2021-12-06 17:01:07,540 - synthesizer.smt          | ForkPoolWorker-1  - DEBUG   : Round 2: Setting up phi nodes
2021-12-06 17:01:07,642 - synthesizer              | ForkPoolWorker-5  - INFO    : Lifted 299 ASM gadgets to 299 IRa gadgets in 2.65s
2021-12-06 17:01:07,655 - synthesizer.smt          | ForkPoolWorker-3  - DEBUG   : Round 2: Constraining available gadgets
2021-12-06 17:01:07,655 - synthesizer.smt          | ForkPoolWorker-3  - DEBUG   : Round 2: Binding round variables to gadget input variables
2021-12-06 17:01:07,677 - synthesizer              | ForkPoolWorker-5  - DEBUG   : Encoding IR gadgets as SMT formula
2021-12-06 17:01:07,677 - synthesizer.smt          | ForkPoolWorker-5  - DEBUG   : Setting up preconditions
2021-12-06 17:01:07,678 - synthesizer.smt          | ForkPoolWorker-5  - DEBUG   : Setting up stack data
2021-12-06 17:01:07,678 - synthesizer.smt          | ForkPoolWorker-5  - DEBUG   : Encoding program
2021-12-06 17:01:07,690 - synthesizer.smt          | ForkPoolWorker-3  - DEBUG   : Round 2: Setting up phi nodes
2021-12-06 17:01:07,862 - synthesizer.smt          | ForkPoolWorker-2  - DEBUG   : Round 2: Constraining available gadgets
2021-12-06 17:01:07,862 - synthesizer.smt          | ForkPoolWorker-2  - DEBUG   : Round 2: Binding round variables to gadget input variables
2021-12-06 17:01:07,872 - synthesizer.smt          | ForkPoolWorker-2  - DEBUG   : Round 2: Setting up phi nodes
2021-12-06 17:01:08,164 - synthesizer.smt          | ForkPoolWorker-1  - DEBUG   : Round 3: Constraining available gadgets
2021-12-06 17:01:08,164 - synthesizer.smt          | ForkPoolWorker-1  - DEBUG   : Round 3: Binding round variables to gadget input variables
2021-12-06 17:01:08,207 - synthesizer.smt          | ForkPoolWorker-1  - DEBUG   : Round 3: Setting up phi nodes
2021-12-06 17:01:08,216 - synthesizer.smt          | ForkPoolWorker-1  - DEBUG   : Setting up final out vars
2021-12-06 17:01:08,216 - synthesizer.smt          | ForkPoolWorker-1  - DEBUG   : Setting up pointer postconditions
2021-12-06 17:01:08,216 - synthesizer.smt          | ForkPoolWorker-1  - DEBUG   : Setting up postconditions
2021-12-06 17:01:08,329 - synthesizer.smt          | ForkPoolWorker-3  - DEBUG   : Round 3: Constraining available gadgets
2021-12-06 17:01:08,329 - synthesizer.smt          | ForkPoolWorker-3  - DEBUG   : Round 3: Binding round variables to gadget input variables
2021-12-06 17:01:08,378 - synthesizer.smt          | ForkPoolWorker-3  - DEBUG   : Round 3: Setting up phi nodes
2021-12-06 17:01:08,387 - synthesizer.smt          | ForkPoolWorker-3  - DEBUG   : Setting up final out vars
2021-12-06 17:01:08,387 - synthesizer.smt          | ForkPoolWorker-3  - DEBUG   : Setting up pointer postconditions
2021-12-06 17:01:08,387 - synthesizer.smt          | ForkPoolWorker-3  - DEBUG   : Setting up postconditions
2021-12-06 17:01:08,359 - synthesizer              | ForkPoolWorker-1  - INFO    : Encoded 100 IR gadgets as SMT formula (48745 assertions) in 3.18s
2021-12-06 17:01:08,397 - synthesizer              | ForkPoolWorker-1  - DEBUG   : formula-smt2.txt written in 0.01s
2021-12-06 17:01:08,398 - synthesizer              | ForkPoolWorker-1  - INFO    : Running solver /home/vagrant/.local/bin/boolector
2021-12-06 17:01:08,563 - synthesizer              | ForkPoolWorker-3  - INFO    : Encoded 100 IR gadgets as SMT formula (49841 assertions) in 3.33s
2021-12-06 17:01:08,608 - synthesizer              | ForkPoolWorker-3  - DEBUG   : formula-smt2.txt written in 0.01s
2021-12-06 17:01:08,608 - synthesizer              | ForkPoolWorker-3  - INFO    : Running solver /home/vagrant/.local/bin/boolector
2021-12-06 17:01:08,754 - synthesizer.smt          | ForkPoolWorker-2  - DEBUG   : Round 3: Constraining available gadgets
2021-12-06 17:01:08,755 - synthesizer.smt          | ForkPoolWorker-2  - DEBUG   : Round 3: Binding round variables to gadget input variables
2021-12-06 17:01:08,777 - synthesizer.smt          | ForkPoolWorker-2  - DEBUG   : Round 3: Setting up phi nodes
2021-12-06 17:01:08,819 - synthesizer.smt          | ForkPoolWorker-2  - DEBUG   : Setting up final out vars
2021-12-06 17:01:08,820 - synthesizer.smt          | ForkPoolWorker-2  - DEBUG   : Setting up pointer postconditions
2021-12-06 17:01:08,820 - synthesizer.smt          | ForkPoolWorker-2  - DEBUG   : Setting up postconditions
2021-12-06 17:01:08,988 - synthesizer              | ForkPoolWorker-2  - INFO    : Encoded 100 IR gadgets as SMT formula (50529 assertions) in 3.65s
2021-12-06 17:01:09,027 - synthesizer              | ForkPoolWorker-2  - DEBUG   : formula-smt2.txt written in 0.01s
2021-12-06 17:01:09,027 - synthesizer              | ForkPoolWorker-2  - INFO    : Running solver /home/vagrant/.local/bin/boolector
2021-12-06 17:01:10,515 - synthesizer.smt          | ForkPoolWorker-6  - DEBUG   : Round 0: Constraining available gadgets
2021-12-06 17:01:10,516 - synthesizer.smt          | ForkPoolWorker-6  - DEBUG   : Round 0: Binding round variables to gadget input variables
2021-12-06 17:01:10,523 - synthesizer.smt          | ForkPoolWorker-4  - DEBUG   : Round 0: Constraining available gadgets
2021-12-06 17:01:10,523 - synthesizer.smt          | ForkPoolWorker-4  - DEBUG   : Round 0: Binding round variables to gadget input variables
2021-12-06 17:01:10,606 - synthesizer.smt          | ForkPoolWorker-4  - DEBUG   : Round 0: Setting up phi nodes
2021-12-06 17:01:10,607 - synthesizer.smt          | ForkPoolWorker-5  - DEBUG   : Round 0: Constraining available gadgets
2021-12-06 17:01:10,608 - synthesizer.smt          | ForkPoolWorker-5  - DEBUG   : Round 0: Binding round variables to gadget input variables
2021-12-06 17:01:10,631 - synthesizer.smt          | ForkPoolWorker-6  - DEBUG   : Round 0: Setting up phi nodes
2021-12-06 17:01:10,714 - synthesizer.smt          | ForkPoolWorker-5  - DEBUG   : Round 0: Setting up phi nodes
2021-12-06 17:01:11,884 - synthesizer              | ForkPoolWorker-1  - INFO    : Solver returned UNSAT in 3.48s
2021-12-06 17:01:11,884 - synthesizer              | ForkPoolWorker-1  - DEBUG   : result.json written
2021-12-06 17:01:12,134 - synthesizer              | ForkPoolWorker-3  - INFO    : Solver returned UNSAT in 3.52s
2021-12-06 17:01:12,135 - synthesizer              | ForkPoolWorker-3  - DEBUG   : result.json written
2021-12-06 17:01:12,440 - synthesizer.smt          | ForkPoolWorker-5  - DEBUG   : Round 1: Constraining available gadgets
2021-12-06 17:01:12,441 - synthesizer.smt          | ForkPoolWorker-5  - DEBUG   : Round 1: Binding round variables to gadget input variables
2021-12-06 17:01:12,508 - synthesizer.smt          | ForkPoolWorker-5  - DEBUG   : Round 1: Setting up phi nodes
2021-12-06 17:01:12,634 - synthesizer.smt          | ForkPoolWorker-4  - DEBUG   : Round 1: Constraining available gadgets
2021-12-06 17:01:12,634 - synthesizer.smt          | ForkPoolWorker-4  - DEBUG   : Round 1: Binding round variables to gadget input variables
2021-12-06 17:01:12,642 - synthesizer.smt          | ForkPoolWorker-6  - DEBUG   : Round 1: Constraining available gadgets
2021-12-06 17:01:12,642 - synthesizer.smt          | ForkPoolWorker-6  - DEBUG   : Round 1: Binding round variables to gadget input variables
2021-12-06 17:01:12,698 - synthesizer.smt          | ForkPoolWorker-4  - DEBUG   : Round 1: Setting up phi nodes
2021-12-06 17:01:12,707 - synthesizer.smt          | ForkPoolWorker-6  - DEBUG   : Round 1: Setting up phi nodes
2021-12-06 17:01:12,821 - synthesizer              | ForkPoolWorker-2  - INFO    : Solver returned UNSAT in 3.79s
2021-12-06 17:01:12,822 - synthesizer              | ForkPoolWorker-2  - DEBUG   : result.json written
2021-12-06 17:01:13,673 - synthesizer.smt          | ForkPoolWorker-4  - DEBUG   : Round 2: Constraining available gadgets
2021-12-06 17:01:13,673 - synthesizer.smt          | ForkPoolWorker-4  - DEBUG   : Round 2: Binding round variables to gadget input variables
2021-12-06 17:01:13,721 - synthesizer.smt          | ForkPoolWorker-4  - DEBUG   : Round 2: Setting up phi nodes
2021-12-06 17:01:13,865 - synthesizer.smt          | ForkPoolWorker-5  - DEBUG   : Round 2: Constraining available gadgets
2021-12-06 17:01:13,866 - synthesizer.smt          | ForkPoolWorker-5  - DEBUG   : Round 2: Binding round variables to gadget input variables
2021-12-06 17:01:13,942 - synthesizer.smt          | ForkPoolWorker-5  - DEBUG   : Round 2: Setting up phi nodes
2021-12-06 17:01:13,952 - synthesizer.smt          | ForkPoolWorker-6  - DEBUG   : Round 2: Constraining available gadgets
2021-12-06 17:01:13,952 - synthesizer.smt          | ForkPoolWorker-6  - DEBUG   : Round 2: Binding round variables to gadget input variables
2021-12-06 17:01:13,983 - synthesizer.smt          | ForkPoolWorker-6  - DEBUG   : Round 2: Setting up phi nodes
2021-12-06 17:01:14,726 - synthesizer.smt          | ForkPoolWorker-4  - DEBUG   : Round 3: Constraining available gadgets
2021-12-06 17:01:14,727 - synthesizer.smt          | ForkPoolWorker-4  - DEBUG   : Round 3: Binding round variables to gadget input variables
2021-12-06 17:01:14,812 - synthesizer.smt          | ForkPoolWorker-4  - DEBUG   : Round 3: Setting up phi nodes
2021-12-06 17:01:14,848 - synthesizer.smt          | ForkPoolWorker-4  - DEBUG   : Setting up final out vars
2021-12-06 17:01:14,848 - synthesizer.smt          | ForkPoolWorker-4  - DEBUG   : Setting up pointer postconditions
2021-12-06 17:01:14,848 - synthesizer.smt          | ForkPoolWorker-4  - DEBUG   : Setting up postconditions
2021-12-06 17:01:14,999 - synthesizer              | ForkPoolWorker-4  - INFO    : Encoded 299 IR gadgets as SMT formula (147621 assertions) in 7.55s
2021-12-06 17:01:15,043 - synthesizer              | ForkPoolWorker-4  - DEBUG   : formula-smt2.txt written in 0.03s
2021-12-06 17:01:15,043 - synthesizer              | ForkPoolWorker-4  - INFO    : Running solver /home/vagrant/.local/bin/boolector
2021-12-06 17:01:15,085 - synthesizer.smt          | ForkPoolWorker-6  - DEBUG   : Round 3: Constraining available gadgets
2021-12-06 17:01:15,085 - synthesizer.smt          | ForkPoolWorker-5  - DEBUG   : Round 3: Constraining available gadgets
2021-12-06 17:01:15,086 - synthesizer.smt          | ForkPoolWorker-6  - DEBUG   : Round 3: Binding round variables to gadget input variables
2021-12-06 17:01:15,086 - synthesizer.smt          | ForkPoolWorker-5  - DEBUG   : Round 3: Binding round variables to gadget input variables
2021-12-06 17:01:15,123 - synthesizer.smt          | ForkPoolWorker-5  - DEBUG   : Round 3: Setting up phi nodes
2021-12-06 17:01:15,143 - synthesizer.smt          | ForkPoolWorker-6  - DEBUG   : Round 3: Setting up phi nodes
2021-12-06 17:01:15,158 - synthesizer.smt          | ForkPoolWorker-5  - DEBUG   : Setting up final out vars
2021-12-06 17:01:15,159 - synthesizer.smt          | ForkPoolWorker-5  - DEBUG   : Setting up pointer postconditions
2021-12-06 17:01:15,159 - synthesizer.smt          | ForkPoolWorker-5  - DEBUG   : Setting up postconditions
2021-12-06 17:01:15,198 - synthesizer.smt          | ForkPoolWorker-6  - DEBUG   : Setting up final out vars
2021-12-06 17:01:15,199 - synthesizer.smt          | ForkPoolWorker-6  - DEBUG   : Setting up pointer postconditions
2021-12-06 17:01:15,199 - synthesizer.smt          | ForkPoolWorker-6  - DEBUG   : Setting up postconditions
2021-12-06 17:01:15,439 - synthesizer              | ForkPoolWorker-5  - INFO    : Encoded 299 IR gadgets as SMT formula (148553 assertions) in 7.76s
2021-12-06 17:01:15,499 - synthesizer              | ForkPoolWorker-5  - DEBUG   : formula-smt2.txt written in 0.04s
2021-12-06 17:01:15,500 - synthesizer              | ForkPoolWorker-5  - INFO    : Running solver /home/vagrant/.local/bin/boolector
2021-12-06 17:01:15,543 - synthesizer              | ForkPoolWorker-6  - INFO    : Encoded 299 IR gadgets as SMT formula (147941 assertions) in 8.04s
2021-12-06 17:01:15,575 - synthesizer              | ForkPoolWorker-6  - DEBUG   : formula-smt2.txt written in 0.02s
2021-12-06 17:01:15,575 - synthesizer              | ForkPoolWorker-6  - INFO    : Running solver /home/vagrant/.local/bin/boolector
2021-12-06 17:01:22,029 - synthesizer              | ForkPoolWorker-4  - INFO    : Solver returned UNSAT in 6.98s
2021-12-06 17:01:22,031 - synthesizer              | ForkPoolWorker-4  - DEBUG   : result.json written
2021-12-06 17:01:22,127 - synthesizer              | ForkPoolWorker-6  - INFO    : Solver returned UNSAT in 6.55s
2021-12-06 17:01:22,129 - synthesizer              | ForkPoolWorker-6  - DEBUG   : result.json written
2021-12-06 17:01:22,490 - synthesizer              | ForkPoolWorker-5  - INFO    : Solver returned UNSAT in 6.99s
2021-12-06 17:01:22,491 - synthesizer              | ForkPoolWorker-5  - DEBUG   : result.json written
2021-12-06 17:01:22,511 - synthesizer              | MainProcess       - DEBUG   : Received 6 results
2021-12-06 17:01:22,511 - synthesizer              | MainProcess       - INFO    : Done in 19.41s
