2021-12-10 21:19:19,205 - synthesizer              | MainProcess       - INFO    : Starting synthesizer
2021-12-10 21:19:19,205 - synthesizer              | MainProcess       - DEBUG   : Using up to 6 processes
2021-12-10 21:19:19,205 - synthesizer.config       | MainProcess       - DEBUG   : Loading SynthesizerConfig from 'synthesizer_config_default.json'
2021-12-10 21:19:19,206 - synthesizer              | MainProcess       - DEBUG   : Using configuration at /vagrant/gadget_synthesis/targets/coreutils/sort-8.16/original/config_execve_minimal.json
2021-12-10 21:19:19,206 - synthesizer.config       | MainProcess       - DEBUG   : Loading TargetConfig from '/vagrant/gadget_synthesis/targets/coreutils/sort-8.16/original/config_execve_minimal.json'
2021-12-10 21:19:19,207 - synthesizer.config       | MainProcess       - DEBUG   : Executable is relative path: 'sort.bc_orig' - adjusting to '/vagrant/gadget_synthesis/targets/coreutils/sort-8.16/original/sort.bc_orig'
2021-12-10 21:19:19,207 - synthesizer.config       | MainProcess       - DEBUG   : Using 0 free variables, 2 preconditions, 4 postconditions, and 1 ptr_postconditions
2021-12-10 21:19:19,207 - synthesizer              | MainProcess       - DEBUG   : Disassembly settings used: target_name=sort.bc_orig, target=/vagrant/gadget_synthesis/targets/coreutils/sort-8.16/original/sort.bc_orig, workdir=/tmp/gadget_synthesis/original, disas_unaligned=False, control_flow_types=['ret', 'call', 'jmp'], max_processes=6, timeout=3600, cache_name=gadgets, cache_type=JSON
2021-12-10 21:19:19,207 - synthesizer              | MainProcess       - DEBUG   : Preparing original
2021-12-10 21:19:19,207 - synthesizer              | MainProcess       - DEBUG   : Ensure function addresses are cached for original
2021-12-10 21:19:19,207 - synthesizer.disasm       | MainProcess       - DEBUG   : Extracting function addresses from 'sort.bc_orig'
2021-12-10 21:19:19,207 - synthesizer.cache        | MainProcess       - DEBUG   : Cache intialized (function_addrs.json)
2021-12-10 21:19:19,207 - synthesizer.cache        | MainProcess       - DEBUG   : Metadata is at /vagrant/gadget_synthesis/targets/coreutils/sort-8.16/original/.cache/.metadata
2021-12-10 21:19:19,210 - synthesizer.disasm       | MainProcess       - DEBUG   : Returning 303 cached function addresses
2021-12-10 21:19:19,210 - synthesizer              | MainProcess       - DEBUG   : Ensure valid gadgets are cached for original
2021-12-10 21:19:19,210 - synthesizer.disasm       | MainProcess       - DEBUG   : Caching gadgets for sort.bc_orig
2021-12-10 21:19:19,210 - synthesizer.cache        | MainProcess       - DEBUG   : Cache intialized (gadgets.json)
2021-12-10 21:19:19,210 - synthesizer.cache        | MainProcess       - DEBUG   : Metadata is at /vagrant/gadget_synthesis/targets/coreutils/sort-8.16/original/.cache/.metadata
2021-12-10 21:19:19,212 - synthesizer.disasm       | MainProcess       - DEBUG   : Gadget addresses already cached
2021-12-10 21:19:19,212 - synthesizer              | MainProcess       - DEBUG   : Ensure necessary libraries are cached
2021-12-10 21:19:19,213 - synthesizer.disasm       | MainProcess       - DEBUG   : Extracting function addresses from 'libc-2.31.so'
2021-12-10 21:19:19,213 - synthesizer.cache        | MainProcess       - DEBUG   : Cache intialized (libc_func_addrs.json)
2021-12-10 21:19:19,213 - synthesizer.cache        | MainProcess       - DEBUG   : Metadata is at /vagrant/gadget_synthesis/targets/coreutils/sort-8.16/original/../../../libraries/.cache/.metadata
2021-12-10 21:19:19,222 - synthesizer.disasm       | MainProcess       - DEBUG   : Returning 3100 cached function addresses
2021-12-10 21:19:19,222 - synthesizer.disasm       | MainProcess       - DEBUG   : Caching gadgets for libc-2.31.so
2021-12-10 21:19:19,222 - synthesizer.cache        | MainProcess       - DEBUG   : Cache intialized (libc_gadgets.json)
2021-12-10 21:19:19,222 - synthesizer.cache        | MainProcess       - DEBUG   : Metadata is at /vagrant/gadget_synthesis/targets/coreutils/sort-8.16/original/../../../libraries/.cache/.metadata
2021-12-10 21:19:19,232 - synthesizer.disasm       | MainProcess       - DEBUG   : Gadget addresses already cached
2021-12-10 21:19:19,232 - synthesizer              | MainProcess       - INFO    : Colleted 6 configurations for original
2021-12-10 21:19:19,232 - synthesizer              | MainProcess       - DEBUG   : Collected 6 configruations in total
2021-12-10 21:19:19,250 - synthesizer              | ForkPoolWorker-1  - INFO    : Running config: original - iteration4-blocks0100-offset000-sw16
2021-12-10 21:19:19,250 - synthesizer              | ForkPoolWorker-2  - INFO    : Running config: original - iteration4-blocks0100-offset001-sw16
2021-12-10 21:19:19,253 - synthesizer              | ForkPoolWorker-1  - DEBUG   : Workdir is /tmp/gadget_synthesis/original/iteration4-blocks0100-offset000-sw16
2021-12-10 21:19:19,253 - synthesizer              | ForkPoolWorker-1  - DEBUG   : Seed is 0
2021-12-10 21:19:19,253 - synthesizer              | ForkPoolWorker-2  - DEBUG   : Workdir is /tmp/gadget_synthesis/original/iteration4-blocks0100-offset001-sw16
2021-12-10 21:19:19,253 - synthesizer              | ForkPoolWorker-2  - DEBUG   : Seed is 1
2021-12-10 21:19:19,253 - synthesizer.cache        | ForkPoolWorker-1  - DEBUG   : Cache intialized (gadgets.json)
2021-12-10 21:19:19,253 - synthesizer.cache        | ForkPoolWorker-2  - DEBUG   : Cache intialized (gadgets.json)
2021-12-10 21:19:19,253 - synthesizer.cache        | ForkPoolWorker-1  - DEBUG   : Metadata is at /vagrant/gadget_synthesis/targets/coreutils/sort-8.16/original/.cache/.metadata
2021-12-10 21:19:19,253 - synthesizer.cache        | ForkPoolWorker-2  - DEBUG   : Metadata is at /vagrant/gadget_synthesis/targets/coreutils/sort-8.16/original/.cache/.metadata
2021-12-10 21:19:19,255 - synthesizer              | ForkPoolWorker-6  - INFO    : Running config: original - iteration4-blocks0300-offset001-sw16
2021-12-10 21:19:19,252 - synthesizer              | ForkPoolWorker-3  - INFO    : Running config: original - iteration4-blocks0100-offset002-sw16
2021-12-10 21:19:19,257 - synthesizer              | ForkPoolWorker-6  - DEBUG   : Workdir is /tmp/gadget_synthesis/original/iteration4-blocks0300-offset001-sw16
2021-12-10 21:19:19,257 - synthesizer              | ForkPoolWorker-6  - DEBUG   : Seed is 1
2021-12-10 21:19:19,257 - synthesizer              | ForkPoolWorker-3  - DEBUG   : Workdir is /tmp/gadget_synthesis/original/iteration4-blocks0100-offset002-sw16
2021-12-10 21:19:19,257 - synthesizer              | ForkPoolWorker-3  - DEBUG   : Seed is 2
2021-12-10 21:19:19,257 - synthesizer.cache        | ForkPoolWorker-6  - DEBUG   : Cache intialized (gadgets.json)
2021-12-10 21:19:19,257 - synthesizer.cache        | ForkPoolWorker-3  - DEBUG   : Cache intialized (gadgets.json)
2021-12-10 21:19:19,257 - synthesizer.cache        | ForkPoolWorker-6  - DEBUG   : Metadata is at /vagrant/gadget_synthesis/targets/coreutils/sort-8.16/original/.cache/.metadata
2021-12-10 21:19:19,257 - synthesizer.cache        | ForkPoolWorker-3  - DEBUG   : Metadata is at /vagrant/gadget_synthesis/targets/coreutils/sort-8.16/original/.cache/.metadata
2021-12-10 21:19:19,255 - synthesizer              | ForkPoolWorker-4  - INFO    : Running config: original - iteration4-blocks0300-offset000-sw16
2021-12-10 21:19:19,260 - synthesizer              | ForkPoolWorker-4  - DEBUG   : Workdir is /tmp/gadget_synthesis/original/iteration4-blocks0300-offset000-sw16
2021-12-10 21:19:19,260 - synthesizer              | ForkPoolWorker-4  - DEBUG   : Seed is 0
2021-12-10 21:19:19,261 - synthesizer.cache        | ForkPoolWorker-4  - DEBUG   : Cache intialized (gadgets.json)
2021-12-10 21:19:19,261 - synthesizer.cache        | ForkPoolWorker-4  - DEBUG   : Metadata is at /vagrant/gadget_synthesis/targets/coreutils/sort-8.16/original/.cache/.metadata
2021-12-10 21:19:19,263 - synthesizer.disasm       | ForkPoolWorker-2  - DEBUG   : Loading cached gadget addresses
2021-12-10 21:19:19,266 - synthesizer.disasm       | ForkPoolWorker-6  - DEBUG   : Loading cached gadget addresses
2021-12-10 21:19:19,267 - synthesizer.disasm       | ForkPoolWorker-1  - DEBUG   : Loading cached gadget addresses
2021-12-10 21:19:19,274 - synthesizer.disasm       | ForkPoolWorker-3  - DEBUG   : Loading cached gadget addresses
2021-12-10 21:19:19,265 - synthesizer              | ForkPoolWorker-5  - INFO    : Running config: original - iteration4-blocks0300-offset002-sw16
2021-12-10 21:19:19,277 - synthesizer              | ForkPoolWorker-5  - DEBUG   : Workdir is /tmp/gadget_synthesis/original/iteration4-blocks0300-offset002-sw16
2021-12-10 21:19:19,277 - synthesizer              | ForkPoolWorker-5  - DEBUG   : Seed is 2
2021-12-10 21:19:19,278 - synthesizer.cache        | ForkPoolWorker-5  - DEBUG   : Cache intialized (gadgets.json)
2021-12-10 21:19:19,278 - synthesizer.cache        | ForkPoolWorker-5  - DEBUG   : Metadata is at /vagrant/gadget_synthesis/targets/coreutils/sort-8.16/original/.cache/.metadata
2021-12-10 21:19:19,279 - synthesizer.disasm       | ForkPoolWorker-4  - DEBUG   : Loading cached gadget addresses
2021-12-10 21:19:19,302 - synthesizer.disasm       | ForkPoolWorker-5  - DEBUG   : Loading cached gadget addresses
2021-12-10 21:19:19,311 - synthesizer.selection    | ForkPoolWorker-6  - INFO    : Selecting 299 from 1696 available gadgets (1 fixed)
2021-12-10 21:19:19,315 - synthesizer.selection    | ForkPoolWorker-2  - INFO    : Selecting 99 from 1696 available gadgets (1 fixed)
2021-12-10 21:19:19,312 - synthesizer.disasm       | ForkPoolWorker-6  - DEBUG   : Disassembling 299 gadgets. This may take a while..
2021-12-10 21:19:19,315 - synthesizer.disasm       | ForkPoolWorker-2  - DEBUG   : Disassembling 99 gadgets. This may take a while..
2021-12-10 21:19:19,329 - synthesizer.selection    | ForkPoolWorker-1  - INFO    : Selecting 100 from 1696 available gadgets (1 fixed)
2021-12-10 21:19:19,329 - synthesizer.disasm       | ForkPoolWorker-1  - DEBUG   : Disassembling 100 gadgets. This may take a while..
2021-12-10 21:19:19,355 - synthesizer.selection    | ForkPoolWorker-3  - INFO    : Selecting 100 from 1696 available gadgets (1 fixed)
2021-12-10 21:19:19,358 - synthesizer.disasm       | ForkPoolWorker-3  - DEBUG   : Disassembling 100 gadgets. This may take a while..
2021-12-10 21:19:19,352 - synthesizer.selection    | ForkPoolWorker-4  - INFO    : Selecting 300 from 1696 available gadgets (1 fixed)
2021-12-10 21:19:19,359 - synthesizer.disasm       | ForkPoolWorker-4  - DEBUG   : Disassembling 300 gadgets. This may take a while..
2021-12-10 21:19:19,367 - synthesizer.selection    | ForkPoolWorker-5  - INFO    : Selecting 300 from 1696 available gadgets (1 fixed)
2021-12-10 21:19:19,374 - synthesizer.disasm       | ForkPoolWorker-5  - DEBUG   : Disassembling 300 gadgets. This may take a while..
2021-12-10 21:19:20,540 - synthesizer.disasm       | ForkPoolWorker-3  - DEBUG   : Rebased gadgets onto load address 0x400000
2021-12-10 21:19:20,540 - synthesizer.disasm       | ForkPoolWorker-3  - DEBUG   : Disassembled 100 from main executable (sort.bc_orig)
2021-12-10 21:19:20,540 - synthesizer.disasm       | ForkPoolWorker-3  - DEBUG   : Disassembled 0 from libc
2021-12-10 21:19:20,540 - synthesizer              | ForkPoolWorker-3  - INFO    : Disassembled ASM block for 100 gadgets in 1.18s
2021-12-10 21:19:20,588 - synthesizer.disasm       | ForkPoolWorker-1  - DEBUG   : Rebased gadgets onto load address 0x400000
2021-12-10 21:19:20,588 - synthesizer.disasm       | ForkPoolWorker-1  - DEBUG   : Disassembled 100 from main executable (sort.bc_orig)
2021-12-10 21:19:20,588 - synthesizer.disasm       | ForkPoolWorker-1  - DEBUG   : Disassembled 0 from libc
2021-12-10 21:19:20,588 - synthesizer              | ForkPoolWorker-1  - INFO    : Disassembled ASM block for 100 gadgets in 1.26s
2021-12-10 21:19:20,594 - synthesizer.disasm       | ForkPoolWorker-2  - DEBUG   : Rebased gadgets onto load address 0x400000
2021-12-10 21:19:20,594 - synthesizer.disasm       | ForkPoolWorker-2  - DEBUG   : Disassembled 99 from main executable (sort.bc_orig)
2021-12-10 21:19:20,594 - synthesizer.disasm       | ForkPoolWorker-2  - DEBUG   : Disassembled 0 from libc
2021-12-10 21:19:20,594 - synthesizer              | ForkPoolWorker-2  - INFO    : Disassembled ASM block for 99 gadgets in 1.28s
2021-12-10 21:19:21,140 - synthesizer.disasm       | ForkPoolWorker-5  - DEBUG   : Rebased gadgets onto load address 0x400000
2021-12-10 21:19:21,140 - synthesizer.disasm       | ForkPoolWorker-5  - DEBUG   : Disassembled 300 from main executable (sort.bc_orig)
2021-12-10 21:19:21,140 - synthesizer.disasm       | ForkPoolWorker-5  - DEBUG   : Disassembled 0 from libc
2021-12-10 21:19:21,161 - synthesizer.disasm       | ForkPoolWorker-4  - DEBUG   : Rebased gadgets onto load address 0x400000
2021-12-10 21:19:21,161 - synthesizer.disasm       | ForkPoolWorker-4  - DEBUG   : Disassembled 300 from main executable (sort.bc_orig)
2021-12-10 21:19:21,162 - synthesizer.disasm       | ForkPoolWorker-4  - DEBUG   : Disassembled 0 from libc
2021-12-10 21:19:21,162 - synthesizer              | ForkPoolWorker-4  - INFO    : Disassembled ASM block for 300 gadgets in 1.8s
2021-12-10 21:19:21,140 - synthesizer              | ForkPoolWorker-5  - INFO    : Disassembled ASM block for 300 gadgets in 1.77s
2021-12-10 21:19:21,183 - synthesizer.disasm       | ForkPoolWorker-6  - DEBUG   : Rebased gadgets onto load address 0x400000
2021-12-10 21:19:21,183 - synthesizer.disasm       | ForkPoolWorker-6  - DEBUG   : Disassembled 299 from main executable (sort.bc_orig)
2021-12-10 21:19:21,183 - synthesizer.disasm       | ForkPoolWorker-6  - DEBUG   : Disassembled 0 from libc
2021-12-10 21:19:21,183 - synthesizer              | ForkPoolWorker-6  - INFO    : Disassembled ASM block for 299 gadgets in 1.87s
2021-12-10 21:19:21,464 - synthesizer              | ForkPoolWorker-3  - INFO    : Lifted 100 ASM gadgets to 100 IRa gadgets in 0.88s
2021-12-10 21:19:21,466 - synthesizer              | ForkPoolWorker-3  - DEBUG   : Encoding IR gadgets as SMT formula
2021-12-10 21:19:21,466 - synthesizer.smt          | ForkPoolWorker-3  - DEBUG   : Setting up preconditions
2021-12-10 21:19:21,466 - synthesizer.smt          | ForkPoolWorker-3  - DEBUG   : Setting up stack data
2021-12-10 21:19:21,467 - synthesizer.smt          | ForkPoolWorker-3  - DEBUG   : Encoding program
2021-12-10 21:19:21,524 - synthesizer              | ForkPoolWorker-1  - INFO    : Lifted 100 ASM gadgets to 100 IRa gadgets in 0.94s
2021-12-10 21:19:21,536 - synthesizer              | ForkPoolWorker-1  - DEBUG   : Encoding IR gadgets as SMT formula
2021-12-10 21:19:21,536 - synthesizer.smt          | ForkPoolWorker-1  - DEBUG   : Setting up preconditions
2021-12-10 21:19:21,536 - synthesizer.smt          | ForkPoolWorker-1  - DEBUG   : Setting up stack data
2021-12-10 21:19:21,537 - synthesizer.smt          | ForkPoolWorker-1  - DEBUG   : Encoding program
2021-12-10 21:19:21,715 - synthesizer              | ForkPoolWorker-2  - INFO    : Lifted 99 ASM gadgets to 99 IRa gadgets in 1.12s
2021-12-10 21:19:21,730 - synthesizer              | ForkPoolWorker-2  - DEBUG   : Encoding IR gadgets as SMT formula
2021-12-10 21:19:21,730 - synthesizer.smt          | ForkPoolWorker-2  - DEBUG   : Setting up preconditions
2021-12-10 21:19:21,730 - synthesizer.smt          | ForkPoolWorker-2  - DEBUG   : Setting up stack data
2021-12-10 21:19:21,730 - synthesizer.smt          | ForkPoolWorker-2  - DEBUG   : Encoding program
2021-12-10 21:19:22,361 - synthesizer.smt          | ForkPoolWorker-3  - DEBUG   : Round 0: Constraining available gadgets
2021-12-10 21:19:22,362 - synthesizer.smt          | ForkPoolWorker-3  - DEBUG   : Round 0: Binding round variables to gadget input variables
2021-12-10 21:19:22,395 - synthesizer.smt          | ForkPoolWorker-3  - DEBUG   : Round 0: Setting up phi nodes
2021-12-10 21:19:22,466 - synthesizer.smt          | ForkPoolWorker-1  - DEBUG   : Round 0: Constraining available gadgets
2021-12-10 21:19:22,466 - synthesizer.smt          | ForkPoolWorker-1  - DEBUG   : Round 0: Binding round variables to gadget input variables
2021-12-10 21:19:22,476 - synthesizer.smt          | ForkPoolWorker-1  - DEBUG   : Round 0: Setting up phi nodes
2021-12-10 21:19:22,841 - synthesizer.smt          | ForkPoolWorker-2  - DEBUG   : Round 0: Constraining available gadgets
2021-12-10 21:19:22,841 - synthesizer.smt          | ForkPoolWorker-2  - DEBUG   : Round 0: Binding round variables to gadget input variables
2021-12-10 21:19:22,851 - synthesizer.smt          | ForkPoolWorker-2  - DEBUG   : Round 0: Setting up phi nodes
2021-12-10 21:19:23,234 - synthesizer.smt          | ForkPoolWorker-3  - DEBUG   : Round 1: Constraining available gadgets
2021-12-10 21:19:23,234 - synthesizer.smt          | ForkPoolWorker-3  - DEBUG   : Round 1: Binding round variables to gadget input variables
2021-12-10 21:19:23,244 - synthesizer.smt          | ForkPoolWorker-3  - DEBUG   : Round 1: Setting up phi nodes
2021-12-10 21:19:23,345 - synthesizer.smt          | ForkPoolWorker-1  - DEBUG   : Round 1: Constraining available gadgets
2021-12-10 21:19:23,345 - synthesizer.smt          | ForkPoolWorker-1  - DEBUG   : Round 1: Binding round variables to gadget input variables
2021-12-10 21:19:23,355 - synthesizer.smt          | ForkPoolWorker-1  - DEBUG   : Round 1: Setting up phi nodes
2021-12-10 21:19:23,491 - synthesizer.smt          | ForkPoolWorker-2  - DEBUG   : Round 1: Constraining available gadgets
2021-12-10 21:19:23,491 - synthesizer.smt          | ForkPoolWorker-2  - DEBUG   : Round 1: Binding round variables to gadget input variables
2021-12-10 21:19:23,525 - synthesizer.smt          | ForkPoolWorker-2  - DEBUG   : Round 1: Setting up phi nodes
2021-12-10 21:19:23,913 - synthesizer.smt          | ForkPoolWorker-3  - DEBUG   : Round 2: Constraining available gadgets
2021-12-10 21:19:23,913 - synthesizer.smt          | ForkPoolWorker-3  - DEBUG   : Round 2: Binding round variables to gadget input variables
2021-12-10 21:19:23,923 - synthesizer.smt          | ForkPoolWorker-3  - DEBUG   : Round 2: Setting up phi nodes
2021-12-10 21:19:23,926 - synthesizer              | ForkPoolWorker-5  - INFO    : Lifted 300 ASM gadgets to 300 IRa gadgets in 2.76s
2021-12-10 21:19:23,929 - synthesizer              | ForkPoolWorker-5  - DEBUG   : Encoding IR gadgets as SMT formula
2021-12-10 21:19:23,929 - synthesizer.smt          | ForkPoolWorker-5  - DEBUG   : Setting up preconditions
2021-12-10 21:19:23,929 - synthesizer.smt          | ForkPoolWorker-5  - DEBUG   : Setting up stack data
2021-12-10 21:19:23,930 - synthesizer.smt          | ForkPoolWorker-5  - DEBUG   : Encoding program
2021-12-10 21:19:23,959 - synthesizer              | ForkPoolWorker-4  - INFO    : Lifted 300 ASM gadgets to 300 IRa gadgets in 2.8s
2021-12-10 21:19:23,962 - synthesizer              | ForkPoolWorker-4  - DEBUG   : Encoding IR gadgets as SMT formula
2021-12-10 21:19:23,962 - synthesizer.smt          | ForkPoolWorker-4  - DEBUG   : Setting up preconditions
2021-12-10 21:19:23,962 - synthesizer.smt          | ForkPoolWorker-4  - DEBUG   : Setting up stack data
2021-12-10 21:19:23,963 - synthesizer.smt          | ForkPoolWorker-4  - DEBUG   : Encoding program
2021-12-10 21:19:24,046 - synthesizer.smt          | ForkPoolWorker-1  - DEBUG   : Round 2: Constraining available gadgets
2021-12-10 21:19:24,047 - synthesizer.smt          | ForkPoolWorker-1  - DEBUG   : Round 2: Binding round variables to gadget input variables
2021-12-10 21:19:24,056 - synthesizer.smt          | ForkPoolWorker-1  - DEBUG   : Round 2: Setting up phi nodes
2021-12-10 21:19:24,271 - synthesizer.smt          | ForkPoolWorker-2  - DEBUG   : Round 2: Constraining available gadgets
2021-12-10 21:19:24,271 - synthesizer.smt          | ForkPoolWorker-2  - DEBUG   : Round 2: Binding round variables to gadget input variables
2021-12-10 21:19:24,314 - synthesizer.smt          | ForkPoolWorker-2  - DEBUG   : Round 2: Setting up phi nodes
2021-12-10 21:19:24,375 - synthesizer              | ForkPoolWorker-6  - INFO    : Lifted 299 ASM gadgets to 299 IRa gadgets in 3.19s
2021-12-10 21:19:24,378 - synthesizer              | ForkPoolWorker-6  - DEBUG   : Encoding IR gadgets as SMT formula
2021-12-10 21:19:24,378 - synthesizer.smt          | ForkPoolWorker-6  - DEBUG   : Setting up preconditions
2021-12-10 21:19:24,378 - synthesizer.smt          | ForkPoolWorker-6  - DEBUG   : Setting up stack data
2021-12-10 21:19:24,378 - synthesizer.smt          | ForkPoolWorker-6  - DEBUG   : Encoding program
2021-12-10 21:19:24,806 - synthesizer.smt          | ForkPoolWorker-3  - DEBUG   : Round 3: Constraining available gadgets
2021-12-10 21:19:24,806 - synthesizer.smt          | ForkPoolWorker-3  - DEBUG   : Round 3: Binding round variables to gadget input variables
2021-12-10 21:19:24,816 - synthesizer.smt          | ForkPoolWorker-3  - DEBUG   : Round 3: Setting up phi nodes
2021-12-10 21:19:24,865 - synthesizer.smt          | ForkPoolWorker-3  - DEBUG   : Setting up final out vars
2021-12-10 21:19:24,865 - synthesizer.smt          | ForkPoolWorker-3  - DEBUG   : Setting up pointer postconditions
2021-12-10 21:19:24,865 - synthesizer.smt          | ForkPoolWorker-3  - DEBUG   : Setting up postconditions
2021-12-10 21:19:24,940 - synthesizer.smt          | ForkPoolWorker-1  - DEBUG   : Round 3: Constraining available gadgets
2021-12-10 21:19:24,940 - synthesizer.smt          | ForkPoolWorker-1  - DEBUG   : Round 3: Binding round variables to gadget input variables
2021-12-10 21:19:24,986 - synthesizer.smt          | ForkPoolWorker-1  - DEBUG   : Round 3: Setting up phi nodes
2021-12-10 21:19:24,996 - synthesizer.smt          | ForkPoolWorker-1  - DEBUG   : Setting up final out vars
2021-12-10 21:19:24,996 - synthesizer.smt          | ForkPoolWorker-1  - DEBUG   : Setting up pointer postconditions
2021-12-10 21:19:24,996 - synthesizer.smt          | ForkPoolWorker-1  - DEBUG   : Setting up postconditions
2021-12-10 21:19:24,978 - synthesizer              | ForkPoolWorker-3  - INFO    : Encoded 100 IR gadgets as SMT formula (49797 assertions) in 3.51s
2021-12-10 21:19:25,022 - synthesizer              | ForkPoolWorker-3  - DEBUG   : formula-smt2.txt written in 0.01s
2021-12-10 21:19:25,022 - synthesizer              | ForkPoolWorker-3  - INFO    : Running solver /home/vagrant/.local/bin/boolector
2021-12-10 21:19:25,157 - synthesizer.smt          | ForkPoolWorker-2  - DEBUG   : Round 3: Constraining available gadgets
2021-12-10 21:19:25,157 - synthesizer.smt          | ForkPoolWorker-2  - DEBUG   : Round 3: Binding round variables to gadget input variables
2021-12-10 21:19:25,167 - synthesizer.smt          | ForkPoolWorker-2  - DEBUG   : Round 3: Setting up phi nodes
2021-12-10 21:19:25,189 - synthesizer              | ForkPoolWorker-1  - INFO    : Encoded 100 IR gadgets as SMT formula (50249 assertions) in 3.65s
2021-12-10 21:19:25,200 - synthesizer              | ForkPoolWorker-1  - DEBUG   : formula-smt2.txt written in 0.01s
2021-12-10 21:19:25,200 - synthesizer              | ForkPoolWorker-1  - INFO    : Running solver /home/vagrant/.local/bin/boolector
2021-12-10 21:19:25,203 - synthesizer.smt          | ForkPoolWorker-2  - DEBUG   : Setting up final out vars
2021-12-10 21:19:25,204 - synthesizer.smt          | ForkPoolWorker-2  - DEBUG   : Setting up pointer postconditions
2021-12-10 21:19:25,204 - synthesizer.smt          | ForkPoolWorker-2  - DEBUG   : Setting up postconditions
2021-12-10 21:19:25,309 - synthesizer              | ForkPoolWorker-2  - INFO    : Encoded 99 IR gadgets as SMT formula (50569 assertions) in 3.58s
2021-12-10 21:19:25,338 - synthesizer              | ForkPoolWorker-2  - DEBUG   : formula-smt2.txt written in 0.01s
2021-12-10 21:19:25,338 - synthesizer              | ForkPoolWorker-2  - INFO    : Running solver /home/vagrant/.local/bin/boolector
2021-12-10 21:19:26,818 - synthesizer.smt          | ForkPoolWorker-4  - DEBUG   : Round 0: Constraining available gadgets
2021-12-10 21:19:26,818 - synthesizer.smt          | ForkPoolWorker-4  - DEBUG   : Round 0: Binding round variables to gadget input variables
2021-12-10 21:19:26,891 - synthesizer.smt          | ForkPoolWorker-5  - DEBUG   : Round 0: Constraining available gadgets
2021-12-10 21:19:26,892 - synthesizer.smt          | ForkPoolWorker-5  - DEBUG   : Round 0: Binding round variables to gadget input variables
2021-12-10 21:19:26,926 - synthesizer.smt          | ForkPoolWorker-4  - DEBUG   : Round 0: Setting up phi nodes
2021-12-10 21:19:26,966 - synthesizer.smt          | ForkPoolWorker-5  - DEBUG   : Round 0: Setting up phi nodes
2021-12-10 21:19:27,655 - synthesizer.smt          | ForkPoolWorker-6  - DEBUG   : Round 0: Constraining available gadgets
2021-12-10 21:19:27,655 - synthesizer.smt          | ForkPoolWorker-6  - DEBUG   : Round 0: Binding round variables to gadget input variables
2021-12-10 21:19:27,770 - synthesizer.smt          | ForkPoolWorker-6  - DEBUG   : Round 0: Setting up phi nodes
2021-12-10 21:19:29,356 - synthesizer              | ForkPoolWorker-1  - INFO    : Solver returned UNSAT in 4.16s
2021-12-10 21:19:29,357 - synthesizer              | ForkPoolWorker-1  - DEBUG   : result.json written
2021-12-10 21:19:29,374 - synthesizer.smt          | ForkPoolWorker-5  - DEBUG   : Round 1: Constraining available gadgets
2021-12-10 21:19:29,374 - synthesizer.smt          | ForkPoolWorker-5  - DEBUG   : Round 1: Binding round variables to gadget input variables
2021-12-10 21:19:29,413 - synthesizer              | ForkPoolWorker-3  - INFO    : Solver returned UNSAT in 4.36s
2021-12-10 21:19:29,414 - synthesizer              | ForkPoolWorker-3  - DEBUG   : result.json written
2021-12-10 21:19:29,419 - synthesizer.smt          | ForkPoolWorker-4  - DEBUG   : Round 1: Constraining available gadgets
2021-12-10 21:19:29,419 - synthesizer.smt          | ForkPoolWorker-4  - DEBUG   : Round 1: Binding round variables to gadget input variables
2021-12-10 21:19:29,443 - synthesizer.smt          | ForkPoolWorker-5  - DEBUG   : Round 1: Setting up phi nodes
2021-12-10 21:19:29,491 - synthesizer.smt          | ForkPoolWorker-4  - DEBUG   : Round 1: Setting up phi nodes
2021-12-10 21:19:29,898 - synthesizer.smt          | ForkPoolWorker-6  - DEBUG   : Round 1: Constraining available gadgets
2021-12-10 21:19:29,899 - synthesizer.smt          | ForkPoolWorker-6  - DEBUG   : Round 1: Binding round variables to gadget input variables
2021-12-10 21:19:29,950 - synthesizer.smt          | ForkPoolWorker-6  - DEBUG   : Round 1: Setting up phi nodes
2021-12-10 21:19:29,977 - synthesizer              | ForkPoolWorker-2  - INFO    : Solver returned UNSAT in 4.64s
2021-12-10 21:19:29,978 - synthesizer              | ForkPoolWorker-2  - DEBUG   : result.json written
2021-12-10 21:19:30,550 - synthesizer.smt          | ForkPoolWorker-5  - DEBUG   : Round 2: Constraining available gadgets
2021-12-10 21:19:30,551 - synthesizer.smt          | ForkPoolWorker-5  - DEBUG   : Round 2: Binding round variables to gadget input variables
2021-12-10 21:19:30,611 - synthesizer.smt          | ForkPoolWorker-5  - DEBUG   : Round 2: Setting up phi nodes
2021-12-10 21:19:30,746 - synthesizer.smt          | ForkPoolWorker-4  - DEBUG   : Round 2: Constraining available gadgets
2021-12-10 21:19:30,746 - synthesizer.smt          | ForkPoolWorker-4  - DEBUG   : Round 2: Binding round variables to gadget input variables
2021-12-10 21:19:30,799 - synthesizer.smt          | ForkPoolWorker-4  - DEBUG   : Round 2: Setting up phi nodes
2021-12-10 21:19:31,227 - synthesizer.smt          | ForkPoolWorker-6  - DEBUG   : Round 2: Constraining available gadgets
2021-12-10 21:19:31,228 - synthesizer.smt          | ForkPoolWorker-6  - DEBUG   : Round 2: Binding round variables to gadget input variables
2021-12-10 21:19:31,288 - synthesizer.smt          | ForkPoolWorker-6  - DEBUG   : Round 2: Setting up phi nodes
2021-12-10 21:19:31,677 - synthesizer.smt          | ForkPoolWorker-4  - DEBUG   : Round 3: Constraining available gadgets
2021-12-10 21:19:31,678 - synthesizer.smt          | ForkPoolWorker-4  - DEBUG   : Round 3: Binding round variables to gadget input variables
2021-12-10 21:19:31,708 - synthesizer.smt          | ForkPoolWorker-4  - DEBUG   : Round 3: Setting up phi nodes
2021-12-10 21:19:31,742 - synthesizer.smt          | ForkPoolWorker-4  - DEBUG   : Setting up final out vars
2021-12-10 21:19:31,743 - synthesizer.smt          | ForkPoolWorker-4  - DEBUG   : Setting up pointer postconditions
2021-12-10 21:19:31,743 - synthesizer.smt          | ForkPoolWorker-4  - DEBUG   : Setting up postconditions
2021-12-10 21:19:31,959 - synthesizer              | ForkPoolWorker-4  - INFO    : Encoded 300 IR gadgets as SMT formula (149417 assertions) in 8.0s
2021-12-10 21:19:31,987 - synthesizer              | ForkPoolWorker-4  - DEBUG   : formula-smt2.txt written in 0.02s
2021-12-10 21:19:31,987 - synthesizer              | ForkPoolWorker-4  - INFO    : Running solver /home/vagrant/.local/bin/boolector
2021-12-10 21:19:32,215 - synthesizer.smt          | ForkPoolWorker-5  - DEBUG   : Round 3: Constraining available gadgets
2021-12-10 21:19:32,216 - synthesizer.smt          | ForkPoolWorker-5  - DEBUG   : Round 3: Binding round variables to gadget input variables
2021-12-10 21:19:32,263 - synthesizer.smt          | ForkPoolWorker-5  - DEBUG   : Round 3: Setting up phi nodes
2021-12-10 21:19:32,297 - synthesizer.smt          | ForkPoolWorker-5  - DEBUG   : Setting up final out vars
2021-12-10 21:19:32,298 - synthesizer.smt          | ForkPoolWorker-5  - DEBUG   : Setting up pointer postconditions
2021-12-10 21:19:32,298 - synthesizer.smt          | ForkPoolWorker-5  - DEBUG   : Setting up postconditions
2021-12-10 21:19:32,388 - synthesizer.smt          | ForkPoolWorker-6  - DEBUG   : Round 3: Constraining available gadgets
2021-12-10 21:19:32,388 - synthesizer.smt          | ForkPoolWorker-6  - DEBUG   : Round 3: Binding round variables to gadget input variables
2021-12-10 21:19:32,457 - synthesizer.smt          | ForkPoolWorker-6  - DEBUG   : Round 3: Setting up phi nodes
2021-12-10 21:19:32,506 - synthesizer.smt          | ForkPoolWorker-6  - DEBUG   : Setting up final out vars
2021-12-10 21:19:32,506 - synthesizer.smt          | ForkPoolWorker-6  - DEBUG   : Setting up pointer postconditions
2021-12-10 21:19:32,506 - synthesizer.smt          | ForkPoolWorker-6  - DEBUG   : Setting up postconditions
2021-12-10 21:19:32,529 - synthesizer              | ForkPoolWorker-5  - INFO    : Encoded 300 IR gadgets as SMT formula (149661 assertions) in 8.6s
2021-12-10 21:19:32,607 - synthesizer              | ForkPoolWorker-5  - DEBUG   : formula-smt2.txt written in 0.05s
2021-12-10 21:19:32,607 - synthesizer              | ForkPoolWorker-5  - INFO    : Running solver /home/vagrant/.local/bin/boolector
2021-12-10 21:19:32,727 - synthesizer              | ForkPoolWorker-6  - INFO    : Encoded 299 IR gadgets as SMT formula (150777 assertions) in 8.35s
2021-12-10 21:19:32,800 - synthesizer              | ForkPoolWorker-6  - DEBUG   : formula-smt2.txt written in 0.06s
2021-12-10 21:19:32,800 - synthesizer              | ForkPoolWorker-6  - INFO    : Running solver /home/vagrant/.local/bin/boolector
2021-12-10 21:19:39,843 - synthesizer              | ForkPoolWorker-4  - INFO    : Solver returned UNSAT in 7.86s
2021-12-10 21:19:39,843 - synthesizer              | ForkPoolWorker-4  - DEBUG   : result.json written
2021-12-10 21:19:40,474 - synthesizer              | ForkPoolWorker-5  - INFO    : Solver returned UNSAT in 7.87s
2021-12-10 21:19:40,475 - synthesizer              | ForkPoolWorker-5  - DEBUG   : result.json written
2021-12-10 21:19:40,972 - synthesizer              | ForkPoolWorker-6  - INFO    : Solver returned UNSAT in 8.17s
2021-12-10 21:19:40,972 - synthesizer              | ForkPoolWorker-6  - DEBUG   : result.json written
2021-12-10 21:19:41,002 - synthesizer              | MainProcess       - DEBUG   : Received 6 results
2021-12-10 21:19:41,003 - synthesizer              | MainProcess       - INFO    : Done in 21.8s
