   0x00000000004019d0 <+0>:     push   rbp
   0x00000000004019d1 <+1>:     mov    rbp,rsp
   0x00000000004019d4 <+4>:     push   r15
   0x00000000004019d6 <+6>:     push   r14
   0x00000000004019d8 <+8>:     push   rbx
   0x00000000004019d9 <+9>:     sub    rsp,0x58
   0x00000000004019dd <+13>:    mov    DWORD PTR [rbp-0x30],edi
   0x00000000004019e0 <+16>:    mov    DWORD PTR [rbp-0x5c],0x0
   0x00000000004019e7 <+23>:    mov    QWORD PTR [rbp-0x38],rsi
   0x00000000004019eb <+27>:    mov    DWORD PTR [rbp-0x28],0x0
   0x00000000004019f2 <+34>:    mov    edi,0x407065
   0x00000000004019f7 <+39>:    call   0x401370 <getenv@plt>
   0x00000000004019fc <+44>:    test   rax,rax
   0x00000000004019ff <+47>:    setne  BYTE PTR [rbp-0x21]
   0x0000000000401a03 <+51>:    mov    DWORD PTR [rbp-0x2c],0x0
   0x0000000000401a0a <+58>:    mov    DWORD PTR [rbp-0x20],0x0
   0x0000000000401a11 <+65>:    mov    BYTE PTR [rbp-0x19],0xa
   0x0000000000401a15 <+69>:    mov    QWORD PTR [rbp-0x48],0x4072d7
   0x0000000000401a1d <+77>:    mov    QWORD PTR [rbp-0x50],0x4072d7
   0x0000000000401a25 <+85>:    mov    rax,QWORD PTR [rbp-0x38]
   0x0000000000401a29 <+89>:    mov    rdi,QWORD PTR [rax]
   0x0000000000401a2c <+92>:    call   0x403020 <set_program_name>
   0x0000000000401a31 <+97>:    mov    edi,0x6
   0x0000000000401a36 <+102>:   mov    esi,0x406a64
   0x0000000000401a3b <+107>:   call   0x401660 <setlocale@plt>
   0x0000000000401a40 <+112>:   mov    edi,0x3
   0x0000000000401a45 <+117>:   call   0x402d20 <hard_locale>
   0x0000000000401a4a <+122>:   mov    BYTE PTR [rip+0x207880],al        # 0x6092d0 <hard_LC_COLLATE>
   0x0000000000401a50 <+128>:   mov    edi,0x402970
   0x0000000000401a55 <+133>:   call   0x405d00 <atexit>
   0x0000000000401a5a <+138>:   mov    QWORD PTR [rip+0x207873],0x0        # 0x6092d8 <skip_chars>
   0x0000000000401a65 <+149>:   mov    QWORD PTR [rip+0x207870],0x0        # 0x6092e0 <skip_fields>
   0x0000000000401a70 <+160>:   mov    BYTE PTR [rip+0x207879],0x1        # 0x6092f0 <output_first_repeated>
   0x0000000000401a77 <+167>:   mov    QWORD PTR [rip+0x207866],0xffffffffffffffff        # 0x6092e8 <check_chars>
   0x0000000000401a82 <+178>:   mov    BYTE PTR [rip+0x207868],0x1        # 0x6092f1 <output_unique>
   0x0000000000401a89 <+185>:   mov    BYTE PTR [rip+0x207862],0x0        # 0x6092f2 <output_later_repeated>
   0x0000000000401a90 <+192>:   mov    DWORD PTR [rip+0x20785a],0x1        # 0x6092f4 <countmode>
   0x0000000000401a9a <+202>:   mov    DWORD PTR [rip+0x207854],0x0        # 0x6092f8 <delimit_groups>
   0x0000000000401aa4 <+212>:   xor    r14d,r14d
   0x0000000000401aa7 <+215>:   lea    r15,[rbp-0x58]
   0x0000000000401aab <+219>:   movabs rbx,0x1999999999999999
   0x0000000000401ab5 <+229>:   cmp    DWORD PTR [rbp-0x28],0xffffffff
   0x0000000000401ab9 <+233>:   je     0x401d69 <main+921>
   0x0000000000401abf <+239>:   nop
   0x0000000000401ac0 <+240>:   test   BYTE PTR [rbp-0x21],0x1
   0x0000000000401ac4 <+244>:   je     0x401ad0 <main+256>
   0x0000000000401ac6 <+246>:   cmp    DWORD PTR [rbp-0x20],0x0
   0x0000000000401aca <+250>:   jne    0x401d69 <main+921>
   0x0000000000401ad0 <+256>:   mov    edi,DWORD PTR [rbp-0x30]
   0x0000000000401ad3 <+259>:   mov    rsi,QWORD PTR [rbp-0x38]
   0x0000000000401ad7 <+263>:   mov    edx,0x407075
   0x0000000000401adc <+268>:   mov    ecx,0x406740
   0x0000000000401ae1 <+273>:   xor    r8d,r8d
   0x0000000000401ae4 <+276>:   call   0x401440 <getopt_long@plt>
   0x0000000000401ae9 <+281>:   mov    DWORD PTR [rbp-0x28],eax
   0x0000000000401aec <+284>:   cmp    eax,0xffffffff
   0x0000000000401aef <+287>:   je     0x401d69 <main+921>
   0x0000000000401af5 <+293>:   mov    eax,DWORD PTR [rbp-0x28]
   0x0000000000401af8 <+296>:   lea    ecx,[rax-0x1]
   0x0000000000401afb <+299>:   cmp    ecx,0x79
   0x0000000000401afe <+302>:   ja     0x401d94 <main+964>
   0x0000000000401b04 <+308>:   jmp    QWORD PTR [rcx*8+0x405d30]
   0x0000000000401b0b <+315>:   cmp    DWORD PTR [rbp-0x2c],0x2
   0x0000000000401b0f <+319>:   jne    0x401b1c <main+332>
   0x0000000000401b11 <+321>:   mov    QWORD PTR [rip+0x2077c4],0x0        # 0x6092e0 <skip_fields>
   0x0000000000401b1c <+332>:   xor    eax,eax
   0x0000000000401b1e <+334>:   cmp    QWORD PTR [rip+0x2077bb],rbx        # 0x6092e0 <skip_fields>
   0x0000000000401b25 <+341>:   ja     0x401b66 <main+406>
   0x0000000000401b27 <+343>:   mov    rcx,QWORD PTR [rip+0x2077b2]        # 0x6092e0 <skip_fields>
   0x0000000000401b2e <+350>:   lea    rdx,[rcx+rcx*4]
   0x0000000000401b32 <+354>:   movsxd rsi,DWORD PTR [rbp-0x28]
   0x0000000000401b36 <+358>:   lea    rdx,[rsi+rdx*2]
   0x0000000000401b3a <+362>:   add    rdx,0xffffffffffffffd0
   0x0000000000401b3e <+366>:   cmp    rdx,rcx
   0x0000000000401b41 <+369>:   jb     0x401b66 <main+406>
   0x0000000000401b43 <+371>:   mov    rax,QWORD PTR [rip+0x207796]        # 0x6092e0 <skip_fields>
   0x0000000000401b4a <+378>:   lea    rax,[rax+rax*4]
   0x0000000000401b4e <+382>:   movsxd rcx,DWORD PTR [rbp-0x28]
   0x0000000000401b52 <+386>:   lea    rax,[rcx+rax*2]
   0x0000000000401b56 <+390>:   add    rax,0xffffffffffffffd0
   0x0000000000401b5a <+394>:   mov    QWORD PTR [rip+0x20777f],rax        # 0x6092e0 <skip_fields>
   0x0000000000401b61 <+401>:   mov    eax,0x1
   0x0000000000401b66 <+406>:   test   eax,eax
   0x0000000000401b68 <+408>:   jne    0x401b75 <main+421>
   0x0000000000401b6a <+410>:   mov    QWORD PTR [rip+0x20776b],0xffffffffffffffff        # 0x6092e0 <skip_fields>
   0x0000000000401b75 <+421>:   mov    DWORD PTR [rbp-0x2c],0x1
   0x0000000000401b7c <+428>:   cmp    DWORD PTR [rbp-0x28],0xffffffff
   0x0000000000401b80 <+432>:   jne    0x401ac0 <main+240>
   0x0000000000401b86 <+438>:   jmp    0x401d69 <main+921>
   0x0000000000401b8b <+443>:   mov    BYTE PTR [rip+0x20775e],0x0        # 0x6092f0 <output_first_repeated>
   0x0000000000401b92 <+450>:   cmp    DWORD PTR [rbp-0x28],0xffffffff
   0x0000000000401b96 <+454>:   jne    0x401ac0 <main+240>
   0x0000000000401b9c <+460>:   jmp    0x401d69 <main+921>
   0x0000000000401ba1 <+465>:   mov    rdi,QWORD PTR [rip+0x2076f8]        # 0x6092a0 <optarg@@GLIBC_2.2.5>
   0x0000000000401ba8 <+472>:   mov    esi,0x4070ee
   0x0000000000401bad <+477>:   call   0x401e80 <size_opt>
   0x0000000000401bb2 <+482>:   mov    QWORD PTR [rip+0x20772f],rax        # 0x6092e8 <check_chars>
   0x0000000000401bb9 <+489>:   cmp    DWORD PTR [rbp-0x28],0xffffffff
   0x0000000000401bbd <+493>:   jne    0x401ac0 <main+240>
   0x0000000000401bc3 <+499>:   jmp    0x401d69 <main+921>
   0x0000000000401bc8 <+504>:   mov    BYTE PTR [rip+0x207722],0x0        # 0x6092f1 <output_unique>
   0x0000000000401bcf <+511>:   mov    BYTE PTR [rip+0x20771c],0x1        # 0x6092f2 <output_later_repeated>
   0x0000000000401bd6 <+518>:   cmp    QWORD PTR [rip+0x2076c2],0x0        # 0x6092a0 <optarg@@GLIBC_2.2.5>
   0x0000000000401bde <+526>:   je     0x401d32 <main+866>
   0x0000000000401be4 <+532>:   mov    rsi,QWORD PTR [rip+0x2076b5]        # 0x6092a0 <optarg@@GLIBC_2.2.5>
   0x0000000000401beb <+539>:   mov    r9,QWORD PTR [rip+0x20760e]        # 0x609200 <argmatch_die>
   0x0000000000401bf2 <+546>:   mov    edi,0x40709e
   0x0000000000401bf7 <+551>:   mov    edx,0x4068c0
   0x0000000000401bfc <+556>:   mov    ecx,0x4068e0
   0x0000000000401c01 <+561>:   mov    r8d,0x4
   0x0000000000401c07 <+567>:   call   0x402820 <__xargmatch_internal>
   0x0000000000401c0c <+572>:   mov    eax,DWORD PTR [rax*4+0x4068e0]
   0x0000000000401c13 <+579>:   mov    DWORD PTR [rip+0x2076df],eax        # 0x6092f8 <delimit_groups>
   0x0000000000401c19 <+585>:   cmp    DWORD PTR [rbp-0x28],0xffffffff
   0x0000000000401c1d <+589>:   jne    0x401ac0 <main+240>
   0x0000000000401c23 <+595>:   jmp    0x401d69 <main+921>
   0x0000000000401c28 <+600>:   mov    rax,QWORD PTR [rip+0x207671]        # 0x6092a0 <optarg@@GLIBC_2.2.5>
   0x0000000000401c2f <+607>:   cmp    BYTE PTR [rax],0x2b
   0x0000000000401c32 <+610>:   jne    0x401d1f <main+847>
   0x0000000000401c38 <+616>:   call   0x402fa0 <posix2_version>
   0x0000000000401c3d <+621>:   cmp    eax,0x30daf
   0x0000000000401c42 <+626>:   jg     0x401d1f <main+847>
   0x0000000000401c48 <+632>:   mov    rdi,QWORD PTR [rip+0x207651]        # 0x6092a0 <optarg@@GLIBC_2.2.5>
   0x0000000000401c4f <+639>:   xor    esi,esi
   0x0000000000401c51 <+641>:   mov    edx,0xa
   0x0000000000401c56 <+646>:   mov    r8d,0x406a64
   0x0000000000401c5c <+652>:   mov    rcx,r15
   0x0000000000401c5f <+655>:   call   0x404e00 <xstrtoul>
   0x0000000000401c64 <+660>:   test   eax,eax
   0x0000000000401c66 <+662>:   jne    0x401d1f <main+847>
   0x0000000000401c6c <+668>:   test   r14b,r14b
   0x0000000000401c6f <+671>:   jne    0x401d1f <main+847>
   0x0000000000401c75 <+677>:   mov    rax,QWORD PTR [rbp-0x58]
   0x0000000000401c79 <+681>:   jmp    0x401ce6 <main+790>
   0x0000000000401c7b <+683>:   mov    DWORD PTR [rbp-0x2c],0x2
   0x0000000000401c82 <+690>:   mov    rdi,QWORD PTR [rip+0x207617]        # 0x6092a0 <optarg@@GLIBC_2.2.5>
   0x0000000000401c89 <+697>:   mov    esi,0x4070ad
   0x0000000000401c8e <+702>:   call   0x401e80 <size_opt>
   0x0000000000401c93 <+707>:   mov    QWORD PTR [rip+0x207646],rax        # 0x6092e0 <skip_fields>
   0x0000000000401c9a <+714>:   cmp    DWORD PTR [rbp-0x28],0xffffffff
   0x0000000000401c9e <+718>:   jne    0x401ac0 <main+240>
   0x0000000000401ca4 <+724>:   jmp    0x401d69 <main+921>
   0x0000000000401ca9 <+729>:   mov    DWORD PTR [rip+0x207641],0x0        # 0x6092f4 <countmode>
   0x0000000000401cb3 <+739>:   cmp    DWORD PTR [rbp-0x28],0xffffffff
   0x0000000000401cb7 <+743>:   jne    0x401ac0 <main+240>
   0x0000000000401cbd <+749>:   jmp    0x401d69 <main+921>
   0x0000000000401cc2 <+754>:   mov    BYTE PTR [rbp-0x19],0x0
   0x0000000000401cc6 <+758>:   cmp    DWORD PTR [rbp-0x28],0xffffffff
   0x0000000000401cca <+762>:   jne    0x401ac0 <main+240>
   0x0000000000401cd0 <+768>:   jmp    0x401d69 <main+921>
   0x0000000000401cd5 <+773>:   mov    rdi,QWORD PTR [rip+0x2075c4]        # 0x6092a0 <optarg@@GLIBC_2.2.5>
   0x0000000000401cdc <+780>:   mov    esi,0x4070ce
   0x0000000000401ce1 <+785>:   call   0x401e80 <size_opt>
   0x0000000000401ce6 <+790>:   mov    QWORD PTR [rip+0x2075eb],rax        # 0x6092d8 <skip_chars>
   0x0000000000401ced <+797>:   cmp    DWORD PTR [rbp-0x28],0xffffffff
   0x0000000000401cf1 <+801>:   jne    0x401ac0 <main+240>
   0x0000000000401cf7 <+807>:   jmp    0x401d69 <main+921>
   0x0000000000401cf9 <+809>:   mov    BYTE PTR [rip+0x2075f1],0x0        # 0x6092f1 <output_unique>
   0x0000000000401d00 <+816>:   cmp    DWORD PTR [rbp-0x28],0xffffffff
   0x0000000000401d04 <+820>:   jne    0x401ac0 <main+240>
   0x0000000000401d0a <+826>:   jmp    0x401d69 <main+921>
   0x0000000000401d0c <+828>:   mov    BYTE PTR [rip+0x2075e9],0x1        # 0x6092fc <ignore_case>
   0x0000000000401d13 <+835>:   cmp    DWORD PTR [rbp-0x28],0xffffffff
   0x0000000000401d17 <+839>:   jne    0x401ac0 <main+240>
   0x0000000000401d1d <+845>:   jmp    0x401d69 <main+921>
   0x0000000000401d1f <+847>:   cmp    DWORD PTR [rbp-0x20],0x2
   0x0000000000401d23 <+851>:   je     0x401e6f <main+1183>
   0x0000000000401d29 <+857>:   mov    rax,QWORD PTR [rip+0x207570]        # 0x6092a0 <optarg@@GLIBC_2.2.5>
   0x0000000000401d30 <+864>:   jmp    0x401d50 <main+896>
   0x0000000000401d32 <+866>:   mov    DWORD PTR [rip+0x2075bc],0x0        # 0x6092f8 <delimit_groups>
   0x0000000000401d3c <+876>:   cmp    DWORD PTR [rbp-0x28],0xffffffff
   0x0000000000401d40 <+880>:   jne    0x401ac0 <main+240>
   0x0000000000401d46 <+886>:   jmp    0x401d69 <main+921>
   0x0000000000401d48 <+888>:   nop
   0x0000000000401d49 <+889>:   nop
   0x0000000000401d4a <+890>:   nop
   0x0000000000401d4b <+891>:   nop
   0x0000000000401d4c <+892>:   nop
   0x0000000000401d4d <+893>:   nop
   0x0000000000401d4e <+894>:   nop
   0x0000000000401d4f <+895>:   nop
   0x0000000000401d50 <+896>:   movsxd rcx,DWORD PTR [rbp-0x20]
   0x0000000000401d54 <+900>:   lea    edx,[rcx+0x1]
   0x0000000000401d57 <+903>:   mov    DWORD PTR [rbp-0x20],edx
   0x0000000000401d5a <+906>:   mov    QWORD PTR [rbp+rcx*8-0x50],rax
   0x0000000000401d5f <+911>:   cmp    DWORD PTR [rbp-0x28],0xffffffff
   0x0000000000401d63 <+915>:   jne    0x401ac0 <main+240>
   0x0000000000401d69 <+921>:   mov    eax,DWORD PTR [rbp-0x30]
   0x0000000000401d6c <+924>:   cmp    eax,DWORD PTR [rip+0x207526]        # 0x609298 <optind@@GLIBC_2.2.5>
   0x0000000000401d72 <+930>:   jle    0x401db1 <main+993>
   0x0000000000401d74 <+932>:   cmp    DWORD PTR [rbp-0x20],0x2
   0x0000000000401d78 <+936>:   je     0x401de2 <main+1042>
   0x0000000000401d7a <+938>:   movsxd rax,DWORD PTR [rip+0x207517]        # 0x609298 <optind@@GLIBC_2.2.5>
   0x0000000000401d81 <+945>:   lea    ecx,[rax+0x1]
   0x0000000000401d84 <+948>:   mov    DWORD PTR [rip+0x20750e],ecx        # 0x609298 <optind@@GLIBC_2.2.5>
   0x0000000000401d8a <+954>:   mov    rcx,QWORD PTR [rbp-0x38]
   0x0000000000401d8e <+958>:   mov    rax,QWORD PTR [rcx+rax*8]
   0x0000000000401d92 <+962>:   jmp    0x401d50 <main+896>
   0x0000000000401d94 <+964>:   cmp    eax,0xffffff7d
   0x0000000000401d99 <+969>:   je     0x401e35 <main+1125>
   0x0000000000401d9f <+975>:   cmp    eax,0xffffff7e
   0x0000000000401da4 <+980>:   jne    0x401e2b <main+1115>
   0x0000000000401daa <+986>:   xor    edi,edi
   0x0000000000401dac <+988>:   call   0x401800 <usage>
   0x0000000000401db1 <+993>:   call   0x4019c0 <klee_dump_memory>
   0x0000000000401db6 <+998>:   cmp    DWORD PTR [rip+0x207537],0x0        # 0x6092f4 <countmode>
   0x0000000000401dbd <+1005>:  jne    0x401e13 <main+1091>
   0x0000000000401dbf <+1007>:  test   BYTE PTR [rip+0x20752c],0x1        # 0x6092f2 <output_later_repeated>
   0x0000000000401dc6 <+1014>:  je     0x401e13 <main+1091>
   0x0000000000401dc8 <+1016>:  xor    edi,edi
   0x0000000000401dca <+1018>:  xor    esi,esi
   0x0000000000401dcc <+1020>:  mov    edx,0x40713a
   0x0000000000401dd1 <+1025>:  xor    eax,eax
   0x0000000000401dd3 <+1027>:  call   0x401670 <error@plt>
   0x0000000000401dd8 <+1032>:  mov    edi,0x1
   0x0000000000401ddd <+1037>:  call   0x401800 <usage>
   0x0000000000401de2 <+1042>:  mov    rax,QWORD PTR [rbp-0x38]
   0x0000000000401de6 <+1046>:  movsxd rcx,DWORD PTR [rip+0x2074ab]        # 0x609298 <optind@@GLIBC_2.2.5>
   0x0000000000401ded <+1053>:  mov    rdi,QWORD PTR [rax+rcx*8]
   0x0000000000401df1 <+1057>:  call   0x404540 <quote>
   0x0000000000401df6 <+1062>:  mov    rcx,rax
   0x0000000000401df9 <+1065>:  xor    edi,edi
   0x0000000000401dfb <+1067>:  xor    esi,esi
   0x0000000000401dfd <+1069>:  mov    edx,0x40708d
   0x0000000000401e02 <+1074>:  xor    eax,eax
   0x0000000000401e04 <+1076>:  call   0x401670 <error@plt>
   0x0000000000401e09 <+1081>:  mov    edi,0x1
   0x0000000000401e0e <+1086>:  call   0x401800 <usage>
   0x0000000000401e13 <+1091>:  mov    rdi,QWORD PTR [rbp-0x50]
   0x0000000000401e17 <+1095>:  mov    rsi,QWORD PTR [rbp-0x48]
   0x0000000000401e1b <+1099>:  movsx  edx,BYTE PTR [rbp-0x19]
   0x0000000000401e1f <+1103>:  call   0x401ee0 <check_file>
   0x0000000000401e24 <+1108>:  xor    edi,edi
   0x0000000000401e26 <+1110>:  call   0x4016c0 <exit@plt>
   0x0000000000401e2b <+1115>:  mov    edi,0x1
   0x0000000000401e30 <+1120>:  call   0x401800 <usage>
   0x0000000000401e35 <+1125>:  mov    rdi,QWORD PTR [rip+0x20744c]        # 0x609288 <stdout@@GLIBC_2.2.5>
   0x0000000000401e3c <+1132>:  mov    rcx,QWORD PTR [rip+0x2073b5]        # 0x6091f8 <Version>
   0x0000000000401e43 <+1139>:  mov    QWORD PTR [rsp],0x0
   0x0000000000401e4b <+1147>:  mov    esi,0x407111
   0x0000000000401e50 <+1152>:  mov    edx,0x406f3f
   0x0000000000401e55 <+1157>:  mov    r8d,0x407116
   0x0000000000401e5b <+1163>:  mov    r9d,0x40712a
   0x0000000000401e61 <+1169>:  xor    eax,eax
   0x0000000000401e63 <+1171>:  call   0x4048e0 <version_etc>
   0x0000000000401e68 <+1176>:  xor    edi,edi
   0x0000000000401e6a <+1178>:  call   0x4016c0 <exit@plt>
   0x0000000000401e6f <+1183>:  mov    rdi,QWORD PTR [rip+0x20742a]        # 0x6092a0 <optarg@@GLIBC_2.2.5>
   0x0000000000401e76 <+1190>:  jmp    0x401df1 <main+1057>