2021-12-11 00:21:54,227 - synthesizer              | MainProcess       - INFO    : Starting synthesizer
2021-12-11 00:21:54,228 - synthesizer              | MainProcess       - DEBUG   : Using up to 6 processes
2021-12-11 00:21:54,228 - synthesizer.config       | MainProcess       - DEBUG   : Loading SynthesizerConfig from 'synthesizer_config_default.json'
2021-12-11 00:21:54,228 - synthesizer              | MainProcess       - DEBUG   : Using configuration at /vagrant/gadget_synthesis/targets/coreutils/rm-8.4/debloated/config_execve_minimal.json
2021-12-11 00:21:54,229 - synthesizer.config       | MainProcess       - DEBUG   : Loading TargetConfig from '/vagrant/gadget_synthesis/targets/coreutils/rm-8.4/debloated/config_execve_minimal.json'
2021-12-11 00:21:54,229 - synthesizer.config       | MainProcess       - DEBUG   : Executable is relative path: 'rm.bc_cu' - adjusting to '/vagrant/gadget_synthesis/targets/coreutils/rm-8.4/debloated/rm.bc_cu'
2021-12-11 00:21:54,230 - synthesizer.config       | MainProcess       - DEBUG   : Using 0 free variables, 2 preconditions, 4 postconditions, and 1 ptr_postconditions
2021-12-11 00:21:54,230 - synthesizer              | MainProcess       - DEBUG   : Disassembly settings used: target_name=rm.bc_cu, target=/vagrant/gadget_synthesis/targets/coreutils/rm-8.4/debloated/rm.bc_cu, workdir=/tmp/gadget_synthesis/debloated, disas_unaligned=False, control_flow_types=['ret', 'call', 'jmp'], max_processes=6, timeout=3600, cache_name=gadgets, cache_type=JSON
2021-12-11 00:21:54,230 - synthesizer              | MainProcess       - DEBUG   : Preparing debloated
2021-12-11 00:21:54,230 - synthesizer              | MainProcess       - DEBUG   : Ensure function addresses are cached for debloated
2021-12-11 00:21:54,230 - synthesizer.disasm       | MainProcess       - DEBUG   : Extracting function addresses from 'rm.bc_cu'
2021-12-11 00:21:54,230 - synthesizer.cache        | MainProcess       - DEBUG   : Cache intialized (function_addrs.json)
2021-12-11 00:21:54,230 - synthesizer.cache        | MainProcess       - DEBUG   : Metadata is at /vagrant/gadget_synthesis/targets/coreutils/rm-8.4/debloated/.cache/.metadata
2021-12-11 00:21:54,232 - synthesizer.disasm       | MainProcess       - DEBUG   : Returning 153 cached function addresses
2021-12-11 00:21:54,232 - synthesizer              | MainProcess       - DEBUG   : Ensure valid gadgets are cached for debloated
2021-12-11 00:21:54,232 - synthesizer.disasm       | MainProcess       - DEBUG   : Caching gadgets for rm.bc_cu
2021-12-11 00:21:54,232 - synthesizer.cache        | MainProcess       - DEBUG   : Cache intialized (gadgets.json)
2021-12-11 00:21:54,232 - synthesizer.cache        | MainProcess       - DEBUG   : Metadata is at /vagrant/gadget_synthesis/targets/coreutils/rm-8.4/debloated/.cache/.metadata
2021-12-11 00:21:54,234 - synthesizer.disasm       | MainProcess       - DEBUG   : Gadget addresses already cached
2021-12-11 00:21:54,235 - synthesizer              | MainProcess       - DEBUG   : Ensure necessary libraries are cached
2021-12-11 00:21:54,235 - synthesizer.disasm       | MainProcess       - DEBUG   : Extracting function addresses from 'libc-2.31.so'
2021-12-11 00:21:54,235 - synthesizer.cache        | MainProcess       - DEBUG   : Cache intialized (libc_func_addrs.json)
2021-12-11 00:21:54,235 - synthesizer.cache        | MainProcess       - DEBUG   : Metadata is at /vagrant/gadget_synthesis/targets/coreutils/rm-8.4/debloated/../../../libraries/.cache/.metadata
2021-12-11 00:21:54,243 - synthesizer.disasm       | MainProcess       - DEBUG   : Returning 3100 cached function addresses
2021-12-11 00:21:54,244 - synthesizer.disasm       | MainProcess       - DEBUG   : Caching gadgets for libc-2.31.so
2021-12-11 00:21:54,244 - synthesizer.cache        | MainProcess       - DEBUG   : Cache intialized (libc_gadgets.json)
2021-12-11 00:21:54,244 - synthesizer.cache        | MainProcess       - DEBUG   : Metadata is at /vagrant/gadget_synthesis/targets/coreutils/rm-8.4/debloated/../../../libraries/.cache/.metadata
2021-12-11 00:21:54,254 - synthesizer.disasm       | MainProcess       - DEBUG   : Gadget addresses already cached
2021-12-11 00:21:54,254 - synthesizer              | MainProcess       - INFO    : Colleted 6 configurations for debloated
2021-12-11 00:21:54,255 - synthesizer              | MainProcess       - DEBUG   : Collected 6 configruations in total
2021-12-11 00:21:54,272 - synthesizer              | ForkPoolWorker-1  - INFO    : Running config: debloated - iteration4-blocks0100-offset000-sw16
2021-12-11 00:21:54,273 - synthesizer              | ForkPoolWorker-1  - DEBUG   : Workdir is /tmp/gadget_synthesis/debloated/iteration4-blocks0100-offset000-sw16
2021-12-11 00:21:54,273 - synthesizer              | ForkPoolWorker-1  - DEBUG   : Seed is 0
2021-12-11 00:21:54,273 - synthesizer.cache        | ForkPoolWorker-1  - DEBUG   : Cache intialized (gadgets.json)
2021-12-11 00:21:54,274 - synthesizer.cache        | ForkPoolWorker-1  - DEBUG   : Metadata is at /vagrant/gadget_synthesis/targets/coreutils/rm-8.4/debloated/.cache/.metadata
2021-12-11 00:21:54,275 - synthesizer              | ForkPoolWorker-2  - INFO    : Running config: debloated - iteration4-blocks0100-offset001-sw16
2021-12-11 00:21:54,275 - synthesizer              | ForkPoolWorker-2  - DEBUG   : Workdir is /tmp/gadget_synthesis/debloated/iteration4-blocks0100-offset001-sw16
2021-12-11 00:21:54,275 - synthesizer              | ForkPoolWorker-2  - DEBUG   : Seed is 1
2021-12-11 00:21:54,276 - synthesizer.cache        | ForkPoolWorker-2  - DEBUG   : Cache intialized (gadgets.json)
2021-12-11 00:21:54,276 - synthesizer.cache        | ForkPoolWorker-2  - DEBUG   : Metadata is at /vagrant/gadget_synthesis/targets/coreutils/rm-8.4/debloated/.cache/.metadata
2021-12-11 00:21:54,279 - synthesizer.disasm       | ForkPoolWorker-2  - DEBUG   : Loading cached gadget addresses
2021-12-11 00:21:54,279 - synthesizer              | ForkPoolWorker-3  - INFO    : Running config: debloated - iteration4-blocks0100-offset002-sw16
2021-12-11 00:21:54,281 - synthesizer              | ForkPoolWorker-3  - DEBUG   : Workdir is /tmp/gadget_synthesis/debloated/iteration4-blocks0100-offset002-sw16
2021-12-11 00:21:54,281 - synthesizer              | ForkPoolWorker-3  - DEBUG   : Seed is 2
2021-12-11 00:21:54,282 - synthesizer.cache        | ForkPoolWorker-3  - DEBUG   : Cache intialized (gadgets.json)
2021-12-11 00:21:54,282 - synthesizer.cache        | ForkPoolWorker-3  - DEBUG   : Metadata is at /vagrant/gadget_synthesis/targets/coreutils/rm-8.4/debloated/.cache/.metadata
2021-12-11 00:21:54,283 - synthesizer.disasm       | ForkPoolWorker-1  - DEBUG   : Loading cached gadget addresses
2021-12-11 00:21:54,303 - synthesizer              | ForkPoolWorker-4  - INFO    : Running config: debloated - iteration4-blocks0300-offset000-sw16
2021-12-11 00:21:54,304 - synthesizer              | ForkPoolWorker-4  - DEBUG   : Workdir is /tmp/gadget_synthesis/debloated/iteration4-blocks0300-offset000-sw16
2021-12-11 00:21:54,304 - synthesizer              | ForkPoolWorker-4  - DEBUG   : Seed is 0
2021-12-11 00:21:54,304 - synthesizer.cache        | ForkPoolWorker-4  - DEBUG   : Cache intialized (gadgets.json)
2021-12-11 00:21:54,305 - synthesizer.cache        | ForkPoolWorker-4  - DEBUG   : Metadata is at /vagrant/gadget_synthesis/targets/coreutils/rm-8.4/debloated/.cache/.metadata
2021-12-11 00:21:54,305 - synthesizer.selection    | ForkPoolWorker-2  - INFO    : Selecting 100 from 870 available gadgets (1 fixed)
2021-12-11 00:21:54,305 - synthesizer.disasm       | ForkPoolWorker-2  - DEBUG   : Disassembling 100 gadgets. This may take a while..
2021-12-11 00:21:54,311 - synthesizer              | ForkPoolWorker-5  - INFO    : Running config: debloated - iteration4-blocks0300-offset001-sw16
2021-12-11 00:21:54,311 - synthesizer              | ForkPoolWorker-5  - DEBUG   : Workdir is /tmp/gadget_synthesis/debloated/iteration4-blocks0300-offset001-sw16
2021-12-11 00:21:54,311 - synthesizer              | ForkPoolWorker-5  - DEBUG   : Seed is 1
2021-12-11 00:21:54,312 - synthesizer.cache        | ForkPoolWorker-5  - DEBUG   : Cache intialized (gadgets.json)
2021-12-11 00:21:54,312 - synthesizer.cache        | ForkPoolWorker-5  - DEBUG   : Metadata is at /vagrant/gadget_synthesis/targets/coreutils/rm-8.4/debloated/.cache/.metadata
2021-12-11 00:21:54,315 - synthesizer.disasm       | ForkPoolWorker-4  - DEBUG   : Loading cached gadget addresses
2021-12-11 00:21:54,318 - synthesizer.disasm       | ForkPoolWorker-3  - DEBUG   : Loading cached gadget addresses
2021-12-11 00:21:54,322 - synthesizer              | ForkPoolWorker-6  - INFO    : Running config: debloated - iteration4-blocks0300-offset002-sw16
2021-12-11 00:21:54,323 - synthesizer              | ForkPoolWorker-6  - DEBUG   : Workdir is /tmp/gadget_synthesis/debloated/iteration4-blocks0300-offset002-sw16
2021-12-11 00:21:54,323 - synthesizer              | ForkPoolWorker-6  - DEBUG   : Seed is 2
2021-12-11 00:21:54,323 - synthesizer.disasm       | ForkPoolWorker-5  - DEBUG   : Loading cached gadget addresses
2021-12-11 00:21:54,323 - synthesizer.cache        | ForkPoolWorker-6  - DEBUG   : Cache intialized (gadgets.json)
2021-12-11 00:21:54,323 - synthesizer.cache        | ForkPoolWorker-6  - DEBUG   : Metadata is at /vagrant/gadget_synthesis/targets/coreutils/rm-8.4/debloated/.cache/.metadata
2021-12-11 00:21:54,328 - synthesizer.disasm       | ForkPoolWorker-6  - DEBUG   : Loading cached gadget addresses
2021-12-11 00:21:54,339 - synthesizer.selection    | ForkPoolWorker-1  - INFO    : Selecting 100 from 870 available gadgets (1 fixed)
2021-12-11 00:21:54,342 - synthesizer.disasm       | ForkPoolWorker-1  - DEBUG   : Disassembling 100 gadgets. This may take a while..
2021-12-11 00:21:54,372 - synthesizer.selection    | ForkPoolWorker-6  - INFO    : Selecting 300 from 870 available gadgets (1 fixed)
2021-12-11 00:21:54,381 - synthesizer.disasm       | ForkPoolWorker-6  - DEBUG   : Disassembling 300 gadgets. This may take a while..
2021-12-11 00:21:54,408 - synthesizer.selection    | ForkPoolWorker-4  - INFO    : Selecting 300 from 870 available gadgets (1 fixed)
2021-12-11 00:21:54,414 - synthesizer.disasm       | ForkPoolWorker-4  - DEBUG   : Disassembling 300 gadgets. This may take a while..
2021-12-11 00:21:54,404 - synthesizer.selection    | ForkPoolWorker-3  - INFO    : Selecting 100 from 870 available gadgets (1 fixed)
2021-12-11 00:21:54,417 - synthesizer.disasm       | ForkPoolWorker-3  - DEBUG   : Disassembling 100 gadgets. This may take a while..
2021-12-11 00:21:54,418 - synthesizer.selection    | ForkPoolWorker-5  - INFO    : Selecting 300 from 870 available gadgets (1 fixed)
2021-12-11 00:21:54,419 - synthesizer.disasm       | ForkPoolWorker-5  - DEBUG   : Disassembling 300 gadgets. This may take a while..
2021-12-11 00:21:55,575 - synthesizer.disasm       | ForkPoolWorker-2  - DEBUG   : Rebased gadgets onto load address 0x400000
2021-12-11 00:21:55,575 - synthesizer.disasm       | ForkPoolWorker-2  - DEBUG   : Disassembled 100 from main executable (rm.bc_cu)
2021-12-11 00:21:55,575 - synthesizer.disasm       | ForkPoolWorker-2  - DEBUG   : Disassembled 0 from libc
2021-12-11 00:21:55,603 - synthesizer.disasm       | ForkPoolWorker-1  - DEBUG   : Rebased gadgets onto load address 0x400000
2021-12-11 00:21:55,603 - synthesizer.disasm       | ForkPoolWorker-1  - DEBUG   : Disassembled 100 from main executable (rm.bc_cu)
2021-12-11 00:21:55,603 - synthesizer.disasm       | ForkPoolWorker-1  - DEBUG   : Disassembled 0 from libc
2021-12-11 00:21:55,575 - synthesizer              | ForkPoolWorker-2  - INFO    : Disassembled ASM block for 100 gadgets in 1.27s
2021-12-11 00:21:55,603 - synthesizer              | ForkPoolWorker-1  - INFO    : Disassembled ASM block for 100 gadgets in 1.26s
2021-12-11 00:21:55,725 - synthesizer.disasm       | ForkPoolWorker-3  - DEBUG   : Rebased gadgets onto load address 0x400000
2021-12-11 00:21:55,726 - synthesizer.disasm       | ForkPoolWorker-3  - DEBUG   : Disassembled 100 from main executable (rm.bc_cu)
2021-12-11 00:21:55,726 - synthesizer.disasm       | ForkPoolWorker-3  - DEBUG   : Disassembled 0 from libc
2021-12-11 00:21:55,726 - synthesizer              | ForkPoolWorker-3  - INFO    : Disassembled ASM block for 100 gadgets in 1.31s
2021-12-11 00:21:56,282 - synthesizer.disasm       | ForkPoolWorker-6  - DEBUG   : Rebased gadgets onto load address 0x400000
2021-12-11 00:21:56,282 - synthesizer.disasm       | ForkPoolWorker-6  - DEBUG   : Disassembled 300 from main executable (rm.bc_cu)
2021-12-11 00:21:56,282 - synthesizer.disasm       | ForkPoolWorker-6  - DEBUG   : Disassembled 0 from libc
2021-12-11 00:21:56,282 - synthesizer              | ForkPoolWorker-6  - INFO    : Disassembled ASM block for 300 gadgets in 1.9s
2021-12-11 00:21:56,370 - synthesizer.disasm       | ForkPoolWorker-4  - DEBUG   : Rebased gadgets onto load address 0x400000
2021-12-11 00:21:56,370 - synthesizer.disasm       | ForkPoolWorker-4  - DEBUG   : Disassembled 300 from main executable (rm.bc_cu)
2021-12-11 00:21:56,370 - synthesizer.disasm       | ForkPoolWorker-4  - DEBUG   : Disassembled 0 from libc
2021-12-11 00:21:56,374 - synthesizer.disasm       | ForkPoolWorker-5  - DEBUG   : Rebased gadgets onto load address 0x400000
2021-12-11 00:21:56,375 - synthesizer.disasm       | ForkPoolWorker-5  - DEBUG   : Disassembled 300 from main executable (rm.bc_cu)
2021-12-11 00:21:56,375 - synthesizer.disasm       | ForkPoolWorker-5  - DEBUG   : Disassembled 0 from libc
2021-12-11 00:21:56,370 - synthesizer              | ForkPoolWorker-4  - INFO    : Disassembled ASM block for 300 gadgets in 1.96s
2021-12-11 00:21:56,375 - synthesizer              | ForkPoolWorker-5  - INFO    : Disassembled ASM block for 300 gadgets in 1.96s
2021-12-11 00:21:56,536 - synthesizer              | ForkPoolWorker-2  - INFO    : Lifted 100 ASM gadgets to 100 IRa gadgets in 0.91s
2021-12-11 00:21:56,554 - synthesizer              | ForkPoolWorker-2  - DEBUG   : Encoding IR gadgets as SMT formula
2021-12-11 00:21:56,554 - synthesizer.smt          | ForkPoolWorker-2  - DEBUG   : Setting up preconditions
2021-12-11 00:21:56,554 - synthesizer.smt          | ForkPoolWorker-2  - DEBUG   : Setting up stack data
2021-12-11 00:21:56,554 - synthesizer.smt          | ForkPoolWorker-2  - DEBUG   : Encoding program
2021-12-11 00:21:56,653 - synthesizer              | ForkPoolWorker-1  - INFO    : Lifted 100 ASM gadgets to 100 IRa gadgets in 1.01s
2021-12-11 00:21:56,654 - synthesizer              | ForkPoolWorker-1  - DEBUG   : Encoding IR gadgets as SMT formula
2021-12-11 00:21:56,654 - synthesizer.smt          | ForkPoolWorker-1  - DEBUG   : Setting up preconditions
2021-12-11 00:21:56,655 - synthesizer.smt          | ForkPoolWorker-1  - DEBUG   : Setting up stack data
2021-12-11 00:21:56,655 - synthesizer.smt          | ForkPoolWorker-1  - DEBUG   : Encoding program
2021-12-11 00:21:56,719 - synthesizer              | ForkPoolWorker-3  - INFO    : Lifted 100 ASM gadgets to 100 IRa gadgets in 0.98s
2021-12-11 00:21:56,731 - synthesizer.checks       | ForkPoolWorker-3  - WARNING : Register RDX is never assigned a value within selected gadgets
2021-12-11 00:21:56,732 - synthesizer              | ForkPoolWorker-3  - ERROR   : At least one postcondition cannot be fulfilled by selected gadgets. Not running SMT solver!
2021-12-11 00:21:56,733 - synthesizer              | ForkPoolWorker-3  - DEBUG   : result.json written
2021-12-11 00:21:57,414 - synthesizer.smt          | ForkPoolWorker-2  - DEBUG   : Round 0: Constraining available gadgets
2021-12-11 00:21:57,415 - synthesizer.smt          | ForkPoolWorker-2  - DEBUG   : Round 0: Binding round variables to gadget input variables
2021-12-11 00:21:57,432 - synthesizer.smt          | ForkPoolWorker-2  - DEBUG   : Round 0: Setting up phi nodes
2021-12-11 00:21:57,447 - synthesizer.smt          | ForkPoolWorker-1  - DEBUG   : Round 0: Constraining available gadgets
2021-12-11 00:21:57,447 - synthesizer.smt          | ForkPoolWorker-1  - DEBUG   : Round 0: Binding round variables to gadget input variables
2021-12-11 00:21:57,457 - synthesizer.smt          | ForkPoolWorker-1  - DEBUG   : Round 0: Setting up phi nodes
2021-12-11 00:21:58,188 - synthesizer.smt          | ForkPoolWorker-2  - DEBUG   : Round 1: Constraining available gadgets
2021-12-11 00:21:58,188 - synthesizer.smt          | ForkPoolWorker-2  - DEBUG   : Round 1: Binding round variables to gadget input variables
2021-12-11 00:21:58,214 - synthesizer.smt          | ForkPoolWorker-2  - DEBUG   : Round 1: Setting up phi nodes
2021-12-11 00:21:58,221 - synthesizer.smt          | ForkPoolWorker-1  - DEBUG   : Round 1: Constraining available gadgets
2021-12-11 00:21:58,221 - synthesizer.smt          | ForkPoolWorker-1  - DEBUG   : Round 1: Binding round variables to gadget input variables
2021-12-11 00:21:58,247 - synthesizer.smt          | ForkPoolWorker-1  - DEBUG   : Round 1: Setting up phi nodes
2021-12-11 00:21:58,672 - synthesizer              | ForkPoolWorker-5  - INFO    : Lifted 300 ASM gadgets to 300 IRa gadgets in 2.29s
2021-12-11 00:21:58,682 - synthesizer              | ForkPoolWorker-5  - DEBUG   : Encoding IR gadgets as SMT formula
2021-12-11 00:21:58,682 - synthesizer.smt          | ForkPoolWorker-5  - DEBUG   : Setting up preconditions
2021-12-11 00:21:58,683 - synthesizer.smt          | ForkPoolWorker-5  - DEBUG   : Setting up stack data
2021-12-11 00:21:58,683 - synthesizer.smt          | ForkPoolWorker-5  - DEBUG   : Encoding program
2021-12-11 00:21:58,685 - synthesizer              | ForkPoolWorker-6  - INFO    : Lifted 300 ASM gadgets to 300 IRa gadgets in 2.4s
2021-12-11 00:21:58,688 - synthesizer              | ForkPoolWorker-6  - DEBUG   : Encoding IR gadgets as SMT formula
2021-12-11 00:21:58,688 - synthesizer.smt          | ForkPoolWorker-6  - DEBUG   : Setting up preconditions
2021-12-11 00:21:58,689 - synthesizer.smt          | ForkPoolWorker-6  - DEBUG   : Setting up stack data
2021-12-11 00:21:58,689 - synthesizer.smt          | ForkPoolWorker-6  - DEBUG   : Encoding program
2021-12-11 00:21:58,777 - synthesizer.smt          | ForkPoolWorker-2  - DEBUG   : Round 2: Constraining available gadgets
2021-12-11 00:21:58,778 - synthesizer.smt          | ForkPoolWorker-2  - DEBUG   : Round 2: Binding round variables to gadget input variables
2021-12-11 00:21:58,788 - synthesizer.smt          | ForkPoolWorker-2  - DEBUG   : Round 2: Setting up phi nodes
2021-12-11 00:21:58,804 - synthesizer              | ForkPoolWorker-4  - INFO    : Lifted 300 ASM gadgets to 300 IRa gadgets in 2.43s
2021-12-11 00:21:58,820 - synthesizer              | ForkPoolWorker-4  - DEBUG   : Encoding IR gadgets as SMT formula
2021-12-11 00:21:58,820 - synthesizer.smt          | ForkPoolWorker-4  - DEBUG   : Setting up preconditions
2021-12-11 00:21:58,825 - synthesizer.smt          | ForkPoolWorker-4  - DEBUG   : Setting up stack data
2021-12-11 00:21:58,825 - synthesizer.smt          | ForkPoolWorker-4  - DEBUG   : Encoding program
2021-12-11 00:21:58,834 - synthesizer.smt          | ForkPoolWorker-1  - DEBUG   : Round 2: Constraining available gadgets
2021-12-11 00:21:58,834 - synthesizer.smt          | ForkPoolWorker-1  - DEBUG   : Round 2: Binding round variables to gadget input variables
2021-12-11 00:21:58,862 - synthesizer.smt          | ForkPoolWorker-1  - DEBUG   : Round 2: Setting up phi nodes
2021-12-11 00:21:59,493 - synthesizer.smt          | ForkPoolWorker-1  - DEBUG   : Round 3: Constraining available gadgets
2021-12-11 00:21:59,493 - synthesizer.smt          | ForkPoolWorker-1  - DEBUG   : Round 3: Binding round variables to gadget input variables
2021-12-11 00:21:59,503 - synthesizer.smt          | ForkPoolWorker-1  - DEBUG   : Round 3: Setting up phi nodes
2021-12-11 00:21:59,557 - synthesizer.smt          | ForkPoolWorker-1  - DEBUG   : Setting up final out vars
2021-12-11 00:21:59,557 - synthesizer.smt          | ForkPoolWorker-1  - DEBUG   : Setting up pointer postconditions
2021-12-11 00:21:59,557 - synthesizer.smt          | ForkPoolWorker-1  - DEBUG   : Setting up postconditions
2021-12-11 00:21:59,575 - synthesizer.smt          | ForkPoolWorker-2  - DEBUG   : Round 3: Constraining available gadgets
2021-12-11 00:21:59,575 - synthesizer.smt          | ForkPoolWorker-2  - DEBUG   : Round 3: Binding round variables to gadget input variables
2021-12-11 00:21:59,585 - synthesizer.smt          | ForkPoolWorker-2  - DEBUG   : Round 3: Setting up phi nodes
2021-12-11 00:21:59,616 - synthesizer.smt          | ForkPoolWorker-2  - DEBUG   : Setting up final out vars
2021-12-11 00:21:59,616 - synthesizer.smt          | ForkPoolWorker-2  - DEBUG   : Setting up pointer postconditions
2021-12-11 00:21:59,616 - synthesizer.smt          | ForkPoolWorker-2  - DEBUG   : Setting up postconditions
2021-12-11 00:21:59,688 - synthesizer              | ForkPoolWorker-1  - INFO    : Encoded 100 IR gadgets as SMT formula (50997 assertions) in 3.03s
2021-12-11 00:21:59,707 - synthesizer              | ForkPoolWorker-1  - DEBUG   : formula-smt2.txt written in 0.01s
2021-12-11 00:21:59,707 - synthesizer              | ForkPoolWorker-1  - INFO    : Running solver /home/vagrant/.local/bin/boolector
2021-12-11 00:21:59,735 - synthesizer              | ForkPoolWorker-2  - INFO    : Encoded 100 IR gadgets as SMT formula (50689 assertions) in 3.18s
2021-12-11 00:21:59,755 - synthesizer              | ForkPoolWorker-2  - DEBUG   : formula-smt2.txt written in 0.02s
2021-12-11 00:21:59,755 - synthesizer              | ForkPoolWorker-2  - INFO    : Running solver /home/vagrant/.local/bin/boolector
2021-12-11 00:22:01,145 - synthesizer.smt          | ForkPoolWorker-6  - DEBUG   : Round 0: Constraining available gadgets
2021-12-11 00:22:01,145 - synthesizer.smt          | ForkPoolWorker-6  - DEBUG   : Round 0: Binding round variables to gadget input variables
2021-12-11 00:22:01,220 - synthesizer.smt          | ForkPoolWorker-6  - DEBUG   : Round 0: Setting up phi nodes
2021-12-11 00:22:01,354 - synthesizer.smt          | ForkPoolWorker-5  - DEBUG   : Round 0: Constraining available gadgets
2021-12-11 00:22:01,355 - synthesizer.smt          | ForkPoolWorker-5  - DEBUG   : Round 0: Binding round variables to gadget input variables
2021-12-11 00:22:01,438 - synthesizer.smt          | ForkPoolWorker-5  - DEBUG   : Round 0: Setting up phi nodes
2021-12-11 00:22:01,567 - synthesizer.smt          | ForkPoolWorker-4  - DEBUG   : Round 0: Constraining available gadgets
2021-12-11 00:22:01,567 - synthesizer.smt          | ForkPoolWorker-4  - DEBUG   : Round 0: Binding round variables to gadget input variables
2021-12-11 00:22:01,650 - synthesizer.smt          | ForkPoolWorker-4  - DEBUG   : Round 0: Setting up phi nodes
2021-12-11 00:22:03,189 - synthesizer              | ForkPoolWorker-2  - INFO    : Solver returned UNSAT in 3.42s
2021-12-11 00:22:03,190 - synthesizer              | ForkPoolWorker-2  - DEBUG   : result.json written
2021-12-11 00:22:03,220 - synthesizer              | ForkPoolWorker-1  - INFO    : Solver returned UNSAT in 3.51s
2021-12-11 00:22:03,220 - synthesizer              | ForkPoolWorker-1  - DEBUG   : result.json written
2021-12-11 00:22:03,265 - synthesizer.smt          | ForkPoolWorker-6  - DEBUG   : Round 1: Constraining available gadgets
2021-12-11 00:22:03,266 - synthesizer.smt          | ForkPoolWorker-6  - DEBUG   : Round 1: Binding round variables to gadget input variables
2021-12-11 00:22:03,330 - synthesizer.smt          | ForkPoolWorker-6  - DEBUG   : Round 1: Setting up phi nodes
2021-12-11 00:22:03,413 - synthesizer.smt          | ForkPoolWorker-5  - DEBUG   : Round 1: Constraining available gadgets
2021-12-11 00:22:03,414 - synthesizer.smt          | ForkPoolWorker-5  - DEBUG   : Round 1: Binding round variables to gadget input variables
2021-12-11 00:22:03,424 - synthesizer.smt          | ForkPoolWorker-4  - DEBUG   : Round 1: Constraining available gadgets
2021-12-11 00:22:03,424 - synthesizer.smt          | ForkPoolWorker-4  - DEBUG   : Round 1: Binding round variables to gadget input variables
2021-12-11 00:22:03,454 - synthesizer.smt          | ForkPoolWorker-4  - DEBUG   : Round 1: Setting up phi nodes
2021-12-11 00:22:03,481 - synthesizer.smt          | ForkPoolWorker-5  - DEBUG   : Round 1: Setting up phi nodes
2021-12-11 00:22:04,429 - synthesizer.smt          | ForkPoolWorker-5  - DEBUG   : Round 2: Constraining available gadgets
2021-12-11 00:22:04,430 - synthesizer.smt          | ForkPoolWorker-5  - DEBUG   : Round 2: Binding round variables to gadget input variables
2021-12-11 00:22:04,462 - synthesizer.smt          | ForkPoolWorker-5  - DEBUG   : Round 2: Setting up phi nodes
2021-12-11 00:22:04,687 - synthesizer.smt          | ForkPoolWorker-6  - DEBUG   : Round 2: Constraining available gadgets
2021-12-11 00:22:04,687 - synthesizer.smt          | ForkPoolWorker-6  - DEBUG   : Round 2: Binding round variables to gadget input variables
2021-12-11 00:22:04,718 - synthesizer.smt          | ForkPoolWorker-6  - DEBUG   : Round 2: Setting up phi nodes
2021-12-11 00:22:04,736 - synthesizer.smt          | ForkPoolWorker-4  - DEBUG   : Round 2: Constraining available gadgets
2021-12-11 00:22:04,736 - synthesizer.smt          | ForkPoolWorker-4  - DEBUG   : Round 2: Binding round variables to gadget input variables
2021-12-11 00:22:04,796 - synthesizer.smt          | ForkPoolWorker-4  - DEBUG   : Round 2: Setting up phi nodes
2021-12-11 00:22:05,556 - synthesizer.smt          | ForkPoolWorker-5  - DEBUG   : Round 3: Constraining available gadgets
2021-12-11 00:22:05,557 - synthesizer.smt          | ForkPoolWorker-5  - DEBUG   : Round 3: Binding round variables to gadget input variables
2021-12-11 00:22:05,611 - synthesizer.smt          | ForkPoolWorker-5  - DEBUG   : Round 3: Setting up phi nodes
2021-12-11 00:22:05,684 - synthesizer.smt          | ForkPoolWorker-5  - DEBUG   : Setting up final out vars
2021-12-11 00:22:05,684 - synthesizer.smt          | ForkPoolWorker-5  - DEBUG   : Setting up pointer postconditions
2021-12-11 00:22:05,684 - synthesizer.smt          | ForkPoolWorker-5  - DEBUG   : Setting up postconditions
2021-12-11 00:22:05,787 - synthesizer.smt          | ForkPoolWorker-6  - DEBUG   : Round 3: Constraining available gadgets
2021-12-11 00:22:05,787 - synthesizer.smt          | ForkPoolWorker-6  - DEBUG   : Round 3: Binding round variables to gadget input variables
2021-12-11 00:22:05,835 - synthesizer.smt          | ForkPoolWorker-6  - DEBUG   : Round 3: Setting up phi nodes
2021-12-11 00:22:05,886 - synthesizer.smt          | ForkPoolWorker-6  - DEBUG   : Setting up final out vars
2021-12-11 00:22:05,886 - synthesizer.smt          | ForkPoolWorker-6  - DEBUG   : Setting up pointer postconditions
2021-12-11 00:22:05,886 - synthesizer.smt          | ForkPoolWorker-6  - DEBUG   : Setting up postconditions
2021-12-11 00:22:05,903 - synthesizer              | ForkPoolWorker-5  - INFO    : Encoded 300 IR gadgets as SMT formula (150585 assertions) in 7.22s
2021-12-11 00:22:05,931 - synthesizer              | ForkPoolWorker-5  - DEBUG   : formula-smt2.txt written in 0.02s
2021-12-11 00:22:05,932 - synthesizer              | ForkPoolWorker-5  - INFO    : Running solver /home/vagrant/.local/bin/boolector
2021-12-11 00:22:06,083 - synthesizer.smt          | ForkPoolWorker-4  - DEBUG   : Round 3: Constraining available gadgets
2021-12-11 00:22:06,083 - synthesizer.smt          | ForkPoolWorker-4  - DEBUG   : Round 3: Binding round variables to gadget input variables
2021-12-11 00:22:06,130 - synthesizer.smt          | ForkPoolWorker-4  - DEBUG   : Round 3: Setting up phi nodes
2021-12-11 00:22:06,181 - synthesizer.smt          | ForkPoolWorker-4  - DEBUG   : Setting up final out vars
2021-12-11 00:22:06,182 - synthesizer.smt          | ForkPoolWorker-4  - DEBUG   : Setting up pointer postconditions
2021-12-11 00:22:06,182 - synthesizer.smt          | ForkPoolWorker-4  - DEBUG   : Setting up postconditions
2021-12-11 00:22:06,193 - synthesizer              | ForkPoolWorker-6  - INFO    : Encoded 300 IR gadgets as SMT formula (151269 assertions) in 7.5s
2021-12-11 00:22:06,255 - synthesizer              | ForkPoolWorker-6  - DEBUG   : formula-smt2.txt written in 0.04s
2021-12-11 00:22:06,255 - synthesizer              | ForkPoolWorker-6  - INFO    : Running solver /home/vagrant/.local/bin/boolector
2021-12-11 00:22:06,432 - synthesizer              | ForkPoolWorker-4  - INFO    : Encoded 300 IR gadgets as SMT formula (151793 assertions) in 7.61s
2021-12-11 00:22:06,480 - synthesizer              | ForkPoolWorker-4  - DEBUG   : formula-smt2.txt written in 0.04s
2021-12-11 00:22:06,480 - synthesizer              | ForkPoolWorker-4  - INFO    : Running solver /home/vagrant/.local/bin/boolector
2021-12-11 00:22:14,322 - synthesizer              | ForkPoolWorker-6  - INFO    : Solver returned UNSAT in 8.06s
2021-12-11 00:22:14,323 - synthesizer              | ForkPoolWorker-6  - DEBUG   : result.json written
2021-12-11 00:22:14,443 - synthesizer              | ForkPoolWorker-4  - INFO    : Solver returned UNSAT in 7.96s
2021-12-11 00:22:14,443 - synthesizer              | ForkPoolWorker-4  - DEBUG   : result.json written
2021-12-11 00:22:14,540 - synthesizer              | ForkPoolWorker-5  - INFO    : Solver returned UNSAT in 8.61s
2021-12-11 00:22:14,541 - synthesizer              | ForkPoolWorker-5  - DEBUG   : result.json written
2021-12-11 00:22:14,561 - synthesizer              | MainProcess       - DEBUG   : Received 6 results
2021-12-11 00:22:14,561 - synthesizer              | MainProcess       - INFO    : Done in 20.33s
